<?xml version="1.0" encoding="utf-8"?>
<TestRun id="837c50a6-7d1f-4142-83c4-f4a575401e7f" name="luo@DESKTOP-4J13TH0 2026-08-10 02:14:21" runUser="DESKTOP-4J13TH0\luo" xmlns="http://microsoft.com/schemas/VisualStudio/TeamTest/2010">
  <Times creation="2026-08-10T02:14:21.3373183+08:00" queuing="2026-08-10T02:14:21.3373187+08:00" start="2026-08-10T02:14:19.3192611+08:00" finish="2026-08-10T02:14:21.3936575+08:00" />
  <TestSettings name="default" id="908695c4-0e05-416a-bf23-d33fbb281750">
    <Deployment runDeploymentRoot="luo_DESKTOP-4J13TH0_2026-08-10_02_14_21" />
  </TestSettings>
  <Results>
    <UnitTestResult executionId="7aa0f438-21f8-405a-babf-0ae048fdd252" testId="920ce427-c15e-1022-28cc-ca56b07d4c3d" testName="Base05.Tests.ServerLifecycleSmokeTests.Sqlite最终保存已排空时资源清理不再追加商品保存" computerName="DESKTOP-4J13TH0" duration="00:00:00.0066198" startTime="2026-08-10T02:14:21.3041340+08:00" endTime="2026-08-10T02:14:21.3042372+08:00" testType="13cdc9d9-ddb5-4fa4-a97d-d965ccfc6d4b" outcome="Passed" testListId="8c84fa94-04c1-424b-9868-57a2d4851a1d" relativeResultsDirectory="7aa0f438-21f8-405a-babf-0ae048fdd252" />
    <UnitTestResult executionId="874177ab-3d78-4447-afb9-243cadbd58c7" testId="6e0fff1a-894b-3ee9-eebf-ed67831d1893" testName="Base05.Tests.SqlPersistenceRoundTripTests.Sql_retry_exhaustion_counts_one_final_failure_after_attempts" computerName="DESKTOP-4J13TH0" duration="00:00:00.0518858" startTime="2026-08-10T02:14:20.4558832+08:00" endTime="2026-08-10T02:14:20.5078833+08:00" testType="13cdc9d9-ddb5-4fa4-a97d-d965ccfc6d4b" outcome="Passed" testListId="8c84fa94-04c1-424b-9868-57a2d4851a1d" relativeResultsDirectory="874177ab-3d78-4447-afb9-243cadbd58c7" />
    <UnitTestResult executionId="22ef52d9-8bef-4f21-802b-5c6a6e94dd02" testId="fca6e1fe-0d22-f6a0-d620-861de219e87f" testName="Base05.Tests.SqliteSingleWriterTests.单写线程串行提交并把同域待处理请求合并为最新一次" computerName="DESKTOP-4J13TH0" duration="00:00:00.0245932" startTime="2026-08-10T02:14:20.2114488+08:00" endTime="2026-08-10T02:14:20.2473268+08:00" testType="13cdc9d9-ddb5-4fa4-a97d-d965ccfc6d4b" outcome="Passed" testListId="8c84fa94-04c1-424b-9868-57a2d4851a1d" relativeResultsDirectory="22ef52d9-8bef-4f21-802b-5c6a6e94dd02" />
    <UnitTestResult executionId="a3072444-cbed-4df3-848e-d1f4b797e025" testId="2141fe34-414e-d511-d1ce-d04ff30c4c08" testName="Base05.Tests.SqliteSingleWriterTests.Drain等待正在执行和排队的最后一次提交" computerName="DESKTOP-4J13TH0" duration="00:00:00.1036867" startTime="2026-08-10T02:14:20.3449689+08:00" endTime="2026-08-10T02:14:20.4490582+08:00" testType="13cdc9d9-ddb5-4fa4-a97d-d965ccfc6d4b" outcome="Passed" testListId="8c84fa94-04c1-424b-9868-57a2d4851a1d" relativeResultsDirectory="a3072444-cbed-4df3-848e-d1f4b797e025" />
    <UnitTestResult executionId="604b7dde-bc65-470e-a0d9-ebe75fec3779" testId="b38567ab-3502-affc-4a96-8e2534f1581c" testName="Base05.Tests.SqlPersistenceRoundTripTests.Sql_save_failure_records_full_call_and_failure_segment" computerName="DESKTOP-4J13TH0" duration="00:00:00.0094099" startTime="2026-08-10T02:14:20.5210653+08:00" endTime="2026-08-10T02:14:20.5302278+08:00" testType="13cdc9d9-ddb5-4fa4-a97d-d965ccfc6d4b" outcome="Passed" testListId="8c84fa94-04c1-424b-9868-57a2d4851a1d" relativeResultsDirectory="604b7dde-bc65-470e-a0d9-ebe75fec3779" />
    <UnitTestResult executionId="ba3ad56e-7085-469f-9dac-c04ddf8e6c77" testId="13c736ea-ef99-4959-3e96-1b9703f979a7" testName="Base05.Tests.ServerLifecycleSmokeTests.Sqlite关服先在主线程捕获四个最终快照并排空写队列" computerName="DESKTOP-4J13TH0" duration="00:00:00.0286559" startTime="2026-08-10T02:14:21.2335561+08:00" endTime="2026-08-10T02:14:21.2626919+08:00" testType="13cdc9d9-ddb5-4fa4-a97d-d965ccfc6d4b" outcome="Passed" testListId="8c84fa94-04c1-424b-9868-57a2d4851a1d" relativeResultsDirectory="ba3ad56e-7085-469f-9dac-c04ddf8e6c77" />
    <UnitTestResult executionId="803e4e09-e15e-4faa-9782-595e01b5eca8" testId="b40151a1-974c-f772-c96b-e74750faa80d" testName="Base05.Tests.SqlPersistenceRoundTripTests.Sql_retry_success_counts_attempt_failure_without_final_failure" computerName="DESKTOP-4J13TH0" duration="00:00:00.0125989" startTime="2026-08-10T02:14:20.5082150+08:00" endTime="2026-08-10T02:14:20.5206837+08:00" testType="13cdc9d9-ddb5-4fa4-a97d-d965ccfc6d4b" outcome="Passed" testListId="8c84fa94-04c1-424b-9868-57a2d4851a1d" relativeResultsDirectory="803e4e09-e15e-4faa-9782-595e01b5eca8" />
    <UnitTestResult executionId="ebcaf197-4875-465c-9978-3c0c9c14836c" testId="9cf9f59b-3223-5cec-9053-a72eea093514" testName="Base05.Tests.SqlPersistenceRoundTripTests.Sqlite_round_trips_account_character_inventory_storage_and_mail" computerName="DESKTOP-4J13TH0" duration="00:00:00.7024570" startTime="2026-08-10T02:14:20.5304372+08:00" endTime="2026-08-10T02:14:21.2328395+08:00" testType="13cdc9d9-ddb5-4fa4-a97d-d965ccfc6d4b" outcome="Passed" testListId="8c84fa94-04c1-424b-9868-57a2d4851a1d" relativeResultsDirectory="ebcaf197-4875-465c-9978-3c0c9c14836c" />
    <UnitTestResult executionId="76eb9664-ba0b-4b67-a80c-64e589d7662c" testId="e5dca11a-29c8-9b9c-77f3-660666093833" testName="Base05.Tests.SqliteSingleWriterTests.Sqlite连接启用Wal和五秒忙等待" computerName="DESKTOP-4J13TH0" duration="00:00:00.0574950" startTime="2026-08-10T02:14:20.2602814+08:00" endTime="2026-08-10T02:14:20.3056955+08:00" testType="13cdc9d9-ddb5-4fa4-a97d-d965ccfc6d4b" outcome="Passed" testListId="8c84fa94-04c1-424b-9868-57a2d4851a1d" relativeResultsDirectory="76eb9664-ba0b-4b67-a80c-64e589d7662c" />
    <UnitTestResult executionId="053a057a-a44f-47b8-b6a1-3e55f487908c" testId="77ade749-cbbc-4a3f-176b-24f396cf406f" testName="Base05.Tests.ServerLifecycleSmokeTests.Sqlite最终保存连续失败时取消关服恢复成功后允许重试" computerName="DESKTOP-4J13TH0" duration="00:00:00.0064981" startTime="2026-08-10T02:14:21.3036229+08:00" endTime="2026-08-10T02:14:21.3037640+08:00" testType="13cdc9d9-ddb5-4fa4-a97d-d965ccfc6d4b" outcome="Passed" testListId="8c84fa94-04c1-424b-9868-57a2d4851a1d" relativeResultsDirectory="053a057a-a44f-47b8-b6a1-3e55f487908c" />
    <UnitTestResult executionId="e524f0d7-5452-4dd6-80d8-4276b84b14f4" testId="e0f5f252-0db0-9a8b-d5a9-4dd34a1f4116" testName="Base05.Tests.SqliteSingleWriterTests.Wal模式下单写事务进行时并发读取不死锁" computerName="DESKTOP-4J13TH0" duration="00:00:00.0347277" startTime="2026-08-10T02:14:20.3067416+08:00" endTime="2026-08-10T02:14:20.3435040+08:00" testType="13cdc9d9-ddb5-4fa4-a97d-d965ccfc6d4b" outcome="Passed" testListId="8c84fa94-04c1-424b-9868-57a2d4851a1d" relativeResultsDirectory="e524f0d7-5452-4dd6-80d8-4276b84b14f4" />
  </Results>
  <TestDefinitions>
    <UnitTest name="Base05.Tests.SqlPersistenceRoundTripTests.Sql_save_failure_records_full_call_and_failure_segment" storage="c:\users\luo\.codex\worktrees\p3-db01-sqlite-writer-20260810\tests\base05.tests\bin\release\net10.0\base05.tests.dll" id="b38567ab-3502-affc-4a96-8e2534f1581c">
      <Execution id="604b7dde-bc65-470e-a0d9-ebe75fec3779" />
      <TestMethod codeBase="C:\Users\luo\.codex\worktrees\p3-db01-sqlite-writer-20260810\Tests\Base05.Tests\bin\Release\net10.0\Base05.Tests.dll" adapterTypeName="executor://xunit/VsTestRunner3/netcore/" className="Base05.Tests.SqlPersistenceRoundTripTests" name="Sql_save_failure_records_full_call_and_failure_segment" />
    </UnitTest>
    <UnitTest name="Base05.Tests.SqlPersistenceRoundTripTests.Sql_retry_success_counts_attempt_failure_without_final_failure" storage="c:\users\luo\.codex\worktrees\p3-db01-sqlite-writer-20260810\tests\base05.tests\bin\release\net10.0\base05.tests.dll" id="b40151a1-974c-f772-c96b-e74750faa80d">
      <Execution id="803e4e09-e15e-4faa-9782-595e01b5eca8" />
      <TestMethod codeBase="C:\Users\luo\.codex\worktrees\p3-db01-sqlite-writer-20260810\Tests\Base05.Tests\bin\Release\net10.0\Base05.Tests.dll" adapterTypeName="executor://xunit/VsTestRunner3/netcore/" className="Base05.Tests.SqlPersistenceRoundTripTests" name="Sql_retry_success_counts_attempt_failure_without_final_failure" />
    </UnitTest>
    <UnitTest name="Base05.Tests.SqliteSingleWriterTests.Drain等待正在执行和排队的最后一次提交" storage="c:\users\luo\.codex\worktrees\p3-db01-sqlite-writer-20260810\tests\base05.tests\bin\release\net10.0\base05.tests.dll" id="2141fe34-414e-d511-d1ce-d04ff30c4c08">
      <Execution id="a3072444-cbed-4df3-848e-d1f4b797e025" />
      <TestMethod codeBase="C:\Users\luo\.codex\worktrees\p3-db01-sqlite-writer-20260810\Tests\Base05.Tests\bin\Release\net10.0\Base05.Tests.dll" adapterTypeName="executor://xunit/VsTestRunner3/netcore/" className="Base05.Tests.SqliteSingleWriterTests" name="Drain等待正在执行和排队的最后一次提交" />
    </UnitTest>
    <UnitTest name="Base05.Tests.ServerLifecycleSmokeTests.Sqlite关服先在主线程捕获四个最终快照并排空写队列" storage="c:\users\luo\.codex\worktrees\p3-db01-sqlite-writer-20260810\tests\base05.tests\bin\release\net10.0\base05.tests.dll" id="13c736ea-ef99-4959-3e96-1b9703f979a7">
      <Execution id="ba3ad56e-7085-469f-9dac-c04ddf8e6c77" />
      <TestMethod codeBase="C:\Users\luo\.codex\worktrees\p3-db01-sqlite-writer-20260810\Tests\Base05.Tests\bin\Release\net10.0\Base05.Tests.dll" adapterTypeName="executor://xunit/VsTestRunner3/netcore/" className="Base05.Tests.ServerLifecycleSmokeTests" name="Sqlite关服先在主线程捕获四个最终快照并排空写队列" />
    </UnitTest>
    <UnitTest name="Base05.Tests.SqlPersistenceRoundTripTests.Sql_retry_exhaustion_counts_one_final_failure_after_attempts" storage="c:\users\luo\.codex\worktrees\p3-db01-sqlite-writer-20260810\tests\base05.tests\bin\release\net10.0\base05.tests.dll" id="6e0fff1a-894b-3ee9-eebf-ed67831d1893">
      <Execution id="874177ab-3d78-4447-afb9-243cadbd58c7" />
      <TestMethod codeBase="C:\Users\luo\.codex\worktrees\p3-db01-sqlite-writer-20260810\Tests\Base05.Tests\bin\Release\net10.0\Base05.Tests.dll" adapterTypeName="executor://xunit/VsTestRunner3/netcore/" className="Base05.Tests.SqlPersistenceRoundTripTests" name="Sql_retry_exhaustion_counts_one_final_failure_after_attempts" />
    </UnitTest>
    <UnitTest name="Base05.Tests.SqliteSingleWriterTests.单写线程串行提交并把同域待处理请求合并为最新一次" storage="c:\users\luo\.codex\worktrees\p3-db01-sqlite-writer-20260810\tests\base05.tests\bin\release\net10.0\base05.tests.dll" id="fca6e1fe-0d22-f6a0-d620-861de219e87f">
      <Execution id="22ef52d9-8bef-4f21-802b-5c6a6e94dd02" />
      <TestMethod codeBase="C:\Users\luo\.codex\worktrees\p3-db01-sqlite-writer-20260810\Tests\Base05.Tests\bin\Release\net10.0\Base05.Tests.dll" adapterTypeName="executor://xunit/VsTestRunner3/netcore/" className="Base05.Tests.SqliteSingleWriterTests" name="单写线程串行提交并把同域待处理请求合并为最新一次" />
    </UnitTest>
    <UnitTest name="Base05.Tests.ServerLifecycleSmokeTests.Sqlite最终保存连续失败时取消关服恢复成功后允许重试" storage="c:\users\luo\.codex\worktrees\p3-db01-sqlite-writer-20260810\tests\base05.tests\bin\release\net10.0\base05.tests.dll" id="77ade749-cbbc-4a3f-176b-24f396cf406f">
      <Execution id="053a057a-a44f-47b8-b6a1-3e55f487908c" />
      <TestMethod codeBase="C:\Users\luo\.codex\worktrees\p3-db01-sqlite-writer-20260810\Tests\Base05.Tests\bin\Release\net10.0\Base05.Tests.dll" adapterTypeName="executor://xunit/VsTestRunner3/netcore/" className="Base05.Tests.ServerLifecycleSmokeTests" name="Sqlite最终保存连续失败时取消关服恢复成功后允许重试" />
    </UnitTest>
    <UnitTest name="Base05.Tests.SqliteSingleWriterTests.Sqlite连接启用Wal和五秒忙等待" storage="c:\users\luo\.codex\worktrees\p3-db01-sqlite-writer-20260810\tests\base05.tests\bin\release\net10.0\base05.tests.dll" id="e5dca11a-29c8-9b9c-77f3-660666093833">
      <Execution id="76eb9664-ba0b-4b67-a80c-64e589d7662c" />
      <TestMethod codeBase="C:\Users\luo\.codex\worktrees\p3-db01-sqlite-writer-20260810\Tests\Base05.Tests\bin\Release\net10.0\Base05.Tests.dll" adapterTypeName="executor://xunit/VsTestRunner3/netcore/" className="Base05.Tests.SqliteSingleWriterTests" name="Sqlite连接启用Wal和五秒忙等待" />
    </UnitTest>
    <UnitTest name="Base05.Tests.SqliteSingleWriterTests.Wal模式下单写事务进行时并发读取不死锁" storage="c:\users\luo\.codex\worktrees\p3-db01-sqlite-writer-20260810\tests\base05.tests\bin\release\net10.0\base05.tests.dll" id="e0f5f252-0db0-9a8b-d5a9-4dd34a1f4116">
      <Execution id="e524f0d7-5452-4dd6-80d8-4276b84b14f4" />
      <TestMethod codeBase="C:\Users\luo\.codex\worktrees\p3-db01-sqlite-writer-20260810\Tests\Base05.Tests\bin\Release\net10.0\Base05.Tests.dll" adapterTypeName="executor://xunit/VsTestRunner3/netcore/" className="Base05.Tests.SqliteSingleWriterTests" name="Wal模式下单写事务进行时并发读取不死锁" />
    </UnitTest>
    <UnitTest name="Base05.Tests.ServerLifecycleSmokeTests.Sqlite最终保存已排空时资源清理不再追加商品保存" storage="c:\users\luo\.codex\worktrees\p3-db01-sqlite-writer-20260810\tests\base05.tests\bin\release\net10.0\base05.tests.dll" id="920ce427-c15e-1022-28cc-ca56b07d4c3d">
      <Execution id="7aa0f438-21f8-405a-babf-0ae048fdd252" />
      <TestMethod codeBase="C:\Users\luo\.codex\worktrees\p3-db01-sqlite-writer-20260810\Tests\Base05.Tests\bin\Release\net10.0\Base05.Tests.dll" adapterTypeName="executor://xunit/VsTestRunner3/netcore/" className="Base05.Tests.ServerLifecycleSmokeTests" name="Sqlite最终保存已排空时资源清理不再追加商品保存" />
    </UnitTest>
    <UnitTest name="Base05.Tests.SqlPersistenceRoundTripTests.Sqlite_round_trips_account_character_inventory_storage_and_mail" storage="c:\users\luo\.codex\worktrees\p3-db01-sqlite-writer-20260810\tests\base05.tests\bin\release\net10.0\base05.tests.dll" id="9cf9f59b-3223-5cec-9053-a72eea093514">
      <Execution id="ebcaf197-4875-465c-9978-3c0c9c14836c" />
      <TestMethod codeBase="C:\Users\luo\.codex\worktrees\p3-db01-sqlite-writer-20260810\Tests\Base05.Tests\bin\Release\net10.0\Base05.Tests.dll" adapterTypeName="executor://xunit/VsTestRunner3/netcore/" className="Base05.Tests.SqlPersistenceRoundTripTests" name="Sqlite_round_trips_account_character_inventory_storage_and_mail" />
    </UnitTest>
  </TestDefinitions>
  <TestEntries>
    <TestEntry testId="920ce427-c15e-1022-28cc-ca56b07d4c3d" executionId="7aa0f438-21f8-405a-babf-0ae048fdd252" testListId="8c84fa94-04c1-424b-9868-57a2d4851a1d" />
    <TestEntry testId="6e0fff1a-894b-3ee9-eebf-ed67831d1893" executionId="874177ab-3d78-4447-afb9-243cadbd58c7" testListId="8c84fa94-04c1-424b-9868-57a2d4851a1d" />
    <TestEntry testId="fca6e1fe-0d22-f6a0-d620-861de219e87f" executionId="22ef52d9-8bef-4f21-802b-5c6a6e94dd02" testListId="8c84fa94-04c1-424b-9868-57a2d4851a1d" />
    <TestEntry testId="2141fe34-414e-d511-d1ce-d04ff30c4c08" executionId="a3072444-cbed-4df3-848e-d1f4b797e025" testListId="8c84fa94-04c1-424b-9868-57a2d4851a1d" />
    <TestEntry testId="b38567ab-3502-affc-4a96-8e2534f1581c" executionId="604b7dde-bc65-470e-a0d9-ebe75fec3779" testListId="8c84fa94-04c1-424b-9868-57a2d4851a1d" />
    <TestEntry testId="13c736ea-ef99-4959-3e96-1b9703f979a7" executionId="ba3ad56e-7085-469f-9dac-c04ddf8e6c77" testListId="8c84fa94-04c1-424b-9868-57a2d4851a1d" />
    <TestEntry testId="b40151a1-974c-f772-c96b-e74750faa80d" executionId="803e4e09-e15e-4faa-9782-595e01b5eca8" testListId="8c84fa94-04c1-424b-9868-57a2d4851a1d" />
    <TestEntry testId="9cf9f59b-3223-5cec-9053-a72eea093514" executionId="ebcaf197-4875-465c-9978-3c0c9c14836c" testListId="8c84fa94-04c1-424b-9868-57a2d4851a1d" />
    <TestEntry testId="e5dca11a-29c8-9b9c-77f3-660666093833" executionId="76eb9664-ba0b-4b67-a80c-64e589d7662c" testListId="8c84fa94-04c1-424b-9868-57a2d4851a1d" />
    <TestEntry testId="77ade749-cbbc-4a3f-176b-24f396cf406f" executionId="053a057a-a44f-47b8-b6a1-3e55f487908c" testListId="8c84fa94-04c1-424b-9868-57a2d4851a1d" />
    <TestEntry testId="e0f5f252-0db0-9a8b-d5a9-4dd34a1f4116" executionId="e524f0d7-5452-4dd6-80d8-4276b84b14f4" testListId="8c84fa94-04c1-424b-9868-57a2d4851a1d" />
  </TestEntries>
  <TestLists>
    <TestList name="列表中未列出的结果" id="8c84fa94-04c1-424b-9868-57a2d4851a1d" />
    <TestList name="所有已加载的结果" id="19431567-8539-422a-85d7-44ee4e166bda" />
  </TestLists>
  <ResultSummary outcome="Completed">
    <Counters total="11" executed="11" passed="11" failed="0" error="0" timeout="0" aborted="0" inconclusive="0" passedButRunAborted="0" notRunnable="0" notExecuted="0" disconnected="0" warning="0" completed="0" inProgress="0" pending="0" />
    <Output>
      <StdOut>[xUnit.net 00:00:00.00] xUnit.net VSTest Adapter v3.0.2+dd36e86129 (64-bit .NET 10.0.4)&#xD;
[xUnit.net 00:00:00.13]   Discovering: Base05.Tests&#xD;
[xUnit.net 00:00:00.23]   Discovered:  Base05.Tests&#xD;
[xUnit.net 00:00:00.27]   Starting:    Base05.Tests&#xD;
[xUnit.net 00:00:01.39]   Finished:    Base05.Tests&#xD;
</StdOut>
    </Output>
  </ResultSummary>
</TestRun>