<?xml version="1.0" encoding="utf-8"?>
<TestRun id="d07a325f-719e-46e9-99e3-3dcf6eab7393" name="redacted-user@redacted-host 2026-08-16 11:53:36" runUser="redacted-host\redacted-user" xmlns="http://microsoft.com/schemas/VisualStudio/TeamTest/2010">
  <Times creation="2026-08-16T11:53:36.2360851+08:00" queuing="2026-08-16T11:53:36.2360854+08:00" start="2026-08-16T11:53:35.1007586+08:00" finish="2026-08-16T11:55:51.8180730+08:00" />
  <TestSettings name="default" id="c20a8dda-abfd-4d51-ac3e-8a8a2c9ebf9c">
    <Deployment runDeploymentRoot="redacted-user_redacted-host_2026-08-16_11_53_36" />
  </TestSettings>
  <Results>
    <UnitTestResult executionId="ca38c2b6-0251-42ff-ac88-405e8be88b8d" testId="c42c0619-1b11-89b9-8fd5-6f0dcb9e096d" testName="Base05.Tests.MobileActivityStateTests.Quest_context_keeps_activity_mode_across_rebind_but_close_returns_to_ordinary" computerName="redacted-host" duration="00:00:00.0024763" startTime="2026-08-16T11:53:36.2509244+08:00" endTime="2026-08-16T11:53:36.2515945+08:00" testType="13cdc9d9-ddb5-4fa4-a97d-d965ccfc6d4b" outcome="Passed" testListId="8c84fa94-04c1-424b-9868-57a2d4851a1d" relativeResultsDirectory="ca38c2b6-0251-42ff-ac88-405e8be88b8d" />
    <UnitTestResult executionId="b3da22a3-23e7-43c5-8be9-75211331e652" testId="5487d7ef-c7af-7eb5-f204-68de1c0ce232" testName="Base05.Tests.ScriptVariableModuleTests.ReferenceParserAcceptsLegacyAndExplicitNamedReferences(text: &quot;P0&quot;, scope: P, legacy: True, legacyIndex: 0, key: &quot;&quot;)" computerName="redacted-host" duration="00:00:00.0000145" startTime="2026-08-16T11:53:37.3654375+08:00" endTime="2026-08-16T11:53:37.3655057+08:00" testType="13cdc9d9-ddb5-4fa4-a97d-d965ccfc6d4b" outcome="Passed" testListId="8c84fa94-04c1-424b-9868-57a2d4851a1d" relativeResultsDirectory="b3da22a3-23e7-43c5-8be9-75211331e652" />
    <UnitTestResult executionId="8149b3f1-6bc3-4eb2-9d5e-18b07dc7106b" testId="53ad6cee-3f1c-0986-0023-f584c2a64998" testName="Base05.Tests.GameShopStateTests.Fixed_grid_maps_only_visible_slots(page: -1, slot: 0, pageSize: 15, count: 16, expected: -1)" computerName="redacted-host" duration="00:00:00.0003681" startTime="2026-08-16T11:53:36.3443175+08:00" endTime="2026-08-16T11:53:36.3443951+08:00" testType="13cdc9d9-ddb5-4fa4-a97d-d965ccfc6d4b" outcome="Passed" testListId="8c84fa94-04c1-424b-9868-57a2d4851a1d" relativeResultsDirectory="8149b3f1-6bc3-4eb2-9d5e-18b07dc7106b" />
    <UnitTestResult executionId="20d18067-d485-48b1-a785-22c4aea31c35" testId="6caafb8f-0b96-16a2-9012-2f3dee2e854f" testName="Base05.Tests.PasswordSecurityTests.固定Argon2标准PHC向量与旧点号兼容" computerName="redacted-host" duration="00:00:03.1034926" startTime="2026-08-16T11:53:37.1860576+08:00" endTime="2026-08-16T11:53:40.2880609+08:00" testType="13cdc9d9-ddb5-4fa4-a97d-d965ccfc6d4b" outcome="Passed" testListId="8c84fa94-04c1-424b-9868-57a2d4851a1d" relativeResultsDirectory="20d18067-d485-48b1-a785-22c4aea31c35" />
    <UnitTestResult executionId="11cd8adb-2c6f-4d1c-9dc1-b60333d6fc5f" testId="2cf2c8ef-27e9-b583-4246-e3e9181196f7" testName="Base05.Tests.GameShopStateTests.Payment_policy_requires_an_explicit_choice_for_dual_currency_items(canCredit: True, creditPrice: 10, canGold: True, goldPrice: 20, expected: CreditAndGold)" computerName="redacted-host" duration="00:00:00.0000027" startTime="2026-08-16T11:53:36.3434743+08:00" endTime="2026-08-16T11:53:36.3435617+08:00" testType="13cdc9d9-ddb5-4fa4-a97d-d965ccfc6d4b" outcome="Passed" testListId="8c84fa94-04c1-424b-9868-57a2d4851a1d" relativeResultsDirectory="11cd8adb-2c6f-4d1c-9dc1-b60333d6fc5f" />
    <UnitTestResult executionId="03b0267e-7491-4f3f-985a-142b6259bf56" testId="ab4fee8d-5dbd-3220-0ba1-6560a3d3f360" testName="Base05.Tests.SqlPersistenceRoundTripTests.Sqlite_round_trips_server_persistent_variables" computerName="redacted-host" duration="00:00:00.0632993" startTime="2026-08-16T11:55:51.6110594+08:00" endTime="2026-08-16T11:55:51.6715274+08:00" testType="13cdc9d9-ddb5-4fa4-a97d-d965ccfc6d4b" outcome="Passed" testListId="8c84fa94-04c1-424b-9868-57a2d4851a1d" relativeResultsDirectory="03b0267e-7491-4f3f-985a-142b6259bf56" />
    <UnitTestResult executionId="34b9a18d-9a81-4469-b027-09f255ebf95c" testId="35811240-ad76-f762-2c0c-d70db0124316" testName="Base05.Tests.StreamWriteGateTests.断开最终写门闩忙时不重叠并在空闲时可尽力发送" computerName="redacted-host" duration="00:00:00.0051610" startTime="2026-08-16T11:53:36.2515050+08:00" endTime="2026-08-16T11:53:36.2542550+08:00" testType="13cdc9d9-ddb5-4fa4-a97d-d965ccfc6d4b" outcome="Passed" testListId="8c84fa94-04c1-424b-9868-57a2d4851a1d" relativeResultsDirectory="34b9a18d-9a81-4469-b027-09f255ebf95c" />
    <UnitTestResult executionId="d90ffe8b-adb7-4b98-81ab-353c6dd59e79" testId="23f03e36-0710-70ae-d60f-fe97b2647644" testName="Base05.Tests.TxtScriptReloadCoordinatorTests.停止并释放后保存不会再次发布且手动重载明确拒绝" computerName="redacted-host" duration="00:00:00.1678316" startTime="2026-08-16T11:54:49.8443973+08:00" endTime="2026-08-16T11:54:50.0122052+08:00" testType="13cdc9d9-ddb5-4fa4-a97d-d965ccfc6d4b" outcome="Passed" testListId="8c84fa94-04c1-424b-9868-57a2d4851a1d" relativeResultsDirectory="d90ffe8b-adb7-4b98-81ab-353c6dd59e79" />
    <UnitTestResult executionId="dff8a482-b797-400b-8632-751fb1b7bf65" testId="64ae8372-5691-7d5c-40e6-a98699553f75" testName="Base05.Tests.MobileMentorStateTests.Mentor_usage_probe_smoke_projects_request_response_and_server_state_to_ui_values" computerName="redacted-host" duration="00:00:00.0008634" startTime="2026-08-16T11:53:36.7508178+08:00" endTime="2026-08-16T11:53:36.7513675+08:00" testType="13cdc9d9-ddb5-4fa4-a97d-d965ccfc6d4b" outcome="Passed" testListId="8c84fa94-04c1-424b-9868-57a2d4851a1d" relativeResultsDirectory="dff8a482-b797-400b-8632-751fb1b7bf65" />
    <UnitTestResult executionId="705fbf3b-5e95-4e67-a869-276f27e58e91" testId="6b34aa86-7c2c-d3e2-cc86-74f6ae57182d" testName="Base05.Tests.PasswordSecurityTests.畸形或不支持的PHC安全失败(storedHash: &quot;$argon2i$v=19$m=32768,t=3,p=1$YWJjZGVmZ2hpamtsbW5v&quot;···)" computerName="redacted-host" duration="00:00:00.0000174" startTime="2026-08-16T11:53:37.1850651+08:00" endTime="2026-08-16T11:53:37.1851651+08:00" testType="13cdc9d9-ddb5-4fa4-a97d-d965ccfc6d4b" outcome="Passed" testListId="8c84fa94-04c1-424b-9868-57a2d4851a1d" relativeResultsDirectory="705fbf3b-5e95-4e67-a869-276f27e58e91" />
    <UnitTestResult executionId="973dfc14-a958-49e1-82a5-bf1ab11261bd" testId="e7ef547b-60a6-53fa-3277-d57a3d86a3e7" testName="Base05.Tests.TlsTransportTests.TLS配置表单策略仅在启用时要求有效端口与现有证书文件" computerName="redacted-host" duration="00:00:00.0871701" startTime="2026-08-16T11:54:49.2352908+08:00" endTime="2026-08-16T11:54:49.3222412+08:00" testType="13cdc9d9-ddb5-4fa4-a97d-d965ccfc6d4b" outcome="Passed" testListId="8c84fa94-04c1-424b-9868-57a2d4851a1d" relativeResultsDirectory="973dfc14-a958-49e1-82a5-bf1ab11261bd" />
    <UnitTestResult executionId="77c20ff2-fdfd-4a66-b14f-d818e5bf3874" testId="1ce9c0c3-0e96-bd0c-ec3a-7a8d9d57eb7a" testName="Base05.Tests.DropContentAuthoringTests.文本草稿复用LEG02掉落校验并提供稳定格式诊断" computerName="redacted-host" duration="00:00:00.0430465" startTime="2026-08-16T11:53:36.1280873+08:00" endTime="2026-08-16T11:53:36.1954938+08:00" testType="13cdc9d9-ddb5-4fa4-a97d-d965ccfc6d4b" outcome="Passed" testListId="8c84fa94-04c1-424b-9868-57a2d4851a1d" relativeResultsDirectory="77c20ff2-fdfd-4a66-b14f-d818e5bf3874" />
    <UnitTestResult executionId="3b4a5231-ec15-40d8-bca7-cb2dffffab27" testId="637a0c6d-fbe1-cb6d-0a99-8df70ca30fef" testName="Base05.Tests.SkillSafeEndToEndTests.图标白名单边界值_由服务端类型与会话重验接受(icon: 0)" computerName="redacted-host" duration="00:00:00.0001584" startTime="2026-08-16T11:54:47.7322703+08:00" endTime="2026-08-16T11:54:47.7323928+08:00" testType="13cdc9d9-ddb5-4fa4-a97d-d965ccfc6d4b" outcome="Passed" testListId="8c84fa94-04c1-424b-9868-57a2d4851a1d" relativeResultsDirectory="3b4a5231-ec15-40d8-bca7-cb2dffffab27" />
    <UnitTestResult executionId="3ddab59d-a7b0-446b-8873-47d6bec7a4e6" testId="a9b21d0e-61f3-fc86-f4a7-6f95ea6bdcc9" testName="Base05.Tests.EquipmentSetBonusModuleTests.圣龙双花双绿戒指不依赖左右顺序" computerName="redacted-host" duration="00:00:00.0009585" startTime="2026-08-16T11:53:36.3733455+08:00" endTime="2026-08-16T11:53:36.3741542+08:00" testType="13cdc9d9-ddb5-4fa4-a97d-d965ccfc6d4b" outcome="Passed" testListId="8c84fa94-04c1-424b-9868-57a2d4851a1d" relativeResultsDirectory="3ddab59d-a7b0-446b-8873-47d6bec7a4e6" />
    <UnitTestResult executionId="a92b026b-534f-4946-97c8-9902849e78f9" testId="e2f787e4-57e9-6607-9e9e-89980dda73d6" testName="Base05.Tests.PerformanceMetricsTests.QueueTrackerRebaselinesHighWaterWhenSessionChanges" computerName="redacted-host" duration="00:00:00.0003151" startTime="2026-08-16T11:55:50.9787185+08:00" endTime="2026-08-16T11:55:50.9789274+08:00" testType="13cdc9d9-ddb5-4fa4-a97d-d965ccfc6d4b" outcome="Passed" testListId="8c84fa94-04c1-424b-9868-57a2d4851a1d" relativeResultsDirectory="a92b026b-534f-4946-97c8-9902849e78f9" />
    <UnitTestResult executionId="c7cb29c3-5250-45e5-a5fa-497d275b0fdc" testId="6847fac2-f6e2-bcdc-25a5-efb2fb778419" testName="Base05.Tests.GatewayTrafficGovernanceTests.配置损坏缺字段或未知版本均失败关闭(content: &quot;not-json&quot;)" computerName="redacted-host" duration="00:00:00.0041239" startTime="2026-08-16T11:54:57.4967626+08:00" endTime="2026-08-16T11:54:57.5008115+08:00" testType="13cdc9d9-ddb5-4fa4-a97d-d965ccfc6d4b" outcome="Passed" testListId="8c84fa94-04c1-424b-9868-57a2d4851a1d" relativeResultsDirectory="c7cb29c3-5250-45e5-a5fa-497d275b0fdc" />
    <UnitTestResult executionId="652435fe-db63-4e09-b440-8ca28b0d4374" testId="d30c65a4-caaa-8fc9-fed8-e205a1db5703" testName="Base05.Tests.ProductionRpoPolicyTests.正式保存间隔接受一分钟和五分钟边界(minutes: 1)" computerName="redacted-host" duration="00:00:00.0001406" startTime="2026-08-16T11:53:38.9184512+08:00" endTime="2026-08-16T11:53:38.9184985+08:00" testType="13cdc9d9-ddb5-4fa4-a97d-d965ccfc6d4b" outcome="Passed" testListId="8c84fa94-04c1-424b-9868-57a2d4851a1d" relativeResultsDirectory="652435fe-db63-4e09-b440-8ca28b0d4374" />
    <UnitTestResult executionId="b6c2514e-b035-4f6e-ab7d-28a3d5aabf79" testId="c8b8a4bd-7963-3ff0-50ea-db3322f81ac9" testName="Base05.Tests.Release02PipelineTests.一键入口固定构建冒烟导出签名与五百分比灰度" computerName="redacted-host" duration="00:00:00.0103611" startTime="2026-08-16T11:53:36.5236091+08:00" endTime="2026-08-16T11:53:36.5337526+08:00" testType="13cdc9d9-ddb5-4fa4-a97d-d965ccfc6d4b" outcome="Passed" testListId="8c84fa94-04c1-424b-9868-57a2d4851a1d" relativeResultsDirectory="b6c2514e-b035-4f6e-ab7d-28a3d5aabf79" />
    <UnitTestResult executionId="b07d4845-6bda-45f6-bcfd-643b0b94cdad" testId="6663375a-28bb-699d-d0c2-721526dde775" testName="Base05.Tests.MobileFishingInventoryPolicyTests.Authoritative_bait_merge_clears_source_when_remaining_equals_source_stack" computerName="redacted-host" duration="00:00:00.0002317" startTime="2026-08-16T11:53:36.6222368+08:00" endTime="2026-08-16T11:53:36.6223634+08:00" testType="13cdc9d9-ddb5-4fa4-a97d-d965ccfc6d4b" outcome="Passed" testListId="8c84fa94-04c1-424b-9868-57a2d4851a1d" relativeResultsDirectory="b07d4845-6bda-45f6-bcfd-643b0b94cdad" />
    <UnitTestResult executionId="fa1f8ecf-8bb9-4074-b707-44b0da7222d2" testId="d66b24ff-a2eb-0653-d628-d86a6aaf0b43" testName="Base05.Tests.SkillSafeEndToEndTests.隐藏测试服务器_可启动并消费火球术只读空间时间与服务端投影" computerName="redacted-host" duration="00:00:00.0010204" startTime="2026-08-16T11:54:47.7324590+08:00" endTime="2026-08-16T11:54:47.7334345+08:00" testType="13cdc9d9-ddb5-4fa4-a97d-d965ccfc6d4b" outcome="Passed" testListId="8c84fa94-04c1-424b-9868-57a2d4851a1d" relativeResultsDirectory="fa1f8ecf-8bb9-4074-b707-44b0da7222d2" />
    <UnitTestResult executionId="b596f3db-f8e5-4979-b438-6fac2863eccd" testId="d6fe1e6b-883b-2d05-22ca-16451d531a9e" testName="Base05.Tests.AdminSecurityTests.管理监听仅允许回环明文或内网HTTPS" computerName="redacted-host" duration="00:00:00.0023376" startTime="2026-08-16T11:54:54.8250870+08:00" endTime="2026-08-16T11:54:54.8274444+08:00" testType="13cdc9d9-ddb5-4fa4-a97d-d965ccfc6d4b" outcome="Passed" testListId="8c84fa94-04c1-424b-9868-57a2d4851a1d" relativeResultsDirectory="b596f3db-f8e5-4979-b438-6fac2863eccd" />
    <UnitTestResult executionId="654fa5ce-d031-4fc1-891d-2b252d474c01" testId="784936e7-2e6d-6753-1070-a3275ac6f837" testName="Base05.Tests.MobileMarriageStateTests.Success_chat_keeps_guard_until_authoritative_relationship_update" computerName="redacted-host" duration="00:00:00.0014524" startTime="2026-08-16T11:53:37.5099006+08:00" endTime="2026-08-16T11:53:37.5110358+08:00" testType="13cdc9d9-ddb5-4fa4-a97d-d965ccfc6d4b" outcome="Passed" testListId="8c84fa94-04c1-424b-9868-57a2d4851a1d" relativeResultsDirectory="654fa5ce-d031-4fc1-891d-2b252d474c01" />
    <UnitTestResult executionId="399db5ea-c784-4abf-a967-fe10a57523a7" testId="37369f07-0375-6da4-9e36-bf25482a6dd7" testName="Base05.Tests.CustomGuiSessionGateTests.PackageVersionInvalidationClosesOnlyStaleWindows" computerName="redacted-host" duration="00:00:00.0035758" startTime="2026-08-16T11:53:41.6885117+08:00" endTime="2026-08-16T11:53:41.6917959+08:00" testType="13cdc9d9-ddb5-4fa4-a97d-d965ccfc6d4b" outcome="Passed" testListId="8c84fa94-04c1-424b-9868-57a2d4851a1d" relativeResultsDirectory="399db5ea-c784-4abf-a967-fe10a57523a7" />
    <UnitTestResult executionId="70a8dd9e-2708-4206-b936-31236a1c202f" testId="d6297ba7-c128-7a75-dc63-cc41ca543c89" testName="Base05.Tests.ScriptVariableModuleTests.ReferenceParserAcceptsLegacyAndExplicitNamedReferences(text: &quot;p999&quot;, scope: P, legacy: True, legacyIndex: 999, key: &quot;&quot;)" computerName="redacted-host" duration="00:00:00.0007746" startTime="2026-08-16T11:53:37.3484605+08:00" endTime="2026-08-16T11:53:37.3489596+08:00" testType="13cdc9d9-ddb5-4fa4-a97d-d965ccfc6d4b" outcome="Passed" testListId="8c84fa94-04c1-424b-9868-57a2d4851a1d" relativeResultsDirectory="70a8dd9e-2708-4206-b936-31236a1c202f" />
    <UnitTestResult executionId="d0c47a4a-c14e-42cf-87fa-b0133dcd4c50" testId="c94ff527-3e2b-cccd-8741-fb0c87a911ce" testName="Base05.Tests.KillSwitchServiceTests.状态先原子持久化再发布且重启保持关闭" computerName="redacted-host" duration="00:00:00.0168831" startTime="2026-08-16T11:55:00.5379619+08:00" endTime="2026-08-16T11:55:00.5547888+08:00" testType="13cdc9d9-ddb5-4fa4-a97d-d965ccfc6d4b" outcome="Passed" testListId="8c84fa94-04c1-424b-9868-57a2d4851a1d" relativeResultsDirectory="d0c47a4a-c14e-42cf-87fa-b0133dcd4c50" />
    <UnitTestResult executionId="2f9874b2-e822-4cfc-ac80-cd17b72a4168" testId="2f2b326a-cd17-27e0-2b64-725d585b819c" testName="Base05.Tests.ProductionSecurityTests.历史INI秘密键可严格删除且保留非秘密配置" computerName="redacted-host" duration="00:00:00.0045509" startTime="2026-08-16T11:54:52.6949797+08:00" endTime="2026-08-16T11:54:52.6994512+08:00" testType="13cdc9d9-ddb5-4fa4-a97d-d965ccfc6d4b" outcome="Passed" testListId="8c84fa94-04c1-424b-9868-57a2d4851a1d" relativeResultsDirectory="2f9874b2-e822-4cfc-ac80-cd17b72a4168" />
    <UnitTestResult executionId="97adbb64-daaf-4887-a160-b3e26d7c0ef1" testId="d5e5e97f-a9dc-163d-cc8e-66b3a22d7e96" testName="Base05.Tests.ProjectSemanticPreflightTests.Script_compiler_does_not_reference_extern_alias_protocol_fixture" computerName="redacted-host" duration="00:00:00.1012094" startTime="2026-08-16T11:53:36.4051638+08:00" endTime="2026-08-16T11:53:36.5062817+08:00" testType="13cdc9d9-ddb5-4fa4-a97d-d965ccfc6d4b" outcome="Passed" testListId="8c84fa94-04c1-424b-9868-57a2d4851a1d" relativeResultsDirectory="97adbb64-daaf-4887-a160-b3e26d7c0ef1" />
    <UnitTestResult executionId="aa2e2fe8-0f6d-473f-b302-ee260888c56b" testId="c19d57b1-3892-fd7a-3e34-765ccbc4e228" testName="Base05.Tests.TlsTransportTests.旧TLS代次释放不修改新代计数" computerName="redacted-host" duration="00:00:00.0027351" startTime="2026-08-16T11:54:49.3224189+08:00" endTime="2026-08-16T11:54:49.3250031+08:00" testType="13cdc9d9-ddb5-4fa4-a97d-d965ccfc6d4b" outcome="Passed" testListId="8c84fa94-04c1-424b-9868-57a2d4851a1d" relativeResultsDirectory="aa2e2fe8-0f6d-473f-b302-ee260888c56b" />
    <UnitTestResult executionId="ffbe57a4-4d5b-4ccc-8aed-36527257f3e1" testId="0a80c62b-eef9-9af6-54ec-4087be526b98" testName="Base05.Tests.MobileSealRentalStateTests.Unrelated_system_chat_does_not_clear_a_pending_rental_operation" computerName="redacted-host" duration="00:00:00.0121584" startTime="2026-08-16T11:53:36.2434217+08:00" endTime="2026-08-16T11:53:36.2453397+08:00" testType="13cdc9d9-ddb5-4fa4-a97d-d965ccfc6d4b" outcome="Passed" testListId="8c84fa94-04c1-424b-9868-57a2d4851a1d" relativeResultsDirectory="ffbe57a4-4d5b-4ccc-8aed-36527257f3e1" />
    <UnitTestResult executionId="8a274345-b8fc-4055-806f-02dc9d25cd3b" testId="95df71b6-a115-bc7f-c647-9198ee8936a5" testName="Base05.Tests.LingFengTxtSystemHookAdapterTests.已由CSharp处理时不重复执行Txt" computerName="redacted-host" duration="00:00:00.0001455" startTime="2026-08-16T11:54:49.7205295+08:00" endTime="2026-08-16T11:54:49.7205547+08:00" testType="13cdc9d9-ddb5-4fa4-a97d-d965ccfc6d4b" outcome="Passed" testListId="8c84fa94-04c1-424b-9868-57a2d4851a1d" relativeResultsDirectory="8a274345-b8fc-4055-806f-02dc9d25cd3b" />
    <UnitTestResult executionId="9b342721-d29f-46ea-8f6b-49826a00abef" testId="16478813-2a5b-41a1-fe05-c84a0d9c7c06" testName="Base05.Tests.GatewayTrafficGovernanceTests.协议包映射到预期行为分类(packet: Walk, expected: 1)" computerName="redacted-host" duration="00:00:00.0005805" startTime="2026-08-16T11:54:57.5072493+08:00" endTime="2026-08-16T11:54:57.5077576+08:00" testType="13cdc9d9-ddb5-4fa4-a97d-d965ccfc6d4b" outcome="Passed" testListId="8c84fa94-04c1-424b-9868-57a2d4851a1d" relativeResultsDirectory="9b342721-d29f-46ea-8f6b-49826a00abef" />
    <UnitTestResult executionId="d9d1b80c-8a90-4501-93fa-7d018350cfdd" testId="e8581f35-50c0-b62b-d9a9-60c1ec789c9a" testName="Base05.Tests.LingFengHighRiskCommandPolicyTests.OpenBrowser拒绝非Https凭据非白名单子域和异常端口(url: &quot;https://sub.docs.example.com/help&quot;)" computerName="redacted-host" duration="00:00:00.0001566" startTime="2026-08-16T11:54:49.5800222+08:00" endTime="2026-08-16T11:54:49.5801522+08:00" testType="13cdc9d9-ddb5-4fa4-a97d-d965ccfc6d4b" outcome="Passed" testListId="8c84fa94-04c1-424b-9868-57a2d4851a1d" relativeResultsDirectory="d9d1b80c-8a90-4501-93fa-7d018350cfdd" />
    <UnitTestResult executionId="9ce32fe1-31bf-4762-8bf9-545456bbcd59" testId="c9b2bfcb-a1fd-1862-9a9a-df86efe5c29c" testName="Base05.Tests.ServerLifecycleSmokeTests.翎风Txt灰度候选在真实服务端生命周期内可重启并关闭回滚" computerName="redacted-host" duration="00:00:00.0548337" startTime="2026-08-16T11:54:37.1996325+08:00" endTime="2026-08-16T11:54:37.2543901+08:00" testType="13cdc9d9-ddb5-4fa4-a97d-d965ccfc6d4b" outcome="Passed" testListId="8c84fa94-04c1-424b-9868-57a2d4851a1d" relativeResultsDirectory="9ce32fe1-31bf-4762-8bf9-545456bbcd59" />
    <UnitTestResult executionId="8a763859-3673-4bb4-a759-346b0000ec71" testId="49bec706-4663-f6fd-c14f-94ccb11f89a6" testName="Base05.Tests.OpsBasic04ComplianceTests.发布合规包包含依赖清单与许可证正文" computerName="redacted-host" duration="00:00:00.0387344" startTime="2026-08-16T11:53:36.2962495+08:00" endTime="2026-08-16T11:53:36.3337391+08:00" testType="13cdc9d9-ddb5-4fa4-a97d-d965ccfc6d4b" outcome="Passed" testListId="8c84fa94-04c1-424b-9868-57a2d4851a1d" relativeResultsDirectory="8a763859-3673-4bb4-a759-346b0000ec71" />
    <UnitTestResult executionId="b30712c8-4a77-413b-816b-5bcb98911eda" testId="2470c5d6-05a2-5886-ebf5-3be821ee96c1" testName="Base05.Tests.GameShopStateTests.Fixed_grid_maps_only_visible_slots(page: 0, slot: 14, pageSize: 15, count: 16, expected: 14)" computerName="redacted-host" duration="00:00:00.0000025" startTime="2026-08-16T11:53:36.3462664+08:00" endTime="2026-08-16T11:53:36.3463822+08:00" testType="13cdc9d9-ddb5-4fa4-a97d-d965ccfc6d4b" outcome="Passed" testListId="8c84fa94-04c1-424b-9868-57a2d4851a1d" relativeResultsDirectory="b30712c8-4a77-413b-816b-5bcb98911eda" />
    <UnitTestResult executionId="82eab912-57f3-4686-8b06-b3643371defc" testId="ffee32f0-54ba-cecb-0c8c-661f5df84e95" testName="Base05.Tests.MobileMarriageStateTests.Silent_marriage_request_is_guarded_until_timeout_then_can_retry" computerName="redacted-host" duration="00:00:00.0004794" startTime="2026-08-16T11:53:37.5132208+08:00" endTime="2026-08-16T11:53:37.5136008+08:00" testType="13cdc9d9-ddb5-4fa4-a97d-d965ccfc6d4b" outcome="Passed" testListId="8c84fa94-04c1-424b-9868-57a2d4851a1d" relativeResultsDirectory="82eab912-57f3-4686-8b06-b3643371defc" />
    <UnitTestResult executionId="b1b60452-ea80-418f-bfce-f3c899c2a5be" testId="3d7686ed-2de1-0e78-40f4-6bc941112bf0" testName="Base05.Tests.ScriptVariableModuleTests.ReferenceParserAcceptsLegacyAndExplicitNamedReferences(text: &quot;P.DropRate&quot;, scope: P, legacy: False, legacyIndex: -1, key: &quot;DROPRATE&quot;)" computerName="redacted-host" duration="00:00:00.0000130" startTime="2026-08-16T11:53:37.3656400+08:00" endTime="2026-08-16T11:53:37.3658052+08:00" testType="13cdc9d9-ddb5-4fa4-a97d-d965ccfc6d4b" outcome="Passed" testListId="8c84fa94-04c1-424b-9868-57a2d4851a1d" relativeResultsDirectory="b1b60452-ea80-418f-bfce-f3c899c2a5be" />
    <UnitTestResult executionId="0bde0e0a-11e7-4ef9-8320-7e764d9ecb1a" testId="0393bb39-4f76-acce-89a6-2228b80adbb1" testName="Base05.Tests.MobileFishingStateTests.Protocol_contract_exposes_fishing_packets_and_five_slots" computerName="redacted-host" duration="00:00:00.0008025" startTime="2026-08-16T11:53:36.7613259+08:00" endTime="2026-08-16T11:53:36.7615074+08:00" testType="13cdc9d9-ddb5-4fa4-a97d-d965ccfc6d4b" outcome="Passed" testListId="8c84fa94-04c1-424b-9868-57a2d4851a1d" relativeResultsDirectory="0bde0e0a-11e7-4ef9-8320-7e764d9ecb1a" />
    <UnitTestResult executionId="11b6dcfa-f34c-440b-b4c4-69da1f1c38d6" testId="4a20fb19-f0cd-1d06-4eaf-4316c317a7c5" testName="Base05.Tests.CustomGuiSchemaTests.未知控件未知属性与不兼容版本全部失败关闭(json: &quot;{\&quot;schemaVersion\&quot;:1,\&quot;documentId\&quot;:\&quot;x\&quot;,\&quot;revisi&quot;···, expectedCode: &quot;GUI01-SCHEMA-001&quot;)" computerName="redacted-host" duration="00:00:00.0001010" startTime="2026-08-16T11:53:42.4228640+08:00" endTime="2026-08-16T11:53:42.4229253+08:00" testType="13cdc9d9-ddb5-4fa4-a97d-d965ccfc6d4b" outcome="Passed" testListId="8c84fa94-04c1-424b-9868-57a2d4851a1d" relativeResultsDirectory="11b6dcfa-f34c-440b-b4c4-69da1f1c38d6" />
    <UnitTestResult executionId="25e87b0e-cb07-4d34-a7ed-2316024d9984" testId="05d12e32-0e0c-0ea1-80ca-267dbfac3e27" testName="Base05.Tests.MobileFishingStateTests.Fishing_usage_probe_smoke_projects_cast_request_and_server_update_to_ui_values" computerName="redacted-host" duration="00:00:00.0003869" startTime="2026-08-16T11:53:36.7646011+08:00" endTime="2026-08-16T11:53:36.7652854+08:00" testType="13cdc9d9-ddb5-4fa4-a97d-d965ccfc6d4b" outcome="Passed" testListId="8c84fa94-04c1-424b-9868-57a2d4851a1d" relativeResultsDirectory="25e87b0e-cb07-4d34-a7ed-2316024d9984" />
    <UnitTestResult executionId="6748159d-8a13-4289-a3bf-07832be798cf" testId="7ae1b15f-f628-45f7-cd37-a8e54c9a758c" testName="Base05.Tests.TlsTransportTests.客户端TLS失败探针区分端点吊销与证书验证" computerName="redacted-host" duration="00:00:00.0023015" startTime="2026-08-16T11:54:49.2292537+08:00" endTime="2026-08-16T11:54:49.2315376+08:00" testType="13cdc9d9-ddb5-4fa4-a97d-d965ccfc6d4b" outcome="Passed" testListId="8c84fa94-04c1-424b-9868-57a2d4851a1d" relativeResultsDirectory="6748159d-8a13-4289-a3bf-07832be798cf" />
    <UnitTestResult executionId="34f972af-df72-4973-99e1-940d6a06f5ec" testId="bd084c18-4348-2a7a-edc8-feeb7f68afd5" testName="Base05.Tests.SkillEditingSessionTests.并发修改事实对象_提交失败并要求重载" computerName="redacted-host" duration="00:00:00.0008212" startTime="2026-08-16T11:53:37.1476266+08:00" endTime="2026-08-16T11:53:37.1477237+08:00" testType="13cdc9d9-ddb5-4fa4-a97d-d965ccfc6d4b" outcome="Passed" testListId="8c84fa94-04c1-424b-9868-57a2d4851a1d" relativeResultsDirectory="34f972af-df72-4973-99e1-940d6a06f5ec" />
    <UnitTestResult executionId="25385ac7-ad31-47b8-8653-c9eadc426ed9" testId="dae45c35-433a-0ecf-d13a-5ca87482d567" testName="Base05.Tests.BasicOperationsMonitorTests.非Sqlite部署不会把无备份服务误报为故障" computerName="redacted-host" duration="00:00:00.0006610" startTime="2026-08-16T11:54:57.4776515+08:00" endTime="2026-08-16T11:54:57.4782041+08:00" testType="13cdc9d9-ddb5-4fa4-a97d-d965ccfc6d4b" outcome="Passed" testListId="8c84fa94-04c1-424b-9868-57a2d4851a1d" relativeResultsDirectory="25385ac7-ad31-47b8-8653-c9eadc426ed9" />
    <UnitTestResult executionId="abbd64b3-ece8-4571-b5cf-436dcbf02b14" testId="ba94a6b0-25c1-c635-f7c7-c26886e6fa66" testName="Base05.Tests.NpcContentAuthoringTests.显式提交保留已有实体身份并保存新增删除和修改" computerName="redacted-host" duration="00:00:00.0260445" startTime="2026-08-16T11:53:36.5309056+08:00" endTime="2026-08-16T11:53:36.5516624+08:00" testType="13cdc9d9-ddb5-4fa4-a97d-d965ccfc6d4b" outcome="Passed" testListId="8c84fa94-04c1-424b-9868-57a2d4851a1d" relativeResultsDirectory="abbd64b3-ece8-4571-b5cf-436dcbf02b14" />
    <UnitTestResult executionId="0badf612-0d82-40bb-8c53-cd7e585ad0fc" testId="0e0b897f-8c1d-4dcd-d495-e1598b4cd87f" testName="Base05.Tests.CustomGuiSchemaTests.未知控件未知属性与不兼容版本全部失败关闭(json: &quot;{\&quot;schemaVersion\&quot;:1,\&quot;documentId\&quot;:\&quot;x\&quot;,\&quot;revisi&quot;···, expectedCode: &quot;GUI01-SCHEMA-001&quot;)" computerName="redacted-host" duration="00:00:00.0003686" startTime="2026-08-16T11:53:42.4220930+08:00" endTime="2026-08-16T11:53:42.4221673+08:00" testType="13cdc9d9-ddb5-4fa4-a97d-d965ccfc6d4b" outcome="Passed" testListId="8c84fa94-04c1-424b-9868-57a2d4851a1d" relativeResultsDirectory="0badf612-0d82-40bb-8c53-cd7e585ad0fc" />
    <UnitTestResult executionId="8fe3ebc6-456b-4c90-a173-cda230ae6108" testId="4ca5f685-a8c3-2eb4-0958-393adb483242" testName="Base05.Tests.LingFengEnvirCorpusCatalogTests.Envir画像覆盖全部五十三个根并具备可复核摘要" computerName="redacted-host" duration="00:00:00.0207221" startTime="2026-08-16T11:53:36.5806260+08:00" endTime="2026-08-16T11:53:36.6013907+08:00" testType="13cdc9d9-ddb5-4fa4-a97d-d965ccfc6d4b" outcome="Passed" testListId="8c84fa94-04c1-424b-9868-57a2d4851a1d" relativeResultsDirectory="8fe3ebc6-456b-4c90-a173-cda230ae6108" />
    <UnitTestResult executionId="030a1023-1dee-47ae-ab43-5d59d30c59b3" testId="e229dbf5-877b-12dc-f8f6-9f2c28abb9ba" testName="Base05.Tests.LingFengTxtSystemHookAdapterTests.显式版本和精确标签同时满足时只派发一次" computerName="redacted-host" duration="00:00:00.0004828" startTime="2026-08-16T11:54:49.7197295+08:00" endTime="2026-08-16T11:54:49.7201409+08:00" testType="13cdc9d9-ddb5-4fa4-a97d-d965ccfc6d4b" outcome="Passed" testListId="8c84fa94-04c1-424b-9868-57a2d4851a1d" relativeResultsDirectory="030a1023-1dee-47ae-ab43-5d59d30c59b3" />
    <UnitTestResult executionId="c4e09a26-0784-4ef0-af92-5551d93d22a9" testId="bdee6614-3aaf-c161-d17e-c016c6ec709b" testName="Base05.Tests.ScriptVariableModuleTests.PrivatePersistentVariablesUseCharacterStorageAndRequestAutoSave" computerName="redacted-host" duration="00:00:00.0008891" startTime="2026-08-16T11:53:38.7816780+08:00" endTime="2026-08-16T11:53:38.7824652+08:00" testType="13cdc9d9-ddb5-4fa4-a97d-d965ccfc6d4b" outcome="Passed" testListId="8c84fa94-04c1-424b-9868-57a2d4851a1d" relativeResultsDirectory="c4e09a26-0784-4ef0-af92-5551d93d22a9" />
    <UnitTestResult executionId="6b3353d4-e061-48bd-9856-a928afde5647" testId="4685075d-723d-338f-338d-c0b40cd491db" testName="Base05.Tests.CustomGuiSessionGateTests.ExistingActivitiesKillSwitchClosesSessionsAndBlocksNewOpen" computerName="redacted-host" duration="00:00:00.0014110" startTime="2026-08-16T11:53:41.6949792+08:00" endTime="2026-08-16T11:53:41.6961763+08:00" testType="13cdc9d9-ddb5-4fa4-a97d-d965ccfc6d4b" outcome="Passed" testListId="8c84fa94-04c1-424b-9868-57a2d4851a1d" relativeResultsDirectory="6b3353d4-e061-48bd-9856-a928afde5647" />
    <UnitTestResult executionId="6d6c5621-6720-44cc-b7fa-83738c68178d" testId="8eb0025b-e4f5-488d-113e-a1b8f6b29661" testName="Base05.Tests.PhysicalTextFileProviderTests.LyoCrystal布局移除UTF8BOM并保留LF来源信息" computerName="redacted-host" duration="00:00:00.0066146" startTime="2026-08-16T11:54:49.7346913+08:00" endTime="2026-08-16T11:54:49.7407471+08:00" testType="13cdc9d9-ddb5-4fa4-a97d-d965ccfc6d4b" outcome="Passed" testListId="8c84fa94-04c1-424b-9868-57a2d4851a1d" relativeResultsDirectory="6d6c5621-6720-44cc-b7fa-83738c68178d" />
    <UnitTestResult executionId="77fba52f-4be6-433e-9825-6fa70dfef368" testId="47687aec-0640-f474-6218-44593c61db03" testName="Base05.Tests.LingFengPilotMigrationTests.灰度候选摘要逐文件匹配且清单无遗漏" computerName="redacted-host" duration="00:00:00.0019478" startTime="2026-08-16T11:54:49.5945640+08:00" endTime="2026-08-16T11:54:49.5964514+08:00" testType="13cdc9d9-ddb5-4fa4-a97d-d965ccfc6d4b" outcome="Passed" testListId="8c84fa94-04c1-424b-9868-57a2d4851a1d" relativeResultsDirectory="77fba52f-4be6-433e-9825-6fa70dfef368" />
    <UnitTestResult executionId="cbb2f192-f289-47b2-91a4-9fc6a61a52d3" testId="f5943314-b801-7790-c15a-d2a889624de5" testName="Base05.Tests.GameShopStateTests.Fixed_grid_maps_only_visible_slots(page: 0, slot: 0, pageSize: 15, count: 16, expected: 0)" computerName="redacted-host" duration="00:00:00.0000025" startTime="2026-08-16T11:53:36.3460311+08:00" endTime="2026-08-16T11:53:36.3461149+08:00" testType="13cdc9d9-ddb5-4fa4-a97d-d965ccfc6d4b" outcome="Passed" testListId="8c84fa94-04c1-424b-9868-57a2d4851a1d" relativeResultsDirectory="cbb2f192-f289-47b2-91a4-9fc6a61a52d3" />
    <UnitTestResult executionId="0612dbcf-9296-45f6-ada4-c5d48245a62b" testId="8ee9dcd9-2b53-e5c7-c976-c9def7cfa5ec" testName="Base05.Tests.CustomGuiStateProjectionTests.ClientActionOwnsSessionIdentityAndFailedSendDoesNotConsumeSequence" computerName="redacted-host" duration="00:00:00.0079183" startTime="2026-08-16T11:53:36.6264329+08:00" endTime="2026-08-16T11:53:36.6340358+08:00" testType="13cdc9d9-ddb5-4fa4-a97d-d965ccfc6d4b" outcome="Passed" testListId="8c84fa94-04c1-424b-9868-57a2d4851a1d" relativeResultsDirectory="0612dbcf-9296-45f6-ada4-c5d48245a62b" />
    <UnitTestResult executionId="53227d0c-8261-4983-847b-a3467bb594cd" testId="90d82a25-5d33-edf3-ce2f-38ff9c3cce67" testName="Base05.Tests.MobileActivityStateTests.Activity_request_gate_rejects_duplicate_and_releases_on_authoritative_change" computerName="redacted-host" duration="00:00:00.0006753" startTime="2026-08-16T11:53:36.2446623+08:00" endTime="2026-08-16T11:53:36.2447664+08:00" testType="13cdc9d9-ddb5-4fa4-a97d-d965ccfc6d4b" outcome="Passed" testListId="8c84fa94-04c1-424b-9868-57a2d4851a1d" relativeResultsDirectory="53227d0c-8261-4983-847b-a3467bb594cd" />
    <UnitTestResult executionId="92e1ab1f-efd2-4e43-b59d-ee8787627e3b" testId="d05aa937-ce00-3f8e-a3ce-6f3812ee8d66" testName="Base05.Tests.LingFengTxtSpecialTriggerIntegrationTests.精确CSharp后置处理器异常时继续通用处理器且不回落Txt" computerName="redacted-host" duration="00:00:00.0045855" startTime="2026-08-16T11:54:49.6104349+08:00" endTime="2026-08-16T11:54:49.6150272+08:00" testType="13cdc9d9-ddb5-4fa4-a97d-d965ccfc6d4b" outcome="Passed" testListId="8c84fa94-04c1-424b-9868-57a2d4851a1d" relativeResultsDirectory="92e1ab1f-efd2-4e43-b59d-ee8787627e3b" />
    <UnitTestResult executionId="549ac326-5474-4908-b881-103c0ef17be7" testId="570cce3d-5349-59b0-4c80-aece0cabf09b" testName="Base05.Tests.ServerLifecycleSmokeTests.真实Server超大声明帧由主循环断开并留下单条帧证据" computerName="redacted-host" duration="00:00:00.2402507" startTime="2026-08-16T11:54:37.7700043+08:00" endTime="2026-08-16T11:54:38.0108277+08:00" testType="13cdc9d9-ddb5-4fa4-a97d-d965ccfc6d4b" outcome="Passed" testListId="8c84fa94-04c1-424b-9868-57a2d4851a1d" relativeResultsDirectory="549ac326-5474-4908-b881-103c0ef17be7" />
    <UnitTestResult executionId="d482ef52-a998-4df3-8658-cdc84106213d" testId="c2810241-507a-ff91-6808-bd0f1b0a80eb" testName="Base05.Tests.NpcContentAuthoringTests.草稿修改取消不会触碰事实对象" computerName="redacted-host" duration="00:00:00.0095645" startTime="2026-08-16T11:53:36.5711909+08:00" endTime="2026-08-16T11:53:36.5798516+08:00" testType="13cdc9d9-ddb5-4fa4-a97d-d965ccfc6d4b" outcome="Passed" testListId="8c84fa94-04c1-424b-9868-57a2d4851a1d" relativeResultsDirectory="d482ef52-a998-4df3-8658-cdc84106213d" />
    <UnitTestResult executionId="9358b4bb-1691-40a2-b2cf-eef7a3b63cac" testId="399c7070-c75a-6a84-9db8-f04dd32b9849" testName="Base05.Tests.MobileMentorStateTests.Outgoing_request_can_be_retried_when_server_only_reports_failure_in_chat" computerName="redacted-host" duration="00:00:00.0002012" startTime="2026-08-16T11:53:36.7405516+08:00" endTime="2026-08-16T11:53:36.7406812+08:00" testType="13cdc9d9-ddb5-4fa4-a97d-d965ccfc6d4b" outcome="Passed" testListId="8c84fa94-04c1-424b-9868-57a2d4851a1d" relativeResultsDirectory="9358b4bb-1691-40a2-b2cf-eef7a3b63cac" />
    <UnitTestResult executionId="246aee20-be43-4d14-af0c-dec82d224c8d" testId="9cf54a0b-dab8-add8-8e9a-3d1f0b60d1e9" testName="Base05.Tests.ServerLifecycleSmokeTests.真实Server端口占用失败释放后可重启" computerName="redacted-host" duration="00:00:00.3187007" startTime="2026-08-16T11:54:36.4420916+08:00" endTime="2026-08-16T11:54:36.7608034+08:00" testType="13cdc9d9-ddb5-4fa4-a97d-d965ccfc6d4b" outcome="Passed" testListId="8c84fa94-04c1-424b-9868-57a2d4851a1d" relativeResultsDirectory="246aee20-be43-4d14-af0c-dec82d224c8d" />
    <UnitTestResult executionId="d91c0c22-e974-489a-a55f-8d00079645a4" testId="2c670a03-4bc2-ad9f-75c3-0cc93677201a" testName="Base05.Tests.PasswordSecurityTests.旧格式超长或非法字符在派生前拒绝且不升级" computerName="redacted-host" duration="00:00:00.0006243" startTime="2026-08-16T11:53:40.2885662+08:00" endTime="2026-08-16T11:53:40.2888362+08:00" testType="13cdc9d9-ddb5-4fa4-a97d-d965ccfc6d4b" outcome="Passed" testListId="8c84fa94-04c1-424b-9868-57a2d4851a1d" relativeResultsDirectory="d91c0c22-e974-489a-a55f-8d00079645a4" />
    <UnitTestResult executionId="40f7be49-f63c-45ce-8959-278ff44303f9" testId="ccafcae1-2508-449d-e63e-fd9561f4da01" testName="Base05.Tests.SqliteRestoreServiceTests.正在使用的目标库拒绝恢复且不处理Sidecar" computerName="redacted-host" duration="00:00:00.0479823" startTime="2026-08-16T11:53:37.3842479+08:00" endTime="2026-08-16T11:53:37.4320670+08:00" testType="13cdc9d9-ddb5-4fa4-a97d-d965ccfc6d4b" outcome="Passed" testListId="8c84fa94-04c1-424b-9868-57a2d4851a1d" relativeResultsDirectory="40f7be49-f63c-45ce-8959-278ff44303f9" />
    <UnitTestResult executionId="73fcf065-9438-4ca1-8063-08db6ccb1ed0" testId="dfcf22da-8c4b-7210-990e-d4c08d2c4161" testName="Base05.Tests.MobileSealRentalStateTests.Renter_pays_fee_receives_period_then_locks_fee_and_waits_for_confirm" computerName="redacted-host" duration="00:00:00.0045899" startTime="2026-08-16T11:53:36.2470721+08:00" endTime="2026-08-16T11:53:36.2486780+08:00" testType="13cdc9d9-ddb5-4fa4-a97d-d965ccfc6d4b" outcome="Passed" testListId="8c84fa94-04c1-424b-9868-57a2d4851a1d" relativeResultsDirectory="73fcf065-9438-4ca1-8063-08db6ccb1ed0" />
    <UnitTestResult executionId="d029d86a-d74e-429d-8cd0-1dd1574223e9" testId="8c6e57dd-fc8c-156f-3338-51e127fa6645" testName="Base05.Tests.LingFengPlayerCommandTests.不可映射的扩展物品参数在候选快照发布前拒绝" computerName="redacted-host" duration="00:00:00.0005299" startTime="2026-08-16T11:54:49.5965361+08:00" endTime="2026-08-16T11:54:49.5970840+08:00" testType="13cdc9d9-ddb5-4fa4-a97d-d965ccfc6d4b" outcome="Passed" testListId="8c84fa94-04c1-424b-9868-57a2d4851a1d" relativeResultsDirectory="d029d86a-d74e-429d-8cd0-1dd1574223e9" />
    <UnitTestResult executionId="86049dd3-3868-4961-8ecf-8ff53adc9fe4" testId="4bba4a11-2ce0-d426-18fc-38155131942b" testName="Base05.Tests.CustomGuiActionAuthorityTests.TextAndSelectionRulesRejectTamperingBeforeCommit" computerName="redacted-host" duration="00:00:00.0014719" startTime="2026-08-16T11:53:36.4462168+08:00" endTime="2026-08-16T11:53:36.4474306+08:00" testType="13cdc9d9-ddb5-4fa4-a97d-d965ccfc6d4b" outcome="Passed" testListId="8c84fa94-04c1-424b-9868-57a2d4851a1d" relativeResultsDirectory="86049dd3-3868-4961-8ecf-8ff53adc9fe4" />
    <UnitTestResult executionId="0b19fc11-edd9-4c0d-8cbc-f5d895f667af" testId="6340d76c-a9ad-01a8-f79a-c3840bdb5a11" testName="Base05.Tests.ScriptVariableModuleTests.ReferenceParserAcceptsLegacyAndExplicitNamedReferences(text: &quot;P.Drop.Rate&quot;, scope: P, legacy: False, legacyIndex: -1, key: &quot;DROP.RATE&quot;)" computerName="redacted-host" duration="00:00:00.0100062" startTime="2026-08-16T11:53:37.3383038+08:00" endTime="2026-08-16T11:53:37.3481166+08:00" testType="13cdc9d9-ddb5-4fa4-a97d-d965ccfc6d4b" outcome="Passed" testListId="8c84fa94-04c1-424b-9868-57a2d4851a1d" relativeResultsDirectory="0b19fc11-edd9-4c0d-8cbc-f5d895f667af" />
    <UnitTestResult executionId="09e4cf79-23e2-440d-a04e-b16bc855d658" testId="9d0e9c54-cceb-1b40-6689-7c92f9059a6e" testName="Base05.Tests.KillSwitchServiceTests.运行日志失败不伪报变更失败且原子状态保留完整审计" computerName="redacted-host" duration="00:00:00.0164330" startTime="2026-08-16T11:55:00.5700829+08:00" endTime="2026-08-16T11:55:00.5893023+08:00" testType="13cdc9d9-ddb5-4fa4-a97d-d965ccfc6d4b" outcome="Passed" testListId="8c84fa94-04c1-424b-9868-57a2d4851a1d" relativeResultsDirectory="09e4cf79-23e2-440d-a04e-b16bc855d658" />
    <UnitTestResult executionId="ce06cee4-c8da-45b3-a8e7-b4e4c60d9d9a" testId="3b330f3d-1e9b-34a4-07c0-38a68d15d2ab" testName="Base05.Tests.ScriptVariableModuleTests.ReferenceParserAcceptsLegacyAndExplicitNamedReferences(text: &quot;S$标题&quot;, scope: S, legacy: False, legacyIndex: -1, key: &quot;标题&quot;)" computerName="redacted-host" duration="00:00:00.0000156" startTime="2026-08-16T11:53:37.3648767+08:00" endTime="2026-08-16T11:53:37.3649466+08:00" testType="13cdc9d9-ddb5-4fa4-a97d-d965ccfc6d4b" outcome="Passed" testListId="8c84fa94-04c1-424b-9868-57a2d4851a1d" relativeResultsDirectory="ce06cee4-c8da-45b3-a8e7-b4e4c60d9d9a" />
    <UnitTestResult executionId="a327190d-921e-4461-a54e-7d6ac2067d52" testId="c40e4482-7f76-5a9a-5491-cf58faa27f28" testName="Base05.Tests.DropContentAuthoringTests.随机组嵌套条件后代在结构展开中标记不可计算" computerName="redacted-host" duration="00:00:00.0005230" startTime="2026-08-16T11:53:36.2550032+08:00" endTime="2026-08-16T11:53:36.2550555+08:00" testType="13cdc9d9-ddb5-4fa4-a97d-d965ccfc6d4b" outcome="Passed" testListId="8c84fa94-04c1-424b-9868-57a2d4851a1d" relativeResultsDirectory="a327190d-921e-4461-a54e-7d6ac2067d52" />
    <UnitTestResult executionId="6d769b28-4cd4-4afe-aafe-622cb57147e8" testId="d461a1a1-3035-b8e3-ffab-386c384e46e4" testName="Base05.Tests.ScriptVariableCompatibilityPreflightTests.PreflightIsReadOnlyAndReportsPrefixesRangesReservedSlotsPathsAndDynamicNames" computerName="redacted-host" duration="00:00:00.0836483" startTime="2026-08-16T11:53:36.2218636+08:00" endTime="2026-08-16T11:53:36.2575285+08:00" testType="13cdc9d9-ddb5-4fa4-a97d-d965ccfc6d4b" outcome="Passed" testListId="8c84fa94-04c1-424b-9868-57a2d4851a1d" relativeResultsDirectory="6d769b28-4cd4-4afe-aafe-622cb57147e8" />
    <UnitTestResult executionId="de4858ce-ad39-4d32-8a40-8afb584b3b28" testId="6092de43-20c9-e79b-0073-5b2c03c6ca20" testName="Base05.Tests.GameShopStateTests.Fixed_grid_calculates_the_last_page(count: 30, pageSize: 15, expected: 1)" computerName="redacted-host" duration="00:00:00.0000025" startTime="2026-08-16T11:53:36.3365304+08:00" endTime="2026-08-16T11:53:36.3366129+08:00" testType="13cdc9d9-ddb5-4fa4-a97d-d965ccfc6d4b" outcome="Passed" testListId="8c84fa94-04c1-424b-9868-57a2d4851a1d" relativeResultsDirectory="de4858ce-ad39-4d32-8a40-8afb584b3b28" />
    <UnitTestResult executionId="db3c67ac-3fb1-4ea8-b2b9-007290d054a0" testId="67e30d85-b215-c6ec-8150-1be4eb4b75bc" testName="Base05.Tests.LingFengTxtSyntaxGoldenTests.未知段落指令在发布前产生稳定文件行号诊断" computerName="redacted-host" duration="00:00:00.0004789" startTime="2026-08-16T11:54:49.6932151+08:00" endTime="2026-08-16T11:54:49.6933707+08:00" testType="13cdc9d9-ddb5-4fa4-a97d-d965ccfc6d4b" outcome="Passed" testListId="8c84fa94-04c1-424b-9868-57a2d4851a1d" relativeResultsDirectory="db3c67ac-3fb1-4ea8-b2b9-007290d054a0" />
    <UnitTestResult executionId="b4ae2076-3b98-4b69-95b6-e3db5b5ca2fd" testId="3426a22b-e3e9-47d9-df8d-bbea60b48f3d" testName="Base05.Tests.StreamWriteGateTests.门闩只允许单个在途写并可在完成后复用" computerName="redacted-host" duration="00:00:00.0001962" startTime="2026-08-16T11:53:36.2503468+08:00" endTime="2026-08-16T11:53:36.2512507+08:00" testType="13cdc9d9-ddb5-4fa4-a97d-d965ccfc6d4b" outcome="Passed" testListId="8c84fa94-04c1-424b-9868-57a2d4851a1d" relativeResultsDirectory="b4ae2076-3b98-4b69-95b6-e3db5b5ca2fd" />
    <UnitTestResult executionId="f0f6d032-ff82-43b5-9a5e-bda7cc86c4a7" testId="ab78f59c-38cc-2aa8-1013-84292e5636db" testName="Base05.Tests.KillSwitchServiceTests.商城活动与高风险入口读取同一服务端开关" computerName="redacted-host" duration="00:00:00.0518686" startTime="2026-08-16T11:54:59.4304242+08:00" endTime="2026-08-16T11:54:59.4822444+08:00" testType="13cdc9d9-ddb5-4fa4-a97d-d965ccfc6d4b" outcome="Passed" testListId="8c84fa94-04c1-424b-9868-57a2d4851a1d" relativeResultsDirectory="f0f6d032-ff82-43b5-9a5e-bda7cc86c4a7" />
    <UnitTestResult executionId="a51f0d15-88a8-44eb-ba98-16be86b07113" testId="acd2ebd4-78e0-090e-3a9d-ad9c371cdb98" testName="Base05.Tests.CustomGuiStateProjectionTests.InvalidDeltaFailsClosedAndPreservesLastProjection(failure: &quot;binding&quot;)" computerName="redacted-host" duration="00:00:00.0005620" startTime="2026-08-16T11:53:36.6150305+08:00" endTime="2026-08-16T11:53:36.6151744+08:00" testType="13cdc9d9-ddb5-4fa4-a97d-d965ccfc6d4b" outcome="Passed" testListId="8c84fa94-04c1-424b-9868-57a2d4851a1d" relativeResultsDirectory="a51f0d15-88a8-44eb-ba98-16be86b07113" />
    <UnitTestResult executionId="ce35520b-06c2-4654-bbd4-9d51a59898bb" testId="e49a9cce-b93b-6315-dab6-430141d596c6" testName="Base05.Tests.MobileActivityStateTests.Finish_uncertain_snapshot_keeps_lock_and_prompt_until_authoritative_result" computerName="redacted-host" duration="00:00:00.0016011" startTime="2026-08-16T11:53:36.2442681+08:00" endTime="2026-08-16T11:53:36.2444076+08:00" testType="13cdc9d9-ddb5-4fa4-a97d-d965ccfc6d4b" outcome="Passed" testListId="8c84fa94-04c1-424b-9868-57a2d4851a1d" relativeResultsDirectory="ce35520b-06c2-4654-bbd4-9d51a59898bb" />
    <UnitTestResult executionId="36142c4e-3f29-435f-b453-aba121318af7" testId="58926339-c894-beb5-1b6e-8ec04ed38efe" testName="Base05.Tests.Release02TransactionalDeploymentTests.跨进程文件锁阻止恢复器碰触正在提交的事务" computerName="redacted-host" duration="00:00:00.3851707" startTime="2026-08-16T11:53:36.2537106+08:00" endTime="2026-08-16T11:53:36.5949639+08:00" testType="13cdc9d9-ddb5-4fa4-a97d-d965ccfc6d4b" outcome="Passed" testListId="8c84fa94-04c1-424b-9868-57a2d4851a1d" relativeResultsDirectory="36142c4e-3f29-435f-b453-aba121318af7" />
    <UnitTestResult executionId="6c1ca0a1-fd94-455d-9482-973fb010634f" testId="657f41d4-403e-f166-099e-58d555272f87" testName="Base05.Tests.ResourceManifestTests.Validate_cross_checks_package_index_zip_and_sidecar" computerName="redacted-host" duration="00:00:05.0688688" startTime="2026-08-16T11:54:30.5220657+08:00" endTime="2026-08-16T11:54:35.5904063+08:00" testType="13cdc9d9-ddb5-4fa4-a97d-d965ccfc6d4b" outcome="Passed" testListId="8c84fa94-04c1-424b-9868-57a2d4851a1d" relativeResultsDirectory="6c1ca0a1-fd94-455d-9482-973fb010634f" />
    <UnitTestResult executionId="1a11edb0-9990-443f-8211-5f1ad4b60cf4" testId="127b0959-8012-e5f5-94d9-2f0984061bc0" testName="Base05.Tests.ResourceManifestTests.Acquire_transaction_handles_multi_resource_rollback_and_post_commit_cleanup" computerName="redacted-host" duration="00:00:18.2203206" startTime="2026-08-16T11:53:51.4816063+08:00" endTime="2026-08-16T11:54:09.7017951+08:00" testType="13cdc9d9-ddb5-4fa4-a97d-d965ccfc6d4b" outcome="Passed" testListId="8c84fa94-04c1-424b-9868-57a2d4851a1d" relativeResultsDirectory="1a11edb0-9990-443f-8211-5f1ad4b60cf4" />
    <UnitTestResult executionId="c26dd88b-7176-4bcf-877f-e026c3db1322" testId="36bd3271-39b1-773c-9eee-57e5dd2df87e" testName="Base05.Tests.LingFengTxtSyntaxGoldenTests.物理Txt的命名变量声明在CSharp关闭时可供Npc动作使用" computerName="redacted-host" duration="00:00:00.0066171" startTime="2026-08-16T11:54:49.6860554+08:00" endTime="2026-08-16T11:54:49.6926202+08:00" testType="13cdc9d9-ddb5-4fa4-a97d-d965ccfc6d4b" outcome="Passed" testListId="8c84fa94-04c1-424b-9868-57a2d4851a1d" relativeResultsDirectory="c26dd88b-7176-4bcf-877f-e026c3db1322" />
    <UnitTestResult executionId="87fe7432-5611-40ce-b7a0-f45d6d6dd587" testId="b714150c-d880-8be5-84d4-d973b58e0c29" testName="Base05.Tests.MobileMentorStateTests.Outgoing_request_is_tracked_until_server_update" computerName="redacted-host" duration="00:00:00.0002651" startTime="2026-08-16T11:53:36.7481664+08:00" endTime="2026-08-16T11:53:36.7482518+08:00" testType="13cdc9d9-ddb5-4fa4-a97d-d965ccfc6d4b" outcome="Passed" testListId="8c84fa94-04c1-424b-9868-57a2d4851a1d" relativeResultsDirectory="87fe7432-5611-40ce-b7a0-f45d6d6dd587" />
    <UnitTestResult executionId="20f489c3-3138-4438-b0f0-9473a5e3c448" testId="2813ed0c-ed43-683e-40b5-684d8e033977" testName="Base05.Tests.Release02TransactionalDeploymentTests.验证通过后原子发布全部文件" computerName="redacted-host" duration="00:00:00.0568097" startTime="2026-08-16T11:53:36.7305662+08:00" endTime="2026-08-16T11:53:36.7869854+08:00" testType="13cdc9d9-ddb5-4fa4-a97d-d965ccfc6d4b" outcome="Passed" testListId="8c84fa94-04c1-424b-9868-57a2d4851a1d" relativeResultsDirectory="20f489c3-3138-4438-b0f0-9473a5e3c448" />
    <UnitTestResult executionId="36784134-874f-4df5-9cf8-fcc6d6a56d6b" testId="07253ac5-762d-bb22-dac1-ec1dbf1801f9" testName="Base05.Tests.PhysicalTextFileProviderTests.Envir仅在物理Txt开启时发布磁盘快照" computerName="redacted-host" duration="00:00:00.0066476" startTime="2026-08-16T11:54:49.7273161+08:00" endTime="2026-08-16T11:54:49.7339551+08:00" testType="13cdc9d9-ddb5-4fa4-a97d-d965ccfc6d4b" outcome="Passed" testListId="8c84fa94-04c1-424b-9868-57a2d4851a1d" relativeResultsDirectory="36784134-874f-4df5-9cf8-fcc6d6a56d6b" />
    <UnitTestResult executionId="4461f50b-d77b-4483-a7d0-72ad147ce725" testId="8a183943-6145-fd43-1af5-d5a3a7fc3fe2" testName="Base05.Tests.ProductionSecurityTests.Envir在创建工作线程前拒绝正式服弱配置" computerName="redacted-host" duration="00:00:00.0006349" startTime="2026-08-16T11:54:50.3561306+08:00" endTime="2026-08-16T11:54:50.3566157+08:00" testType="13cdc9d9-ddb5-4fa4-a97d-d965ccfc6d4b" outcome="Passed" testListId="8c84fa94-04c1-424b-9868-57a2d4851a1d" relativeResultsDirectory="4461f50b-d77b-4483-a7d0-72ad147ce725" />
    <UnitTestResult executionId="257d8611-e27a-4adf-8f20-d2637a4ed653" testId="b1efd8fe-a179-23b9-c7e3-797701f4c442" testName="Base05.Tests.LingFengTxtSyntaxGoldenTests.Call支持带空格引号和QuestDiary跨目录脚本" computerName="redacted-host" duration="00:00:00.0068433" startTime="2026-08-16T11:54:49.6990256+08:00" endTime="2026-08-16T11:54:49.7058147+08:00" testType="13cdc9d9-ddb5-4fa4-a97d-d965ccfc6d4b" outcome="Passed" testListId="8c84fa94-04c1-424b-9868-57a2d4851a1d" relativeResultsDirectory="257d8611-e27a-4adf-8f20-d2637a4ed653" />
    <UnitTestResult executionId="7779229a-fe45-498e-9692-7d9bf244d2ff" testId="955e7ec2-c747-8c44-cf47-7efbd640526f" testName="Base05.Tests.GameShopStateTests.Fixed_grid_calculates_the_last_page(count: 16, pageSize: 15, expected: 1)" computerName="redacted-host" duration="00:00:00.0003308" startTime="2026-08-16T11:53:36.3358389+08:00" endTime="2026-08-16T11:53:36.3359155+08:00" testType="13cdc9d9-ddb5-4fa4-a97d-d965ccfc6d4b" outcome="Passed" testListId="8c84fa94-04c1-424b-9868-57a2d4851a1d" relativeResultsDirectory="7779229a-fe45-498e-9692-7d9bf244d2ff" />
    <UnitTestResult executionId="fc18bfd9-3547-4cda-8975-321960b59d6e" testId="e6935a4c-4cec-3ea6-33ad-a487fe7d181e" testName="Base05.Tests.PhysicalTextFileProviderTests.查询拒绝路径穿越和绝对路径形式的Key" computerName="redacted-host" duration="00:00:00.0029587" startTime="2026-08-16T11:54:49.8038029+08:00" endTime="2026-08-16T11:54:49.8067320+08:00" testType="13cdc9d9-ddb5-4fa4-a97d-d965ccfc6d4b" outcome="Passed" testListId="8c84fa94-04c1-424b-9868-57a2d4851a1d" relativeResultsDirectory="fc18bfd9-3547-4cda-8975-321960b59d6e" />
    <UnitTestResult executionId="d4a91795-fc13-4042-a0db-3fe8d9da8bbd" testId="73ce9550-1a1e-1769-2b3b-90676f9b2889" testName="Base05.Tests.GameShopStateTests.Fixed_grid_calculates_the_last_page(count: 31, pageSize: 15, expected: 2)" computerName="redacted-host" duration="00:00:00.0000022" startTime="2026-08-16T11:53:36.3376926+08:00" endTime="2026-08-16T11:53:36.3377874+08:00" testType="13cdc9d9-ddb5-4fa4-a97d-d965ccfc6d4b" outcome="Passed" testListId="8c84fa94-04c1-424b-9868-57a2d4851a1d" relativeResultsDirectory="d4a91795-fc13-4042-a0db-3fe8d9da8bbd" />
    <UnitTestResult executionId="f4c7b1be-2653-42f8-9e57-bca49d5bcf87" testId="a5dcf21c-d2c1-d8dc-e15f-0176a5eb6176" testName="Base05.Tests.LingFengPilotMigrationTests.回滚片段关闭物理来源并恢复安全优先级" computerName="redacted-host" duration="00:00:00.0009732" startTime="2026-08-16T11:54:49.5853239+08:00" endTime="2026-08-16T11:54:49.5862469+08:00" testType="13cdc9d9-ddb5-4fa4-a97d-d965ccfc6d4b" outcome="Passed" testListId="8c84fa94-04c1-424b-9868-57a2d4851a1d" relativeResultsDirectory="f4c7b1be-2653-42f8-9e57-bca49d5bcf87" />
    <UnitTestResult executionId="334b9192-f525-4db2-ab6b-d1c561030f0d" testId="3e5f629a-2ad0-6dfd-c50a-ffdec15f1029" testName="Base05.Tests.LingFengTxtSyntaxGoldenTests.缩进大小写中文和五种段落边界形成稳定解析结果" computerName="redacted-host" duration="00:00:00.0054817" startTime="2026-08-16T11:54:49.6938157+08:00" endTime="2026-08-16T11:54:49.6989013+08:00" testType="13cdc9d9-ddb5-4fa4-a97d-d965ccfc6d4b" outcome="Passed" testListId="8c84fa94-04c1-424b-9868-57a2d4851a1d" relativeResultsDirectory="334b9192-f525-4db2-ab6b-d1c561030f0d" />
    <UnitTestResult executionId="8a8cfa78-e5d6-4c2a-8b7d-84e4c6539df1" testId="50154ecd-1ce3-48d9-733f-72e6874769bc" testName="Base05.Tests.GatewayTrafficGovernanceTests.协议包映射到预期行为分类(packet: Magic, expected: 3)" computerName="redacted-host" duration="00:00:00.0000030" startTime="2026-08-16T11:54:57.5080062+08:00" endTime="2026-08-16T11:54:57.5080518+08:00" testType="13cdc9d9-ddb5-4fa4-a97d-d965ccfc6d4b" outcome="Passed" testListId="8c84fa94-04c1-424b-9868-57a2d4851a1d" relativeResultsDirectory="8a8cfa78-e5d6-4c2a-8b7d-84e4c6539df1" />
    <UnitTestResult executionId="8024a02d-f610-42ac-ab00-38af47f11721" testId="095cf8e5-6867-d327-e54a-7eb1e167c089" testName="Base05.Tests.ScriptVariableModuleTests.ReferenceParserRejectsInvalidOrAmbiguousReferences(text: &quot;P1000&quot;)" computerName="redacted-host" duration="00:00:00.0000167" startTime="2026-08-16T11:53:37.3669910+08:00" endTime="2026-08-16T11:53:37.3671937+08:00" testType="13cdc9d9-ddb5-4fa4-a97d-d965ccfc6d4b" outcome="Passed" testListId="8c84fa94-04c1-424b-9868-57a2d4851a1d" relativeResultsDirectory="8024a02d-f610-42ac-ab00-38af47f11721" />
    <UnitTestResult executionId="729a2072-b009-4a85-8c98-3fe3c1da45df" testId="8aaf9642-978e-00b0-00e0-e4df255296e3" testName="Base05.Tests.MobileMarriageStateTests.Protocol_indexes_and_fields_match_marriage_contract" computerName="redacted-host" duration="00:00:00.0103292" startTime="2026-08-16T11:53:37.5250028+08:00" endTime="2026-08-16T11:53:37.5251226+08:00" testType="13cdc9d9-ddb5-4fa4-a97d-d965ccfc6d4b" outcome="Passed" testListId="8c84fa94-04c1-424b-9868-57a2d4851a1d" relativeResultsDirectory="729a2072-b009-4a85-8c98-3fe3c1da45df" />
    <UnitTestResult executionId="33db6931-4175-4cec-86d1-a6b09489d3d5" testId="145d6814-39b9-8d03-eed1-920c90fe21aa" testName="Base05.Tests.MobileActivityStateTests.Activity_usage_probe_smoke_projects_accept_request_and_server_change_to_ui_values" computerName="redacted-host" duration="00:00:00.0250252" startTime="2026-08-16T11:53:36.2331012+08:00" endTime="2026-08-16T11:53:36.2404669+08:00" testType="13cdc9d9-ddb5-4fa4-a97d-d965ccfc6d4b" outcome="Passed" testListId="8c84fa94-04c1-424b-9868-57a2d4851a1d" relativeResultsDirectory="33db6931-4175-4cec-86d1-a6b09489d3d5" />
    <UnitTestResult executionId="818dd53e-abed-4d4b-ad8b-c8343d5a8b6a" testId="ce85abed-18f5-cc36-74fc-942d6efbe1fe" testName="Base05.Tests.PhysicalTextFileProviderTests.物理Txt来源采用关闭和受限的安全默认值" computerName="redacted-host" duration="00:00:00.0023234" startTime="2026-08-16T11:54:49.7474761+08:00" endTime="2026-08-16T11:54:49.7497026+08:00" testType="13cdc9d9-ddb5-4fa4-a97d-d965ccfc6d4b" outcome="Passed" testListId="8c84fa94-04c1-424b-9868-57a2d4851a1d" relativeResultsDirectory="818dd53e-abed-4d4b-ad8b-c8343d5a8b6a" />
    <UnitTestResult executionId="96690c2a-a7fc-4fad-b81d-f56e7232d9f9" testId="219e9bdd-41c0-ab4d-ff1a-29cdd4f108b8" testName="Base05.Tests.MySqlSwitchPolicyTests.任一持续门槛达到时进入迁移规划(trigger: &quot;failure&quot;)" computerName="redacted-host" duration="00:00:00.0002864" startTime="2026-08-16T11:54:52.7081031+08:00" endTime="2026-08-16T11:54:52.7083493+08:00" testType="13cdc9d9-ddb5-4fa4-a97d-d965ccfc6d4b" outcome="Passed" testListId="8c84fa94-04c1-424b-9868-57a2d4851a1d" relativeResultsDirectory="96690c2a-a7fc-4fad-b81d-f56e7232d9f9" />
    <UnitTestResult executionId="f2aed84f-253f-42db-8508-b3dc2c4ec3b8" testId="1fcc816a-0bc2-c77c-7cb0-7d98ba990422" testName="Base05.Tests.PerformanceMetricsTests.ServerStopFreezesAndExportsConfiguredSession" computerName="redacted-host" duration="00:00:00.0037264" startTime="2026-08-16T11:55:50.9553980+08:00" endTime="2026-08-16T11:55:50.9590569+08:00" testType="13cdc9d9-ddb5-4fa4-a97d-d965ccfc6d4b" outcome="Passed" testListId="8c84fa94-04c1-424b-9868-57a2d4851a1d" relativeResultsDirectory="f2aed84f-253f-42db-8508-b3dc2c4ec3b8" />
    <UnitTestResult executionId="bf66a9a0-c226-4dcc-a501-f7335ce65fa5" testId="4db15edb-1e31-26db-5141-f934fe88f136" testName="Base05.Tests.Db02SaveGenerationTests.账户快照深拷贝密码盐且交接后原地修改不影响后台提交" computerName="redacted-host" duration="00:00:00.0725022" startTime="2026-08-16T11:55:50.8336814+08:00" endTime="2026-08-16T11:55:50.9061429+08:00" testType="13cdc9d9-ddb5-4fa4-a97d-d965ccfc6d4b" outcome="Passed" testListId="8c84fa94-04c1-424b-9868-57a2d4851a1d" relativeResultsDirectory="bf66a9a0-c226-4dcc-a501-f7335ce65fa5" />
    <UnitTestResult executionId="0a5c0586-c76c-46b9-af5b-77e371c08bc2" testId="de10d242-a530-8fa5-7acd-9840f6bbac9d" testName="Base05.Tests.CustomGuiSchemaTests.首版控件族与跨端布局可确定性往返" computerName="redacted-host" duration="00:00:00.0376761" startTime="2026-08-16T11:53:42.4324439+08:00" endTime="2026-08-16T11:53:42.4699559+08:00" testType="13cdc9d9-ddb5-4fa4-a97d-d965ccfc6d4b" outcome="Passed" testListId="8c84fa94-04c1-424b-9868-57a2d4851a1d" relativeResultsDirectory="0a5c0586-c76c-46b9-af5b-77e371c08bc2" />
    <UnitTestResult executionId="eb5da1de-71e6-4d82-bfc9-d6d7997cb3af" testId="bb5d3fc9-d0e2-3616-8d57-aeeb3b770c4c" testName="Base05.Tests.DropContentAuthoringTests.概率展开计算物品数量金币均值和顺序组期望" computerName="redacted-host" duration="00:00:00.0127391" startTime="2026-08-16T11:53:36.1958933+08:00" endTime="2026-08-16T11:53:36.2165159+08:00" testType="13cdc9d9-ddb5-4fa4-a97d-d965ccfc6d4b" outcome="Passed" testListId="8c84fa94-04c1-424b-9868-57a2d4851a1d" relativeResultsDirectory="eb5da1de-71e6-4d82-bfc9-d6d7997cb3af" />
    <UnitTestResult executionId="44f09b98-ee9a-4eb9-9942-3825d4bb382f" testId="1aa1de06-b414-c7f4-70cb-b999bb76de62" testName="Base05.Tests.PhysicalTextFileProviderTests.空目录在两种布局下均发布空快照(layout: LingFeng)" computerName="redacted-host" duration="00:00:00.0023336" startTime="2026-08-16T11:54:49.7941770+08:00" endTime="2026-08-16T11:54:49.7960006+08:00" testType="13cdc9d9-ddb5-4fa4-a97d-d965ccfc6d4b" outcome="Passed" testListId="8c84fa94-04c1-424b-9868-57a2d4851a1d" relativeResultsDirectory="44f09b98-ee9a-4eb9-9942-3825d4bb382f" />
    <UnitTestResult executionId="bfbb2538-dd00-45b6-bce9-093a0f29fa4a" testId="f756a0b8-9647-b32a-ec41-ce0a04b136c7" testName="Base05.Tests.ProductionReleaseSigningTests.Android签名恢复包可跨DPAPI文件往返且错误口令失败关闭" computerName="redacted-host" duration="00:00:11.3463315" startTime="2026-08-16T11:53:36.7651160+08:00" endTime="2026-08-16T11:53:48.1093648+08:00" testType="13cdc9d9-ddb5-4fa4-a97d-d965ccfc6d4b" outcome="Passed" testListId="8c84fa94-04c1-424b-9868-57a2d4851a1d" relativeResultsDirectory="bfbb2538-dd00-45b6-bce9-093a0f29fa4a" />
    <UnitTestResult executionId="ff894fc5-a135-44ca-bb0f-8eba04f41a30" testId="d9ebc0c3-1dda-f974-c636-2c37d46b7621" testName="Base05.Tests.CustomGuiActionAuthorityTests.CommitFailureRollsBackPlayerFactsAndReturnsBoundedError" computerName="redacted-host" duration="00:00:00.0019664" startTime="2026-08-16T11:53:36.4383825+08:00" endTime="2026-08-16T11:53:36.4401673+08:00" testType="13cdc9d9-ddb5-4fa4-a97d-d965ccfc6d4b" outcome="Passed" testListId="8c84fa94-04c1-424b-9868-57a2d4851a1d" relativeResultsDirectory="ff894fc5-a135-44ca-bb0f-8eba04f41a30" />
    <UnitTestResult executionId="48872eb1-6597-4622-83bc-8c5087af7cb6" testId="95dcbf41-3763-22a0-37df-1f8011e92c45" testName="Base05.Tests.PasswordStoragePolicyTests.密码清除接缝删除目标节全部重复键且文件不留旧值" computerName="redacted-host" duration="00:00:00.0046997" startTime="2026-08-16T11:53:36.8342586+08:00" endTime="2026-08-16T11:53:36.8386285+08:00" testType="13cdc9d9-ddb5-4fa4-a97d-d965ccfc6d4b" outcome="Passed" testListId="8c84fa94-04c1-424b-9868-57a2d4851a1d" relativeResultsDirectory="48872eb1-6597-4622-83bc-8c5087af7cb6" />
    <UnitTestResult executionId="3758dc72-ee81-4a27-a53f-4d6fc031efa9" testId="30b1dd3d-b125-4aad-5b0c-6f9d98f2bd54" testName="Base05.Tests.MobileFishingStateTests.Switching_the_equipped_rod_clears_transient_state_but_requires_explicit_auto_disable" computerName="redacted-host" duration="00:00:00.0003105" startTime="2026-08-16T11:53:36.7622987+08:00" endTime="2026-08-16T11:53:36.7624272+08:00" testType="13cdc9d9-ddb5-4fa4-a97d-d965ccfc6d4b" outcome="Passed" testListId="8c84fa94-04c1-424b-9868-57a2d4851a1d" relativeResultsDirectory="3758dc72-ee81-4a27-a53f-4d6fc031efa9" />
    <UnitTestResult executionId="1e42fb91-89e4-45f2-abde-6aedce6caacb" testId="d0388522-59cc-5a19-8628-c8ff7be20f84" testName="Base05.Tests.ActivityExchangeWindowTests.RealExchangeCommitsFactsPublishesNextStateAndRejectsReplayAndTampering" computerName="redacted-host" duration="00:00:00.0029956" startTime="2026-08-16T11:53:36.7005645+08:00" endTime="2026-08-16T11:53:36.7033366+08:00" testType="13cdc9d9-ddb5-4fa4-a97d-d965ccfc6d4b" outcome="Passed" testListId="8c84fa94-04c1-424b-9868-57a2d4851a1d" relativeResultsDirectory="1e42fb91-89e4-45f2-abde-6aedce6caacb" />
    <UnitTestResult executionId="2e7321f5-a1d5-4129-9920-dc9618087566" testId="c31eddd0-4aa5-f2bf-3fee-9ffa0e21b7e8" testName="Base05.Tests.ResourceManifestTests.Resource_manifest_declares_source_and_phase_contracts" computerName="redacted-host" duration="00:00:00.0259857" startTime="2026-08-16T11:54:25.7856501+08:00" endTime="2026-08-16T11:54:25.8114698+08:00" testType="13cdc9d9-ddb5-4fa4-a97d-d965ccfc6d4b" outcome="Passed" testListId="8c84fa94-04c1-424b-9868-57a2d4851a1d" relativeResultsDirectory="2e7321f5-a1d5-4129-9920-dc9618087566" />
    <UnitTestResult executionId="cf0c8a4d-132a-432e-b071-8270a4ee5d96" testId="eea15db8-51a9-2f2b-d40c-f22a2540a81b" testName="Base05.Tests.BootstrapManifestSignatureTests.正式接受存储原子记录最高序列并在重启后拒绝降级" computerName="redacted-host" duration="00:00:00.0944583" startTime="2026-08-16T11:53:36.6987829+08:00" endTime="2026-08-16T11:53:36.7929075+08:00" testType="13cdc9d9-ddb5-4fa4-a97d-d965ccfc6d4b" outcome="Passed" testListId="8c84fa94-04c1-424b-9868-57a2d4851a1d" relativeResultsDirectory="cf0c8a4d-132a-432e-b071-8270a4ee5d96" />
    <UnitTestResult executionId="d487f564-a658-4960-a59d-df8b8d292b08" testId="ae4eaa71-d509-c660-fad3-b936cfb714f2" testName="Base05.Tests.GatewayTrafficGovernanceTests.协议包映射到预期行为分类(packet: PickUp, expected: 4)" computerName="redacted-host" duration="00:00:00.0000024" startTime="2026-08-16T11:54:57.5082603+08:00" endTime="2026-08-16T11:54:57.5083045+08:00" testType="13cdc9d9-ddb5-4fa4-a97d-d965ccfc6d4b" outcome="Passed" testListId="8c84fa94-04c1-424b-9868-57a2d4851a1d" relativeResultsDirectory="d487f564-a658-4960-a59d-df8b8d292b08" />
    <UnitTestResult executionId="23a857c4-bc27-460e-8535-c45912bd8e1c" testId="9ea66d6b-21b8-165f-4d0a-9702851d96bf" testName="Base05.Tests.ScriptVariableModuleTests.TxtNpcParserRoutesCompositeFormulaAndChanceCommands" computerName="redacted-host" duration="00:00:00.0030902" startTime="2026-08-16T11:53:37.3741466+08:00" endTime="2026-08-16T11:53:37.3769044+08:00" testType="13cdc9d9-ddb5-4fa4-a97d-d965ccfc6d4b" outcome="Passed" testListId="8c84fa94-04c1-424b-9868-57a2d4851a1d" relativeResultsDirectory="23a857c4-bc27-460e-8535-c45912bd8e1c" />
    <UnitTestResult executionId="aec36b90-9520-4212-b220-3c2391e0ed55" testId="ce7c6c00-de87-5abc-ec20-7ea2dc1d0b90" testName="Base05.Tests.SqliteRestoreServiceTests.真实WAL强停副本先收敛为单文件回滚库再原子恢复" computerName="redacted-host" duration="00:00:00.0927768" startTime="2026-08-16T11:53:37.1731925+08:00" endTime="2026-08-16T11:53:37.2646752+08:00" testType="13cdc9d9-ddb5-4fa4-a97d-d965ccfc6d4b" outcome="Passed" testListId="8c84fa94-04c1-424b-9868-57a2d4851a1d" relativeResultsDirectory="aec36b90-9520-4212-b220-3c2391e0ed55" />
    <UnitTestResult executionId="b996c18c-cae8-470d-8e7a-e9380b8cd1bc" testId="0761fc83-aca0-9156-2c7a-d79918bb7d98" testName="Base05.Tests.Release02TransactionalDeploymentTests.发布后验证失败恢复上一版本并删除新增文件" computerName="redacted-host" duration="00:00:00.0548653" startTime="2026-08-16T11:53:36.5953270+08:00" endTime="2026-08-16T11:53:36.6499748+08:00" testType="13cdc9d9-ddb5-4fa4-a97d-d965ccfc6d4b" outcome="Passed" testListId="8c84fa94-04c1-424b-9868-57a2d4851a1d" relativeResultsDirectory="b996c18c-cae8-470d-8e7a-e9380b8cd1bc" />
    <UnitTestResult executionId="0ad8c46c-39b4-43f1-ae28-c7640f3e1b26" testId="731e9370-1871-8b78-0bec-f065ef1607d0" testName="Base05.Tests.ProductionReleaseSigningTests.CI只在签名步骤取用独立秘密并清理临时文件" computerName="redacted-host" duration="00:00:00.0010486" startTime="2026-08-16T11:53:48.1095341+08:00" endTime="2026-08-16T11:53:48.1104521+08:00" testType="13cdc9d9-ddb5-4fa4-a97d-d965ccfc6d4b" outcome="Passed" testListId="8c84fa94-04c1-424b-9868-57a2d4851a1d" relativeResultsDirectory="0ad8c46c-39b4-43f1-ae28-c7640f3e1b26" />
    <UnitTestResult executionId="1c6c236a-d353-4e73-83b3-25dfbc194c60" testId="dcfd316d-9028-6e9f-bb18-0f8a3175f3f1" testName="Base05.Tests.MobileActivityStateTests.Activity_system_failures_match_the_pending_operation_only" computerName="redacted-host" duration="00:00:00.0005146" startTime="2026-08-16T11:53:36.2518791+08:00" endTime="2026-08-16T11:53:36.2532896+08:00" testType="13cdc9d9-ddb5-4fa4-a97d-d965ccfc6d4b" outcome="Passed" testListId="8c84fa94-04c1-424b-9868-57a2d4851a1d" relativeResultsDirectory="1c6c236a-d353-4e73-83b3-25dfbc194c60" />
    <UnitTestResult executionId="ef42cb6d-5332-48cf-b843-365788b3530e" testId="286184d1-6853-d753-fb1b-fd6e23e3d185" testName="Base05.Tests.TlsTransportTests.客户端拒绝过期证书" computerName="redacted-host" duration="00:00:00.1253991" startTime="2026-08-16T11:54:49.3285196+08:00" endTime="2026-08-16T11:54:49.4544333+08:00" testType="13cdc9d9-ddb5-4fa4-a97d-d965ccfc6d4b" outcome="Passed" testListId="8c84fa94-04c1-424b-9868-57a2d4851a1d" relativeResultsDirectory="ef42cb6d-5332-48cf-b843-365788b3530e" />
    <UnitTestResult executionId="e39ac2ff-5cd3-4638-a0c6-7c37103aa727" testId="96c2b46d-0cd5-4ce3-70c9-f8afb1dbd096" testName="CustomGuiProtocolTests.AggregateStateAndPacketByteLimitsAreEnforced" computerName="redacted-host" duration="00:00:00.0059673" startTime="2026-08-16T11:53:38.7829337+08:00" endTime="2026-08-16T11:53:38.7886724+08:00" testType="13cdc9d9-ddb5-4fa4-a97d-d965ccfc6d4b" outcome="Passed" testListId="8c84fa94-04c1-424b-9868-57a2d4851a1d" relativeResultsDirectory="e39ac2ff-5cd3-4638-a0c6-7c37103aa727" />
    <UnitTestResult executionId="95dde089-4458-4c0e-96b1-997eb37be53f" testId="6e0fff1a-894b-3ee9-eebf-ed67831d1893" testName="Base05.Tests.SqlPersistenceRoundTripTests.Sql_retry_exhaustion_counts_one_final_failure_after_attempts" computerName="redacted-host" duration="00:00:00.0292860" startTime="2026-08-16T11:55:51.0386191+08:00" endTime="2026-08-16T11:55:51.0678878+08:00" testType="13cdc9d9-ddb5-4fa4-a97d-d965ccfc6d4b" outcome="Passed" testListId="8c84fa94-04c1-424b-9868-57a2d4851a1d" relativeResultsDirectory="95dde089-4458-4c0e-96b1-997eb37be53f" />
    <UnitTestResult executionId="e122e480-e74a-4408-98e1-607205c405b5" testId="024caf5d-7c9d-a1ae-7be9-2f74eb738088" testName="Base05.Tests.LingFengEnvirCorpusCatalogTests.敏感服务器常量默认拒绝且当前实现映射不会冒充完整兼容" computerName="redacted-host" duration="00:00:00.0692826" startTime="2026-08-16T11:54:02.1013002+08:00" endTime="2026-08-16T11:54:02.1704714+08:00" testType="13cdc9d9-ddb5-4fa4-a97d-d965ccfc6d4b" outcome="Passed" testListId="8c84fa94-04c1-424b-9868-57a2d4851a1d" relativeResultsDirectory="e122e480-e74a-4408-98e1-607205c405b5" />
    <UnitTestResult executionId="2521cd70-4117-4324-a534-985f62315dd1" testId="c31a32b3-5668-ae75-3ce6-ecddaad061fa" testName="Base05.Tests.ScriptVariableModuleTests.RuntimeScopesRejectMissingMapOrCallFrameContext" computerName="redacted-host" duration="00:00:00.0006578" startTime="2026-08-16T11:53:37.3799691+08:00" endTime="2026-08-16T11:53:37.3805075+08:00" testType="13cdc9d9-ddb5-4fa4-a97d-d965ccfc6d4b" outcome="Passed" testListId="8c84fa94-04c1-424b-9868-57a2d4851a1d" relativeResultsDirectory="2521cd70-4117-4324-a534-985f62315dd1" />
    <UnitTestResult executionId="f363f432-066d-409c-b368-676a50beae0e" testId="2755e1e2-133a-cdf7-076d-baed78e56c49" testName="Base05.Tests.GameShopStateTests.Invalid_info_and_unknown_stock_do_not_mutate_empty_state" computerName="redacted-host" duration="00:00:00.0001586" startTime="2026-08-16T11:53:36.3469473+08:00" endTime="2026-08-16T11:53:36.3470321+08:00" testType="13cdc9d9-ddb5-4fa4-a97d-d965ccfc6d4b" outcome="Passed" testListId="8c84fa94-04c1-424b-9868-57a2d4851a1d" relativeResultsDirectory="f363f432-066d-409c-b368-676a50beae0e" />
    <UnitTestResult executionId="03de62d0-d6b4-488d-a307-19fca0b84c33" testId="c4ba5382-abb6-b4cb-aae4-e1e2b4040076" testName="Base05.Tests.NpcContentAuthoringTests.对话预览提取页面链接并定位悬空目标" computerName="redacted-host" duration="00:00:00.0070070" startTime="2026-08-16T11:53:36.5633132+08:00" endTime="2026-08-16T11:53:36.5701690+08:00" testType="13cdc9d9-ddb5-4fa4-a97d-d965ccfc6d4b" outcome="Passed" testListId="8c84fa94-04c1-424b-9868-57a2d4851a1d" relativeResultsDirectory="03de62d0-d6b4-488d-a307-19fca0b84c33" />
    <UnitTestResult executionId="2d500b21-1e30-4fbc-a00f-0ee0d403f46d" testId="ec179e29-02fc-5ca2-43ac-c8881dc28564" testName="Base05.Tests.LingFengPlayerCommandTests.高频人物物品金币闭环快照严格预检无未知命令" computerName="redacted-host" duration="00:00:00.0002702" startTime="2026-08-16T11:54:49.6074909+08:00" endTime="2026-08-16T11:54:49.6076753+08:00" testType="13cdc9d9-ddb5-4fa4-a97d-d965ccfc6d4b" outcome="Passed" testListId="8c84fa94-04c1-424b-9868-57a2d4851a1d" relativeResultsDirectory="2d500b21-1e30-4fbc-a00f-0ee0d403f46d" />
    <UnitTestResult executionId="cf69801e-357b-4bff-b1e5-de20ab7ca676" testId="b0a4d28c-4ce2-d3a6-e313-d31554eb4d7a" testName="Base05.Tests.NpcContentAuthoringTests.新增索引从持久化高水位单调递增而不复用已删除编号" computerName="redacted-host" duration="00:00:00.0005012" startTime="2026-08-16T11:53:36.5536242+08:00" endTime="2026-08-16T11:53:36.5538998+08:00" testType="13cdc9d9-ddb5-4fa4-a97d-d965ccfc6d4b" outcome="Passed" testListId="8c84fa94-04c1-424b-9868-57a2d4851a1d" relativeResultsDirectory="cf69801e-357b-4bff-b1e5-de20ab7ca676" />
    <UnitTestResult executionId="7c7bbf33-ccbd-46b3-af91-1fdec4bec308" testId="43b42092-e48f-8d94-a7bf-a872ca5a6a61" testName="Base05.Tests.MobileFishingStateTests.Auto_cast_keeps_last_intent_until_explicit_toggle_or_transition" computerName="redacted-host" duration="00:00:00.0006407" startTime="2026-08-16T11:53:36.7618381+08:00" endTime="2026-08-16T11:53:36.7619731+08:00" testType="13cdc9d9-ddb5-4fa4-a97d-d965ccfc6d4b" outcome="Passed" testListId="8c84fa94-04c1-424b-9868-57a2d4851a1d" relativeResultsDirectory="7c7bbf33-ccbd-46b3-af91-1fdec4bec308" />
    <UnitTestResult executionId="0e5ad0fc-8ad7-4cbd-a594-815b10faa74e" testId="10090db4-5bdb-4608-1a7b-df9d957af9fc" testName="Base05.Tests.ScriptVariableModuleTests.ReferenceParserAcceptsLegacyAndExplicitNamedReferences(text: &quot;N$Score&quot;, scope: N, legacy: False, legacyIndex: -1, key: &quot;SCORE&quot;)" computerName="redacted-host" duration="00:00:00.0000265" startTime="2026-08-16T11:53:37.3644706+08:00" endTime="2026-08-16T11:53:37.3646100+08:00" testType="13cdc9d9-ddb5-4fa4-a97d-d965ccfc6d4b" outcome="Passed" testListId="8c84fa94-04c1-424b-9868-57a2d4851a1d" relativeResultsDirectory="0e5ad0fc-8ad7-4cbd-a594-815b10faa74e" />
    <UnitTestResult executionId="ba3824a7-15e1-45c9-badc-686f34c3d45c" testId="5d3bd46f-3383-3fff-645b-cc9a1c1781cd" testName="Base05.Tests.ProtocolGoldenTests.Manifest_is_machine_readable_and_covers_packet_and_enum_metadata" computerName="redacted-host" duration="00:00:00.0209283" startTime="2026-08-16T11:54:49.5383131+08:00" endTime="2026-08-16T11:54:49.5592197+08:00" testType="13cdc9d9-ddb5-4fa4-a97d-d965ccfc6d4b" outcome="Passed" testListId="8c84fa94-04c1-424b-9868-57a2d4851a1d" relativeResultsDirectory="ba3824a7-15e1-45c9-badc-686f34c3d45c" />
    <UnitTestResult executionId="1d4eb05c-3716-4410-9496-e1ae8f31aa8b" testId="c0ee9917-f5d0-b443-7105-6560bca45411" testName="Base05.Tests.TlsTransportTests.客户端SPKI固定值严格校验并支持双固定值轮换" computerName="redacted-host" duration="00:00:00.1935204" startTime="2026-08-16T11:54:47.9422494+08:00" endTime="2026-08-16T11:54:48.1314133+08:00" testType="13cdc9d9-ddb5-4fa4-a97d-d965ccfc6d4b" outcome="Passed" testListId="8c84fa94-04c1-424b-9868-57a2d4851a1d" relativeResultsDirectory="1d4eb05c-3716-4410-9496-e1ae8f31aa8b" />
    <UnitTestResult executionId="b7bc404b-3ed4-4e89-9a3c-dd2fc61d334c" testId="28b32165-21be-15d3-b0d4-4e1ecb07d8d5" testName="Base05.Tests.GatewayTrafficGovernanceTests.配置损坏缺字段或未知版本均失败关闭(content: &quot;{\&quot;FormatVersion\&quot;:2}&quot;)" computerName="redacted-host" duration="00:00:00.0077282" startTime="2026-08-16T11:54:57.4838018+08:00" endTime="2026-08-16T11:54:57.4915468+08:00" testType="13cdc9d9-ddb5-4fa4-a97d-d965ccfc6d4b" outcome="Passed" testListId="8c84fa94-04c1-424b-9868-57a2d4851a1d" relativeResultsDirectory="b7bc404b-3ed4-4e89-9a3c-dd2fc61d334c" />
    <UnitTestResult executionId="b44db5f2-af6d-410c-8eb6-6dd8bcae9570" testId="34b3af77-4f9d-ec93-1ba4-47ec330165a3" testName="Base05.Tests.MicroGatewayCoreTests.独立核心不引用游戏服务端或Envir程序集" computerName="redacted-host" duration="00:00:00.0004465" startTime="2026-08-16T11:55:08.3955247+08:00" endTime="2026-08-16T11:55:08.3959039+08:00" testType="13cdc9d9-ddb5-4fa4-a97d-d965ccfc6d4b" outcome="Passed" testListId="8c84fa94-04c1-424b-9868-57a2d4851a1d" relativeResultsDirectory="b44db5f2-af6d-410c-8eb6-6dd8bcae9570" />
    <UnitTestResult executionId="b3f43cc7-58a4-489d-8deb-b6b1b8a8db18" testId="31b8e000-dd79-07bb-5dc9-735961c6badc" testName="Base05.Tests.MobileSealRentalStateTests.Seal_and_rental_requests_are_mutually_exclusive" computerName="redacted-host" duration="00:00:00.0002035" startTime="2026-08-16T11:53:36.2661939+08:00" endTime="2026-08-16T11:53:36.2662403+08:00" testType="13cdc9d9-ddb5-4fa4-a97d-d965ccfc6d4b" outcome="Passed" testListId="8c84fa94-04c1-424b-9868-57a2d4851a1d" relativeResultsDirectory="b3f43cc7-58a4-489d-8deb-b6b1b8a8db18" />
    <UnitTestResult executionId="939f40a5-8f07-4f75-ac08-53a9e848da34" testId="499d5087-ac71-ffa2-7571-7e91fed22dff" testName="Base05.Tests.NpcContentAuthoringTests.缺少入口页和空脚本产生稳定诊断码" computerName="redacted-host" duration="00:00:00.0090457" startTime="2026-08-16T11:53:36.5541976+08:00" endTime="2026-08-16T11:53:36.5630527+08:00" testType="13cdc9d9-ddb5-4fa4-a97d-d965ccfc6d4b" outcome="Passed" testListId="8c84fa94-04c1-424b-9868-57a2d4851a1d" relativeResultsDirectory="939f40a5-8f07-4f75-ac08-53a9e848da34" />
    <UnitTestResult executionId="dd4d3c87-1b1f-43a2-91a1-ff3c120e96bf" testId="ab7861c4-a729-2798-5882-33f087af5bcb" testName="Base05.Tests.PhysicalTextFileProviderTests.LyoCrystal布局读取CP936中文并保留CRLF来源信息" computerName="redacted-host" duration="00:00:00.0030653" startTime="2026-08-16T11:54:49.7832527+08:00" endTime="2026-08-16T11:54:49.7862554+08:00" testType="13cdc9d9-ddb5-4fa4-a97d-d965ccfc6d4b" outcome="Passed" testListId="8c84fa94-04c1-424b-9868-57a2d4851a1d" relativeResultsDirectory="dd4d3c87-1b1f-43a2-91a1-ff3c120e96bf" />
    <UnitTestResult executionId="3a71dae7-662e-4586-b6e0-b83db1935506" testId="220aade1-bf3d-0a4d-1e98-1232dec18c8a" testName="Base05.Tests.MySqlSwitchPolicyTests.未授权时正式MySQL选择失败关闭" computerName="redacted-host" duration="00:00:00.0007418" startTime="2026-08-16T11:54:52.7739634+08:00" endTime="2026-08-16T11:54:52.7746696+08:00" testType="13cdc9d9-ddb5-4fa4-a97d-d965ccfc6d4b" outcome="Passed" testListId="8c84fa94-04c1-424b-9868-57a2d4851a1d" relativeResultsDirectory="3a71dae7-662e-4586-b6e0-b83db1935506" />
    <UnitTestResult executionId="b2b81f1f-f8c7-4b14-88fe-e7d8987b0f5e" testId="13c736ea-ef99-4959-3e96-1b9703f979a7" testName="Base05.Tests.ServerLifecycleSmokeTests.Sqlite关服先在主线程捕获四个最终快照并排空写队列" computerName="redacted-host" duration="00:00:00.0109227" startTime="2026-08-16T11:54:37.1865299+08:00" endTime="2026-08-16T11:54:37.1972481+08:00" testType="13cdc9d9-ddb5-4fa4-a97d-d965ccfc6d4b" outcome="Passed" testListId="8c84fa94-04c1-424b-9868-57a2d4851a1d" relativeResultsDirectory="b2b81f1f-f8c7-4b14-88fe-e7d8987b0f5e" />
    <UnitTestResult executionId="f8c66af1-04d5-4277-9917-940a00398b86" testId="5f223466-b10d-1d8a-a8e4-4435253af5c3" testName="Base05.Tests.EquipmentSetBonusModuleTests.完整强青玉套装应用固定加成表" computerName="redacted-host" duration="00:00:00.0009509" startTime="2026-08-16T11:53:36.3719027+08:00" endTime="2026-08-16T11:53:36.3726751+08:00" testType="13cdc9d9-ddb5-4fa4-a97d-d965ccfc6d4b" outcome="Passed" testListId="8c84fa94-04c1-424b-9868-57a2d4851a1d" relativeResultsDirectory="f8c66af1-04d5-4277-9917-940a00398b86" />
    <UnitTestResult executionId="de055cd8-1cf4-4fcf-9ac9-8c3eb650b63a" testId="2dd83ddd-a4cd-c529-ff7b-6f2df2bd146d" testName="Base05.Tests.ScriptVariableModuleTests.ParseDecimalExplicitlyConvertsStringAndKeepsTheOldValueOnInvalidInput" computerName="redacted-host" duration="00:00:00.0018381" startTime="2026-08-16T11:53:38.7925170+08:00" endTime="2026-08-16T11:53:38.7926683+08:00" testType="13cdc9d9-ddb5-4fa4-a97d-d965ccfc6d4b" outcome="Passed" testListId="8c84fa94-04c1-424b-9868-57a2d4851a1d" relativeResultsDirectory="de055cd8-1cf4-4fcf-9ac9-8c3eb650b63a" />
    <UnitTestResult executionId="d030945e-a77e-4cac-ad17-704511f70400" testId="e96eb42f-0ece-48bf-2357-6965027b3298" testName="Base05.Tests.SkillEditingSessionTests.非法名称_在保存前被稳定诊断阻断" computerName="redacted-host" duration="00:00:00.0007557" startTime="2026-08-16T11:53:37.1471987+08:00" endTime="2026-08-16T11:53:37.1473385+08:00" testType="13cdc9d9-ddb5-4fa4-a97d-d965ccfc6d4b" outcome="Passed" testListId="8c84fa94-04c1-424b-9868-57a2d4851a1d" relativeResultsDirectory="d030945e-a77e-4cac-ad17-704511f70400" />
    <UnitTestResult executionId="b4e3b36f-a49b-46cc-a823-7575415b3551" testId="0cd4df65-e037-5e51-b41b-8a01c22b3288" testName="Base05.Tests.ProductionSecurityTests.正式启动策略拒绝越界保存间隔并接受边界值" computerName="redacted-host" duration="00:00:00.0046041" startTime="2026-08-16T11:54:52.6585727+08:00" endTime="2026-08-16T11:54:52.6631352+08:00" testType="13cdc9d9-ddb5-4fa4-a97d-d965ccfc6d4b" outcome="Passed" testListId="8c84fa94-04c1-424b-9868-57a2d4851a1d" relativeResultsDirectory="b4e3b36f-a49b-46cc-a823-7575415b3551" />
    <UnitTestResult executionId="7df4f985-6df6-4435-8cd0-af6e0606ab0f" testId="92dca412-857d-295e-a496-32e16db3eb0d" testName="Base05.Tests.SkillTimelineInspectionTests.负样例距离_被输入边界拒绝" computerName="redacted-host" duration="00:00:00.0010333" startTime="2026-08-16T11:53:36.2383985+08:00" endTime="2026-08-16T11:53:36.2385428+08:00" testType="13cdc9d9-ddb5-4fa4-a97d-d965ccfc6d4b" outcome="Passed" testListId="8c84fa94-04c1-424b-9868-57a2d4851a1d" relativeResultsDirectory="7df4f985-6df6-4435-8cd0-af6e0606ab0f" />
    <UnitTestResult executionId="be8787fb-31c9-410c-9fed-e3047c0b4905" testId="29fe2605-7fc7-7d63-7d5e-4c59473d83fa" testName="Base05.Tests.ScriptVariableModuleTests.RegistryOwnsAnImmutableDeclarationSnapshotAndRejectsConflictsBeforePublish" computerName="redacted-host" duration="00:00:00.0129796" startTime="2026-08-16T11:53:37.1486275+08:00" endTime="2026-08-16T11:53:37.1616317+08:00" testType="13cdc9d9-ddb5-4fa4-a97d-d965ccfc6d4b" outcome="Passed" testListId="8c84fa94-04c1-424b-9868-57a2d4851a1d" relativeResultsDirectory="be8787fb-31c9-410c-9fed-e3047c0b4905" />
    <UnitTestResult executionId="bdecc0cc-1c82-43da-8b62-699b24f6552a" testId="913c3bb3-893f-0227-3c5d-ec0a0ce8a459" testName="Base05.Tests.TlsTransportTests.TLS监听存在时网络绑定状态为真" computerName="redacted-host" duration="00:00:00.0016393" startTime="2026-08-16T11:54:47.7335211+08:00" endTime="2026-08-16T11:54:47.7352317+08:00" testType="13cdc9d9-ddb5-4fa4-a97d-d965ccfc6d4b" outcome="Passed" testListId="8c84fa94-04c1-424b-9868-57a2d4851a1d" relativeResultsDirectory="bdecc0cc-1c82-43da-8b62-699b24f6552a" />
    <UnitTestResult executionId="fdd2b18f-71db-4aec-9471-9cda6b385766" testId="59d2ba03-90e2-0983-f23f-e02b515dafc9" testName="Base05.Tests.GameShopStateTests.Fixed_grid_calculates_the_last_page(count: 1, pageSize: 15, expected: 0)" computerName="redacted-host" duration="00:00:00.0000041" startTime="2026-08-16T11:53:36.3363038+08:00" endTime="2026-08-16T11:53:36.3363802+08:00" testType="13cdc9d9-ddb5-4fa4-a97d-d965ccfc6d4b" outcome="Passed" testListId="8c84fa94-04c1-424b-9868-57a2d4851a1d" relativeResultsDirectory="fdd2b18f-71db-4aec-9471-9cda6b385766" />
    <UnitTestResult executionId="67b63a5b-75cc-4534-bb73-448d1ad3bd58" testId="b571a45c-84e0-7477-d607-652da712ef65" testName="Base05.Tests.MobileMentorStateTests.Incoming_request_can_be_accepted_or_rejected_without_client_side_authority" computerName="redacted-host" duration="00:00:00.0003408" startTime="2026-08-16T11:53:36.7472976+08:00" endTime="2026-08-16T11:53:36.7473929+08:00" testType="13cdc9d9-ddb5-4fa4-a97d-d965ccfc6d4b" outcome="Passed" testListId="8c84fa94-04c1-424b-9868-57a2d4851a1d" relativeResultsDirectory="67b63a5b-75cc-4534-bb73-448d1ad3bd58" />
    <UnitTestResult executionId="45533480-e1f3-4562-9e0b-774e76b04505" testId="547c1f73-1b73-ef54-de4b-122dae1bc39d" testName="Base05.Tests.PerformanceMetricsTests.UnavailableMetricKeepsReasonWithoutInventingZero" computerName="redacted-host" duration="00:00:00.0009646" startTime="2026-08-16T11:55:50.9543568+08:00" endTime="2026-08-16T11:55:50.9552863+08:00" testType="13cdc9d9-ddb5-4fa4-a97d-d965ccfc6d4b" outcome="Passed" testListId="8c84fa94-04c1-424b-9868-57a2d4851a1d" relativeResultsDirectory="45533480-e1f3-4562-9e0b-774e76b04505" />
    <UnitTestResult executionId="23c59018-21e8-432d-b52e-c08e5c1147a1" testId="63c117d6-8542-f35e-42ce-003b8c3ec8a8" testName="Base05.Tests.LingFengSocialCommandTests.社会任务闭环快照拒绝非法事务参数" computerName="redacted-host" duration="00:00:00.0006121" startTime="2026-08-16T11:54:49.6089504+08:00" endTime="2026-08-16T11:54:49.6094948+08:00" testType="13cdc9d9-ddb5-4fa4-a97d-d965ccfc6d4b" outcome="Passed" testListId="8c84fa94-04c1-424b-9868-57a2d4851a1d" relativeResultsDirectory="23c59018-21e8-432d-b52e-c08e5c1147a1" />
    <UnitTestResult executionId="fef3427a-bf68-488f-b9b9-e6421af5aa07" testId="8f6aa14f-3736-1db0-781d-3cd350186f7f" testName="Base05.Tests.LingFengServerSymbolResolverTests.ResolverContainsAdapterFaultAndDoesNotLeakOrCrossContaminateContexts" computerName="redacted-host" duration="00:00:00.0177160" startTime="2026-08-16T11:53:36.3479274+08:00" endTime="2026-08-16T11:53:36.3636917+08:00" testType="13cdc9d9-ddb5-4fa4-a97d-d965ccfc6d4b" outcome="Passed" testListId="8c84fa94-04c1-424b-9868-57a2d4851a1d" relativeResultsDirectory="fef3427a-bf68-488f-b9b9-e6421af5aa07" />
[...]
    <TestEntry testId="5cf07b78-01fe-a7f3-de24-4b55d84560b4" executionId="83443651-582f-474e-ae9c-8bb83cf79ba6" testListId="8c84fa94-04c1-424b-9868-57a2d4851a1d" />
    <TestEntry testId="22678f19-f1cc-fd11-52a6-f5dc3a6052d7" executionId="c5176938-9a84-441b-9ca2-ff16dfd2bb84" testListId="8c84fa94-04c1-424b-9868-57a2d4851a1d" />
    <TestEntry testId="1b95449f-742d-edf8-3bdb-fc59d4bcff56" executionId="38699ea8-d57e-4719-b6f9-eb6a6919b720" testListId="8c84fa94-04c1-424b-9868-57a2d4851a1d" />
    <TestEntry testId="c4a89b5b-84b5-b318-ce31-c52c12037bde" executionId="817e3278-ebe0-4b88-858d-a7e47ecd4b45" testListId="8c84fa94-04c1-424b-9868-57a2d4851a1d" />
    <TestEntry testId="af17bbea-6477-d124-efe3-c7646b044078" executionId="d86b7ee6-d948-44d8-b2fe-b408b90f2476" testListId="8c84fa94-04c1-424b-9868-57a2d4851a1d" />
    <TestEntry testId="1849a0f5-4af9-62e5-e597-5c60ecb5432d" executionId="e5e443b8-d7a6-4f96-8e2d-380bd7a820b0" testListId="8c84fa94-04c1-424b-9868-57a2d4851a1d" />
    <TestEntry testId="9bb7c98f-78a5-440b-6380-f1b0212307cb" executionId="b22a147b-a94f-4d54-9817-5b9403131e3a" testListId="8c84fa94-04c1-424b-9868-57a2d4851a1d" />
    <TestEntry testId="a25b61f3-a487-14be-8f8c-2de9a12b25e4" executionId="1df7f4b3-f2a6-420e-b875-4bd90b96f547" testListId="8c84fa94-04c1-424b-9868-57a2d4851a1d" />
    <TestEntry testId="61dd60b4-2fdd-646d-e113-df0e1d387642" executionId="510da899-2b91-4268-8a7b-67aa15b1008f" testListId="8c84fa94-04c1-424b-9868-57a2d4851a1d" />
    <TestEntry testId="8a3eea0f-926e-ef20-9a10-6ae338b44df4" executionId="c889d9bd-0252-4487-9481-df682187df38" testListId="8c84fa94-04c1-424b-9868-57a2d4851a1d" />
    <TestEntry testId="cbcd69a4-be19-5e69-e201-97ff1b68b211" executionId="9c63a788-7ae9-4877-8ec0-e70f7e1ef66b" testListId="8c84fa94-04c1-424b-9868-57a2d4851a1d" />
    <TestEntry testId="71bbe50d-2f6f-8672-f75a-1dbc1db27bcf" executionId="ecb0a0f2-83b6-4f48-9412-f819099f9cfe" testListId="8c84fa94-04c1-424b-9868-57a2d4851a1d" />
    <TestEntry testId="333418ab-a7b6-652c-8683-4ba992d77b0f" executionId="81e1d743-6c71-4e7e-adf9-f89733bf4af6" testListId="8c84fa94-04c1-424b-9868-57a2d4851a1d" />
    <TestEntry testId="23d18057-94bb-6f58-fc5e-6fc9f404412e" executionId="85ac3034-d0a9-4657-ac43-0426354402bc" testListId="8c84fa94-04c1-424b-9868-57a2d4851a1d" />
    <TestEntry testId="75a9e51e-8521-2c28-8f0e-eb345799460e" executionId="0e20de9d-3def-4a2b-9b76-91e856b04e68" testListId="8c84fa94-04c1-424b-9868-57a2d4851a1d" />
    <TestEntry testId="76144644-5b20-4190-7b1a-deeece20ecba" executionId="7d9f0f20-12c2-457c-ac03-8cdde63cbd27" testListId="8c84fa94-04c1-424b-9868-57a2d4851a1d" />
    <TestEntry testId="fcab0b5a-70cc-87be-6449-7eea66f99ec4" executionId="a7d9f0ef-77d2-4448-86ca-304c5e500e66" testListId="8c84fa94-04c1-424b-9868-57a2d4851a1d" />
    <TestEntry testId="7ebe1f54-8157-e9c4-f574-4c0870323b03" executionId="c677c837-42e9-4b95-b4ed-b9222de41a70" testListId="8c84fa94-04c1-424b-9868-57a2d4851a1d" />
    <TestEntry testId="8a36aa74-9ab1-49c3-9b54-ccc59510e92b" executionId="af027773-eecf-4564-94f4-ba30320575c8" testListId="8c84fa94-04c1-424b-9868-57a2d4851a1d" />
    <TestEntry testId="02500d82-5b72-9baa-5129-456839a380f5" executionId="085c1ff6-c952-4ca8-bb91-92b409c1d16e" testListId="8c84fa94-04c1-424b-9868-57a2d4851a1d" />
    <TestEntry testId="77b20728-f7e1-11fb-09f5-cdcab8686b08" executionId="3f68557b-c45c-43d8-af68-78d433dfbe82" testListId="8c84fa94-04c1-424b-9868-57a2d4851a1d" />
    <TestEntry testId="2a5ce395-1da7-a256-529a-cc81beaf2348" executionId="f0d3f7ee-2c92-47b5-bd37-7d07ba80a96c" testListId="8c84fa94-04c1-424b-9868-57a2d4851a1d" />
    <TestEntry testId="dca5658e-cbbb-b103-2bc1-77fad1ea05e8" executionId="685e67b0-2189-448e-ad13-b98c7049b864" testListId="8c84fa94-04c1-424b-9868-57a2d4851a1d" />
    <TestEntry testId="dbefcc2d-5023-f19a-82ae-7e729e6c2b4a" executionId="d97225dd-b949-441f-bae3-297fe0b02915" testListId="8c84fa94-04c1-424b-9868-57a2d4851a1d" />
    <TestEntry testId="5cf61d9a-dc49-3723-c0a5-b88b61b0e1e9" executionId="a86ec3eb-264e-4434-8b0f-298e3fc0d2fa" testListId="8c84fa94-04c1-424b-9868-57a2d4851a1d" />
    <TestEntry testId="baacc24c-0b3e-7eae-d209-1d58617e2a70" executionId="3f9006af-fb73-4288-9bdf-847392686c58" testListId="8c84fa94-04c1-424b-9868-57a2d4851a1d" />
    <TestEntry testId="403c5a3a-6184-6e5d-6443-ca96f955798c" executionId="c9b70e36-afe5-4995-8a51-ac91e64742b1" testListId="8c84fa94-04c1-424b-9868-57a2d4851a1d" />
    <TestEntry testId="d5747536-39d7-7762-a8ec-344001a36ddc" executionId="29f9b6d3-9e95-45b6-abf7-49891ad598d5" testListId="8c84fa94-04c1-424b-9868-57a2d4851a1d" />
    <TestEntry testId="b4866399-0a92-ae2d-6d43-e82b8e1a181e" executionId="272cd88e-75df-4cfa-b1b5-3cb7d94c8333" testListId="8c84fa94-04c1-424b-9868-57a2d4851a1d" />
    <TestEntry testId="5f8c2132-b2fa-0993-9deb-57c5e01bf72f" executionId="b21594dd-e257-4d4e-8617-f1b247ed3576" testListId="8c84fa94-04c1-424b-9868-57a2d4851a1d" />
    <TestEntry testId="7c51cdac-6d2f-bbfb-1c92-2eaed657ae13" executionId="eaf965cb-61c6-46c3-8443-52a05da7f73e" testListId="8c84fa94-04c1-424b-9868-57a2d4851a1d" />
    <TestEntry testId="b38567ab-3502-affc-4a96-8e2534f1581c" executionId="3ad0c208-aa4a-48de-9e45-de564ef94cec" testListId="8c84fa94-04c1-424b-9868-57a2d4851a1d" />
    <TestEntry testId="5f593db7-d0ec-0f4e-0a60-e1a2be968f10" executionId="0b415751-49c7-401c-9dc5-2c93271e42ed" testListId="8c84fa94-04c1-424b-9868-57a2d4851a1d" />
    <TestEntry testId="609aa4fa-506d-593b-1bbc-c78215fc9152" executionId="ea4dbc8d-9ff0-4c87-8f9f-4a893099c01d" testListId="8c84fa94-04c1-424b-9868-57a2d4851a1d" />
    <TestEntry testId="9de24466-f36c-7301-8615-8bf02ba1c8b0" executionId="7a657b4e-d72e-4fa9-8182-de9d71faa876" testListId="8c84fa94-04c1-424b-9868-57a2d4851a1d" />
    <TestEntry testId="a17bcd6d-3680-f3b3-ab3f-14350a5860c8" executionId="9194799e-f79b-4874-9ee4-57a8b9b13c29" testListId="8c84fa94-04c1-424b-9868-57a2d4851a1d" />
    <TestEntry testId="32e3cd35-aa42-2ca5-5e6c-fd192612336d" executionId="b0e8cf82-42c8-4522-ac3f-4fb4251026df" testListId="8c84fa94-04c1-424b-9868-57a2d4851a1d" />
    <TestEntry testId="73d41b22-174f-aba4-ba98-fa749aac209f" executionId="71ea7f20-69dd-4a1d-b807-d637f5db3b68" testListId="8c84fa94-04c1-424b-9868-57a2d4851a1d" />
    <TestEntry testId="347c76ef-c66e-7058-f802-12d994f11d7e" executionId="b65efa86-6725-45bd-941e-f5c0aebf327f" testListId="8c84fa94-04c1-424b-9868-57a2d4851a1d" />
    <TestEntry testId="9512b5fd-b40a-633f-1c8d-cd8708e1b90d" executionId="3d021424-fc9d-4881-8d1f-6690f567139d" testListId="8c84fa94-04c1-424b-9868-57a2d4851a1d" />
    <TestEntry testId="97ead320-7ea5-48a9-acb8-bb33fbe0babf" executionId="519d1221-bda0-4bfa-8ed5-2b1f01f03fa8" testListId="8c84fa94-04c1-424b-9868-57a2d4851a1d" />
    <TestEntry testId="261ead95-a5d3-466b-fb01-78673f91b50a" executionId="6e26e319-3fa7-4259-99a9-4920818e07ca" testListId="8c84fa94-04c1-424b-9868-57a2d4851a1d" />
    <TestEntry testId="b7172ed4-5108-1553-78e1-7d47d5f92744" executionId="06859297-9dbc-400e-9275-1c8535d0876f" testListId="8c84fa94-04c1-424b-9868-57a2d4851a1d" />
    <TestEntry testId="3291ef47-a56c-56e9-f94f-cd5c488f6f51" executionId="321a7f83-5035-4724-b2dd-1509ce511b21" testListId="8c84fa94-04c1-424b-9868-57a2d4851a1d" />
    <TestEntry testId="89e537c9-509e-f330-21a8-73f320c01656" executionId="d5114ee9-ab6c-4709-a520-f0ac501a0882" testListId="8c84fa94-04c1-424b-9868-57a2d4851a1d" />
    <TestEntry testId="c19e4bf7-3cdc-5b79-d801-204ab5cd3139" executionId="44908da7-591c-4e53-b715-f1e956907941" testListId="8c84fa94-04c1-424b-9868-57a2d4851a1d" />
    <TestEntry testId="62f9e936-b97b-0109-82d7-23281cd6769a" executionId="40eb3c28-32ba-4896-bf39-d6213aa370f3" testListId="8c84fa94-04c1-424b-9868-57a2d4851a1d" />
    <TestEntry testId="3324e684-2fc8-a296-ff05-8bb52239c7e9" executionId="a1984e70-a2c7-49df-8843-b52a2d95498a" testListId="8c84fa94-04c1-424b-9868-57a2d4851a1d" />
    <TestEntry testId="dcb8e687-a0a1-4e09-4092-2229d0802522" executionId="a26dc6ac-909e-4df3-a538-fd88b6801d0f" testListId="8c84fa94-04c1-424b-9868-57a2d4851a1d" />
    <TestEntry testId="59a67e1c-ed50-92bd-aadd-0d846f5a0d1b" executionId="e2f1a078-e72d-4a74-b18f-83a8ef9b154c" testListId="8c84fa94-04c1-424b-9868-57a2d4851a1d" />
    <TestEntry testId="268ba08c-5c94-2e06-4559-3b5932c87d1d" executionId="4b00ea61-33eb-4180-8aad-a91bdaeefe6c" testListId="8c84fa94-04c1-424b-9868-57a2d4851a1d" />
    <TestEntry testId="e0f5f252-0db0-9a8b-d5a9-4dd34a1f4116" executionId="56cb7777-94d9-4388-af55-8e13b22ef2d2" testListId="8c84fa94-04c1-424b-9868-57a2d4851a1d" />
    <TestEntry testId="8c8666ca-34d1-93d4-efcd-9a129cd6a86f" executionId="56dd89a9-1469-4151-8302-d26d0756ccf0" testListId="8c84fa94-04c1-424b-9868-57a2d4851a1d" />
    <TestEntry testId="a10d6caf-f9a9-6d87-aebb-2f3117ed8563" executionId="e1f8d9f5-7748-4d1f-801e-7b39dd28bce7" testListId="8c84fa94-04c1-424b-9868-57a2d4851a1d" />
    <TestEntry testId="10dba886-c15d-ed8e-4d40-dbf02d8ec2ca" executionId="449607e5-40b8-4561-b13b-e19071e3b36e" testListId="8c84fa94-04c1-424b-9868-57a2d4851a1d" />
    <TestEntry testId="4eefcebc-801c-a7d6-ba06-9676aaebbf1b" executionId="af82991d-6d09-41b6-afc5-1d80a30b1203" testListId="8c84fa94-04c1-424b-9868-57a2d4851a1d" />
    <TestEntry testId="50f8765c-7372-6f9d-785f-ccfba3b4d381" executionId="a9573b9f-8c15-44ba-85fd-b58b4611f400" testListId="8c84fa94-04c1-424b-9868-57a2d4851a1d" />
    <TestEntry testId="ae71354e-c6e0-52ad-0dd0-99106128bc2e" executionId="a70a07cd-6fb7-4eea-bb8e-e97ebd0bcff8" testListId="8c84fa94-04c1-424b-9868-57a2d4851a1d" />
    <TestEntry testId="3f630a2f-2303-1e24-cfe5-695d8ec67cff" executionId="2e601bdc-0e7b-47d9-8222-25624f70459f" testListId="8c84fa94-04c1-424b-9868-57a2d4851a1d" />
    <TestEntry testId="9e4be143-6eee-dba8-2331-22038c7d0c21" executionId="0f619321-d70b-4b06-b78c-14adc911dc3b" testListId="8c84fa94-04c1-424b-9868-57a2d4851a1d" />
    <TestEntry testId="87b0e11f-d3c8-05f0-faff-dd273e1e59f7" executionId="53dc66d5-8054-45a8-8863-3790b84db85c" testListId="8c84fa94-04c1-424b-9868-57a2d4851a1d" />
    <TestEntry testId="8e8d3fd2-94d4-50c6-3d5d-ad876cf35bd5" executionId="0e6d544a-4fdf-48af-b84a-76e3c7cf91f8" testListId="8c84fa94-04c1-424b-9868-57a2d4851a1d" />
    <TestEntry testId="2ab57b59-5ea6-3d25-eb6b-181da31b6e81" executionId="b907c439-367b-4f95-ad51-b3bb466bd223" testListId="8c84fa94-04c1-424b-9868-57a2d4851a1d" />
    <TestEntry testId="24e64f82-ae73-bb4d-8bc4-fb5ea44a80e7" executionId="e4c8d44a-b29a-43df-9a8a-9b24bb4d49c1" testListId="8c84fa94-04c1-424b-9868-57a2d4851a1d" />
    <TestEntry testId="e0b32208-555c-89fd-0ea2-6fa67689913d" executionId="7c3ae1d0-1174-4503-90cf-969c50fb79ab" testListId="8c84fa94-04c1-424b-9868-57a2d4851a1d" />
    <TestEntry testId="759c1512-89e1-5257-c48c-0da3adfc0de8" executionId="6201222c-2cd0-4158-852d-466cf98ce722" testListId="8c84fa94-04c1-424b-9868-57a2d4851a1d" />
    <TestEntry testId="6f7275e5-b4f2-c66e-f436-a2ed07a87d0e" executionId="7b856687-ccfd-4551-9894-976d44d30fc6" testListId="8c84fa94-04c1-424b-9868-57a2d4851a1d" />
    <TestEntry testId="f64bfdd8-b41b-2826-c7df-e7ba67952036" executionId="e3da818a-605c-42fa-8ed4-30d6a9a68902" testListId="8c84fa94-04c1-424b-9868-57a2d4851a1d" />
    <TestEntry testId="d9d8f03c-7dff-e795-6397-592b847fc10d" executionId="f06ab1c8-49af-4325-9d50-4572a06cf262" testListId="8c84fa94-04c1-424b-9868-57a2d4851a1d" />
    <TestEntry testId="bf732b4b-7058-8d2f-70cd-63e9284f76f8" executionId="e1969263-b83a-4daf-8ef2-1972ca148bb8" testListId="8c84fa94-04c1-424b-9868-57a2d4851a1d" />
    <TestEntry testId="5908d694-6774-0663-776e-45b113d73c7c" executionId="f81eb143-6344-4737-ac1b-71b4211bb32b" testListId="8c84fa94-04c1-424b-9868-57a2d4851a1d" />
    <TestEntry testId="3804665f-a092-fd30-012e-e8c7ba171b98" executionId="0e98ed22-8c41-4f58-994c-8726c893a9cb" testListId="8c84fa94-04c1-424b-9868-57a2d4851a1d" />
    <TestEntry testId="2ade325b-0c04-ac3f-1289-e5db29e81846" executionId="5f49feb8-0e4a-4df7-a619-b1cbfdff0bce" testListId="8c84fa94-04c1-424b-9868-57a2d4851a1d" />
    <TestEntry testId="47c665b1-808c-7df7-cc01-95be7ba2107d" executionId="4ae09477-0441-439d-af22-d09aaf0059a5" testListId="8c84fa94-04c1-424b-9868-57a2d4851a1d" />
    <TestEntry testId="94af8f63-3022-13c9-7917-b9f299edf7a4" executionId="2a3199b9-0284-4090-b49f-85c6dbecce9d" testListId="8c84fa94-04c1-424b-9868-57a2d4851a1d" />
    <TestEntry testId="b08a92ae-83a8-ef90-c10b-c0425d5c155d" executionId="d384d495-f6db-45e5-b849-2f9a9951aaaa" testListId="8c84fa94-04c1-424b-9868-57a2d4851a1d" />
    <TestEntry testId="12d339e1-9692-b6a6-9465-0fb241c1b665" executionId="d5958196-77bf-414b-94fd-d294f4c99518" testListId="8c84fa94-04c1-424b-9868-57a2d4851a1d" />
    <TestEntry testId="0670df7f-9c35-3a20-7ffa-2529a50ab860" executionId="f9d8cc31-a1cf-4168-8db1-c3f5e41d1da4" testListId="8c84fa94-04c1-424b-9868-57a2d4851a1d" />
    <TestEntry testId="e3ad2a48-b101-76a7-4e6f-708269a41c00" executionId="d48bbe15-3a62-4f42-8459-7cc4e7662045" testListId="8c84fa94-04c1-424b-9868-57a2d4851a1d" />
    <TestEntry testId="7ffa8159-7bc4-864b-eeec-a5e13e0876df" executionId="b267f5ad-9600-4599-aefd-d4b41fd11edc" testListId="8c84fa94-04c1-424b-9868-57a2d4851a1d" />
    <TestEntry testId="b4bd095e-77c4-ba75-ca02-eee123323f84" executionId="37b90d35-e752-42b9-8b1a-89999a9062ca" testListId="8c84fa94-04c1-424b-9868-57a2d4851a1d" />
    <TestEntry testId="edd53d16-dd91-66ab-91a2-9fc4267c131a" executionId="53339a50-87ad-4a60-9162-407eee94e6c5" testListId="8c84fa94-04c1-424b-9868-57a2d4851a1d" />
    <TestEntry testId="001087cc-0d8d-9790-67f2-242f685a5470" executionId="0a7ee6d6-51b8-4e98-80cc-0e13e73bddf5" testListId="8c84fa94-04c1-424b-9868-57a2d4851a1d" />
    <TestEntry testId="d69e217e-57b7-2cb1-285d-35face2d0a27" executionId="55a1a01e-84d9-42b4-9107-bcfb55096020" testListId="8c84fa94-04c1-424b-9868-57a2d4851a1d" />
    <TestEntry testId="2ee74377-2c65-10f8-b20d-38caf8a32dbd" executionId="00d6d432-1b56-4b77-85c0-dd088e968c04" testListId="8c84fa94-04c1-424b-9868-57a2d4851a1d" />
    <TestEntry testId="7e220c5b-8a00-8cf8-96c3-449815e11686" executionId="22985a0e-d6d6-4042-a4ed-9ac6b5a3a86f" testListId="8c84fa94-04c1-424b-9868-57a2d4851a1d" />
    <TestEntry testId="a657ec06-8967-d478-df88-c509521e6c71" executionId="a01cd0b3-2ef2-46f0-b4e2-d46b34df5160" testListId="8c84fa94-04c1-424b-9868-57a2d4851a1d" />
    <TestEntry testId="08c7d5a8-add8-469a-4331-7358c6430efb" executionId="9aac99ae-f450-4024-a9b5-d4b9df0b4bde" testListId="8c84fa94-04c1-424b-9868-57a2d4851a1d" />
    <TestEntry testId="8ec45f3b-4bb3-414c-ef34-250ade3e7475" executionId="4a855c4b-ac0e-45c7-afd9-a7fc3a4f6d1b" testListId="8c84fa94-04c1-424b-9868-57a2d4851a1d" />
    <TestEntry testId="82e513cf-45ef-d3b9-7689-0d3e00c5bfd1" executionId="b9e6bff5-0229-41f7-ad22-014e6cdaeed0" testListId="8c84fa94-04c1-424b-9868-57a2d4851a1d" />
    <TestEntry testId="0e7d818a-653b-ddbd-eb4a-f52fae6b613d" executionId="be6e53f1-5b8b-4d73-985c-352967fe163b" testListId="8c84fa94-04c1-424b-9868-57a2d4851a1d" />
    <TestEntry testId="d86eb1b3-b4df-52b4-0e26-c92c8a00a66b" executionId="682deb45-54dd-41cc-ab27-e2b9b96c9a29" testListId="8c84fa94-04c1-424b-9868-57a2d4851a1d" />
    <TestEntry testId="f03353bf-5b4e-ac1e-5e7e-66f852dd9137" executionId="4094e7ed-603d-45d7-b416-9ef26f04b4a1" testListId="8c84fa94-04c1-424b-9868-57a2d4851a1d" />
    <TestEntry testId="b55fb7b5-1d79-0bb5-4f22-b148a388cf87" executionId="2cb46c0e-a5f7-44a6-b14d-796303947119" testListId="8c84fa94-04c1-424b-9868-57a2d4851a1d" />
    <TestEntry testId="d47871e1-47b2-6081-5bbb-326c0640a6e1" executionId="1b3c818a-9669-44c9-8b78-a58fda1137c5" testListId="8c84fa94-04c1-424b-9868-57a2d4851a1d" />
    <TestEntry testId="97c8e2ba-9335-d742-92d4-a562f2492b3a" executionId="aebe456f-825d-4d7a-ac48-080e1a1e34b2" testListId="8c84fa94-04c1-424b-9868-57a2d4851a1d" />
    <TestEntry testId="b33c00ef-d3b6-845a-4b2c-9eb9f425b93a" executionId="c6079398-b0f9-4a84-ad9c-0bfa1ffdaf86" testListId="8c84fa94-04c1-424b-9868-57a2d4851a1d" />
    <TestEntry testId="7ac0c364-afe8-bdef-7707-7c1c8710927f" executionId="c1f44c09-32d9-4eee-90db-49252b1cf5c5" testListId="8c84fa94-04c1-424b-9868-57a2d4851a1d" />
    <TestEntry testId="b1d293ad-3863-8437-8204-338ec1e8636e" executionId="75f8c351-c681-41ec-8034-ccbb473de17e" testListId="8c84fa94-04c1-424b-9868-57a2d4851a1d" />
    <TestEntry testId="be65c4eb-28f7-1401-6c73-3603e0a2e605" executionId="0db3bedf-70ad-4869-9a68-4396d78b3f67" testListId="8c84fa94-04c1-424b-9868-57a2d4851a1d" />
    <TestEntry testId="3b8605a6-bb22-1a7d-6472-044d850497f9" executionId="b7e83011-9cd8-4dc0-be07-31b6d5568d25" testListId="8c84fa94-04c1-424b-9868-57a2d4851a1d" />
    <TestEntry testId="4633ba70-32db-c418-8650-bddf9b720dce" executionId="f98e4711-0b04-4f09-a926-6cf0ae64d45a" testListId="8c84fa94-04c1-424b-9868-57a2d4851a1d" />
    <TestEntry testId="5266c63c-523a-fdb1-35b6-0ef5bd828efe" executionId="03cc7feb-857c-4c73-8b40-6eb2d1f210a0" testListId="8c84fa94-04c1-424b-9868-57a2d4851a1d" />
    <TestEntry testId="48ad701b-6737-d961-52b1-dd7557f9ac17" executionId="b65b17ba-3f0b-439f-9c57-b24697d9068e" testListId="8c84fa94-04c1-424b-9868-57a2d4851a1d" />
    <TestEntry testId="79745399-3aa9-01fe-e016-21f5bcc603c7" executionId="626acc9b-5563-4b2c-a6d3-48d0e90cb373" testListId="8c84fa94-04c1-424b-9868-57a2d4851a1d" />
    <TestEntry testId="de8f6c71-7dcd-e0ab-ff7e-ed683af2190f" executionId="f4aeac0e-b3b3-40a5-8a83-b6de1e609523" testListId="8c84fa94-04c1-424b-9868-57a2d4851a1d" />
    <TestEntry testId="ecd683db-8212-db07-6c77-00f15c65c0cf" executionId="4a688adb-e6ff-4347-a014-9a95290c788d" testListId="8c84fa94-04c1-424b-9868-57a2d4851a1d" />
    <TestEntry testId="0a848b81-f1e0-509a-2cb3-36f29321f4ef" executionId="12655310-9678-44d4-b865-898e23c8ad1d" testListId="8c84fa94-04c1-424b-9868-57a2d4851a1d" />
  </TestEntries>
  <TestLists>
    <TestList name="列表中未列出的结果" id="8c84fa94-04c1-424b-9868-57a2d4851a1d" />
    <TestList name="所有已加载的结果" id="19431567-8539-422a-85d7-44ee4e166bda" />
  </TestLists>
  <ResultSummary outcome="Completed">
    <Counters total="710" executed="710" passed="710" failed="0" error="0" timeout="0" aborted="0" inconclusive="0" passedButRunAborted="0" notRunnable="0" notExecuted="0" disconnected="0" warning="0" completed="0" inProgress="0" pending="0" />
    <Output>
      <StdOut>[xUnit.net 00:00:00.00] xUnit.net VSTest Adapter v3.0.2+dd36e86129 (64-bit .NET 10.0.4)&#xD;
[xUnit.net 00:00:00.13]   Discovering: Base05.Tests&#xD;
[xUnit.net 00:00:00.25]   Discovered:  Base05.Tests&#xD;
[xUnit.net 00:00:00.34]   Starting:    Base05.Tests&#xD;
��ʱ����Ŀ¼����ʧ�ܣ�����·����C:\Users\redacted-user\AppData\Local\Temp\lyocrystal-c3-8baff94b44ef4528be430d4ccfd38c8f��IOException��&#xD;
��ʱ����Ŀ¼����ʧ�ܣ�����·����C:\Users\redacted-user\AppData\Local\Temp\lyocrystal-c3-2b9de747392543e4a8c108b9721d22c4��IOException��&#xD;
��ʱ����Ŀ¼����ʧ�ܣ�����·����C:\Users\redacted-user\AppData\Local\Temp\lyocrystal-c3-3beeb049cb01436e94936ddcb085ace1��IOException��&#xD;
��ʱ����Ŀ¼����ʧ�ܣ�����·����C:\Users\redacted-user\AppData\Local\Temp\lyocrystal-c3-e1af7c8f4d9d49f09235b870ae1c6939��IOException��&#xD;
��ʱ����Ŀ¼����ʧ�ܣ�����·����C:\Users\redacted-user\AppData\Local\Temp\lyocrystal-c3-2f62b5c1865142d69790905dcac844c3��IOException��&#xD;
��ʱ����Ŀ¼����ʧ�ܣ�����·����C:\Users\redacted-user\AppData\Local\Temp\lyocrystal-c3-2b5ab175af944faba1285c3d7a4d1330��IOException��&#xD;
��ʱ����Ŀ¼����ʧ�ܣ�����·����C:\Users\redacted-user\AppData\Local\Temp\lyocrystal-c3-1b8176896f56465d860bc70ee4038476��IOException��&#xD;
��ʱ����Ŀ¼����ʧ�ܣ�����·����C:\Users\redacted-user\AppData\Local\Temp\lyocrystal-c3-3e2b97963b684159919af32abb97e70b��IOException��&#xD;
[xUnit.net 00:02:16.01]   Finished:    Base05.Tests&#xD;
</StdOut>
    </Output>
  </ResultSummary>
</TestRun>