<?xml version="1.0" encoding="utf-8"?>
<TestRun id="15c8f776-e7e3-4857-9b1c-1bda6335913e" name="luo@DESKTOP-4J13TH0 2026-08-10 04:45:12" runUser="DESKTOP-4J13TH0\luo" xmlns="http://microsoft.com/schemas/VisualStudio/TeamTest/2010">
  <Times creation="2026-08-10T04:45:12.2869120+08:00" queuing="2026-08-10T04:45:12.2869122+08:00" start="2026-08-10T04:45:11.3212266+08:00" finish="2026-08-10T04:46:22.6735323+08:00" />
  <TestSettings name="default" id="82e1333f-588f-4d66-9ad6-500985e8a514">
    <Deployment runDeploymentRoot="luo_DESKTOP-4J13TH0_2026-08-10_04_45_12" />
  </TestSettings>
  <Results>
    <UnitTestResult executionId="2a3a7ee0-5057-4d8a-a8b3-14f486601495" testId="a3b173a0-6514-e626-dfb0-ae688eb681f7" testName="Base05.Tests.SqliteRestoreServiceTests.原子发布前中断时旧库已独立且提交WAL数据不丢失" computerName="DESKTOP-4J13TH0" duration="00:00:00.0568088" startTime="2026-08-10T04:45:12.9386118+08:00" endTime="2026-08-10T04:45:12.9952757+08:00" testType="13cdc9d9-ddb5-4fa4-a97d-d965ccfc6d4b" outcome="Passed" testListId="8c84fa94-04c1-424b-9868-57a2d4851a1d" relativeResultsDirectory="2a3a7ee0-5057-4d8a-a8b3-14f486601495" />
    <UnitTestResult executionId="ba1262f4-87f4-46a3-a3af-ea2c6c680f5b" testId="ccafcae1-2508-449d-e63e-fd9561f4da01" testName="Base05.Tests.SqliteRestoreServiceTests.正在使用的目标库拒绝恢复且不处理Sidecar" computerName="DESKTOP-4J13TH0" duration="00:00:00.0294177" startTime="2026-08-10T04:45:13.1450831+08:00" endTime="2026-08-10T04:45:13.1745395+08:00" testType="13cdc9d9-ddb5-4fa4-a97d-d965ccfc6d4b" outcome="Passed" testListId="8c84fa94-04c1-424b-9868-57a2d4851a1d" relativeResultsDirectory="ba1262f4-87f4-46a3-a3af-ea2c6c680f5b" />
    <UnitTestResult executionId="3d768414-e2df-45b1-bc35-95aa2579f660" testId="0670df7f-9c35-3a20-7ffa-2529a50ab860" testName="Base05.Tests.MobileMountStateTests.Invalid_mount_snapshot_and_update_are_rejected" computerName="DESKTOP-4J13TH0" duration="00:00:00.0011260" startTime="2026-08-10T04:45:12.2757597+08:00" endTime="2026-08-10T04:45:12.2774408+08:00" testType="13cdc9d9-ddb5-4fa4-a97d-d965ccfc6d4b" outcome="Passed" testListId="8c84fa94-04c1-424b-9868-57a2d4851a1d" relativeResultsDirectory="3d768414-e2df-45b1-bc35-95aa2579f660" />
    <UnitTestResult executionId="46e9685d-c65a-406c-8910-d8a4a542cc4f" testId="4633ba70-32db-c418-8650-bddf9b720dce" testName="Base05.Tests.MobileSealRentalStateTests.Error_domains_are_prefixed_and_classified_for_mobile_status_rendering" computerName="DESKTOP-4J13TH0" duration="00:00:00.0002328" startTime="2026-08-10T04:45:12.3627546+08:00" endTime="2026-08-10T04:45:12.3628580+08:00" testType="13cdc9d9-ddb5-4fa4-a97d-d965ccfc6d4b" outcome="Passed" testListId="8c84fa94-04c1-424b-9868-57a2d4851a1d" relativeResultsDirectory="46e9685d-c65a-406c-8910-d8a4a542cc4f" />
    <UnitTestResult executionId="cbba465c-cb67-480f-abba-083e8023aeff" testId="47c665b1-808c-7df7-cc01-95be7ba2107d" testName="Base05.Tests.MobileFishingStateTests.Invalid_update_and_session_reset_do_not_leave_fishing_state_behind" computerName="DESKTOP-4J13TH0" duration="00:00:00.0012600" startTime="2026-08-10T04:45:13.2023056+08:00" endTime="2026-08-10T04:45:13.2033640+08:00" testType="13cdc9d9-ddb5-4fa4-a97d-d965ccfc6d4b" outcome="Passed" testListId="8c84fa94-04c1-424b-9868-57a2d4851a1d" relativeResultsDirectory="cbba465c-cb67-480f-abba-083e8023aeff" />
    <UnitTestResult executionId="ff430a72-f097-4b31-b924-6a439f58e010" testId="89e537c9-509e-f330-21a8-73f320c01656" testName="Base05.Tests.MobileSealRentalStateTests.Server_rental_request_failure_chats_clear_pending_and_keep_failure_domain(message: &quot;死亡时无法租用物品&quot;)" computerName="DESKTOP-4J13TH0" duration="00:00:00.0050353" startTime="2026-08-10T04:45:12.3422843+08:00" endTime="2026-08-10T04:45:12.3441136+08:00" testType="13cdc9d9-ddb5-4fa4-a97d-d965ccfc6d4b" outcome="Passed" testListId="8c84fa94-04c1-424b-9868-57a2d4851a1d" relativeResultsDirectory="ff430a72-f097-4b31-b924-6a439f58e010" />
    <UnitTestResult executionId="d98c775f-216a-4e2b-a300-fece509672cc" testId="a657ec06-8967-d478-df88-c509521e6c71" testName="Base05.Tests.MobileMarriageStateTests.Invalid_update_preserves_last_good_snapshot_and_reset_clears_session" computerName="DESKTOP-4J13TH0" duration="00:00:00.0018208" startTime="2026-08-10T04:45:12.2773389+08:00" endTime="2026-08-10T04:45:12.2797903+08:00" testType="13cdc9d9-ddb5-4fa4-a97d-d965ccfc6d4b" outcome="Passed" testListId="8c84fa94-04c1-424b-9868-57a2d4851a1d" relativeResultsDirectory="d98c775f-216a-4e2b-a300-fece509672cc" />
    <UnitTestResult executionId="40ea2182-d181-4858-8f9f-061ab016c71c" testId="c19d57b1-3892-fd7a-3e34-765ccbc4e228" testName="Base05.Tests.TlsTransportTests.旧TLS代次释放不修改新代计数" computerName="DESKTOP-4J13TH0" duration="00:00:00.0015548" startTime="2026-08-10T04:46:15.5090706+08:00" endTime="2026-08-10T04:46:15.5105853+08:00" testType="13cdc9d9-ddb5-4fa4-a97d-d965ccfc6d4b" outcome="Passed" testListId="8c84fa94-04c1-424b-9868-57a2d4851a1d" relativeResultsDirectory="40ea2182-d181-4858-8f9f-061ab016c71c" />
    <UnitTestResult executionId="a752b0d7-d67c-4658-ab77-b925d39b9b3e" testId="90c43587-67f1-762e-6ec9-7e1a9cc8da72" testName="Base05.Tests.GameShopStateTests.Payment_policy_requires_an_explicit_choice_for_dual_currency_items(canCredit: True, creditPrice: 10, canGold: False, goldPrice: 0, expected: CreditOnly)" computerName="DESKTOP-4J13TH0" duration="00:00:00.0003918" startTime="2026-08-10T04:45:12.3220578+08:00" endTime="2026-08-10T04:45:12.3221769+08:00" testType="13cdc9d9-ddb5-4fa4-a97d-d965ccfc6d4b" outcome="Passed" testListId="8c84fa94-04c1-424b-9868-57a2d4851a1d" relativeResultsDirectory="a752b0d7-d67c-4658-ab77-b925d39b9b3e" />
    <UnitTestResult executionId="5b4e0263-824b-4f59-be4d-a4e61ccadbdc" testId="0e7d818a-653b-ddbd-eb4a-f52fae6b613d" testName="Base05.Tests.ProtocolGoldenTests.Rental_slot_responses_round_trip_through_shared_wire_codec" computerName="DESKTOP-4J13TH0" duration="00:00:00.0006655" startTime="2026-08-10T04:45:47.2144003+08:00" endTime="2026-08-10T04:45:47.2149682+08:00" testType="13cdc9d9-ddb5-4fa4-a97d-d965ccfc6d4b" outcome="Passed" testListId="8c84fa94-04c1-424b-9868-57a2d4851a1d" relativeResultsDirectory="5b4e0263-824b-4f59-be4d-a4e61ccadbdc" />
    <UnitTestResult executionId="68599ad4-386c-4116-bd4c-a7de4c5c8d5d" testId="43b42092-e48f-8d94-a7bf-a872ca5a6a61" testName="Base05.Tests.MobileFishingStateTests.Auto_cast_keeps_last_intent_until_explicit_toggle_or_transition" computerName="DESKTOP-4J13TH0" duration="00:00:00.0006135" startTime="2026-08-10T04:45:13.2059021+08:00" endTime="2026-08-10T04:45:13.2062368+08:00" testType="13cdc9d9-ddb5-4fa4-a97d-d965ccfc6d4b" outcome="Passed" testListId="8c84fa94-04c1-424b-9868-57a2d4851a1d" relativeResultsDirectory="68599ad4-386c-4116-bd4c-a7de4c5c8d5d" />
    <UnitTestResult executionId="517a5ed9-df1d-4e1e-bc90-617f3a9d625d" testId="403c5a3a-6184-6e5d-6443-ca96f955798c" testName="Base05.Tests.ServerLifecycleSmokeTests.Sqlite关服排空期间入队的旧主线程工作被取消且重启不执行" computerName="DESKTOP-4J13TH0" duration="00:00:00.0548766" startTime="2026-08-10T04:45:58.1345804+08:00" endTime="2026-08-10T04:45:58.1897201+08:00" testType="13cdc9d9-ddb5-4fa4-a97d-d965ccfc6d4b" outcome="Passed" testListId="8c84fa94-04c1-424b-9868-57a2d4851a1d" relativeResultsDirectory="517a5ed9-df1d-4e1e-bc90-617f3a9d625d" />
    <UnitTestResult executionId="b80a9017-c9d7-4884-8b56-a33488470ef0" testId="be712042-ed52-43f4-371f-40c0657edb99" testName="Base05.Tests.LoginProtectionTests.同一IP跨账号失败达到阈值后封禁IP" computerName="DESKTOP-4J13TH0" duration="00:00:00.0021488" startTime="2026-08-10T04:46:20.8194718+08:00" endTime="2026-08-10T04:46:20.8215146+08:00" testType="13cdc9d9-ddb5-4fa4-a97d-d965ccfc6d4b" outcome="Passed" testListId="8c84fa94-04c1-424b-9868-57a2d4851a1d" relativeResultsDirectory="b80a9017-c9d7-4884-8b56-a33488470ef0" />
    <UnitTestResult executionId="1fa9ea98-0c93-4cc7-834c-14db40fff1c9" testId="41eaecf6-9f28-da52-2700-b138008baebd" testName="Base05.Tests.MobileMountStateTests.Ride_request_is_one_shot_until_authoritative_mount_update" computerName="DESKTOP-4J13TH0" duration="00:00:00.0005998" startTime="2026-08-10T04:45:12.2796959+08:00" endTime="2026-08-10T04:45:12.2801344+08:00" testType="13cdc9d9-ddb5-4fa4-a97d-d965ccfc6d4b" outcome="Passed" testListId="8c84fa94-04c1-424b-9868-57a2d4851a1d" relativeResultsDirectory="1fa9ea98-0c93-4cc7-834c-14db40fff1c9" />
    <UnitTestResult executionId="d75f5dc4-34ab-4038-bdc3-0fc9733ccc60" testId="8cd75084-a9dc-8564-4017-f675b7841737" testName="Base05.Tests.MobileSealRentalStateTests.Seal_failure_and_timeout_keep_retryable_selection" computerName="DESKTOP-4J13TH0" duration="00:00:00.0008488" startTime="2026-08-10T04:45:12.3544477+08:00" endTime="2026-08-10T04:45:12.3573772+08:00" testType="13cdc9d9-ddb5-4fa4-a97d-d965ccfc6d4b" outcome="Passed" testListId="8c84fa94-04c1-424b-9868-57a2d4851a1d" relativeResultsDirectory="d75f5dc4-34ab-4038-bdc3-0fc9733ccc60" />
    <UnitTestResult executionId="7b1a50e6-e160-4024-87db-d1e89a280ef9" testId="913c3bb3-893f-0227-3c5d-ec0a0ce8a459" testName="Base05.Tests.TlsTransportTests.TLS监听存在时网络绑定状态为真" computerName="DESKTOP-4J13TH0" duration="00:00:00.0018057" startTime="2026-08-10T04:46:13.8865937+08:00" endTime="2026-08-10T04:46:13.8882477+08:00" testType="13cdc9d9-ddb5-4fa4-a97d-d965ccfc6d4b" outcome="Passed" testListId="8c84fa94-04c1-424b-9868-57a2d4851a1d" relativeResultsDirectory="7b1a50e6-e160-4024-87db-d1e89a280ef9" />
    <UnitTestResult executionId="b6c6eb37-fa3a-4d5a-9cd5-38be4e004c51" testId="442db462-8cc9-7079-8518-483e93e5310f" testName="Base05.Tests.ProtocolGoldenTests.BuffType_packet_reader_and_writer_exposes_value_fork" computerName="DESKTOP-4J13TH0" duration="00:00:00.0052032" startTime="2026-08-10T04:45:47.1944408+08:00" endTime="2026-08-10T04:45:47.1995851+08:00" testType="13cdc9d9-ddb5-4fa4-a97d-d965ccfc6d4b" outcome="Passed" testListId="8c84fa94-04c1-424b-9868-57a2d4851a1d" relativeResultsDirectory="b6c6eb37-fa3a-4d5a-9cd5-38be4e004c51" />
    <UnitTestResult executionId="ca7fc5d9-0b8d-44db-980f-3e408a2c70b0" testId="39617192-7186-fb87-e4c7-9febb962cb3e" testName="Base05.Tests.TlsTransportTests.客户端拒绝不受信任证书" computerName="DESKTOP-4J13TH0" duration="00:00:00.2052308" startTime="2026-08-10T04:46:14.8547415+08:00" endTime="2026-08-10T04:46:15.0609463+08:00" testType="13cdc9d9-ddb5-4fa4-a97d-d965ccfc6d4b" outcome="Passed" testListId="8c84fa94-04c1-424b-9868-57a2d4851a1d" relativeResultsDirectory="ca7fc5d9-0b8d-44db-980f-3e408a2c70b0" />
    <UnitTestResult executionId="bd8dec11-d6c0-44cd-a1df-726198cf87c3" testId="84ba46c0-8dc1-182d-d3f3-b18e1a239715" testName="Base05.Tests.ProtocolGoldenTests.Monster_packet_reader_and_writer_exposes_value_fork" computerName="DESKTOP-4J13TH0" duration="00:00:00.0187606" startTime="2026-08-10T04:45:47.0930876+08:00" endTime="2026-08-10T04:45:47.1119215+08:00" testType="13cdc9d9-ddb5-4fa4-a97d-d965ccfc6d4b" outcome="Passed" testListId="8c84fa94-04c1-424b-9868-57a2d4851a1d" relativeResultsDirectory="bd8dec11-d6c0-44cd-a1df-726198cf87c3" />
    <UnitTestResult executionId="fdb92b7d-303e-4012-9da9-5950de2bd736" testId="0bab9faa-bad0-f9a1-494e-940ee52c7237" testName="Base05.Tests.MobileMountHudRegressionTests.Ordinary_repairs_do_not_mark_the_mount_slot_as_repaired" computerName="DESKTOP-4J13TH0" duration="00:00:00.0006116" startTime="2026-08-10T04:45:12.2680371+08:00" endTime="2026-08-10T04:45:12.2681779+08:00" testType="13cdc9d9-ddb5-4fa4-a97d-d965ccfc6d4b" outcome="Passed" testListId="8c84fa94-04c1-424b-9868-57a2d4851a1d" relativeResultsDirectory="fdb92b7d-303e-4012-9da9-5950de2bd736" />
    <UnitTestResult executionId="bf3444dc-84e7-405f-b2ba-7d99b50a2ee8" testId="5c9da923-0979-4689-9fae-c9d82a3c6da7" testName="Base05.Tests.GameShopStateTests.Fixed_grid_maps_only_visible_slots(page: 1, slot: 0, pageSize: 15, count: 16, expected: 15)" computerName="DESKTOP-4J13TH0" duration="00:00:00.0004388" startTime="2026-08-10T04:45:12.3251697+08:00" endTime="2026-08-10T04:45:12.3252842+08:00" testType="13cdc9d9-ddb5-4fa4-a97d-d965ccfc6d4b" outcome="Passed" testListId="8c84fa94-04c1-424b-9868-57a2d4851a1d" relativeResultsDirectory="bf3444dc-84e7-405f-b2ba-7d99b50a2ee8" />
    <UnitTestResult executionId="50fcda30-1b24-4ae5-8645-cc21d748fcf8" testId="3b3ce849-5d89-6ecc-8183-40e077f14984" testName="Base05.Tests.GameShopStateTests.Fixed_grid_calculates_the_last_page(count: 0, pageSize: 15, expected: 0)" computerName="DESKTOP-4J13TH0" duration="00:00:00.0006013" startTime="2026-08-10T04:45:12.3178531+08:00" endTime="2026-08-10T04:45:12.3179670+08:00" testType="13cdc9d9-ddb5-4fa4-a97d-d965ccfc6d4b" outcome="Passed" testListId="8c84fa94-04c1-424b-9868-57a2d4851a1d" relativeResultsDirectory="50fcda30-1b24-4ae5-8645-cc21d748fcf8" />
    <UnitTestResult executionId="48d49980-58a7-47f5-8474-45e12b3eef51" testId="e853c294-0e4a-1c2b-1847-c3d4c2c936e5" testName="Base05.Tests.MobileSealRentalStateTests.Seal_and_rental_commands_keep_existing_packet_indexes_and_shapes" computerName="DESKTOP-4J13TH0" duration="00:00:00.0030539" startTime="2026-08-10T04:45:12.3576969+08:00" endTime="2026-08-10T04:45:12.3588345+08:00" testType="13cdc9d9-ddb5-4fa4-a97d-d965ccfc6d4b" outcome="Passed" testListId="8c84fa94-04c1-424b-9868-57a2d4851a1d" relativeResultsDirectory="48d49980-58a7-47f5-8474-45e12b3eef51" />
    <UnitTestResult executionId="5b9eb84a-d36e-4983-a6fc-96ea1610e206" testId="94af8f63-3022-13c9-7917-b9f299edf7a4" testName="Base05.Tests.Sec01LoginTransactionTests.HTTPLogin在主线程未启动时拒绝修改账户" computerName="DESKTOP-4J13TH0" duration="00:00:00.0004795" startTime="2026-08-10T04:45:14.0722703+08:00" endTime="2026-08-10T04:45:14.0724239+08:00" testType="13cdc9d9-ddb5-4fa4-a97d-d965ccfc6d4b" outcome="Passed" testListId="8c84fa94-04c1-424b-9868-57a2d4851a1d" relativeResultsDirectory="5b9eb84a-d36e-4983-a6fc-96ea1610e206" />
    <UnitTestResult executionId="7c6b1df5-928a-4109-895b-0c8ddbbdbc56" testId="657f41d4-403e-f166-099e-58d555272f87" testName="Base05.Tests.ResourceManifestTests.Validate_cross_checks_package_index_zip_and_sidecar" computerName="DESKTOP-4J13TH0" duration="00:00:03.6078133" startTime="2026-08-10T04:45:43.2219935+08:00" endTime="2026-08-10T04:45:46.8294616+08:00" testType="13cdc9d9-ddb5-4fa4-a97d-d965ccfc6d4b" outcome="Passed" testListId="8c84fa94-04c1-424b-9868-57a2d4851a1d" relativeResultsDirectory="7c6b1df5-928a-4109-895b-0c8ddbbdbc56" />
    <UnitTestResult executionId="e2810ac4-6012-4259-af44-361c07da4f09" testId="73ce9550-1a1e-1769-2b3b-90676f9b2889" testName="Base05.Tests.GameShopStateTests.Fixed_grid_calculates_the_last_page(count: 31, pageSize: 15, expected: 2)" computerName="DESKTOP-4J13TH0" duration="00:00:00.0000058" startTime="2026-08-10T04:45:12.3207760+08:00" endTime="2026-08-10T04:45:12.3208869+08:00" testType="13cdc9d9-ddb5-4fa4-a97d-d965ccfc6d4b" outcome="Passed" testListId="8c84fa94-04c1-424b-9868-57a2d4851a1d" relativeResultsDirectory="e2810ac4-6012-4259-af44-361c07da4f09" />
    <UnitTestResult executionId="10b9f282-09f7-4ca7-9953-5f399f527ffa" testId="e5add521-e4ad-01ba-3e3f-405bf300a3a3" testName="Base05.Tests.MobileSealRentalStateTests.Fixed_layout_keeps_actions_inside_landscape_and_phone_bounds" computerName="DESKTOP-4J13TH0" duration="00:00:00.0031540" startTime="2026-08-10T04:45:12.3532248+08:00" endTime="2026-08-10T04:45:12.3541272+08:00" testType="13cdc9d9-ddb5-4fa4-a97d-d965ccfc6d4b" outcome="Passed" testListId="8c84fa94-04c1-424b-9868-57a2d4851a1d" relativeResultsDirectory="10b9f282-09f7-4ca7-9953-5f399f527ffa" />
    <UnitTestResult executionId="7d67daa3-028e-47bd-9c19-04b9caa6bd4d" testId="5266c63c-523a-fdb1-35b6-0ef5bd828efe" testName="Base05.Tests.PasswordSecurityTests.畸形或不支持的PHC安全失败(storedHash: &quot;&quot;)" computerName="DESKTOP-4J13TH0" duration="00:00:00.0020059" startTime="2026-08-10T04:45:12.2466255+08:00" endTime="2026-08-10T04:45:12.2467373+08:00" testType="13cdc9d9-ddb5-4fa4-a97d-d965ccfc6d4b" outcome="Passed" testListId="8c84fa94-04c1-424b-9868-57a2d4851a1d" relativeResultsDirectory="7d67daa3-028e-47bd-9c19-04b9caa6bd4d" />
    <UnitTestResult executionId="52c9fc19-4e99-4659-9a4d-98070434135d" testId="127b0959-8012-e5f5-94d9-2f0984061bc0" testName="Base05.Tests.ResourceManifestTests.Acquire_transaction_handles_multi_resource_rollback_and_post_commit_cleanup" computerName="DESKTOP-4J13TH0" duration="00:00:06.8620965" startTime="2026-08-10T04:45:20.5561206+08:00" endTime="2026-08-10T04:45:27.4178707+08:00" testType="13cdc9d9-ddb5-4fa4-a97d-d965ccfc6d4b" outcome="Passed" testListId="8c84fa94-04c1-424b-9868-57a2d4851a1d" relativeResultsDirectory="52c9fc19-4e99-4659-9a4d-98070434135d" />
    <UnitTestResult executionId="3cd759c0-21ff-4565-a371-1f9967ea18f9" testId="113ec4a1-8150-2174-d6e1-3e8869b4821f" testName="Base05.Tests.ServerLifecycleSmokeTests.Minimal_server_start_stop_is_isolated_and_repeatable" computerName="DESKTOP-4J13TH0" duration="00:00:00.0005572" startTime="2026-08-10T04:45:58.1317412+08:00" endTime="2026-08-10T04:45:58.1322414+08:00" testType="13cdc9d9-ddb5-4fa4-a97d-d965ccfc6d4b" outcome="Passed" testListId="8c84fa94-04c1-424b-9868-57a2d4851a1d" relativeResultsDirectory="3cd759c0-21ff-4565-a371-1f9967ea18f9" />
    <UnitTestResult executionId="6da962a0-3c26-4eee-abf8-5061e70cdee0" testId="a77e0108-8dda-7656-9d32-fbcec5aea725" testName="Base05.Tests.TlsTransportTests.停止网络取消TLS握手代次且不改动旧代计数" computerName="DESKTOP-4J13TH0" duration="00:00:00.0012874" startTime="2026-08-10T04:46:14.3563387+08:00" endTime="2026-08-10T04:46:14.3576067+08:00" testType="13cdc9d9-ddb5-4fa4-a97d-d965ccfc6d4b" outcome="Passed" testListId="8c84fa94-04c1-424b-9868-57a2d4851a1d" relativeResultsDirectory="6da962a0-3c26-4eee-abf8-5061e70cdee0" />
    <UnitTestResult executionId="5e28e9c3-bd13-44fe-8919-64915b331d1e" testId="2e4af663-5554-5ed8-ff58-213dfba6f1d0" testName="Base05.Tests.BootstrapManifestSignatureTests.确定性二进制载荷不受资源包JSON顺序影响" computerName="DESKTOP-4J13TH0" duration="00:00:00.0005058" startTime="2026-08-10T04:45:12.4029988+08:00" endTime="2026-08-10T04:45:12.4030770+08:00" testType="13cdc9d9-ddb5-4fa4-a97d-d965ccfc6d4b" outcome="Passed" testListId="8c84fa94-04c1-424b-9868-57a2d4851a1d" relativeResultsDirectory="5e28e9c3-bd13-44fe-8919-64915b331d1e" />
    <UnitTestResult executionId="88698d7a-b4d2-4059-9d2a-ce88b401ef35" testId="cc108097-24b3-2616-62de-cf8eb86f28ee" testName="Base05.Tests.MobileMarriageStateTests.Incoming_marriage_request_is_one_shot_and_reply_clears_pending" computerName="DESKTOP-4J13TH0" duration="00:00:00.0019455" startTime="2026-08-10T04:45:12.2737662+08:00" endTime="2026-08-10T04:45:12.2763187+08:00" testType="13cdc9d9-ddb5-4fa4-a97d-d965ccfc6d4b" outcome="Passed" testListId="8c84fa94-04c1-424b-9868-57a2d4851a1d" relativeResultsDirectory="88698d7a-b4d2-4059-9d2a-ce88b401ef35" />
    <UnitTestResult executionId="8554f3c6-7875-49d6-a6d9-544636a289c6" testId="b39a1487-5528-c537-6a54-982a55d8bc32" testName="Base05.Tests.MySqlSwitchPolicyTests.未达到持续窗口时继续使用SQLite" computerName="DESKTOP-4J13TH0" duration="00:00:00.0001700" startTime="2026-08-10T04:45:46.8686244+08:00" endTime="2026-08-10T04:45:46.8687371+08:00" testType="13cdc9d9-ddb5-4fa4-a97d-d965ccfc6d4b" outcome="Passed" testListId="8c84fa94-04c1-424b-9868-57a2d4851a1d" relativeResultsDirectory="8554f3c6-7875-49d6-a6d9-544636a289c6" />
    <UnitTestResult executionId="4abe39da-6f89-42d4-9e9c-7a5245ae352c" testId="021a7cb0-3b4f-a6f2-65eb-af80e68b7bcf" testName="Base05.Tests.MobileMountStateTests.Silent_ride_request_times_out_and_can_retry" computerName="DESKTOP-4J13TH0" duration="00:00:00.0009484" startTime="2026-08-10T04:45:12.2776852+08:00" endTime="2026-08-10T04:45:12.2790771+08:00" testType="13cdc9d9-ddb5-4fa4-a97d-d965ccfc6d4b" outcome="Passed" testListId="8c84fa94-04c1-424b-9868-57a2d4851a1d" relativeResultsDirectory="4abe39da-6f89-42d4-9e9c-7a5245ae352c" />
    <UnitTestResult executionId="3f6909c2-f447-4c07-a23e-f557b7eaee5c" testId="955e7ec2-c747-8c44-cf47-7efbd640526f" testName="Base05.Tests.GameShopStateTests.Fixed_grid_calculates_the_last_page(count: 16, pageSize: 15, expected: 1)" computerName="DESKTOP-4J13TH0" duration="00:00:00.0003757" startTime="2026-08-10T04:45:12.3182132+08:00" endTime="2026-08-10T04:45:12.3183447+08:00" testType="13cdc9d9-ddb5-4fa4-a97d-d965ccfc6d4b" outcome="Passed" testListId="8c84fa94-04c1-424b-9868-57a2d4851a1d" relativeResultsDirectory="3f6909c2-f447-4c07-a23e-f557b7eaee5c" />
    <UnitTestResult executionId="7073457e-b2b0-4c82-8ce6-3095f55d9ccd" testId="a4ccb553-a9ec-f939-bd21-2e4e9ed64574" testName="Base05.Tests.MobileHeroStateTests.Null_change_response_preserves_snapshot_and_surfaces_failure" computerName="DESKTOP-4J13TH0" duration="00:00:00.0002816" startTime="2026-08-10T04:45:12.3125382+08:00" endTime="2026-08-10T04:45:12.3126310+08:00" testType="13cdc9d9-ddb5-4fa4-a97d-d965ccfc6d4b" outcome="Passed" testListId="8c84fa94-04c1-424b-9868-57a2d4851a1d" relativeResultsDirectory="7073457e-b2b0-4c82-8ce6-3095f55d9ccd" />
    <UnitTestResult executionId="7cd1a929-bf9d-4ef6-8e9a-d457fd2aaf01" testId="9bf081af-f7f1-6dd8-8e67-8f7f95d51cda" testName="Base05.Tests.ProductionRpoPolicyTests.正式保存间隔拒绝越界值(minutes: 0)" computerName="DESKTOP-4J13TH0" duration="00:00:00.0007849" startTime="2026-08-10T04:45:12.3535584+08:00" endTime="2026-08-10T04:45:12.3537275+08:00" testType="13cdc9d9-ddb5-4fa4-a97d-d965ccfc6d4b" outcome="Passed" testListId="8c84fa94-04c1-424b-9868-57a2d4851a1d" relativeResultsDirectory="7cd1a929-bf9d-4ef6-8e9a-d457fd2aaf01" />
    <UnitTestResult executionId="6dbd4cd0-ed86-4592-bac1-94f6cd68a443" testId="c7947863-e951-5d42-6fbb-88e7b7a25dae" testName="Base05.Tests.PasswordSecurityTests.新密码使用Argon2id_PH格式并可验证" computerName="DESKTOP-4J13TH0" duration="00:00:00.6048897" startTime="2026-08-10T04:45:13.6931426+08:00" endTime="2026-08-10T04:45:14.2979503+08:00" testType="13cdc9d9-ddb5-4fa4-a97d-d965ccfc6d4b" outcome="Passed" testListId="8c84fa94-04c1-424b-9868-57a2d4851a1d" relativeResultsDirectory="6dbd4cd0-ed86-4592-bac1-94f6cd68a443" />
    <UnitTestResult executionId="8c1d0651-af8b-4408-910d-3c8529d26e27" testId="e5e3dce1-f044-31ad-b821-0222d46d54d7" testName="Base05.Tests.MobileActivityStateTests.Finish_waits_for_matching_authoritative_state_before_unlocking" computerName="DESKTOP-4J13TH0" duration="00:00:00.0002746" startTime="2026-08-10T04:45:12.3427208+08:00" endTime="2026-08-10T04:45:12.3428362+08:00" testType="13cdc9d9-ddb5-4fa4-a97d-d965ccfc6d4b" outcome="Passed" testListId="8c84fa94-04c1-424b-9868-57a2d4851a1d" relativeResultsDirectory="8c1d0651-af8b-4408-910d-3c8529d26e27" />
    <UnitTestResult executionId="388cbd4d-e003-4cf7-8ab4-dae2db62bfd4" testId="85d2ea24-7b7e-7da3-d9d8-62c5a86375fe" testName="Base05.Tests.MySqlSwitchPolicyTests.任一持续门槛达到时进入迁移规划(trigger: &quot;latency&quot;)" computerName="DESKTOP-4J13TH0" duration="00:00:00.0039616" startTime="2026-08-10T04:45:46.8304878+08:00" endTime="2026-08-10T04:45:46.8342826+08:00" testType="13cdc9d9-ddb5-4fa4-a97d-d965ccfc6d4b" outcome="Passed" testListId="8c84fa94-04c1-424b-9868-57a2d4851a1d" relativeResultsDirectory="388cbd4d-e003-4cf7-8ab4-dae2db62bfd4" />
    <UnitTestResult executionId="b3cd7946-4960-41e4-99f3-a19bf0a6dad9" testId="1849a0f5-4af9-62e5-e597-5c60ecb5432d" testName="Base05.Tests.MobileActivityStateTests.Activity_failure_and_timeout_keep_projection_retryable" computerName="DESKTOP-4J13TH0" duration="00:00:00.0003156" startTime="2026-08-10T04:45:12.3435563+08:00" endTime="2026-08-10T04:45:12.3436865+08:00" testType="13cdc9d9-ddb5-4fa4-a97d-d965ccfc6d4b" outcome="Passed" testListId="8c84fa94-04c1-424b-9868-57a2d4851a1d" relativeResultsDirectory="b3cd7946-4960-41e4-99f3-a19bf0a6dad9" />
    <UnitTestResult executionId="f96e1322-1d34-48d1-b8c0-283cb8f02c46" testId="d30c65a4-caaa-8fc9-fed8-e205a1db5703" testName="Base05.Tests.ProductionRpoPolicyTests.正式保存间隔接受一分钟和五分钟边界(minutes: 1)" computerName="DESKTOP-4J13TH0" duration="00:00:00.0002945" startTime="2026-08-10T04:45:12.3572143+08:00" endTime="2026-08-10T04:45:12.3578326+08:00" testType="13cdc9d9-ddb5-4fa4-a97d-d965ccfc6d4b" outcome="Passed" testListId="8c84fa94-04c1-424b-9868-57a2d4851a1d" relativeResultsDirectory="f96e1322-1d34-48d1-b8c0-283cb8f02c46" />
    <UnitTestResult executionId="f41e7761-26a9-4622-8fa4-3ff9478b78c4" testId="ea87e41d-8d2f-9c0f-959a-624e12b8b781" testName="Base05.Tests.TlsTransportTests.临时证书SslStream握手并完成现有Packet往返" computerName="DESKTOP-4J13TH0" duration="00:00:00.1124762" startTime="2026-08-10T04:46:14.5694804+08:00" endTime="2026-08-10T04:46:14.6822381+08:00" testType="13cdc9d9-ddb5-4fa4-a97d-d965ccfc6d4b" outcome="Passed" testListId="8c84fa94-04c1-424b-9868-57a2d4851a1d" relativeResultsDirectory="f41e7761-26a9-4622-8fa4-3ff9478b78c4" />
    <UnitTestResult executionId="c43cace4-3db6-42c3-b3b8-2ef90edf0713" testId="ca638db3-333b-c262-a420-ffb2aa8f3f53" testName="Base05.Tests.SqliteBackupServiceTests.损坏副本被完整性检查拒绝且失败状态跨服务实例保留" computerName="DESKTOP-4J13TH0" duration="00:00:00.0271871" startTime="2026-08-10T04:45:12.5082135+08:00" endTime="2026-08-10T04:45:12.5351525+08:00" testType="13cdc9d9-ddb5-4fa4-a97d-d965ccfc6d4b" outcome="Passed" testListId="8c84fa94-04c1-424b-9868-57a2d4851a1d" relativeResultsDirectory="c43cace4-3db6-42c3-b3b8-2ef90edf0713" />
    <UnitTestResult executionId="d1600766-526e-4b6c-80d0-6ce8d0be4fd4" testId="b0d3d1d1-e095-38de-e6a1-37873275b231" testName="Base05.Tests.MobileActivityStateTests.Activity_fallback_paging_exposes_items_after_the_first_six_rows" computerName="DESKTOP-4J13TH0" duration="00:00:00.0008772" startTime="2026-08-10T04:45:12.3163204+08:00" endTime="2026-08-10T04:45:12.3164797+08:00" testType="13cdc9d9-ddb5-4fa4-a97d-d965ccfc6d4b" outcome="Passed" testListId="8c84fa94-04c1-424b-9868-57a2d4851a1d" relativeResultsDirectory="d1600766-526e-4b6c-80d0-6ce8d0be4fd4" />
    <UnitTestResult executionId="5f6ee5b1-4886-4182-8436-3882a57f4afd" testId="0633cf54-056f-32b9-310a-766eb394dd64" testName="Base05.Tests.ProtocolGoldenTests.Enum_forks_match_manifest_and_source_declarations" computerName="DESKTOP-4J13TH0" duration="00:00:00.0386198" startTime="2026-08-10T04:45:47.1255877+08:00" endTime="2026-08-10T04:45:47.1641625+08:00" testType="13cdc9d9-ddb5-4fa4-a97d-d965ccfc6d4b" outcome="Passed" testListId="8c84fa94-04c1-424b-9868-57a2d4851a1d" relativeResultsDirectory="5f6ee5b1-4886-4182-8436-3882a57f4afd" />
    <UnitTestResult executionId="67a8de75-66b8-417c-bbbe-9cb10bcb77b6" testId="82e513cf-45ef-d3b9-7689-0d3e00c5bfd1" testName="Base05.Tests.MobileMarriageStateTests.Silent_divorce_request_is_guarded_until_timeout_then_can_retry" computerName="DESKTOP-4J13TH0" duration="00:00:00.0179445" startTime="2026-08-10T04:45:12.2615157+08:00" endTime="2026-08-10T04:45:12.2733646+08:00" testType="13cdc9d9-ddb5-4fa4-a97d-d965ccfc6d4b" outcome="Passed" testListId="8c84fa94-04c1-424b-9868-57a2d4851a1d" relativeResultsDirectory="67a8de75-66b8-417c-bbbe-9cb10bcb77b6" />
    <UnitTestResult executionId="1abddb76-6da4-4917-b16c-4f4fba90c1e7" testId="e5dca11a-29c8-9b9c-77f3-660666093833" testName="Base05.Tests.SqliteSingleWriterTests.Sqlite连接启用Wal和五秒忙等待" computerName="DESKTOP-4J13TH0" duration="00:00:00.0937326" startTime="2026-08-10T04:45:12.2985366+08:00" endTime="2026-08-10T04:45:12.3693217+08:00" testType="13cdc9d9-ddb5-4fa4-a97d-d965ccfc6d4b" outcome="Passed" testListId="8c84fa94-04c1-424b-9868-57a2d4851a1d" relativeResultsDirectory="1abddb76-6da4-4917-b16c-4f4fba90c1e7" />
    <UnitTestResult executionId="67ef07e6-4fcc-45c6-bcb4-98ec05ffaf57" testId="dd71ad48-2522-fb44-e193-3ade2a8a73c6" testName="Base05.Tests.ProtocolGoldenTests.LevelEffects_wire_width_matches_shared_and_share_packets" computerName="DESKTOP-4J13TH0" duration="00:00:00.0095298" startTime="2026-08-10T04:45:47.2047105+08:00" endTime="2026-08-10T04:45:47.2142093+08:00" testType="13cdc9d9-ddb5-4fa4-a97d-d965ccfc6d4b" outcome="Passed" testListId="8c84fa94-04c1-424b-9868-57a2d4851a1d" relativeResultsDirectory="67ef07e6-4fcc-45c6-bcb4-98ec05ffaf57" />
    <UnitTestResult executionId="f000e64c-dcac-44e8-a405-fcd068369270" testId="e0f5f252-0db0-9a8b-d5a9-4dd34a1f4116" testName="Base05.Tests.SqliteSingleWriterTests.Wal模式下单写事务进行时并发读取不死锁" computerName="DESKTOP-4J13TH0" duration="00:00:00.0881934" startTime="2026-08-10T04:45:12.3696036+08:00" endTime="2026-08-10T04:45:12.3911622+08:00" testType="13cdc9d9-ddb5-4fa4-a97d-d965ccfc6d4b" outcome="Passed" testListId="8c84fa94-04c1-424b-9868-57a2d4851a1d" relativeResultsDirectory="f000e64c-dcac-44e8-a405-fcd068369270" />
    <UnitTestResult executionId="5a1bcc1a-624d-4a89-8c7f-91593311d69e" testId="8d473a93-78c3-c419-5854-54467669bbdd" testName="Base05.Tests.ServerLifecycleSmokeTests.真实Server错误PFX密码失败后修正可重启" computerName="DESKTOP-4J13TH0" duration="00:00:00.2107816" startTime="2026-08-10T04:45:57.9166995+08:00" endTime="2026-08-10T04:45:58.1269176+08:00" testType="13cdc9d9-ddb5-4fa4-a97d-d965ccfc6d4b" outcome="Passed" testListId="8c84fa94-04c1-424b-9868-57a2d4851a1d" relativeResultsDirectory="5a1bcc1a-624d-4a89-8c7f-91593311d69e" />
    <UnitTestResult executionId="5643a476-104b-4e55-8e03-908dce5538ba" testId="b38567ab-3502-affc-4a96-8e2534f1581c" testName="Base05.Tests.SqlPersistenceRoundTripTests.Sql_save_failure_records_full_call_and_failure_segment" computerName="DESKTOP-4J13TH0" duration="00:00:00.0017799" startTime="2026-08-10T04:46:18.1731116+08:00" endTime="2026-08-10T04:46:18.1748248+08:00" testType="13cdc9d9-ddb5-4fa4-a97d-d965ccfc6d4b" outcome="Passed" testListId="8c84fa94-04c1-424b-9868-57a2d4851a1d" relativeResultsDirectory="5643a476-104b-4e55-8e03-908dce5538ba" />
    <UnitTestResult executionId="c1d85021-f955-453a-b1a3-28daa1af4eb9" testId="6405a8ce-ca0a-583a-cfe8-c51df1b0e037" testName="Base05.Tests.LoginProtectionTests.高频成功登录同样受账号窗口限流" computerName="DESKTOP-4J13TH0" duration="00:00:00.0006388" startTime="2026-08-10T04:46:21.4786418+08:00" endTime="2026-08-10T04:46:21.4792355+08:00" testType="13cdc9d9-ddb5-4fa4-a97d-d965ccfc6d4b" outcome="Passed" testListId="8c84fa94-04c1-424b-9868-57a2d4851a1d" relativeResultsDirectory="c1d85021-f955-453a-b1a3-28daa1af4eb9" />
    <UnitTestResult executionId="df960bb1-e578-41f1-8c9e-a745495e8b93" testId="04e26a06-b0b9-bd20-b892-560cd241ad47" testName="Base05.Tests.PasswordStoragePolicyTests.专用清理替换锁定时保留原文件并清理临时文件" computerName="DESKTOP-4J13TH0" duration="00:00:00.0246074" startTime="2026-08-10T04:45:12.3720841+08:00" endTime="2026-08-10T04:45:12.3722221+08:00" testType="13cdc9d9-ddb5-4fa4-a97d-d965ccfc6d4b" outcome="Passed" testListId="8c84fa94-04c1-424b-9868-57a2d4851a1d" relativeResultsDirectory="df960bb1-e578-41f1-8c9e-a745495e8b93" />
    <UnitTestResult executionId="44a58485-0ad0-4218-8715-8f8c7c27aff2" testId="6d4fcdf5-68ab-415d-eecf-ce9d5321705d" testName="Base05.Tests.PasswordStoragePolicyTests.补丁凭据只从运行时环境解析且缺少密码时失败" computerName="DESKTOP-4J13TH0" duration="00:00:00.0018010" startTime="2026-08-10T04:45:12.3311916+08:00" endTime="2026-08-10T04:45:12.3336098+08:00" testType="13cdc9d9-ddb5-4fa4-a97d-d965ccfc6d4b" outcome="Passed" testListId="8c84fa94-04c1-424b-9868-57a2d4851a1d" relativeResultsDirectory="44a58485-0ad0-4218-8715-8f8c7c27aff2" />
    <UnitTestResult executionId="31217609-cf01-4798-9a05-5383a6ed30c8" testId="307ce293-5d51-d46b-b90d-64544ea9983b" testName="Base05.Tests.MobileHeroStateTests.Invalid_change_response_preserves_snapshot_and_surfaces_failure" computerName="DESKTOP-4J13TH0" duration="00:00:00.0054209" startTime="2026-08-10T04:45:12.3072970+08:00" endTime="2026-08-10T04:45:12.3097660+08:00" testType="13cdc9d9-ddb5-4fa4-a97d-d965ccfc6d4b" outcome="Passed" testListId="8c84fa94-04c1-424b-9868-57a2d4851a1d" relativeResultsDirectory="31217609-cf01-4798-9a05-5383a6ed30c8" />
    <UnitTestResult executionId="a7edeb0e-7f7d-45da-ae74-6e5529671eb0" testId="e9bc5f61-4d6f-1c5c-3753-48922460a611" testName="Base05.Tests.MobileFishingInventoryPolicyTests.Stale_unique_id_is_rejected_before_picker_action" computerName="DESKTOP-4J13TH0" duration="00:00:00.0074878" startTime="2026-08-10T04:45:12.3066058+08:00" endTime="2026-08-10T04:45:12.3103389+08:00" testType="13cdc9d9-ddb5-4fa4-a97d-d965ccfc6d4b" outcome="Passed" testListId="8c84fa94-04c1-424b-9868-57a2d4851a1d" relativeResultsDirectory="a7edeb0e-7f7d-45da-ae74-6e5529671eb0" />
    <UnitTestResult executionId="69bdfdf8-6884-4bf7-ae20-4b354f6d67a9" testId="4db15edb-1e31-26db-5141-f934fe88f136" testName="Base05.Tests.Db02SaveGenerationTests.账户快照深拷贝密码盐且交接后原地修改不影响后台提交" computerName="DESKTOP-4J13TH0" duration="00:00:00.0503479" startTime="2026-08-10T04:46:18.0071095+08:00" endTime="2026-08-10T04:46:18.0574255+08:00" testType="13cdc9d9-ddb5-4fa4-a97d-d965ccfc6d4b" outcome="Passed" testListId="8c84fa94-04c1-424b-9868-57a2d4851a1d" relativeResultsDirectory="69bdfdf8-6884-4bf7-ae20-4b354f6d67a9" />
    <UnitTestResult executionId="7b171031-c88b-439e-976f-9c9953ace516" testId="747ad742-8ed4-15de-a66c-8d57bd228233" testName="Base05.Tests.MobileHeroStateTests.ManageHeroes_snapshot_populates_current_and_storage" computerName="DESKTOP-4J13TH0" duration="00:00:00.0003558" startTime="2026-08-10T04:45:12.3148907+08:00" endTime="2026-08-10T04:45:12.3150938+08:00" testType="13cdc9d9-ddb5-4fa4-a97d-d965ccfc6d4b" outcome="Passed" testListId="8c84fa94-04c1-424b-9868-57a2d4851a1d" relativeResultsDirectory="7b171031-c88b-439e-976f-9c9953ace516" />
    <UnitTestResult executionId="64d07ca0-21c6-4d63-9175-79d2aafab833" testId="ecd683db-8212-db07-6c77-00f15c65c0cf" testName="Base05.Tests.MySqlSwitchPolicyTests.未触发门槛时拒绝创建迁移备份" computerName="DESKTOP-4J13TH0" duration="00:00:00.0003026" startTime="2026-08-10T04:45:46.8683185+08:00" endTime="2026-08-10T04:45:46.8685190+08:00" testType="13cdc9d9-ddb5-4fa4-a97d-d965ccfc6d4b" outcome="Passed" testListId="8c84fa94-04c1-424b-9868-57a2d4851a1d" relativeResultsDirectory="64d07ca0-21c6-4d63-9175-79d2aafab833" />
    <UnitTestResult executionId="cb6a8cbe-8092-4a15-88ef-6b9f22c8a8d9" testId="a977692c-f8f7-524b-3a9f-6e336d0bb736" testName="Base05.Tests.MobileMentorStateTests.Invalid_request_and_missing_reply_are_safe_failures" computerName="DESKTOP-4J13TH0" duration="00:00:00.0295822" startTime="2026-08-10T04:45:12.2084090+08:00" endTime="2026-08-10T04:45:12.2630252+08:00" testType="13cdc9d9-ddb5-4fa4-a97d-d965ccfc6d4b" outcome="Passed" testListId="8c84fa94-04c1-424b-9868-57a2d4851a1d" relativeResultsDirectory="cb6a8cbe-8092-4a15-88ef-6b9f22c8a8d9" />
    <UnitTestResult executionId="08c1e35d-0958-4fa7-807c-ca78bc5197e3" testId="4964dd4a-4cfa-7e28-64f2-4febcf82ad10" testName="Base05.Tests.BootstrapManifestSignatureTests.重复包非规范摘要和未知字段均拒绝" computerName="DESKTOP-4J13TH0" duration="00:00:00.0043859" startTime="2026-08-10T04:45:12.3907546+08:00" endTime="2026-08-10T04:45:12.3944942+08:00" testType="13cdc9d9-ddb5-4fa4-a97d-d965ccfc6d4b" outcome="Passed" testListId="8c84fa94-04c1-424b-9868-57a2d4851a1d" relativeResultsDirectory="08c1e35d-0958-4fa7-807c-ca78bc5197e3" />
    <UnitTestResult executionId="81238771-5f71-4c4a-9e36-fda843c2cacb" testId="b7486087-2290-6cc2-89dc-bebc29f6bc9c" testName="Base05.Tests.MobileSealRentalStateTests.Seal_rental_usage_probe_smoke_projects_protocol_results_to_ui_values" computerName="DESKTOP-4J13TH0" duration="00:00:00.0050868" startTime="2026-08-10T04:45:12.3355054+08:00" endTime="2026-08-10T04:45:12.3357632+08:00" testType="13cdc9d9-ddb5-4fa4-a97d-d965ccfc6d4b" outcome="Passed" testListId="8c84fa94-04c1-424b-9868-57a2d4851a1d" relativeResultsDirectory="81238771-5f71-4c4a-9e36-fda843c2cacb" />
    <UnitTestResult executionId="c7beffe3-b136-4f1a-a87d-02e4fc00f008" testId="ce1f4cec-15c6-4f64-1ae0-7ca704a8ec9f" testName="Base05.Tests.LoginProtectionTests.失败后按指数退避并在上限处封禁账号" computerName="DESKTOP-4J13TH0" duration="00:00:00.0003244" startTime="2026-08-10T04:46:21.4783328+08:00" endTime="2026-08-10T04:46:21.4785689+08:00" testType="13cdc9d9-ddb5-4fa4-a97d-d965ccfc6d4b" outcome="Passed" testListId="8c84fa94-04c1-424b-9868-57a2d4851a1d" relativeResultsDirectory="c7beffe3-b136-4f1a-a87d-02e4fc00f008" />
    <UnitTestResult executionId="3f27af6f-1db1-42aa-bf7e-ac6d823247e6" testId="195b1012-254b-4c43-8cb3-d228e312196e" testName="Base05.Tests.MobileSealRentalStateTests.Rented_summary_and_cancel_are_authoritative_state_updates" computerName="DESKTOP-4J13TH0" duration="00:00:00.0023701" startTime="2026-08-10T04:45:12.3365278+08:00" endTime="2026-08-10T04:45:12.3366318+08:00" testType="13cdc9d9-ddb5-4fa4-a97d-d965ccfc6d4b" outcome="Passed" testListId="8c84fa94-04c1-424b-9868-57a2d4851a1d" relativeResultsDirectory="3f27af6f-1db1-42aa-bf7e-ac6d823247e6" />
    <UnitTestResult executionId="2e17e13b-31d0-4933-a984-6db1538b619a" testId="ce7c6c00-de87-5abc-ec20-7ea2dc1d0b90" testName="Base05.Tests.SqliteRestoreServiceTests.真实WAL强停副本先收敛为单文件回滚库再原子恢复" computerName="DESKTOP-4J13TH0" duration="00:00:00.0550470" startTime="2026-08-10T04:45:13.0187544+08:00" endTime="2026-08-10T04:45:13.0728909+08:00" testType="13cdc9d9-ddb5-4fa4-a97d-d965ccfc6d4b" outcome="Passed" testListId="8c84fa94-04c1-424b-9868-57a2d4851a1d" relativeResultsDirectory="2e17e13b-31d0-4933-a984-6db1538b619a" />
    <UnitTestResult executionId="65763d4e-c40d-4516-b914-6b5ea020243d" testId="29b916d7-2a0c-32bb-dc79-936a823e082b" testName="Base05.Tests.ProductionRpoPolicyTests.真实自动保存提交后在下一截止前一毫秒强停并重启只丢失未提交窗口" computerName="DESKTOP-4J13TH0" duration="00:00:02.7316777" startTime="2026-08-10T04:45:12.3586602+08:00" endTime="2026-08-10T04:45:14.9994650+08:00" testType="13cdc9d9-ddb5-4fa4-a97d-d965ccfc6d4b" outcome="Passed" testListId="8c84fa94-04c1-424b-9868-57a2d4851a1d" relativeResultsDirectory="65763d4e-c40d-4516-b914-6b5ea020243d">
      <Output>
        <StdOut>FAULT_PROCESS_ID=4304&#xD;
FAULT_PROCESS_EXIT_CODE=-1&#xD;
LAST_COMMITTED_LOGICAL_MS=300000&#xD;
CRASH_LOGICAL_MS=599999&#xD;
UNPERSISTED_WINDOW_MS=299999&#xD;
RESTARTED_ACCOUNT_GOLD=100&#xD;
COMMITTED_GENERATION=1</StdOut>
      </Output>
    </UnitTestResult>
    <UnitTestResult executionId="ec15a246-15da-4c10-895a-f17566062240" testId="64ae8372-5691-7d5c-40e6-a98699553f75" testName="Base05.Tests.MobileMentorStateTests.Mentor_usage_probe_smoke_projects_request_response_and_server_state_to_ui_values" computerName="DESKTOP-4J13TH0" duration="00:00:00.0029385" startTime="2026-08-10T04:45:12.3078651+08:00" endTime="2026-08-10T04:45:12.3080109+08:00" testType="13cdc9d9-ddb5-4fa4-a97d-d965ccfc6d4b" outcome="Passed" testListId="8c84fa94-04c1-424b-9868-57a2d4851a1d" relativeResultsDirectory="ec15a246-15da-4c10-895a-f17566062240" />
    <UnitTestResult executionId="97d39375-72f4-47dc-a618-32f8f8a0db62" testId="53ad6cee-3f1c-0986-0023-f584c2a64998" testName="Base05.Tests.GameShopStateTests.Fixed_grid_maps_only_visible_slots(page: -1, slot: 0, pageSize: 15, count: 16, expected: -1)" computerName="DESKTOP-4J13TH0" duration="00:00:00.0006874" startTime="2026-08-10T04:45:12.3254885+08:00" endTime="2026-08-10T04:45:12.3255985+08:00" testType="13cdc9d9-ddb5-4fa4-a97d-d965ccfc6d4b" outcome="Passed" testListId="8c84fa94-04c1-424b-9868-57a2d4851a1d" relativeResultsDirectory="97d39375-72f4-47dc-a618-32f8f8a0db62" />
    <UnitTestResult executionId="6309c9fd-b3c6-4e6e-a08c-813f3a1d6a7d" testId="9ee5f1ed-b6b4-5eb4-39cd-966f3d1cfe68" testName="Base05.Tests.MobileFishingStateTests.Slot_request_gate_rejects_duplicates_and_expires" computerName="DESKTOP-4J13TH0" duration="00:00:00.0006292" startTime="2026-08-10T04:45:13.2070892+08:00" endTime="2026-08-10T04:45:13.2072874+08:00" testType="13cdc9d9-ddb5-4fa4-a97d-d965ccfc6d4b" outcome="Passed" testListId="8c84fa94-04c1-424b-9868-57a2d4851a1d" relativeResultsDirectory="6309c9fd-b3c6-4e6e-a08c-813f3a1d6a7d" />
    <UnitTestResult executionId="cbcd1a26-48d8-4ea7-b739-2adcdb9d7412" testId="9e4be143-6eee-dba8-2331-22038c7d0c21" testName="Base05.Tests.GameShopStateTests.Payment_policy_requires_an_explicit_choice_for_dual_currency_items(canCredit: False, creditPrice: 0, canGold: False, goldPrice: 0, expected: None)" computerName="DESKTOP-4J13TH0" duration="00:00:00.0055746" startTime="2026-08-10T04:45:12.3211389+08:00" endTime="2026-08-10T04:45:12.3217422+08:00" testType="13cdc9d9-ddb5-4fa4-a97d-d965ccfc6d4b" outcome="Passed" testListId="8c84fa94-04c1-424b-9868-57a2d4851a1d" relativeResultsDirectory="cbcd1a26-48d8-4ea7-b739-2adcdb9d7412" />
    <UnitTestResult executionId="fcc8473a-22dd-49ca-acbf-db0e1d3f1099" testId="e49a9cce-b93b-6315-dab6-430141d596c6" testName="Base05.Tests.MobileActivityStateTests.Finish_uncertain_snapshot_keeps_lock_and_prompt_until_authoritative_result" computerName="DESKTOP-4J13TH0" duration="00:00:00.0012032" startTime="2026-08-10T04:45:12.3388890+08:00" endTime="2026-08-10T04:45:12.3390786+08:00" testType="13cdc9d9-ddb5-4fa4-a97d-d965ccfc6d4b" outcome="Passed" testListId="8c84fa94-04c1-424b-9868-57a2d4851a1d" relativeResultsDirectory="fcc8473a-22dd-49ca-acbf-db0e1d3f1099" />
    <UnitTestResult executionId="5dfc69d1-aaa7-4929-a3e4-a2af0beeb8d0" testId="65708f55-5726-19af-1131-27ad4e80c202" testName="Base05.Tests.MobileFishingInventoryPolicyTests.Bait_picker_requires_same_item_info_and_room_before_merge" computerName="DESKTOP-4J13TH0" duration="00:00:00.0001334" startTime="2026-08-10T04:45:12.3024880+08:00" endTime="2026-08-10T04:45:12.3027936+08:00" testType="13cdc9d9-ddb5-4fa4-a97d-d965ccfc6d4b" outcome="Passed" testListId="8c84fa94-04c1-424b-9868-57a2d4851a1d" relativeResultsDirectory="5dfc69d1-aaa7-4929-a3e4-a2af0beeb8d0" />
    <UnitTestResult executionId="166e5751-bedf-4535-92c9-d7a9a4db52b7" testId="05d12e32-0e0c-0ea1-80ca-267dbfac3e27" testName="Base05.Tests.MobileFishingStateTests.Fishing_usage_probe_smoke_projects_cast_request_and_server_update_to_ui_values" computerName="DESKTOP-4J13TH0" duration="00:00:00.0004518" startTime="2026-08-10T04:45:13.2080677+08:00" endTime="2026-08-10T04:45:13.2081971+08:00" testType="13cdc9d9-ddb5-4fa4-a97d-d965ccfc6d4b" outcome="Passed" testListId="8c84fa94-04c1-424b-9868-57a2d4851a1d" relativeResultsDirectory="166e5751-bedf-4535-92c9-d7a9a4db52b7" />
    <UnitTestResult executionId="6f5c4db7-6dcc-4591-82c7-b1ae42006396" testId="2642437c-5f68-8585-9d3f-4a175c14c042" testName="Base05.Tests.SqliteRestoreServiceTests.空环境发布后失败且目标删除失败时明确报告回滚不完整" computerName="DESKTOP-4J13TH0" duration="00:00:00.0223324" startTime="2026-08-10T04:45:12.9955317+08:00" endTime="2026-08-10T04:45:13.0177204+08:00" testType="13cdc9d9-ddb5-4fa4-a97d-d965ccfc6d4b" outcome="Passed" testListId="8c84fa94-04c1-424b-9868-57a2d4851a1d" relativeResultsDirectory="6f5c4db7-6dcc-4591-82c7-b1ae42006396" />
    <UnitTestResult executionId="1c99443d-5121-48c5-9ec0-a59b20ba4d22" testId="7559a98e-f375-3fe9-afda-317fba7127f8" testName="Base05.Tests.MobileMentorStateTests.Mentor_update_applies_online_and_exp_and_empty_update_removes_relationship" computerName="DESKTOP-4J13TH0" duration="00:00:00.0004560" startTime="2026-08-10T04:45:12.3093206+08:00" endTime="2026-08-10T04:45:12.3094533+08:00" testType="13cdc9d9-ddb5-4fa4-a97d-d965ccfc6d4b" outcome="Passed" testListId="8c84fa94-04c1-424b-9868-57a2d4851a1d" relativeResultsDirectory="1c99443d-5121-48c5-9ec0-a59b20ba4d22" />
    <UnitTestResult executionId="eb4c4ac8-42d8-4777-ae70-eee596a16c68" testId="8aaf9642-978e-00b0-00e0-e4df255296e3" testName="Base05.Tests.MobileMarriageStateTests.Protocol_indexes_and_fields_match_marriage_contract" computerName="DESKTOP-4J13TH0" duration="00:00:00.0039050" startTime="2026-08-10T04:45:12.2800376+08:00" endTime="2026-08-10T04:45:12.2811118+08:00" testType="13cdc9d9-ddb5-4fa4-a97d-d965ccfc6d4b" outcome="Passed" testListId="8c84fa94-04c1-424b-9868-57a2d4851a1d" relativeResultsDirectory="eb4c4ac8-42d8-4777-ae70-eee596a16c68" />
    <UnitTestResult executionId="2b235574-38e7-465a-9b35-cb94ca2ab3c7" testId="da83e42c-99a5-344f-0888-2b06aac2f68c" testName="Base05.Tests.BootstrapManifestSignatureTests.已签名资源包哈希不可省略且拒绝篡改文件" computerName="DESKTOP-4J13TH0" duration="00:00:00.0066779" startTime="2026-08-10T04:45:12.3610028+08:00" endTime="2026-08-10T04:45:12.3646038+08:00" testType="13cdc9d9-ddb5-4fa4-a97d-d965ccfc6d4b" outcome="Passed" testListId="8c84fa94-04c1-424b-9868-57a2d4851a1d" relativeResultsDirectory="2b235574-38e7-465a-9b35-cb94ca2ab3c7" />
    <UnitTestResult executionId="ed670a5d-299e-46a6-8031-0e4637535db3" testId="7ae1b15f-f628-45f7-cd37-a8e54c9a758c" testName="Base05.Tests.TlsTransportTests.客户端TLS失败探针区分端点吊销与证书验证" computerName="DESKTOP-4J13TH0" duration="00:00:00.0020250" startTime="2026-08-10T04:46:15.4290286+08:00" endTime="2026-08-10T04:46:15.4310139+08:00" testType="13cdc9d9-ddb5-4fa4-a97d-d965ccfc6d4b" outcome="Passed" testListId="8c84fa94-04c1-424b-9868-57a2d4851a1d" relativeResultsDirectory="ed670a5d-299e-46a6-8031-0e4637535db3" />
    <UnitTestResult executionId="eacc8976-7812-4960-a417-0bf15ff8216e" testId="eea15db8-51a9-2f2b-d40c-f22a2540a81b" testName="Base05.Tests.BootstrapManifestSignatureTests.正式接受存储原子记录最高序列并在重启后拒绝降级" computerName="DESKTOP-4J13TH0" duration="00:00:00.0885234" startTime="2026-08-10T04:45:12.3700062+08:00" endTime="2026-08-10T04:45:12.3904240+08:00" testType="13cdc9d9-ddb5-4fa4-a97d-d965ccfc6d4b" outcome="Passed" testListId="8c84fa94-04c1-424b-9868-57a2d4851a1d" relativeResultsDirectory="eacc8976-7812-4960-a417-0bf15ff8216e" />
    <UnitTestResult executionId="4a8626a4-6b02-4575-9c13-5ff410c6aa6d" testId="958977b5-5163-493e-8d67-6785acdfc72b" testName="Base05.Tests.MobileSealRentalStateTests.Owner_cannot_retrieve_locked_item_but_cancel_retrieve_is_still_applied" computerName="DESKTOP-4J13TH0" duration="00:00:00.0004248" startTime="2026-08-10T04:45:12.3652363+08:00" endTime="2026-08-10T04:45:12.3653350+08:00" testType="13cdc9d9-ddb5-4fa4-a97d-d965ccfc6d4b" outcome="Passed" testListId="8c84fa94-04c1-424b-9868-57a2d4851a1d" relativeResultsDirectory="4a8626a4-6b02-4575-9c13-5ff410c6aa6d" />
    <UnitTestResult executionId="e2147c46-d5a8-4d0b-b520-f5f3bf0b5672" testId="bcb8695d-e6e8-71b1-e073-35a6c9522d1d" testName="Base05.Tests.MobileMountHudRegressionTests.Mobile_hud_fallback_buttons_stay_in_safe_area_and_do_not_overlap(rootWidth: 720, rootHeight: 1280)" computerName="DESKTOP-4J13TH0" duration="00:00:00.0039930" startTime="2026-08-10T04:45:12.2452657+08:00" endTime="2026-08-10T04:45:12.2621184+08:00" testType="13cdc9d9-ddb5-4fa4-a97d-d965ccfc6d4b" outcome="Passed" testListId="8c84fa94-04c1-424b-9868-57a2d4851a1d" relativeResultsDirectory="e2147c46-d5a8-4d0b-b520-f5f3bf0b5672" />
    <UnitTestResult executionId="ac39fda0-175b-4433-a4aa-b30629fd1b98" testId="fca6e1fe-0d22-f6a0-d620-861de219e87f" testName="Base05.Tests.SqliteSingleWriterTests.单写线程串行提交并把同域待处理请求合并为最新一次" computerName="DESKTOP-4J13TH0" duration="00:00:00.0526041" startTime="2026-08-10T04:45:12.2085711+08:00" endTime="2026-08-10T04:45:12.2982310+08:00" testType="13cdc9d9-ddb5-4fa4-a97d-d965ccfc6d4b" outcome="Passed" testListId="8c84fa94-04c1-424b-9868-57a2d4851a1d" relativeResultsDirectory="ac39fda0-175b-4433-a4aa-b30629fd1b98" />
    <UnitTestResult executionId="07af0da8-2229-4c5d-a4a2-1b30e4df18e9" testId="986354e0-b2ae-8d2a-aecd-ce02caab2d8d" testName="Base05.Tests.MobileSealRentalStateTests.Server_rental_request_failure_chats_clear_pending_and_keep_failure_domain(message: &quot;面向你想租借物品的玩家&quot;)" computerName="DESKTOP-4J13TH0" duration="00:00:00.0000109" startTime="2026-08-10T04:45:12.3450649+08:00" endTime="2026-08-10T04:45:12.3452498+08:00" testType="13cdc9d9-ddb5-4fa4-a97d-d965ccfc6d4b" outcome="Passed" testListId="8c84fa94-04c1-424b-9868-57a2d4851a1d" relativeResultsDirectory="07af0da8-2229-4c5d-a4a2-1b30e4df18e9" />
    <UnitTestResult executionId="8a6f8e1a-693d-40ac-8e0e-1f910bc02660" testId="9cf9f59b-3223-5cec-9053-a72eea093514" testName="Base05.Tests.SqlPersistenceRoundTripTests.Sqlite_round_trips_account_character_inventory_storage_and_mail" computerName="DESKTOP-4J13TH0" duration="00:00:00.4253539" startTime="2026-08-10T04:46:18.1749064+08:00" endTime="2026-08-10T04:46:18.6002815+08:00" testType="13cdc9d9-ddb5-4fa4-a97d-d965ccfc6d4b" outcome="Passed" testListId="8c84fa94-04c1-424b-9868-57a2d4851a1d" relativeResultsDirectory="8a6f8e1a-693d-40ac-8e0e-1f910bc02660" />
    <UnitTestResult executionId="518b9b10-d16f-49d6-9522-13e9478aa985" testId="609aa4fa-506d-593b-1bbc-c78215fc9152" testName="Base05.Tests.MobileMarriageStateTests.Server_divorce_failure_chat_releases_guard_and_allows_retry" computerName="DESKTOP-4J13TH0" duration="00:00:00.0011195" startTime="2026-08-10T04:45:12.2813533+08:00" endTime="2026-08-10T04:45:12.2817287+08:00" testType="13cdc9d9-ddb5-4fa4-a97d-d965ccfc6d4b" outcome="Passed" testListId="8c84fa94-04c1-424b-9868-57a2d4851a1d" relativeResultsDirectory="518b9b10-d16f-49d6-9522-13e9478aa985" />
    <UnitTestResult executionId="d450d5c2-f9cd-4ea5-82b5-e8d149a5e920" testId="2755e1e2-133a-cdf7-076d-baed78e56c49" testName="Base05.Tests.GameShopStateTests.Invalid_info_and_unknown_stock_do_not_mutate_empty_state" computerName="DESKTOP-4J13TH0" duration="00:00:00.0004707" startTime="2026-08-10T04:45:12.3292349+08:00" endTime="2026-08-10T04:45:12.3293407+08:00" testType="13cdc9d9-ddb5-4fa4-a97d-d965ccfc6d4b" outcome="Passed" testListId="8c84fa94-04c1-424b-9868-57a2d4851a1d" relativeResultsDirectory="d450d5c2-f9cd-4ea5-82b5-e8d149a5e920" />
    <UnitTestResult executionId="aadccaea-f4ff-450b-b8e0-8c86237bdb26" testId="cbcd69a4-be19-5e69-e201-97ff1b68b211" testName="Base05.Tests.MobileMarriageStateTests.Marriage_usage_probe_smoke_projects_request_response_and_server_state_to_ui_values" computerName="DESKTOP-4J13TH0" duration="00:00:00.0008375" startTime="2026-08-10T04:45:12.3043102+08:00" endTime="2026-08-10T04:45:12.3050652+08:00" testType="13cdc9d9-ddb5-4fa4-a97d-d965ccfc6d4b" outcome="Passed" testListId="8c84fa94-04c1-424b-9868-57a2d4851a1d" relativeResultsDirectory="aadccaea-f4ff-450b-b8e0-8c86237bdb26" />
    <UnitTestResult executionId="a7afd480-2956-4b97-9f2c-8483e0046d24" testId="c7c32ec9-b74f-05ad-a67b-7907d9018c6d" testName="Base05.Tests.ProductionSecurityTests.DPAPI受保护存储往返且文件不含明文" computerName="DESKTOP-4J13TH0" duration="00:00:00.0038422" startTime="2026-08-10T04:46:17.9023355+08:00" endTime="2026-08-10T04:46:17.9061224+08:00" testType="13cdc9d9-ddb5-4fa4-a97d-d965ccfc6d4b" outcome="Passed" testListId="8c84fa94-04c1-424b-9868-57a2d4851a1d" relativeResultsDirectory="a7afd480-2956-4b97-9f2c-8483e0046d24" />
    <UnitTestResult executionId="f9da00e1-6f69-4f9c-827f-bea9b40be2da" testId="e01af2a8-00ee-1192-766e-b3a0b9c14681" testName="Base05.Tests.MobileMountStateTests.World_mount_update_is_ignored_without_mutating_local_snapshot" computerName="DESKTOP-4J13TH0" duration="00:00:00.0003884" startTime="2026-08-10T04:45:12.2816634+08:00" endTime="2026-08-10T04:45:12.2913377+08:00" testType="13cdc9d9-ddb5-4fa4-a97d-d965ccfc6d4b" outcome="Passed" testListId="8c84fa94-04c1-424b-9868-57a2d4851a1d" relativeResultsDirectory="f9da00e1-6f69-4f9c-827f-bea9b40be2da" />
    <UnitTestResult executionId="485de7b0-75dc-4808-9454-8a038f1abdce" testId="2a248894-5a85-a776-1ca3-6bd072c7554f" testName="Base05.Tests.SqliteRestoreServiceTests.发布后最终校验失败会从独立回滚库恢复旧值" computerName="DESKTOP-4J13TH0" duration="00:00:00.0490979" startTime="2026-08-10T04:45:13.0956139+08:00" endTime="2026-08-10T04:45:13.1445434+08:00" testType="13cdc9d9-ddb5-4fa4-a97d-d965ccfc6d4b" outcome="Passed" testListId="8c84fa94-04c1-424b-9868-57a2d4851a1d" relativeResultsDirectory="485de7b0-75dc-4808-9454-8a038f1abdce" />
    <UnitTestResult executionId="0ee03a92-8069-48a0-ad3d-4aeb8d65b90b" testId="784936e7-2e6d-6753-1070-a3275ac6f837" testName="Base05.Tests.MobileMarriageStateTests.Success_chat_keeps_guard_until_authoritative_relationship_update" computerName="DESKTOP-4J13TH0" duration="00:00:00.0033611" startTime="2026-08-10T04:45:12.2455458+08:00" endTime="2026-08-10T04:45:12.2612541+08:00" testType="13cdc9d9-ddb5-4fa4-a97d-d965ccfc6d4b" outcome="Passed" testListId="8c84fa94-04c1-424b-9868-57a2d4851a1d" relativeResultsDirectory="0ee03a92-8069-48a0-ad3d-4aeb8d65b90b" />
    <UnitTestResult executionId="6e28fac2-4af3-410e-9840-f1904adde70b" testId="b714150c-d880-8be5-84d4-d973b58e0c29" testName="Base05.Tests.MobileMentorStateTests.Outgoing_request_is_tracked_until_server_update" computerName="DESKTOP-4J13TH0" duration="00:00:00.0005410" startTime="2026-08-10T04:45:12.2980933+08:00" endTime="2026-08-10T04:45:12.2986390+08:00" testType="13cdc9d9-ddb5-4fa4-a97d-d965ccfc6d4b" outcome="Passed" testListId="8c84fa94-04c1-424b-9868-57a2d4851a1d" relativeResultsDirectory="6e28fac2-4af3-410e-9840-f1904adde70b" />
    <UnitTestResult executionId="b6e6d0a7-5eee-460f-9cae-5ab989071163" testId="cd110f8f-8f99-da7b-a04c-4025ec90371a" testName="Base05.Tests.PasswordSecurityTests.畸形或不支持的PHC安全失败(storedHash: &quot;$argon2id$v=19$m=bad,t=3,p=1$not-base64$not-base64&quot;)" computerName="DESKTOP-4J13TH0" duration="00:00:00.0006026" startTime="2026-08-10T04:45:12.2469184+08:00" endTime="2026-08-10T04:45:12.2470184+08:00" testType="13cdc9d9-ddb5-4fa4-a97d-d965ccfc6d4b" outcome="Passed" testListId="8c84fa94-04c1-424b-9868-57a2d4851a1d" relativeResultsDirectory="b6e6d0a7-5eee-460f-9cae-5ab989071163" />
    <UnitTestResult executionId="afd6b114-2d50-42f2-8b0e-4acc4145a558" testId="dd937627-548a-a27a-d0fd-24cf4b60f3ed" testName="Base05.Tests.ResourceManifestTests.Validate_pc_digest_counts_bootstrap_and_rejects_generated_outputs" computerName="DESKTOP-4J13TH0" duration="00:00:01.2361688" startTime="2026-08-10T04:45:39.0371908+08:00" endTime="2026-08-10T04:45:40.2729699+08:00" testType="13cdc9d9-ddb5-4fa4-a97d-d965ccfc6d4b" outcome="Passed" testListId="8c84fa94-04c1-424b-9868-57a2d4851a1d" relativeResultsDirectory="afd6b114-2d50-42f2-8b0e-4acc4145a558" />
    <UnitTestResult executionId="4a30f2b0-e357-4c29-9041-4bb5b30f7b6d" testId="168d42e4-1fb5-71d9-2201-56047c7f2361" testName="Base05.Tests.LoginProtectionTests.失败窗口到期后退避级数归零" computerName="DESKTOP-4J13TH0" duration="00:00:00.0002361" startTime="2026-08-10T04:46:21.4793002+08:00" endTime="2026-08-10T04:46:21.4794946+08:00" testType="13cdc9d9-ddb5-4fa4-a97d-d965ccfc6d4b" outcome="Passed" testListId="8c84fa94-04c1-424b-9868-57a2d4851a1d" relativeResultsDirectory="4a30f2b0-e357-4c29-9041-4bb5b30f7b6d" />
    <UnitTestResult executionId="833c8c04-5176-4f3b-b0b2-b961fcc86bf0" testId="0a80c62b-eef9-9af6-54ec-4087be526b98" testName="Base05.Tests.MobileSealRentalStateTests.Unrelated_system_chat_does_not_clear_a_pending_rental_operation" computerName="DESKTOP-4J13TH0" duration="00:00:00.0073393" startTime="2026-08-10T04:45:12.3215981+08:00" endTime="2026-08-10T04:45:12.3303447+08:00" testType="13cdc9d9-ddb5-4fa4-a97d-d965ccfc6d4b" outcome="Passed" testListId="8c84fa94-04c1-424b-9868-57a2d4851a1d" relativeResultsDirectory="833c8c04-5176-4f3b-b0b2-b961fcc86bf0" />
    <UnitTestResult executionId="ad958745-2c24-41d7-9496-daf4340bad7b" testId="69df78a1-c537-69af-33b3-2e07d4f6a1d8" testName="Base05.Tests.PasswordStoragePolicyTests.配置往返后密码字段仍为空" computerName="DESKTOP-4J13TH0" duration="00:00:00.0174128" startTime="2026-08-10T04:45:12.3339476+08:00" endTime="2026-08-10T04:45:12.3380505+08:00" testType="13cdc9d9-ddb5-4fa4-a97d-d965ccfc6d4b" outcome="Passed" testListId="8c84fa94-04c1-424b-9868-57a2d4851a1d" relativeResultsDirectory="ad958745-2c24-41d7-9496-daf4340bad7b" />
    <UnitTestResult executionId="a93c49a6-f962-4db9-894d-30e426f955ce" testId="f17e14c4-42a8-f6eb-c80b-f2a29c433fa6" testName="Base05.Tests.MobileSealRentalStateTests.Rental_selection_filters_server_rules_and_reconciles_moved_slots" computerName="DESKTOP-4J13TH0" duration="00:00:00.0005586" startTime="2026-08-10T04:45:12.3522755+08:00" endTime="2026-08-10T04:45:12.3527994+08:00" testType="13cdc9d9-ddb5-4fa4-a97d-d965ccfc6d4b" outcome="Passed" testListId="8c84fa94-04c1-424b-9868-57a2d4851a1d" relativeResultsDirectory="a93c49a6-f962-4db9-894d-30e426f955ce" />
    <UnitTestResult executionId="771b9f80-4b7f-48a1-8148-b6351f2b1b7d" testId="920ce427-c15e-1022-28cc-ca56b07d4c3d" testName="Base05.Tests.ServerLifecycleSmokeTests.Sqlite最终保存已排空时资源清理不再追加商品保存" computerName="DESKTOP-4J13TH0" duration="00:00:00.0112488" startTime="2026-08-10T04:45:58.2001682+08:00" endTime="2026-08-10T04:45:58.2113877+08:00" testType="13cdc9d9-ddb5-4fa4-a97d-d965ccfc6d4b" outcome="Passed" testListId="8c84fa94-04c1-424b-9868-57a2d4851a1d" relativeResultsDirectory="771b9f80-4b7f-48a1-8148-b6351f2b1b7d" />
    <UnitTestResult executionId="7c7f69dd-901c-4188-807b-c3755c376bcf" testId="3d15cf04-3f19-8cdf-3d5a-162cbc51980e" testName="Base05.Tests.MobileMentorStateTests.Protocol_indexes_and_field_contract_match_server_packets" computerName="DESKTOP-4J13TH0" duration="00:00:00.0040908" startTime="2026-08-10T04:45:12.3049595+08:00" endTime="2026-08-10T04:45:12.3074488+08:00" testType="13cdc9d9-ddb5-4fa4-a97d-d965ccfc6d4b" outcome="Passed" testListId="8c84fa94-04c1-424b-9868-57a2d4851a1d" relativeResultsDirectory="7c7f69dd-901c-4188-807b-c3755c376bcf" />
    <UnitTestResult executionId="7c54f0a3-47cb-44cf-9d56-db68f4a43244" testId="c05c83ee-c8fb-1d47-f297-e94b6a94abf3" testName="Base05.Tests.ProtocolGoldenTests.GuildNoticeChange_negative_update_is_a_wire_sentinel" computerName="DESKTOP-4J13TH0" duration="00:00:00.0012412" startTime="2026-08-10T04:45:47.1646226+08:00" endTime="2026-08-10T04:45:47.1654361+08:00" testType="13cdc9d9-ddb5-4fa4-a97d-d965ccfc6d4b" outcome="Passed" testListId="8c84fa94-04c1-424b-9868-57a2d4851a1d" relativeResultsDirectory="7c54f0a3-47cb-44cf-9d56-db68f4a43244" />
    <UnitTestResult executionId="bbd62088-3783-4072-a5a6-4daa18d8c888" testId="f7086571-57b5-f179-5f03-eb2721313f20" testName="Base05.Tests.PerformanceMetricsTests.ConcurrentFreezeExportsToSamePathRemainValid" computerName="DESKTOP-4J13TH0" duration="00:00:00.0198340" startTime="2026-08-10T04:46:18.0812010+08:00" endTime="2026-08-10T04:46:18.1013250+08:00" testType="13cdc9d9-ddb5-4fa4-a97d-d965ccfc6d4b" outcome="Passed" testListId="8c84fa94-04c1-424b-9868-57a2d4851a1d" relativeResultsDirectory="bbd62088-3783-4072-a5a6-4daa18d8c888" />
    <UnitTestResult executionId="38d90a9a-4491-4bb7-9171-4bf08bd2bc67" testId="ed5f7810-32ea-e240-387b-8e4de8cc5c72" testName="Base05.Tests.TlsTransportTests.非回环默认拒绝明文监听而回环或显式开发开关允许" computerName="DESKTOP-4J13TH0" duration="00:00:00.0032753" startTime="2026-08-10T04:46:15.4311063+08:00" endTime="2026-08-10T04:46:15.4343566+08:00" testType="13cdc9d9-ddb5-4fa4-a97d-d965ccfc6d4b" outcome="Passed" testListId="8c84fa94-04c1-424b-9868-57a2d4851a1d" relativeResultsDirectory="38d90a9a-4491-4bb7-9171-4bf08bd2bc67" />
    <UnitTestResult executionId="b21d8959-300e-4e35-a4a5-f42c4557b6f1" testId="633704c3-e4a1-b9b4-9624-f80074018452" testName="Base05.Tests.SqliteBackupServiceTests.探针无法删除时服务构造失败关闭且不遗留探针" computerName="DESKTOP-4J13TH0" duration="00:00:00.0058131" startTime="2026-08-10T04:45:12.6869990+08:00" endTime="2026-08-10T04:45:12.6924958+08:00" testType="13cdc9d9-ddb5-4fa4-a97d-d965ccfc6d4b" outcome="Passed" testListId="8c84fa94-04c1-424b-9868-57a2d4851a1d" relativeResultsDirectory="b21d8959-300e-4e35-a4a5-f42c4557b6f1" />
    <UnitTestResult executionId="6c93cc9a-137d-4c78-be2b-482ff173713c" testId="1801f4ae-7004-c53f-01de-f6c6f6f73a0f" testName="Base05.Tests.MobileSealRentalStateTests.Rental_request_timeout_releases_only_the_pre_session_request_gate" computerName="DESKTOP-4J13TH0" duration="00:00:00.0001617" startTime="2026-08-10T04:45:12.3664638+08:00" endTime="2026-08-10T04:45:12.3665569+08:00" testType="13cdc9d9-ddb5-4fa4-a97d-d965ccfc6d4b" outcome="Passed" testListId="8c84fa94-04c1-424b-9868-57a2d4851a1d" relativeResultsDirectory="6c93cc9a-137d-4c78-be2b-482ff173713c" />
    <UnitTestResult executionId="b6dac0b4-6604-4284-8a93-a0a6357002f8" testId="13125056-3686-08ca-418c-8a1bc6dbaac6" testName="Base05.Tests.ServerLifecycleSmokeTests.真实ServerMaxUser与MaxIP准入在同一临界区生效" computerName="DESKTOP-4J13TH0" duration="00:00:10.4319704" startTime="2026-08-10T04:46:03.4545441+08:00" endTime="2026-08-10T04:46:13.8860279+08:00" testType="13cdc9d9-ddb5-4fa4-a97d-d965ccfc6d4b" outcome="Passed" testListId="8c84fa94-04c1-424b-9868-57a2d4851a1d" relativeResultsDirectory="b6dac0b4-6604-4284-8a93-a0a6357002f8" />
    <UnitTestResult executionId="d19c9b80-1016-49bd-a7a2-6a0e6b1c9443" testId="2d196359-20a0-fa97-6ef7-6f87679a2f3d" testName="Base05.Tests.SqliteBackupServiceTests.异地复制失败时保留已验证本地副本并持久化失败状态" computerName="DESKTOP-4J13TH0" duration="00:00:00.2187308" startTime="2026-08-10T04:45:12.2453616+08:00" endTime="2026-08-10T04:45:12.3898556+08:00" testType="13cdc9d9-ddb5-4fa4-a97d-d965ccfc6d4b" outcome="Passed" testListId="8c84fa94-04c1-424b-9868-57a2d4851a1d" relativeResultsDirectory="d19c9b80-1016-49bd-a7a2-6a0e6b1c9443" />
    <UnitTestResult executionId="cbb2aa0a-090e-4290-b2ec-8d5261087c82" testId="babaa9f6-2c3b-5e04-d2d6-4823df78cc5d" testName="Base05.Tests.TlsTransportTests.停止网络同时释放V1和V2监听器" computerName="DESKTOP-4J13TH0" duration="00:00:00.0014498" startTime="2026-08-10T04:46:14.3548388+08:00" endTime="2026-08-10T04:46:14.3562482+08:00" testType="13cdc9d9-ddb5-4fa4-a97d-d965ccfc6d4b" outcome="Passed" testListId="8c84fa94-04c1-424b-9868-57a2d4851a1d" relativeResultsDirectory="cbb2aa0a-090e-4290-b2ec-8d5261087c82" />
    <UnitTestResult executionId="773a3a51-56be-4391-abd2-3f53eba9e723" testId="9e4ba95d-c6e3-6a19-e0de-07cf23533e13" testName="Base05.Tests.PasswordStoragePolicyTests.客户端加载和保存密码策略始终为空且不记住密码" computerName="DESKTOP-4J13TH0" duration="00:00:00.0007978" startTime="2026-08-10T04:45:12.3703797+08:00" endTime="2026-08-10T04:45:12.3704813+08:00" testType="13cdc9d9-ddb5-4fa4-a97d-d965ccfc6d4b" outcome="Passed" testListId="8c84fa94-04c1-424b-9868-57a2d4851a1d" relativeResultsDirectory="773a3a51-56be-4391-abd2-3f53eba9e723" />
    <UnitTestResult executionId="c658753c-fabc-42f2-9f26-b99dd0738032" testId="f5943314-b801-7790-c15a-d2a889624de5" testName="Base05.Tests.GameShopStateTests.Fixed_grid_maps_only_visible_slots(page: 0, slot: 0, pageSize: 15, count: 16, expected: 0)" computerName="DESKTOP-4J13TH0" duration="00:00:00.0000076" startTime="2026-08-10T04:45:12.3268978+08:00" endTime="2026-08-10T04:45:12.3269975+08:00" testType="13cdc9d9-ddb5-4fa4-a97d-d965ccfc6d4b" outcome="Passed" testListId="8c84fa94-04c1-424b-9868-57a2d4851a1d" relativeResultsDirectory="c658753c-fabc-42f2-9f26-b99dd0738032" />
    <UnitTestResult executionId="31790737-6385-4f58-a124-804c69f38061" testId="bc2d0b1c-79de-2ca7-2276-c0271bf358e5" testName="Base05.Tests.TlsTransportTests.非回环地址禁止V1且回环允许开发连接" computerName="DESKTOP-4J13TH0" duration="00:00:00.0010261" startTime="2026-08-10T04:46:15.5107049+08:00" endTime="2026-08-10T04:46:15.5116731+08:00" testType="13cdc9d9-ddb5-4fa4-a97d-d965ccfc6d4b" outcome="Passed" testListId="8c84fa94-04c1-424b-9868-57a2d4851a1d" relativeResultsDirectory="31790737-6385-4f58-a124-804c69f38061" />
    <UnitTestResult executionId="25c53cbe-d138-4d55-8c39-a677b9f4e1f0" testId="79745399-3aa9-01fe-e016-21f5bcc603c7" testName="Base05.Tests.MySqlSwitchPolicyTests.授权后的备份被篡改时正式选择失败关闭" computerName="DESKTOP-4J13TH0" duration="00:00:00.0915166" startTime="2026-08-10T04:45:46.8701288+08:00" endTime="2026-08-10T04:45:46.9612198+08:00" testType="13cdc9d9-ddb5-4fa4-a97d-d965ccfc6d4b" outcome="Passed" testListId="8c84fa94-04c1-424b-9868-57a2d4851a1d" relativeResultsDirectory="25c53cbe-d138-4d55-8c39-a677b9f4e1f0" />
    <UnitTestResult executionId="a7cfca2a-f3ea-4e87-bced-dc42c3e7af75" testId="b2252956-329b-7780-7080-ca238203fa3d" testName="Base05.Tests.MobileFishingInventoryPolicyTests.Picker_bounds_stay_inside_small_and_wide_roots" computerName="DESKTOP-4J13TH0" duration="00:00:00.0017005" startTime="2026-08-10T04:45:12.3046425+08:00" endTime="2026-08-10T04:45:12.3060660+08:00" testType="13cdc9d9-ddb5-4fa4-a97d-d965ccfc6d4b" outcome="Passed" testListId="8c84fa94-04c1-424b-9868-57a2d4851a1d" relativeResultsDirectory="a7cfca2a-f3ea-4e87-bced-dc42c3e7af75" />
    <UnitTestResult executionId="e8290771-4b78-454e-99d4-729ca7a055b8" testId="9368aa45-ac30-af6e-6912-e42e030504b4" testName="Base05.Tests.MobileFishingInventoryPolicyTests.Authoritative_bait_merge_updates_target_and_consumes_source_stack" computerName="DESKTOP-4J13TH0" duration="00:00:00.0020655" startTime="2026-08-10T04:45:12.2969787+08:00" endTime="2026-08-10T04:45:12.3021731+08:00" testType="13cdc9d9-ddb5-4fa4-a97d-d965ccfc6d4b" outcome="Passed" testListId="8c84fa94-04c1-424b-9868-57a2d4851a1d" relativeResultsDirectory="e8290771-4b78-454e-99d4-729ca7a055b8" />
    <UnitTestResult executionId="05c5c57b-4d23-4320-959f-bf9da797fa0b" testId="e2f787e4-57e9-6607-9e9e-89980dda73d6" testName="Base05.Tests.PerformanceMetricsTests.QueueTrackerRebaselinesHighWaterWhenSessionChanges" computerName="DESKTOP-4J13TH0" duration="00:00:00.0003036" startTime="2026-08-10T04:46:18.1146569+08:00" endTime="2026-08-10T04:46:18.1148436+08:00" testType="13cdc9d9-ddb5-4fa4-a97d-d965ccfc6d4b" outcome="Passed" testListId="8c84fa94-04c1-424b-9868-57a2d4851a1d" relativeResultsDirectory="05c5c57b-4d23-4320-959f-bf9da797fa0b" />
    <UnitTestResult executionId="a5533ea5-4f53-4652-8e5e-66a0c26ad700" testId="0393bb39-4f76-acce-89a6-2228b80adbb1" testName="Base05.Tests.MobileFishingStateTests.Protocol_contract_exposes_fishing_packets_and_five_slots" computerName="DESKTOP-4J13TH0" duration="00:00:00.0006082" startTime="2026-08-10T04:45:13.2042964+08:00" endTime="2026-08-10T04:45:13.2047153+08:00" testType="13cdc9d9-ddb5-4fa4-a97d-d965ccfc6d4b" outcome="Passed" testListId="8c84fa94-04c1-424b-9868-57a2d4851a1d" relativeResultsDirectory="a5533ea5-4f53-4652-8e5e-66a0c26ad700" />
    <UnitTestResult executionId="7288ed3e-dfc7-4bed-ae93-60f623c8f20c" testId="e5884139-2691-220e-41f3-d622cd45b88b" testName="Base05.Tests.ProtocolGoldenTests.Spell_packet_reader_and_writer_exposes_value_fork" computerName="DESKTOP-4J13TH0" duration="00:00:00.0062616" startTime="2026-08-10T04:45:47.1191559+08:00" endTime="2026-08-10T04:45:47.1253986+08:00" testType="13cdc9d9-ddb5-4fa4-a97d-d965ccfc6d4b" outcome="Passed" testListId="8c84fa94-04c1-424b-9868-57a2d4851a1d" relativeResultsDirectory="7288ed3e-dfc7-4bed-ae93-60f623c8f20c" />
    <UnitTestResult executionId="d491d545-f68b-40b8-bf77-0e8d6cbdd2bd" testId="08c7d5a8-add8-469a-4331-7358c6430efb" testName="Base05.Tests.MobileMountStateTests.Mount_failure_chat_releases_guard_but_unrelated_chat_does_not" computerName="DESKTOP-4J13TH0" duration="00:00:00.0004539" startTime="2026-08-10T04:45:12.2793475+08:00" endTime="2026-08-10T04:45:12.2794411+08:00" testType="13cdc9d9-ddb5-4fa4-a97d-d965ccfc6d4b" outcome="Passed" testListId="8c84fa94-04c1-424b-9868-57a2d4851a1d" relativeResultsDirectory="d491d545-f68b-40b8-bf77-0e8d6cbdd2bd" />
    <UnitTestResult executionId="e888cf8f-70d1-48da-a746-b4ba77439251" testId="73d41b22-174f-aba4-ba98-fa749aac209f" testName="Base05.Tests.PasswordStoragePolicyTests.专用清理在构造Reader前删除重复敏感键并保留BOM换行" computerName="DESKTOP-4J13TH0" duration="00:00:00.0155396" startTime="2026-08-10T04:45:12.3691354+08:00" endTime="2026-08-10T04:45:12.3701046+08:00" testType="13cdc9d9-ddb5-4fa4-a97d-d965ccfc6d4b" outcome="Passed" testListId="8c84fa94-04c1-424b-9868-57a2d4851a1d" relativeResultsDirectory="e888cf8f-70d1-48da-a746-b4ba77439251" />
    <UnitTestResult executionId="c69e65e4-c294-4e2e-abe9-fc985e414775" testId="edf48457-fbd8-a026-464e-4365407a31fb" testName="Base05.Tests.BootstrapManifestSignatureTests.当前与下一密钥按序列窗口平滑轮换" computerName="DESKTOP-4J13TH0" duration="00:00:00.0225645" startTime="2026-08-10T04:45:12.3648590+08:00" endTime="2026-08-10T04:45:12.3697185+08:00" testType="13cdc9d9-ddb5-4fa4-a97d-d965ccfc6d4b" outcome="Passed" testListId="8c84fa94-04c1-424b-9868-57a2d4851a1d" relativeResultsDirectory="c69e65e4-c294-4e2e-abe9-fc985e414775" />
    <UnitTestResult executionId="4fbbb8b7-a643-4b49-8b1d-7a463199ca7a" testId="5ec33cf0-0ef2-b5c0-1b1b-5fd9da53245e" testName="Base05.Tests.ServerLifecycleSmokeTests.真实Server停止重启取消旧TLS握手代次" computerName="DESKTOP-4J13TH0" duration="00:00:05.2409226" startTime="2026-08-10T04:45:58.2115070+08:00" endTime="2026-08-10T04:46:03.4535759+08:00" testType="13cdc9d9-ddb5-4fa4-a97d-d965ccfc6d4b" outcome="Passed" testListId="8c84fa94-04c1-424b-9868-57a2d4851a1d" relativeResultsDirectory="4fbbb8b7-a643-4b49-8b1d-7a463199ca7a" />
    <UnitTestResult executionId="e4520f36-582a-47cd-8bd4-42bfea6a3847" testId="220aade1-bf3d-0a4d-1e98-1232dec18c8a" testName="Base05.Tests.MySqlSwitchPolicyTests.未授权时正式MySQL选择失败关闭" computerName="DESKTOP-4J13TH0" duration="00:00:00.0007758" startTime="2026-08-10T04:45:46.8688404+08:00" endTime="2026-08-10T04:45:46.8695922+08:00" testType="13cdc9d9-ddb5-4fa4-a97d-d965ccfc6d4b" outcome="Passed" testListId="8c84fa94-04c1-424b-9868-57a2d4851a1d" relativeResultsDirectory="e4520f36-582a-47cd-8bd4-42bfea6a3847" />
    <UnitTestResult executionId="522d2c00-0e33-4530-9013-60969f7d7d2d" testId="7f4e9c28-897c-bc34-8e5e-52fba874b67b" testName="Base05.Tests.MobileMountHudRegressionTests.Ride_button_eligibility_recovers_when_moving_returns_to_standing" computerName="DESKTOP-4J13TH0" duration="00:00:00.0001238" startTime="2026-08-10T04:45:12.2676154+08:00" endTime="2026-08-10T04:45:12.2677274+08:00" testType="13cdc9d9-ddb5-4fa4-a97d-d965ccfc6d4b" outcome="Passed" testListId="8c84fa94-04c1-424b-9868-57a2d4851a1d" relativeResultsDirectory="522d2c00-0e33-4530-9013-60969f7d7d2d" />
    <UnitTestResult executionId="cb259750-0b27-4f01-93e2-033937a061bb" testId="3f630a2f-2303-1e24-cfe5-695d8ec67cff" testName="Base05.Tests.ResourceManifestTests.Acquire_allows_only_exact_repository_overlay_and_rejects_drift_or_extra" computerName="DESKTOP-4J13TH0" duration="00:00:05.0702317" startTime="2026-08-10T04:45:12.2082465+08:00" endTime="2026-08-10T04:45:17.2217148+08:00" testType="13cdc9d9-ddb5-4fa4-a97d-d965ccfc6d4b" outcome="Passed" testListId="8c84fa94-04c1-424b-9868-57a2d4851a1d" relativeResultsDirectory="cb259750-0b27-4f01-93e2-033937a061bb" />
    <UnitTestResult executionId="73e0c12f-d611-484d-85fe-765538376b86" testId="9b1ac773-c449-d4a1-af6c-b745e80978ca" testName="Base05.Tests.MobileFishingInventoryPolicyTests.Slot_candidates_use_the_corresponding_fishing_type(slot: 2, expected: Bait)" computerName="DESKTOP-4J13TH0" duration="00:00:00.0003409" startTime="2026-08-10T04:45:12.2920527+08:00" endTime="2026-08-10T04:45:12.2926206+08:00" testType="13cdc9d9-ddb5-4fa4-a97d-d965ccfc6d4b" outcome="Passed" testListId="8c84fa94-04c1-424b-9868-57a2d4851a1d" relativeResultsDirectory="73e0c12f-d611-484d-85fe-765538376b86" />
    <UnitTestResult executionId="cdaf3358-145c-4ea5-87a7-869343516dbf" testId="5cf61d9a-dc49-3723-c0a5-b88b61b0e1e9" testName="Base05.Tests.MobileMentorStateTests.Cancel_confirmation_is_one_shot_and_reject_keeps_relationship" computerName="DESKTOP-4J13TH0" duration="00:00:00.0014411" startTime="2026-08-10T04:45:12.2741857+08:00" endTime="2026-08-10T04:45:12.2758842+08:00" testType="13cdc9d9-ddb5-4fa4-a97d-d965ccfc6d4b" outcome="Passed" testListId="8c84fa94-04c1-424b-9868-57a2d4851a1d" relativeResultsDirectory="cdaf3358-145c-4ea5-87a7-869343516dbf" />
    <UnitTestResult executionId="84242134-762b-4f65-9484-0411fa5eeadb" testId="64a186cb-a642-ad58-57eb-00c6180d053e" testName="Base05.Tests.GameShopStateTests.Fixed_grid_maps_only_visible_slots(page: 0, slot: 15, pageSize: 15, count: 16, expected: -1)" computerName="DESKTOP-4J13TH0" duration="00:00:00.0000110" startTime="2026-08-10T04:45:12.3260523+08:00" endTime="2026-08-10T04:45:12.3262249+08:00" testType="13cdc9d9-ddb5-4fa4-a97d-d965ccfc6d4b" outcome="Passed" testListId="8c84fa94-04c1-424b-9868-57a2d4851a1d" relativeResultsDirectory="84242134-762b-4f65-9484-0411fa5eeadb" />
    <UnitTestResult executionId="6b41168b-af76-4334-92fb-d7a1330ef5a0" testId="87b0e11f-d3c8-05f0-faff-dd273e1e59f7" testName="Base05.Tests.MobileSealRentalStateTests.Successful_lock_chat_does_not_clear_fee_or_deposit_pending_state" computerName="DESKTOP-4J13TH0" duration="00:00:00.0002908" startTime="2026-08-10T04:45:12.3660720+08:00" endTime="2026-08-10T04:45:12.3662086+08:00" testType="13cdc9d9-ddb5-4fa4-a97d-d965ccfc6d4b" outcome="Passed" testListId="8c84fa94-04c1-424b-9868-57a2d4851a1d" relativeResultsDirectory="6b41168b-af76-4334-92fb-d7a1330ef5a0" />
    <UnitTestResult executionId="078f5342-848c-4ecd-bd2c-583f1abbdf7d" testId="6a1cba66-5628-81c1-7187-f082105170a7" testName="Base05.Tests.GameShopStateTests.Stock_delta_updates_then_removes_product_at_zero" computerName="DESKTOP-4J13TH0" duration="00:00:00.0001705" startTime="2026-08-10T04:45:12.3296309+08:00" endTime="2026-08-10T04:45:12.3297421+08:00" testType="13cdc9d9-ddb5-4fa4-a97d-d965ccfc6d4b" outcome="Passed" testListId="8c84fa94-04c1-424b-9868-57a2d4851a1d" relativeResultsDirectory="078f5342-848c-4ecd-bd2c-583f1abbdf7d" />
    <UnitTestResult executionId="32462219-d368-406b-8f0c-ea0dc6bacb86" testId="d13f426b-fd3f-af9a-1093-541402b2d1b0" testName="Base05.Tests.PerformanceMetricsTests.PercentilesCoverSamplesBeyondLegacyReservoirCapacity" computerName="DESKTOP-4J13TH0" duration="00:00:00.0036986" startTime="2026-08-10T04:46:18.1354701+08:00" endTime="2026-08-10T04:46:18.1383947+08:00" testType="13cdc9d9-ddb5-4fa4-a97d-d965ccfc6d4b" outcome="Passed" testListId="8c84fa94-04c1-424b-9868-57a2d4851a1d" relativeResultsDirectory="32462219-d368-406b-8f0c-ea0dc6bacb86" />
    <UnitTestResult executionId="78486e47-2b6e-4831-b1f9-d6c22537320c" testId="72c02dd2-4165-4749-da55-971b717220e2" testName="Base05.Tests.TlsTransportTests.TLS异步握手支持取消并释放慢连接" computerName="DESKTOP-4J13TH0" duration="00:00:00.2266144" startTime="2026-08-10T04:46:13.8883797+08:00" endTime="2026-08-10T04:46:14.1160041+08:00" testType="13cdc9d9-ddb5-4fa4-a97d-d965ccfc6d4b" outcome="Passed" testListId="8c84fa94-04c1-424b-9868-57a2d4851a1d" relativeResultsDirectory="78486e47-2b6e-4831-b1f9-d6c22537320c" />
    <UnitTestResult executionId="74f06482-c15d-4ec5-bef5-522d735825d9" testId="399c7070-c75a-6a84-9db8-f04dd32b9849" testName="Base05.Tests.MobileMentorStateTests.Outgoing_request_can_be_retried_when_server_only_reports_failure_in_chat" computerName="DESKTOP-4J13TH0" duration="00:00:00.0017292" startTime="2026-08-10T04:45:12.2731689+08:00" endTime="2026-08-10T04:45:12.2739028+08:00" testType="13cdc9d9-ddb5-4fa4-a97d-d965ccfc6d4b" outcome="Passed" testListId="8c84fa94-04c1-424b-9868-57a2d4851a1d" relativeResultsDirectory="74f06482-c15d-4ec5-bef5-522d735825d9" />
    <UnitTestResult executionId="afbb9836-7b72-4c54-a657-e5ed6697b98d" testId="04a9a573-0ee0-2b0f-092f-6fbc3a901e75" testName="Base05.Tests.SqliteSingleWriterTests.增量归档写入不参与同域合并" computerName="DESKTOP-4J13TH0" duration="00:00:00.0008847" startTime="2026-08-10T04:45:12.8402899+08:00" endTime="2026-08-10T04:45:12.8404181+08:00" testType="13cdc9d9-ddb5-4fa4-a97d-d965ccfc6d4b" outcome="Passed" testListId="8c84fa94-04c1-424b-9868-57a2d4851a1d" relativeResultsDirectory="afbb9836-7b72-4c54-a657-e5ed6697b98d" />
    <UnitTestResult executionId="52422255-e322-4f3a-a490-1f545e4716b1" testId="3426a22b-e3e9-47d9-df8d-bbea60b48f3d" testName="Base05.Tests.StreamWriteGateTests.门闩只允许单个在途写并可在完成后复用" computerName="DESKTOP-4J13TH0" duration="00:00:00.0001822" startTime="2026-08-10T04:45:13.2006367+08:00" endTime="2026-08-10T04:45:13.2007464+08:00" testType="13cdc9d9-ddb5-4fa4-a97d-d965ccfc6d4b" outcome="Passed" testListId="8c84fa94-04c1-424b-9868-57a2d4851a1d" relativeResultsDirectory="52422255-e322-4f3a-a490-1f545e4716b1" />
    <UnitTestResult executionId="4c3185ed-7df0-4b24-af0d-b5d926008c2d" testId="ae71354e-c6e0-52ad-0dd0-99106128bc2e" testName="Base05.Tests.MobileSealRentalStateTests.User_cancel_accepts_server_retrieve_then_cancel_without_losing_deposited_item" computerName="DESKTOP-4J13TH0" duration="00:00:00.0094223" startTime="2026-08-10T04:45:12.3120225+08:00" endTime="2026-08-10T04:45:12.3212741+08:00" testType="13cdc9d9-ddb5-4fa4-a97d-d965ccfc6d4b" outcome="Passed" testListId="8c84fa94-04c1-424b-9868-57a2d4851a1d" relativeResultsDirectory="4c3185ed-7df0-4b24-af0d-b5d926008c2d" />
    <UnitTestResult executionId="ed68b24a-360b-4cbe-a5a9-03dc8775ccb5" testId="41f9ad07-c247-d120-fc9a-b6f56ebee5be" testName="Base05.Tests.PerformanceMetricsTests.DisabledMetricsDoNotAccumulate" computerName="DESKTOP-4J13TH0" duration="00:00:00.0007674" startTime="2026-08-10T04:46:18.0576258+08:00" endTime="2026-08-10T04:46:18.0583626+08:00" testType="13cdc9d9-ddb5-4fa4-a97d-d965ccfc6d4b" outcome="Passed" testListId="8c84fa94-04c1-424b-9868-57a2d4851a1d" relativeResultsDirectory="ed68b24a-360b-4cbe-a5a9-03dc8775ccb5" />
    <UnitTestResult executionId="96d50a8f-415a-49e3-af78-cd7d1d886ccf" testId="c2d02e7a-c8af-79c6-1f77-28621eb58e2c" testName="Base05.Tests.PerformanceMetricsTests.RuntimeSamplingIncludesGcBetweenSessionStartAndFirstSample" computerName="DESKTOP-4J13TH0" duration="00:00:00.0099361" startTime="2026-08-10T04:46:18.1046181+08:00" endTime="2026-08-10T04:46:18.1145495+08:00" testType="13cdc9d9-ddb5-4fa4-a97d-d965ccfc6d4b" outcome="Passed" testListId="8c84fa94-04c1-424b-9868-57a2d4851a1d" relativeResultsDirectory="96d50a8f-415a-49e3-af78-cd7d1d886ccf" />
    <UnitTestResult executionId="ced02566-090f-43ac-9965-0588046cff77" testId="547c1f73-1b73-ef54-de4b-122dae1bc39d" testName="Base05.Tests.PerformanceMetricsTests.UnavailableMetricKeepsReasonWithoutInventingZero" computerName="DESKTOP-4J13TH0" duration="00:00:00.0008141" startTime="2026-08-10T04:46:18.1014308+08:00" endTime="2026-08-10T04:46:18.1021435+08:00" testType="13cdc9d9-ddb5-4fa4-a97d-d965ccfc6d4b" outcome="Passed" testListId="8c84fa94-04c1-424b-9868-57a2d4851a1d" relativeResultsDirectory="ced02566-090f-43ac-9965-0588046cff77" />
    <UnitTestResult executionId="3def46c1-8013-4fd9-920f-5033b7ea5bf3" testId="b571a45c-84e0-7477-d607-652da712ef65" testName="Base05.Tests.MobileMentorStateTests.Incoming_request_can_be_accepted_or_rejected_without_client_side_authority" computerName="DESKTOP-4J13TH0" duration="00:00:00.0013172" startTime="2026-08-10T04:45:12.2762042+08:00" endTime="2026-08-10T04:45:12.2777738+08:00" testType="13cdc9d9-ddb5-4fa4-a97d-d965ccfc6d4b" outcome="Passed" testListId="8c84fa94-04c1-424b-9868-57a2d4851a1d" relativeResultsDirectory="3def46c1-8013-4fd9-920f-5033b7ea5bf3" />
    <UnitTestResult executionId="307c78ac-14be-4a76-9a22-9f6a8334743d" testId="71bbe50d-2f6f-8672-f75a-1dbc1db27bcf" testName="Base05.Tests.PasswordSecurityTests.旧PBKDF2密码验证成功后透明升级且错误密码不升级" computerName="DESKTOP-4J13TH0" duration="00:00:00.3621147" startTime="2026-08-10T04:45:14.2983921+08:00" endTime="2026-08-10T04:45:14.6602240+08:00" testType="13cdc9d9-ddb5-4fa4-a97d-d965ccfc6d4b" outcome="Passed" testListId="8c84fa94-04c1-424b-9868-57a2d4851a1d" relativeResultsDirectory="307c78ac-14be-4a76-9a22-9f6a8334743d" />
    <UnitTestResult executionId="547d61c9-5314-447d-8e68-f243bc5aeeec" testId="83b200c1-d086-d079-2aa0-bfa32db43f21" testName="Base05.Tests.TlsTransportTests.客户端拒绝错误主机名" computerName="DESKTOP-4J13TH0" duration="00:00:00.2113261" startTime="2026-08-10T04:46:14.3576920+08:00" endTime="2026-08-10T04:46:14.5693378+08:00" testType="13cdc9d9-ddb5-4fa4-a97d-d965ccfc6d4b" outcome="Passed" testListId="8c84fa94-04c1-424b-9868-57a2d4851a1d" relativeResultsDirectory="547d61c9-5314-447d-8e68-f243bc5aeeec" />
    <UnitTestResult executionId="0a599cb2-7f88-4a8e-8712-b5cadb3a6a84" testId="7452378e-92c5-a84e-eb25-a7da64d6aecb" testName="Base05.Tests.GameShopStateTests.Info_packets_upsert_by_game_shop_index" computerName="DESKTOP-4J13TH0" duration="00:00:00.0020778" startTime="2026-08-10T04:45:12.3157059+08:00" endTime="2026-08-10T04:45:12.3170063+08:00" testType="13cdc9d9-ddb5-4fa4-a97d-d965ccfc6d4b" outcome="Passed" testListId="8c84fa94-04c1-424b-9868-57a2d4851a1d" relativeResultsDirectory="0a599cb2-7f88-4a8e-8712-b5cadb3a6a84" />
    <UnitTestResult executionId="c2bb1ac9-0985-415c-99d3-2251c274b6a0" testId="a10d6caf-f9a9-6d87-aebb-2f3117ed8563" testName="Base05.Tests.ResourceManifestTests.Validate_none_resource_accepts_absence_and_rejects_appearing_directory" computerName="DESKTOP-4J13TH0" duration="00:00:02.1572313" startTime="2026-08-10T04:45:36.8797041+08:00" endTime="2026-08-10T04:45:39.0366634+08:00" testType="13cdc9d9-ddb5-4fa4-a97d-d965ccfc6d4b" outcome="Passed" testListId="8c84fa94-04c1-424b-9868-57a2d4851a1d" relativeResultsDirectory="c2bb1ac9-0985-415c-99d3-2251c274b6a0" />
[...]
    <TestEntry testId="12d339e1-9692-b6a6-9465-0fb241c1b665" executionId="d40de0f7-e0c8-43ad-a55f-2adb9fb5b417" testListId="8c84fa94-04c1-424b-9868-57a2d4851a1d" />
    <TestEntry testId="8ddc91bb-1cc3-cc6c-efc8-c8ca31f3336f" executionId="e62924ce-fd54-4a45-b174-e5460a2cad37" testListId="8c84fa94-04c1-424b-9868-57a2d4851a1d" />
    <TestEntry testId="7f3e78c9-887a-d469-644c-f211c4a8a98e" executionId="de46f1b8-9371-4ea1-8e79-42284964a8ca" testListId="8c84fa94-04c1-424b-9868-57a2d4851a1d" />
    <TestEntry testId="1f6a3367-7801-f97b-7ceb-ad81844b7a65" executionId="b4be2e9f-3a01-45ae-86ee-e0542950480a" testListId="8c84fa94-04c1-424b-9868-57a2d4851a1d" />
    <TestEntry testId="c806d3c1-14b7-51b6-fb17-1daa570823de" executionId="4f3d47ed-257c-4d89-b5e3-f9435d214a3a" testListId="8c84fa94-04c1-424b-9868-57a2d4851a1d" />
    <TestEntry testId="3d021102-1249-1c1c-5e78-448b6ed2f1ef" executionId="2820a954-8db3-4532-9da4-6b3616e738af" testListId="8c84fa94-04c1-424b-9868-57a2d4851a1d" />
    <TestEntry testId="dca5658e-cbbb-b103-2bc1-77fad1ea05e8" executionId="00a9d3de-a10b-4842-9298-bf8e12da3d0a" testListId="8c84fa94-04c1-424b-9868-57a2d4851a1d" />
    <TestEntry testId="a0a77245-d40c-0e3b-c253-ee0b74d7a4bf" executionId="7a730c6a-7e9f-4c52-95fa-a59d24213f91" testListId="8c84fa94-04c1-424b-9868-57a2d4851a1d" />
    <TestEntry testId="8d6ff352-719b-543e-2474-f37ed5dd0505" executionId="5912ec72-4e45-441c-b7a8-3894f52b2dae" testListId="8c84fa94-04c1-424b-9868-57a2d4851a1d" />
    <TestEntry testId="66141843-9aa9-a625-f4b9-c6ae5a1b9881" executionId="f8992e1f-2fab-4a01-93f8-dc1be858b63b" testListId="8c84fa94-04c1-424b-9868-57a2d4851a1d" />
    <TestEntry testId="ec5cbaf7-1e84-bd50-12ae-9d2855700c22" executionId="c3106153-9d45-4568-81db-5d2d18bd1e45" testListId="8c84fa94-04c1-424b-9868-57a2d4851a1d" />
    <TestEntry testId="90d1e722-f313-056d-ff9e-24aa3cc5af1d" executionId="8774dd28-18f6-457a-8216-838771cced1e" testListId="8c84fa94-04c1-424b-9868-57a2d4851a1d" />
    <TestEntry testId="06ca9e6f-1038-2f50-b5c8-c792f27fb757" executionId="d13d32a4-22b7-4f35-8d81-3d614899a7c0" testListId="8c84fa94-04c1-424b-9868-57a2d4851a1d" />
    <TestEntry testId="fe817c85-1a0a-4bd1-0b42-b5c90a9ce81c" executionId="e1feea2b-51c7-46da-ad77-8f03887cf91e" testListId="8c84fa94-04c1-424b-9868-57a2d4851a1d" />
    <TestEntry testId="76144644-5b20-4190-7b1a-deeece20ecba" executionId="81389b42-4ecd-44d1-834a-ef84fd4c65de" testListId="8c84fa94-04c1-424b-9868-57a2d4851a1d" />
    <TestEntry testId="feb53cd4-1d92-9931-d8fe-0a99b3ddcafa" executionId="54282281-b5c7-412c-9fc6-b54a383bd3bd" testListId="8c84fa94-04c1-424b-9868-57a2d4851a1d" />
    <TestEntry testId="e362bea7-fb82-32b7-be9e-26864b081e5b" executionId="e4af013b-61d3-403d-9043-3177a08dc66d" testListId="8c84fa94-04c1-424b-9868-57a2d4851a1d" />
    <TestEntry testId="5908d694-6774-0663-776e-45b113d73c7c" executionId="72ef2f58-ef88-4d22-8f68-1f7801cb4566" testListId="8c84fa94-04c1-424b-9868-57a2d4851a1d" />
    <TestEntry testId="c4a89b5b-84b5-b318-ce31-c52c12037bde" executionId="abec9634-f955-41be-9eb2-0cb721b3e25a" testListId="8c84fa94-04c1-424b-9868-57a2d4851a1d" />
    <TestEntry testId="67b885bd-5e04-aa0a-6ec5-bfa3fb75f14d" executionId="1b81f7c5-3d55-4a4e-86ba-7d69ff934eed" testListId="8c84fa94-04c1-424b-9868-57a2d4851a1d" />
    <TestEntry testId="c31eddd0-4aa5-f2bf-3fee-9ffa0e21b7e8" executionId="3c6829e9-d453-4e3a-9344-84bc28e3893d" testListId="8c84fa94-04c1-424b-9868-57a2d4851a1d" />
    <TestEntry testId="b34cc1f8-affd-3623-fc13-7baec06ddb2f" executionId="0d1adb4e-a1d9-46ad-bf39-f05424d4c15c" testListId="8c84fa94-04c1-424b-9868-57a2d4851a1d" />
    <TestEntry testId="c6146a78-7689-35a0-b3f8-ec244daec2ac" executionId="bb8f45fe-c07b-49d3-b845-6a05144e3102" testListId="8c84fa94-04c1-424b-9868-57a2d4851a1d" />
    <TestEntry testId="50f8765c-7372-6f9d-785f-ccfba3b4d381" executionId="eaec8116-279c-4fbe-96c9-c2a60b6855e3" testListId="8c84fa94-04c1-424b-9868-57a2d4851a1d" />
    <TestEntry testId="b789395b-3de1-5bde-a2b6-29364d4d2d50" executionId="9d52c504-66e2-4e04-8a91-13b96b309766" testListId="8c84fa94-04c1-424b-9868-57a2d4851a1d" />
    <TestEntry testId="c0ee9917-f5d0-b443-7105-6560bca45411" executionId="47e9cba2-d2e9-495b-8056-cb4307fd4b17" testListId="8c84fa94-04c1-424b-9868-57a2d4851a1d" />
    <TestEntry testId="d0c54a98-0df3-f078-5aed-582b1dd0a9e8" executionId="b19b462b-3667-4a4b-b07d-0bdb4d18124b" testListId="8c84fa94-04c1-424b-9868-57a2d4851a1d" />
    <TestEntry testId="9b4a960d-7ae6-d0f8-88ce-90077436d0f6" executionId="5cd6c8a5-d14c-4a6c-9ead-42260db55095" testListId="8c84fa94-04c1-424b-9868-57a2d4851a1d" />
    <TestEntry testId="f4b3c55e-e7db-dbf2-5480-41d025655bcd" executionId="7660f714-73b8-4f93-98a6-3a4d00c7ac24" testListId="8c84fa94-04c1-424b-9868-57a2d4851a1d" />
    <TestEntry testId="6092de43-20c9-e79b-0073-5b2c03c6ca20" executionId="99026d7f-4444-43b8-bbfd-bb625ba5719b" testListId="8c84fa94-04c1-424b-9868-57a2d4851a1d" />
    <TestEntry testId="e5f87a27-58f6-7cde-cb47-8dca800c9c81" executionId="1ea92deb-4794-45b5-94f9-c9a4c0ba771e" testListId="8c84fa94-04c1-424b-9868-57a2d4851a1d" />
    <TestEntry testId="bff506c4-4f75-055d-ac09-087ba720adcb" executionId="40c432f3-4c75-4f65-a81c-a2f70ce42698" testListId="8c84fa94-04c1-424b-9868-57a2d4851a1d" />
    <TestEntry testId="baacc24c-0b3e-7eae-d209-1d58617e2a70" executionId="ba03d0c6-a22c-4d72-a0b5-edbc1b0d8284" testListId="8c84fa94-04c1-424b-9868-57a2d4851a1d" />
    <TestEntry testId="b3988077-5025-c4cc-828c-69b3583744a3" executionId="0e4d644d-62f3-4404-a8dc-be9f99e52d78" testListId="8c84fa94-04c1-424b-9868-57a2d4851a1d" />
    <TestEntry testId="7d1dd6c8-3f4e-99f9-24a3-3fb2f9b9aeb4" executionId="0ee5e996-1386-4988-856c-fc207c2ba969" testListId="8c84fa94-04c1-424b-9868-57a2d4851a1d" />
    <TestEntry testId="915d5683-19b0-20da-3727-1efec6064ba4" executionId="74732368-0de8-4350-a4a9-9f30d9370dd9" testListId="8c84fa94-04c1-424b-9868-57a2d4851a1d" />
    <TestEntry testId="2c670a03-4bc2-ad9f-75c3-0cc93677201a" executionId="b9bdb18e-552b-45d0-a515-cd25d717ff58" testListId="8c84fa94-04c1-424b-9868-57a2d4851a1d" />
    <TestEntry testId="6caafb8f-0b96-16a2-9012-2f3dee2e854f" executionId="96b1567d-fc04-4347-90e5-bb824bf96775" testListId="8c84fa94-04c1-424b-9868-57a2d4851a1d" />
    <TestEntry testId="be65c4eb-28f7-1401-6c73-3603e0a2e605" executionId="f3a38882-5a05-4400-a286-a8478216f909" testListId="8c84fa94-04c1-424b-9868-57a2d4851a1d" />
    <TestEntry testId="145d6814-39b9-8d03-eed1-920c90fe21aa" executionId="0a7f32f4-2425-439d-9522-397200bf2abf" testListId="8c84fa94-04c1-424b-9868-57a2d4851a1d" />
    <TestEntry testId="90d82a25-5d33-edf3-ce2f-38ff9c3cce67" executionId="25dde815-f8e3-442f-8ed5-39a7853a2ee2" testListId="8c84fa94-04c1-424b-9868-57a2d4851a1d" />
    <TestEntry testId="cd314ff4-bd23-4322-0a4c-40ddb3e7f208" executionId="fbd917de-ab6b-4fa5-abec-ab5a79010f92" testListId="8c84fa94-04c1-424b-9868-57a2d4851a1d" />
    <TestEntry testId="0bad9ae5-ed4b-61d0-430e-8892d41ba2b5" executionId="ecce2a5d-3377-4422-94f3-25887c156eda" testListId="8c84fa94-04c1-424b-9868-57a2d4851a1d" />
    <TestEntry testId="f3766362-236f-2373-1cd7-604798f5e06d" executionId="1a2b821d-c607-4399-80d8-b7940573ed08" testListId="8c84fa94-04c1-424b-9868-57a2d4851a1d" />
    <TestEntry testId="6c974134-fe8a-6eb5-3cd3-87faa8a9ec4d" executionId="5493f727-ab48-4207-a18d-727a0af340b5" testListId="8c84fa94-04c1-424b-9868-57a2d4851a1d" />
    <TestEntry testId="5bc2f1bd-2524-79e6-59f7-3ef660c36a33" executionId="95bbca5f-7f5b-4651-81b4-02d390820045" testListId="8c84fa94-04c1-424b-9868-57a2d4851a1d" />
    <TestEntry testId="b2d8bb06-6e55-9c8e-0c39-5974c02ec61f" executionId="1ea45785-ad6c-4d88-b77f-6b3a7acae0ce" testListId="8c84fa94-04c1-424b-9868-57a2d4851a1d" />
    <TestEntry testId="dd25192e-98b4-fd25-dcc0-3f3330635b52" executionId="c61f6660-19fc-4152-926f-d78d96a75acf" testListId="8c84fa94-04c1-424b-9868-57a2d4851a1d" />
    <TestEntry testId="58e674c8-a428-c31f-1d4a-b2771f2b4309" executionId="0c2d8dbd-8b5c-422e-bd6f-48bd9b277dbb" testListId="8c84fa94-04c1-424b-9868-57a2d4851a1d" />
    <TestEntry testId="d6fe1e6b-883b-2d05-22ca-16451d531a9e" executionId="29b40d1c-a0bb-479f-95f6-c4c07412d6fd" testListId="8c84fa94-04c1-424b-9868-57a2d4851a1d" />
    <TestEntry testId="b1d293ad-3863-8437-8204-338ec1e8636e" executionId="bd38680c-ca0c-4e48-940a-b94b1ddd8a3a" testListId="8c84fa94-04c1-424b-9868-57a2d4851a1d" />
    <TestEntry testId="c19e4bf7-3cdc-5b79-d801-204ab5cd3139" executionId="3af75793-e97a-4a87-a2be-4cc93d7d2d10" testListId="8c84fa94-04c1-424b-9868-57a2d4851a1d" />
    <TestEntry testId="6e0fff1a-894b-3ee9-eebf-ed67831d1893" executionId="002c0c65-ca36-4f3f-ae87-2a82198d67e3" testListId="8c84fa94-04c1-424b-9868-57a2d4851a1d" />
    <TestEntry testId="59d2ba03-90e2-0983-f23f-e02b515dafc9" executionId="86baf90c-32c8-46dc-ae49-f5b402a71d40" testListId="8c84fa94-04c1-424b-9868-57a2d4851a1d" />
    <TestEntry testId="8194d61a-56ee-2721-227a-1675247b0c44" executionId="edddb4c8-262c-407d-85db-5320eaac1ce8" testListId="8c84fa94-04c1-424b-9868-57a2d4851a1d" />
    <TestEntry testId="83411aa0-4b1c-0d27-264c-bef303bc3946" executionId="b1955d66-cbda-45a8-82cd-059ea8b6da7e" testListId="8c84fa94-04c1-424b-9868-57a2d4851a1d" />
    <TestEntry testId="c38276f0-187a-dfe9-3a73-1ce22b124450" executionId="0d208c6b-15c3-4099-8926-9ab188799318" testListId="8c84fa94-04c1-424b-9868-57a2d4851a1d" />
    <TestEntry testId="8a183943-6145-fd43-1af5-d5a3a7fc3fe2" executionId="d71ff46d-1a0e-41db-abd0-68bd25619a0b" testListId="8c84fa94-04c1-424b-9868-57a2d4851a1d" />
    <TestEntry testId="d463b17b-8f3f-a1a9-b3f0-5fbea8112753" executionId="c7a3e940-58fc-4d17-b2a6-c0e123074d8a" testListId="8c84fa94-04c1-424b-9868-57a2d4851a1d" />
    <TestEntry testId="1b95449f-742d-edf8-3bdb-fc59d4bcff56" executionId="9550c41f-f8fa-43df-b981-c93ac7539f64" testListId="8c84fa94-04c1-424b-9868-57a2d4851a1d" />
    <TestEntry testId="85a6dc25-1f48-da9d-bd5e-442cee4e1a11" executionId="70187529-46d5-4e7d-898b-07ac2fbe53f7" testListId="8c84fa94-04c1-424b-9868-57a2d4851a1d" />
    <TestEntry testId="68cd9c3b-60a8-c80d-2cfb-3e344a3851f2" executionId="f805f9e6-336a-417b-a587-30c1fe940679" testListId="8c84fa94-04c1-424b-9868-57a2d4851a1d" />
    <TestEntry testId="9cb56ac3-ae5f-3e87-2809-46dfb71030ef" executionId="ee0cae22-0ecc-459b-ba0d-85007427b596" testListId="8c84fa94-04c1-424b-9868-57a2d4851a1d" />
    <TestEntry testId="219e9bdd-41c0-ab4d-ff1a-29cdd4f108b8" executionId="32e41e5d-2a38-4f03-9226-e32b075fcfef" testListId="8c84fa94-04c1-424b-9868-57a2d4851a1d" />
    <TestEntry testId="e6ae1904-537b-e840-f8f3-290cacc1de9e" executionId="f7e6cc07-4a49-42cc-bc8f-eab505277b1f" testListId="8c84fa94-04c1-424b-9868-57a2d4851a1d" />
    <TestEntry testId="deffd72a-47bd-8c00-f2b1-204f652fbfe5" executionId="88fb768e-31b7-4333-ad75-48ad3d769d24" testListId="8c84fa94-04c1-424b-9868-57a2d4851a1d" />
    <TestEntry testId="ffee32f0-54ba-cecb-0c8c-661f5df84e95" executionId="e0315760-91bd-49dc-b49d-6ce5af0df501" testListId="8c84fa94-04c1-424b-9868-57a2d4851a1d" />
    <TestEntry testId="edd53d16-dd91-66ab-91a2-9fc4267c131a" executionId="57677573-535f-4664-bab6-f8129249d942" testListId="8c84fa94-04c1-424b-9868-57a2d4851a1d" />
    <TestEntry testId="c549cde4-e597-a166-cf24-2dff957e51dd" executionId="285ebfb5-b813-46f2-9461-5a32d9906f26" testListId="8c84fa94-04c1-424b-9868-57a2d4851a1d" />
    <TestEntry testId="b08a92ae-83a8-ef90-c10b-c0425d5c155d" executionId="6c20d4fc-32c3-43fa-b513-40a6dee7fa17" testListId="8c84fa94-04c1-424b-9868-57a2d4851a1d" />
    <TestEntry testId="45cbbb74-7fcd-c4d4-5d5c-51faf1a4433e" executionId="f10dd7e9-9a53-488a-9f68-1641f5ddbdf2" testListId="8c84fa94-04c1-424b-9868-57a2d4851a1d" />
    <TestEntry testId="d69e217e-57b7-2cb1-285d-35face2d0a27" executionId="d5fd6714-9351-4692-b5ca-cb74e7838768" testListId="8c84fa94-04c1-424b-9868-57a2d4851a1d" />
    <TestEntry testId="33ffd294-9dd2-6b45-24a0-84aad23e4d5c" executionId="e638b39e-e440-43e3-af5f-46fdae3d4633" testListId="8c84fa94-04c1-424b-9868-57a2d4851a1d" />
    <TestEntry testId="3291ef47-a56c-56e9-f94f-cd5c488f6f51" executionId="61eca9c2-b878-43ba-975e-89d10be12c6c" testListId="8c84fa94-04c1-424b-9868-57a2d4851a1d" />
    <TestEntry testId="2141fe34-414e-d511-d1ce-d04ff30c4c08" executionId="51bf9947-0a33-4184-aec5-8f1c77c32b66" testListId="8c84fa94-04c1-424b-9868-57a2d4851a1d" />
    <TestEntry testId="6b34aa86-7c2c-d3e2-cc86-74f6ae57182d" executionId="11298d29-7bf6-4b2b-9a75-3864550d30bd" testListId="8c84fa94-04c1-424b-9868-57a2d4851a1d" />
    <TestEntry testId="2ee74377-2c65-10f8-b20d-38caf8a32dbd" executionId="6764776c-4f80-4a73-bb09-42ef39dd71ba" testListId="8c84fa94-04c1-424b-9868-57a2d4851a1d" />
    <TestEntry testId="04a0a42f-77d5-ebb8-6974-de432681b736" executionId="963ef5d7-d22b-4ab2-abc5-6bfc4ec4f8a6" testListId="8c84fa94-04c1-424b-9868-57a2d4851a1d" />
    <TestEntry testId="1af6ce68-9795-44d3-1684-43057827bbd7" executionId="8fcc7f93-9ef1-444c-9dd0-d71dca1b18d0" testListId="8c84fa94-04c1-424b-9868-57a2d4851a1d" />
    <TestEntry testId="97ead320-7ea5-48a9-acb8-bb33fbe0babf" executionId="5f2d9699-5a1e-4919-9a2b-29403c05cc46" testListId="8c84fa94-04c1-424b-9868-57a2d4851a1d" />
    <TestEntry testId="f5ca7763-3671-3918-36b8-bb7fd994cbf8" executionId="8df3cd04-08c2-4ce6-a5b0-66b58fd17675" testListId="8c84fa94-04c1-424b-9868-57a2d4851a1d" />
    <TestEntry testId="6e9b2b47-d110-0ecf-cd19-579f8f564d7e" executionId="ebe23f1c-43e4-46e4-b1b4-2160c7e08b72" testListId="8c84fa94-04c1-424b-9868-57a2d4851a1d" />
    <TestEntry testId="0a59a76e-0168-3c6d-060f-4627710e70a8" executionId="b5d6c48f-905a-43cf-9f20-671a889ca4c2" testListId="8c84fa94-04c1-424b-9868-57a2d4851a1d" />
    <TestEntry testId="ab650e33-b3b1-cbe0-47fd-4a2728d8cf1a" executionId="73b4b8dc-abed-4199-b1c3-50d0b8b83e82" testListId="8c84fa94-04c1-424b-9868-57a2d4851a1d" />
    <TestEntry testId="68a5fec6-a282-200f-0623-e96c8305d46f" executionId="5c05a3bd-be69-4ef4-bc70-ee5de7d51196" testListId="8c84fa94-04c1-424b-9868-57a2d4851a1d" />
    <TestEntry testId="04209c1d-3dd0-4292-fe16-8f4118d76427" executionId="07c652bb-3f29-4cd5-84c6-e99d4b236c3f" testListId="8c84fa94-04c1-424b-9868-57a2d4851a1d" />
    <TestEntry testId="c0d553de-a287-a997-9adf-dddddb768ae2" executionId="57f68c3b-2874-48f7-b0e8-955acb7a9963" testListId="8c84fa94-04c1-424b-9868-57a2d4851a1d" />
    <TestEntry testId="30b1f8ad-9b51-d81f-3275-fed61f747379" executionId="a60c3636-2645-4f1e-bfb2-00589ac3eefc" testListId="8c84fa94-04c1-424b-9868-57a2d4851a1d" />
    <TestEntry testId="759c1512-89e1-5257-c48c-0da3adfc0de8" executionId="6677bf83-289b-467f-aade-a0ee0d2f4413" testListId="8c84fa94-04c1-424b-9868-57a2d4851a1d" />
    <TestEntry testId="5d3bd46f-3383-3fff-645b-cc9a1c1781cd" executionId="a039933c-a674-42df-a248-43bc2e999a8f" testListId="8c84fa94-04c1-424b-9868-57a2d4851a1d" />
    <TestEntry testId="78726432-c9f5-d88f-6cee-5f27981de410" executionId="9a20f7a1-be96-44aa-8f8b-1ed865178dc4" testListId="8c84fa94-04c1-424b-9868-57a2d4851a1d" />
    <TestEntry testId="3716e1ac-3210-dcb4-0e0f-81276bb98363" executionId="8cca91d8-d586-40a1-8d93-5021b494ad91" testListId="8c84fa94-04c1-424b-9868-57a2d4851a1d" />
    <TestEntry testId="86be25b3-ee83-d9ed-f82d-207317c27e7e" executionId="f7fe2bd4-fceb-4287-95b9-b876e0dc5cda" testListId="8c84fa94-04c1-424b-9868-57a2d4851a1d" />
    <TestEntry testId="7ebe1f54-8157-e9c4-f574-4c0870323b03" executionId="bf945d9e-944b-4fe2-b73e-7689bb5dceac" testListId="8c84fa94-04c1-424b-9868-57a2d4851a1d" />
    <TestEntry testId="f89b56ff-1e37-540c-1201-081d1971fbc9" executionId="acc83e61-e778-48ed-8fc8-c745aa50e535" testListId="8c84fa94-04c1-424b-9868-57a2d4851a1d" />
    <TestEntry testId="91ae3eba-6836-4558-9493-7ae0a96bb8eb" executionId="80960b99-bc2e-47ca-a055-72d2ebb56ea2" testListId="8c84fa94-04c1-424b-9868-57a2d4851a1d" />
    <TestEntry testId="c42c0619-1b11-89b9-8fd5-6f0dcb9e096d" executionId="9802c848-af30-4744-b644-a7f4b7d2eb4a" testListId="8c84fa94-04c1-424b-9868-57a2d4851a1d" />
    <TestEntry testId="1ba3e4bb-9850-6c71-04c1-d5e65c105dd4" executionId="4634f3b1-385c-4836-bce7-fa794598d8c8" testListId="8c84fa94-04c1-424b-9868-57a2d4851a1d" />
    <TestEntry testId="919559d0-3e75-c39e-b695-08ce2452fef0" executionId="8658b1d5-325d-40c0-a2b3-2ad75034d6a4" testListId="8c84fa94-04c1-424b-9868-57a2d4851a1d" />
    <TestEntry testId="dfcf22da-8c4b-7210-990e-d4c08d2c4161" executionId="b60afd7f-5720-4947-8e26-d93c8f1e069d" testListId="8c84fa94-04c1-424b-9868-57a2d4851a1d" />
    <TestEntry testId="286184d1-6853-d753-fb1b-fd6e23e3d185" executionId="32386f21-0e79-4a7c-b383-190cfa4ea0cf" testListId="8c84fa94-04c1-424b-9868-57a2d4851a1d" />
    <TestEntry testId="720c5efe-99e1-4646-7e51-8eaf2a8ebc5b" executionId="98a46ef9-5f1f-4718-bc50-d8ca6ee61dca" testListId="8c84fa94-04c1-424b-9868-57a2d4851a1d" />
    <TestEntry testId="4af3dcda-9787-c491-e899-f98e526dea43" executionId="3cda131c-4c2f-44f2-8e46-2f746fba61f2" testListId="8c84fa94-04c1-424b-9868-57a2d4851a1d" />
    <TestEntry testId="22678f19-f1cc-fd11-52a6-f5dc3a6052d7" executionId="3d3cfbec-2c1c-454b-8c7c-c902e16853ae" testListId="8c84fa94-04c1-424b-9868-57a2d4851a1d" />
    <TestEntry testId="1a30207b-7fe6-e64b-5cb2-1cff84a7a654" executionId="944fd01e-1d16-4145-84a0-3c9138c2d54e" testListId="8c84fa94-04c1-424b-9868-57a2d4851a1d" />
    <TestEntry testId="cef02f1b-1b24-a779-d829-ed9e1e55854a" executionId="0983487b-5305-4225-913a-731062f7efce" testListId="8c84fa94-04c1-424b-9868-57a2d4851a1d" />
    <TestEntry testId="2a5ce395-1da7-a256-529a-cc81beaf2348" executionId="fa424a26-df71-4355-a544-a60526713ce9" testListId="8c84fa94-04c1-424b-9868-57a2d4851a1d" />
    <TestEntry testId="d9d8f03c-7dff-e795-6397-592b847fc10d" executionId="a03f59f3-69b7-49b1-be68-b9cabdd0ae2f" testListId="8c84fa94-04c1-424b-9868-57a2d4851a1d" />
    <TestEntry testId="e7ef547b-60a6-53fa-3277-d57a3d86a3e7" executionId="477fa333-14bd-4028-8bed-107704aa0afc" testListId="8c84fa94-04c1-424b-9868-57a2d4851a1d" />
    <TestEntry testId="5f593db7-d0ec-0f4e-0a60-e1a2be968f10" executionId="ff8100bf-8800-47cd-bae2-2b0c3a695145" testListId="8c84fa94-04c1-424b-9868-57a2d4851a1d" />
  </TestEntries>
  <TestLists>
    <TestList name="列表中未列出的结果" id="8c84fa94-04c1-424b-9868-57a2d4851a1d" />
    <TestList name="所有已加载的结果" id="19431567-8539-422a-85d7-44ee4e166bda" />
  </TestLists>
  <ResultSummary outcome="Completed">
    <Counters total="316" executed="316" passed="316" failed="0" error="0" timeout="0" aborted="0" inconclusive="0" passedButRunAborted="0" notRunnable="0" notExecuted="0" disconnected="0" warning="0" completed="0" inProgress="0" pending="0" />
    <Output>
      <StdOut>[xUnit.net 00:00:00.00] xUnit.net VSTest Adapter v3.0.2+dd36e86129 (64-bit .NET 10.0.4)&#xD;
[xUnit.net 00:00:00.11]   Discovering: Base05.Tests&#xD;
[xUnit.net 00:00:00.20]   Discovered:  Base05.Tests&#xD;
[xUnit.net 00:00:00.25]   Starting:    Base05.Tests&#xD;
��ʱ����Ŀ¼����ʧ�ܣ�����·����C:\Users\luo\AppData\Local\Temp\lyocrystal-c3-d4539d5d38f8423690a01d9c54c04262��IOException��&#xD;
��ʱ����Ŀ¼����ʧ�ܣ�����·����C:\Users\luo\AppData\Local\Temp\lyocrystal-c3-6f7feee79d2a4fe5ac058a16d8021f5b��IOException��&#xD;
��ʱ����Ŀ¼����ʧ�ܣ�����·����C:\Users\luo\AppData\Local\Temp\lyocrystal-c3-8d6f9a809af24d04aa804be05b0b754b��IOException��&#xD;
��ʱ����Ŀ¼����ʧ�ܣ�����·����C:\Users\luo\AppData\Local\Temp\lyocrystal-c3-6823e43f7711400cbefc6f6c12c9669f��IOException��&#xD;
��ʱ����Ŀ¼����ʧ�ܣ�����·����C:\Users\luo\AppData\Local\Temp\lyocrystal-c3-31e31ccbf0814a72a6c25e34dbc3a283��IOException��&#xD;
��ʱ����Ŀ¼����ʧ�ܣ�����·����C:\Users\luo\AppData\Local\Temp\lyocrystal-c3-f1aea630477e41acafb0dca7dfabe526��IOException��&#xD;
��ʱ����Ŀ¼����ʧ�ܣ�����·����C:\Users\luo\AppData\Local\Temp\lyocrystal-c3-999772a3bb1f4025aacb3feb41c24974��IOException��&#xD;
[xUnit.net 00:01:10.74]   Finished:    Base05.Tests&#xD;
</StdOut>
    </Output>
  </ResultSummary>
</TestRun>