<?xml version="1.0" encoding="utf-8"?>
<TestRun id="e4b34260-fcc1-442a-b133-c80dee8e87ee" name="luo@DESKTOP-4J13TH0 2026-08-10 12:26:47" runUser="DESKTOP-4J13TH0\luo" xmlns="http://microsoft.com/schemas/VisualStudio/TeamTest/2010">
  <Times creation="2026-08-10T12:26:47.7065465+08:00" queuing="2026-08-10T12:26:47.7065468+08:00" start="2026-08-10T12:26:46.6590731+08:00" finish="2026-08-10T12:28:09.2353115+08:00" />
  <TestSettings name="default" id="03af625b-3faf-4b54-a647-37d32d218e22">
    <Deployment runDeploymentRoot="luo_DESKTOP-4J13TH0_2026-08-10_12_26_47" />
  </TestSettings>
  <Results>
    <UnitTestResult executionId="b4cf2933-b7a6-4a91-aec8-f66fb4ecb6c2" testId="d47871e1-47b2-6081-5bbb-326c0640a6e1" testName="Base05.Tests.BootstrapManifestSignatureTests.低序列与同序列不同资源版本均拒绝降级" computerName="DESKTOP-4J13TH0" duration="00:00:00.0075935" startTime="2026-08-10T12:26:47.8527643+08:00" endTime="2026-08-10T12:26:47.8601816+08:00" testType="13cdc9d9-ddb5-4fa4-a97d-d965ccfc6d4b" outcome="Passed" testListId="8c84fa94-04c1-424b-9868-57a2d4851a1d" relativeResultsDirectory="b4cf2933-b7a6-4a91-aec8-f66fb4ecb6c2" />
    <UnitTestResult executionId="902b98fe-cbc4-488a-8feb-b2c419e657c2" testId="deffd72a-47bd-8c00-f2b1-204f652fbfe5" testName="Base05.Tests.MySqlSwitchPolicyTests.任一持续门槛达到时进入迁移规划(trigger: &quot;size&quot;)" computerName="DESKTOP-4J13TH0" duration="00:00:00.0000531" startTime="2026-08-10T12:28:08.8514191+08:00" endTime="2026-08-10T12:28:08.8514441+08:00" testType="13cdc9d9-ddb5-4fa4-a97d-d965ccfc6d4b" outcome="Passed" testListId="8c84fa94-04c1-424b-9868-57a2d4851a1d" relativeResultsDirectory="902b98fe-cbc4-488a-8feb-b2c419e657c2" />
    <UnitTestResult executionId="53e14a22-b562-4d58-a518-7d8c74e795c7" testId="9b4a960d-7ae6-d0f8-88ce-90077436d0f6" testName="Base05.Tests.MobileMarriageStateTests.Lover_update_tracks_online_offline_and_empty_update_removes_relationship" computerName="DESKTOP-4J13TH0" duration="00:00:00.0052671" startTime="2026-08-10T12:26:47.7566899+08:00" endTime="2026-08-10T12:26:47.7583502+08:00" testType="13cdc9d9-ddb5-4fa4-a97d-d965ccfc6d4b" outcome="Passed" testListId="8c84fa94-04c1-424b-9868-57a2d4851a1d" relativeResultsDirectory="53e14a22-b562-4d58-a518-7d8c74e795c7" />
    <UnitTestResult executionId="733db73c-f256-4650-a114-e718bc294510" testId="fdaf9c5a-f65b-64eb-8f32-753bdc150b4e" testName="Base05.Tests.LoginProtectionTests.封禁到期后重新开始干净窗口" computerName="DESKTOP-4J13TH0" duration="00:00:00.0002538" startTime="2026-08-10T12:28:01.4194196+08:00" endTime="2026-08-10T12:28:01.4195720+08:00" testType="13cdc9d9-ddb5-4fa4-a97d-d965ccfc6d4b" outcome="Passed" testListId="8c84fa94-04c1-424b-9868-57a2d4851a1d" relativeResultsDirectory="733db73c-f256-4650-a114-e718bc294510" />
    <UnitTestResult executionId="f28c2c3f-5ed2-4bbd-8810-e6fc3060a97c" testId="f5ca7763-3671-3918-36b8-bb7fd994cbf8" testName="Base05.Tests.TlsTransportTests.客户端TLS策略要求目标主机并默认严格校验证书" computerName="DESKTOP-4J13TH0" duration="00:00:00.0034004" startTime="2026-08-10T12:27:59.6043682+08:00" endTime="2026-08-10T12:27:59.6077513+08:00" testType="13cdc9d9-ddb5-4fa4-a97d-d965ccfc6d4b" outcome="Passed" testListId="8c84fa94-04c1-424b-9868-57a2d4851a1d" relativeResultsDirectory="f28c2c3f-5ed2-4bbd-8810-e6fc3060a97c" />
    <UnitTestResult executionId="8b3dc74a-8af5-417c-8bcb-124425843781" testId="43b42092-e48f-8d94-a7bf-a872ca5a6a61" testName="Base05.Tests.MobileFishingStateTests.Auto_cast_keeps_last_intent_until_explicit_toggle_or_transition" computerName="DESKTOP-4J13TH0" duration="00:00:00.0011712" startTime="2026-08-10T12:26:47.7495430+08:00" endTime="2026-08-10T12:26:47.7529455+08:00" testType="13cdc9d9-ddb5-4fa4-a97d-d965ccfc6d4b" outcome="Passed" testListId="8c84fa94-04c1-424b-9868-57a2d4851a1d" relativeResultsDirectory="8b3dc74a-8af5-417c-8bcb-124425843781" />
    <UnitTestResult executionId="5f3a7765-e559-4501-9cc0-6536ba6c30be" testId="8d3bf058-0d8c-2483-1ce6-26efcab0d5ee" testName="Base05.Tests.MobileSealRentalStateTests.Remote_cancel_accepts_server_retrieve_while_no_local_retrieve_is_pending" computerName="DESKTOP-4J13TH0" duration="00:00:00.0003222" startTime="2026-08-10T12:26:47.7853666+08:00" endTime="2026-08-10T12:26:47.7856091+08:00" testType="13cdc9d9-ddb5-4fa4-a97d-d965ccfc6d4b" outcome="Passed" testListId="8c84fa94-04c1-424b-9868-57a2d4851a1d" relativeResultsDirectory="5f3a7765-e559-4501-9cc0-6536ba6c30be" />
    <UnitTestResult executionId="d209013c-6597-431c-9559-64ad1a250582" testId="05d12e32-0e0c-0ea1-80ca-267dbfac3e27" testName="Base05.Tests.MobileFishingStateTests.Fishing_usage_probe_smoke_projects_cast_request_and_server_update_to_ui_values" computerName="DESKTOP-4J13TH0" duration="00:00:00.0005599" startTime="2026-08-10T12:26:47.7647901+08:00" endTime="2026-08-10T12:26:47.7648522+08:00" testType="13cdc9d9-ddb5-4fa4-a97d-d965ccfc6d4b" outcome="Passed" testListId="8c84fa94-04c1-424b-9868-57a2d4851a1d" relativeResultsDirectory="d209013c-6597-431c-9559-64ad1a250582" />
    <UnitTestResult executionId="7cb8d74a-52cd-4698-a4a1-03e663921599" testId="7452378e-92c5-a84e-eb25-a7da64d6aecb" testName="Base05.Tests.GameShopStateTests.Info_packets_upsert_by_game_shop_index" computerName="DESKTOP-4J13TH0" duration="00:00:00.0136720" startTime="2026-08-10T12:26:47.6042732+08:00" endTime="2026-08-10T12:26:47.6439458+08:00" testType="13cdc9d9-ddb5-4fa4-a97d-d965ccfc6d4b" outcome="Passed" testListId="8c84fa94-04c1-424b-9868-57a2d4851a1d" relativeResultsDirectory="7cb8d74a-52cd-4698-a4a1-03e663921599" />
    <UnitTestResult executionId="02e42275-feba-488c-82f1-a2442adc882d" testId="a10d6caf-f9a9-6d87-aebb-2f3117ed8563" testName="Base05.Tests.ResourceManifestTests.Validate_none_resource_accepts_absence_and_rejects_appearing_directory" computerName="DESKTOP-4J13TH0" duration="00:00:01.8610101" startTime="2026-08-10T12:27:12.7038527+08:00" endTime="2026-08-10T12:27:14.5644988+08:00" testType="13cdc9d9-ddb5-4fa4-a97d-d965ccfc6d4b" outcome="Passed" testListId="8c84fa94-04c1-424b-9868-57a2d4851a1d" relativeResultsDirectory="02e42275-feba-488c-82f1-a2442adc882d" />
    <UnitTestResult executionId="0d476f16-8858-41ce-98f3-2341a0f318cd" testId="bff506c4-4f75-055d-ac09-087ba720adcb" testName="Base05.Tests.ProductionRpoPolicyTests.正式保存间隔接受一分钟和五分钟边界(minutes: 5)" computerName="DESKTOP-4J13TH0" duration="00:00:00.0005199" startTime="2026-08-10T12:26:47.7404521+08:00" endTime="2026-08-10T12:26:47.7483125+08:00" testType="13cdc9d9-ddb5-4fa4-a97d-d965ccfc6d4b" outcome="Passed" testListId="8c84fa94-04c1-424b-9868-57a2d4851a1d" relativeResultsDirectory="0d476f16-8858-41ce-98f3-2341a0f318cd" />
    <UnitTestResult executionId="b722175e-dc06-471b-8e61-cf9235412770" testId="5bc2f1bd-2524-79e6-59f7-3ef660c36a33" testName="Base05.Tests.MobileMentorStateTests.Session_reset_discards_partner_requests_and_errors" computerName="DESKTOP-4J13TH0" duration="00:00:00.0132952" startTime="2026-08-10T12:26:47.7014701+08:00" endTime="2026-08-10T12:26:47.7298032+08:00" testType="13cdc9d9-ddb5-4fa4-a97d-d965ccfc6d4b" outcome="Passed" testListId="8c84fa94-04c1-424b-9868-57a2d4851a1d" relativeResultsDirectory="b722175e-dc06-471b-8e61-cf9235412770" />
    <UnitTestResult executionId="ab0aaeef-48ec-453e-b5b4-4a6de308e5fe" testId="920ce427-c15e-1022-28cc-ca56b07d4c3d" testName="Base05.Tests.ServerLifecycleSmokeTests.Sqlite最终保存已排空时资源清理不再追加商品保存" computerName="DESKTOP-4J13TH0" duration="00:00:00.0083823" startTime="2026-08-10T12:27:33.7524743+08:00" endTime="2026-08-10T12:27:33.7607551+08:00" testType="13cdc9d9-ddb5-4fa4-a97d-d965ccfc6d4b" outcome="Passed" testListId="8c84fa94-04c1-424b-9868-57a2d4851a1d" relativeResultsDirectory="ab0aaeef-48ec-453e-b5b4-4a6de308e5fe" />
    <UnitTestResult executionId="f3caf84b-3dc5-4b05-be18-e5e51e91e4fe" testId="7d1dd6c8-3f4e-99f9-24a3-3fb2f9b9aeb4" testName="Base05.Tests.Sec01LoginTransactionTests.HTTPLogin主线程投递超时会取消排队事务且不延迟修改账户" computerName="DESKTOP-4J13TH0" duration="00:00:00.2066506" startTime="2026-08-10T12:26:48.3743831+08:00" endTime="2026-08-10T12:26:48.5812319+08:00" testType="13cdc9d9-ddb5-4fa4-a97d-d965ccfc6d4b" outcome="Passed" testListId="8c84fa94-04c1-424b-9868-57a2d4851a1d" relativeResultsDirectory="f3caf84b-3dc5-4b05-be18-e5e51e91e4fe" />
    <UnitTestResult executionId="3745feea-e042-477d-965c-d4bf81677200" testId="cef02f1b-1b24-a779-d829-ed9e1e55854a" testName="Base05.Tests.MobileFishingStateTests.Authoritative_no_rod_snapshot_preserves_intent_until_new_rod_can_be_disabled" computerName="DESKTOP-4J13TH0" duration="00:00:00.0019352" startTime="2026-08-10T12:26:47.7362078+08:00" endTime="2026-08-10T12:26:47.7386090+08:00" testType="13cdc9d9-ddb5-4fa4-a97d-d965ccfc6d4b" outcome="Passed" testListId="8c84fa94-04c1-424b-9868-57a2d4851a1d" relativeResultsDirectory="3745feea-e042-477d-965c-d4bf81677200" />
    <UnitTestResult executionId="e707ec4b-7c14-4eee-b0ce-c8c5792f5e74" testId="219e9bdd-41c0-ab4d-ff1a-29cdd4f108b8" testName="Base05.Tests.MySqlSwitchPolicyTests.任一持续门槛达到时进入迁移规划(trigger: &quot;failure&quot;)" computerName="DESKTOP-4J13TH0" duration="00:00:00.0002824" startTime="2026-08-10T12:28:08.8510338+08:00" endTime="2026-08-10T12:28:08.8512433+08:00" testType="13cdc9d9-ddb5-4fa4-a97d-d965ccfc6d4b" outcome="Passed" testListId="8c84fa94-04c1-424b-9868-57a2d4851a1d" relativeResultsDirectory="e707ec4b-7c14-4eee-b0ce-c8c5792f5e74" />
    <UnitTestResult executionId="293c5546-1443-496c-92bf-4a314c52d951" testId="c63acc6b-85ad-cfb9-6342-0fb769fa6dc7" testName="Base05.Tests.AdminSecurityTests.独立令牌映射角色且操作员不能执行高权限操作" computerName="DESKTOP-4J13TH0" duration="00:00:00.0042386" startTime="2026-08-10T12:28:04.4225443+08:00" endTime="2026-08-10T12:28:04.4267215+08:00" testType="13cdc9d9-ddb5-4fa4-a97d-d965ccfc6d4b" outcome="Passed" testListId="8c84fa94-04c1-424b-9868-57a2d4851a1d" relativeResultsDirectory="293c5546-1443-496c-92bf-4a314c52d951" />
    <UnitTestResult executionId="912c69da-d0d5-4b8d-a2dc-aec2abf7ceef" testId="9e4ba95d-c6e3-6a19-e0de-07cf23533e13" testName="Base05.Tests.PasswordStoragePolicyTests.客户端加载和保存密码策略始终为空且不记住密码" computerName="DESKTOP-4J13TH0" duration="00:00:00.0028165" startTime="2026-08-10T12:26:47.8220809+08:00" endTime="2026-08-10T12:26:47.8229428+08:00" testType="13cdc9d9-ddb5-4fa4-a97d-d965ccfc6d4b" outcome="Passed" testListId="8c84fa94-04c1-424b-9868-57a2d4851a1d" relativeResultsDirectory="912c69da-d0d5-4b8d-a2dc-aec2abf7ceef" />
    <UnitTestResult executionId="ebf6f6fb-cf09-4c3b-918b-6a1a4b6edfe6" testId="211eeb6a-af2b-9d6d-8b30-19c48f60835b" testName="Base05.Tests.PerformanceMetricsTests.EnabledMetricsCapturePercentilesAndExport" computerName="DESKTOP-4J13TH0" duration="00:00:00.0033523" startTime="2026-08-10T12:28:01.6456341+08:00" endTime="2026-08-10T12:28:01.6489695+08:00" testType="13cdc9d9-ddb5-4fa4-a97d-d965ccfc6d4b" outcome="Passed" testListId="8c84fa94-04c1-424b-9868-57a2d4851a1d" relativeResultsDirectory="ebf6f6fb-cf09-4c3b-918b-6a1a4b6edfe6" />
    <UnitTestResult executionId="8b209196-611c-4a3e-bf18-9558fcc6743c" testId="c806d3c1-14b7-51b6-fb17-1daa570823de" testName="Base05.Tests.ResourceManifestTests.Manifest_contract_fails_closed_for_empty_resources_required_none_skip_and_wrong_entrypoint" computerName="DESKTOP-4J13TH0" duration="00:00:09.3994769" startTime="2026-08-10T12:27:03.3042493+08:00" endTime="2026-08-10T12:27:12.7033515+08:00" testType="13cdc9d9-ddb5-4fa4-a97d-d965ccfc6d4b" outcome="Passed" testListId="8c84fa94-04c1-424b-9868-57a2d4851a1d" relativeResultsDirectory="8b209196-611c-4a3e-bf18-9558fcc6743c" />
    <UnitTestResult executionId="d8abcf7d-a3e4-4723-a57e-01635381f1aa" testId="c7947863-e951-5d42-6fbb-88e7b7a25dae" testName="Base05.Tests.PasswordSecurityTests.新密码使用Argon2id_PH格式并可验证" computerName="DESKTOP-4J13TH0" duration="00:00:00.5526686" startTime="2026-08-10T12:26:48.9733434+08:00" endTime="2026-08-10T12:26:49.5247623+08:00" testType="13cdc9d9-ddb5-4fa4-a97d-d965ccfc6d4b" outcome="Passed" testListId="8c84fa94-04c1-424b-9868-57a2d4851a1d" relativeResultsDirectory="d8abcf7d-a3e4-4723-a57e-01635381f1aa" />
    <UnitTestResult executionId="91ed302e-9f8d-41f7-8eb4-d52220c7652b" testId="8194d61a-56ee-2721-227a-1675247b0c44" testName="Base05.Tests.MySqlSwitchPolicyTests.可用第二卷时生成授权并允许正式MySQL选择" computerName="DESKTOP-4J13TH0" duration="00:00:00.0512451" startTime="2026-08-10T12:28:09.0733056+08:00" endTime="2026-08-10T12:28:09.1244760+08:00" testType="13cdc9d9-ddb5-4fa4-a97d-d965ccfc6d4b" outcome="Passed" testListId="8c84fa94-04c1-424b-9868-57a2d4851a1d" relativeResultsDirectory="91ed302e-9f8d-41f7-8eb4-d52220c7652b" />
    <UnitTestResult executionId="b82f6f23-f49b-41ed-8308-a8c4d50311a9" testId="5f8c2132-b2fa-0993-9deb-57c5e01bf72f" testName="Base05.Tests.PerformanceMetricsTests.EnvironmentDisableEndsPreviousSessionAndKeepsExport" computerName="DESKTOP-4J13TH0" duration="00:00:00.0040025" startTime="2026-08-10T12:28:01.6401557+08:00" endTime="2026-08-10T12:28:01.6441141+08:00" testType="13cdc9d9-ddb5-4fa4-a97d-d965ccfc6d4b" outcome="Passed" testListId="8c84fa94-04c1-424b-9868-57a2d4851a1d" relativeResultsDirectory="b82f6f23-f49b-41ed-8308-a8c4d50311a9" />
    <UnitTestResult executionId="be981e74-d9fa-469f-aa65-c2bb3255d784" testId="89e537c9-509e-f330-21a8-73f320c01656" testName="Base05.Tests.MobileSealRentalStateTests.Server_rental_request_failure_chats_clear_pending_and_keep_failure_domain(message: &quot;死亡时无法租用物品&quot;)" computerName="DESKTOP-4J13TH0" duration="00:00:00.0053327" startTime="2026-08-10T12:26:47.7670084+08:00" endTime="2026-08-10T12:26:47.7730960+08:00" testType="13cdc9d9-ddb5-4fa4-a97d-d965ccfc6d4b" outcome="Passed" testListId="8c84fa94-04c1-424b-9868-57a2d4851a1d" relativeResultsDirectory="be981e74-d9fa-469f-aa65-c2bb3255d784" />
    <UnitTestResult executionId="58d50561-eb73-4ec1-80b8-a43089a52fd9" testId="c38276f0-187a-dfe9-3a73-1ce22b124450" testName="Base05.Tests.MobileActivityStateTests.Reward_selection_filters_candidates_but_submits_original_index" computerName="DESKTOP-4J13TH0" duration="00:00:00.0316448" startTime="2026-08-10T12:26:47.7384315+08:00" endTime="2026-08-10T12:26:47.7769611+08:00" testType="13cdc9d9-ddb5-4fa4-a97d-d965ccfc6d4b" outcome="Passed" testListId="8c84fa94-04c1-424b-9868-57a2d4851a1d" relativeResultsDirectory="58d50561-eb73-4ec1-80b8-a43089a52fd9" />
    <UnitTestResult executionId="dc89fa5a-933d-4f79-93f7-e16ffd0fa238" testId="0a59a76e-0168-3c6d-060f-4627710e70a8" testName="Base05.Tests.SqliteBackupServiceTests.自动服务启动后立即生成首份备份" computerName="DESKTOP-4J13TH0" duration="00:00:00.1721587" startTime="2026-08-10T12:26:48.2120437+08:00" endTime="2026-08-10T12:26:48.3840369+08:00" testType="13cdc9d9-ddb5-4fa4-a97d-d965ccfc6d4b" outcome="Passed" testListId="8c84fa94-04c1-424b-9868-57a2d4851a1d" relativeResultsDirectory="dc89fa5a-933d-4f79-93f7-e16ffd0fa238" />
    <UnitTestResult executionId="576558a4-1253-49e0-98f1-f7f792f5d094" testId="8cd75084-a9dc-8564-4017-f675b7841737" testName="Base05.Tests.MobileSealRentalStateTests.Seal_failure_and_timeout_keep_retryable_selection" computerName="DESKTOP-4J13TH0" duration="00:00:00.0007671" startTime="2026-08-10T12:26:47.7774992+08:00" endTime="2026-08-10T12:26:47.7781268+08:00" testType="13cdc9d9-ddb5-4fa4-a97d-d965ccfc6d4b" outcome="Passed" testListId="8c84fa94-04c1-424b-9868-57a2d4851a1d" relativeResultsDirectory="576558a4-1253-49e0-98f1-f7f792f5d094" />
    <UnitTestResult executionId="3189e10e-a594-497b-a696-827a29d14867" testId="a038dc4b-e361-c1c4-1449-e6a1516dd348" testName="Base05.Tests.ProductionSecurityTests.正式服SQLite拒绝关闭备份或缺少异地目录" computerName="DESKTOP-4J13TH0" duration="00:00:00.0160829" startTime="2026-08-10T12:28:04.3462891+08:00" endTime="2026-08-10T12:28:04.3615250+08:00" testType="13cdc9d9-ddb5-4fa4-a97d-d965ccfc6d4b" outcome="Passed" testListId="8c84fa94-04c1-424b-9868-57a2d4851a1d" relativeResultsDirectory="3189e10e-a594-497b-a696-827a29d14867" />
    <UnitTestResult executionId="e31971d1-221a-46f5-b208-32aec7ab7a1c" testId="d4e553ec-8d43-f6bf-6311-1ef737cfc78a" testName="Base05.Tests.KillSwitchServiceTests.损坏缺字段或未知版本状态均失败关闭(payload: &quot;{\&quot;FormatVersion\&quot;:2}&quot;)" computerName="DESKTOP-4J13TH0" duration="00:00:00.0022276" startTime="2026-08-10T12:28:06.6367105+08:00" endTime="2026-08-10T12:28:06.6388573+08:00" testType="13cdc9d9-ddb5-4fa4-a97d-d965ccfc6d4b" outcome="Passed" testListId="8c84fa94-04c1-424b-9868-57a2d4851a1d" relativeResultsDirectory="e31971d1-221a-46f5-b208-32aec7ab7a1c" />
    <UnitTestResult executionId="d37b97a8-dd78-4225-995b-f322b0147594" testId="83411aa0-4b1c-0d27-264c-bef303bc3946" testName="Base05.Tests.GameShopStateTests.Purchase_prompt_rejects_repeated_taps_until_the_active_prompt_closes" computerName="DESKTOP-4J13TH0" duration="00:00:00.0001945" startTime="2026-08-10T12:26:47.6815622+08:00" endTime="2026-08-10T12:26:47.6818484+08:00" testType="13cdc9d9-ddb5-4fa4-a97d-d965ccfc6d4b" outcome="Passed" testListId="8c84fa94-04c1-424b-9868-57a2d4851a1d" relativeResultsDirectory="d37b97a8-dd78-4225-995b-f322b0147594" />
    <UnitTestResult executionId="fccd698b-6f1b-468d-8306-575917d4eb45" testId="dd937627-548a-a27a-d0fd-24cf4b60f3ed" testName="Base05.Tests.ResourceManifestTests.Validate_pc_digest_counts_bootstrap_and_rejects_generated_outputs" computerName="DESKTOP-4J13TH0" duration="00:00:01.2876458" startTime="2026-08-10T12:27:14.5649709+08:00" endTime="2026-08-10T12:27:15.8522747+08:00" testType="13cdc9d9-ddb5-4fa4-a97d-d965ccfc6d4b" outcome="Passed" testListId="8c84fa94-04c1-424b-9868-57a2d4851a1d" relativeResultsDirectory="fccd698b-6f1b-468d-8306-575917d4eb45" />
    <UnitTestResult executionId="121a4df7-0b17-4a16-82da-62e362b466ff" testId="3b3ce849-5d89-6ecc-8183-40e077f14984" testName="Base05.Tests.GameShopStateTests.Fixed_grid_calculates_the_last_page(count: 0, pageSize: 15, expected: 0)" computerName="DESKTOP-4J13TH0" duration="00:00:00.0007168" startTime="2026-08-10T12:26:47.6821653+08:00" endTime="2026-08-10T12:26:47.6822801+08:00" testType="13cdc9d9-ddb5-4fa4-a97d-d965ccfc6d4b" outcome="Passed" testListId="8c84fa94-04c1-424b-9868-57a2d4851a1d" relativeResultsDirectory="121a4df7-0b17-4a16-82da-62e362b466ff" />
    <UnitTestResult executionId="c9fa9fa6-bcf8-49c5-9380-23a07e65c1cb" testId="2642437c-5f68-8585-9d3f-4a175c14c042" testName="Base05.Tests.SqliteRestoreServiceTests.空环境发布后失败且目标删除失败时明确报告回滚不完整" computerName="DESKTOP-4J13TH0" duration="00:00:00.0242294" startTime="2026-08-10T12:26:47.8908139+08:00" endTime="2026-08-10T12:26:47.9148024+08:00" testType="13cdc9d9-ddb5-4fa4-a97d-d965ccfc6d4b" outcome="Passed" testListId="8c84fa94-04c1-424b-9868-57a2d4851a1d" relativeResultsDirectory="c9fa9fa6-bcf8-49c5-9380-23a07e65c1cb" />
    <UnitTestResult executionId="2902a226-2d2e-4003-916c-d5a480f7cc4b" testId="a25b61f3-a487-14be-8f8c-2de9a12b25e4" testName="Base05.Tests.CrashDiagnosticBundleTests.已接受状态缺失时使用随包基线资源身份" computerName="DESKTOP-4J13TH0" duration="00:00:00.1852377" startTime="2026-08-10T12:26:47.7247327+08:00" endTime="2026-08-10T12:26:47.8309286+08:00" testType="13cdc9d9-ddb5-4fa4-a97d-d965ccfc6d4b" outcome="Passed" testListId="8c84fa94-04c1-424b-9868-57a2d4851a1d" relativeResultsDirectory="2902a226-2d2e-4003-916c-d5a480f7cc4b" />
    <UnitTestResult executionId="7751f8cf-02ab-48f6-b3ec-bbacccd1ff18" testId="9b1ac773-c449-d4a1-af6c-b745e80978ca" testName="Base05.Tests.MobileFishingInventoryPolicyTests.Slot_candidates_use_the_corresponding_fishing_type(slot: 2, expected: Bait)" computerName="DESKTOP-4J13TH0" duration="00:00:00.0004479" startTime="2026-08-10T12:26:47.8059538+08:00" endTime="2026-08-10T12:26:47.8060505+08:00" testType="13cdc9d9-ddb5-4fa4-a97d-d965ccfc6d4b" outcome="Passed" testListId="8c84fa94-04c1-424b-9868-57a2d4851a1d" relativeResultsDirectory="7751f8cf-02ab-48f6-b3ec-bbacccd1ff18" />
    <UnitTestResult executionId="9d7ccfdd-3fd0-4910-a782-6681ff694fb2" testId="edf48457-fbd8-a026-464e-4365407a31fb" testName="Base05.Tests.BootstrapManifestSignatureTests.当前与下一密钥按序列窗口平滑轮换" computerName="DESKTOP-4J13TH0" duration="00:00:00.0259881" startTime="2026-08-10T12:26:47.8259191+08:00" endTime="2026-08-10T12:26:47.8300363+08:00" testType="13cdc9d9-ddb5-4fa4-a97d-d965ccfc6d4b" outcome="Passed" testListId="8c84fa94-04c1-424b-9868-57a2d4851a1d" relativeResultsDirectory="9d7ccfdd-3fd0-4910-a782-6681ff694fb2" />
    <UnitTestResult executionId="2bde15f3-2c75-442a-8eb9-9fd0676deca8" testId="0670df7f-9c35-3a20-7ffa-2529a50ab860" testName="Base05.Tests.MobileMountStateTests.Invalid_mount_snapshot_and_update_are_rejected" computerName="DESKTOP-4J13TH0" duration="00:00:00.0008064" startTime="2026-08-10T12:26:47.7673880+08:00" endTime="2026-08-10T12:26:47.7675686+08:00" testType="13cdc9d9-ddb5-4fa4-a97d-d965ccfc6d4b" outcome="Passed" testListId="8c84fa94-04c1-424b-9868-57a2d4851a1d" relativeResultsDirectory="2bde15f3-2c75-442a-8eb9-9fd0676deca8" />
    <UnitTestResult executionId="72015b09-a852-4bf8-a155-b7a1f1b38e3f" testId="399c7070-c75a-6a84-9db8-f04dd32b9849" testName="Base05.Tests.MobileMentorStateTests.Outgoing_request_can_be_retried_when_server_only_reports_failure_in_chat" computerName="DESKTOP-4J13TH0" duration="00:00:00.0005444" startTime="2026-08-10T12:26:47.7312009+08:00" endTime="2026-08-10T12:26:47.7313155+08:00" testType="13cdc9d9-ddb5-4fa4-a97d-d965ccfc6d4b" outcome="Passed" testListId="8c84fa94-04c1-424b-9868-57a2d4851a1d" relativeResultsDirectory="72015b09-a852-4bf8-a155-b7a1f1b38e3f" />
    <UnitTestResult executionId="850eac51-f45a-4fd8-b084-e8b2a1282a51" testId="a00821e8-4766-239a-5a5e-bb2909bc922a" testName="Base05.Tests.ServerLifecycleSmokeTests.无游戏监听器启动失败后可重试且不进入Ready" computerName="DESKTOP-4J13TH0" duration="00:00:00.0020686" startTime="2026-08-10T12:27:33.6842812+08:00" endTime="2026-08-10T12:27:33.6862583+08:00" testType="13cdc9d9-ddb5-4fa4-a97d-d965ccfc6d4b" outcome="Passed" testListId="8c84fa94-04c1-424b-9868-57a2d4851a1d" relativeResultsDirectory="850eac51-f45a-4fd8-b084-e8b2a1282a51" />
    <UnitTestResult executionId="da831e0a-470f-43e2-b620-87c07534e51a" testId="f5943314-b801-7790-c15a-d2a889624de5" testName="Base05.Tests.GameShopStateTests.Fixed_grid_maps_only_visible_slots(page: 0, slot: 0, pageSize: 15, count: 16, expected: 0)" computerName="DESKTOP-4J13TH0" duration="00:00:00.0000024" startTime="2026-08-10T12:26:47.7131680+08:00" endTime="2026-08-10T12:26:47.7132812+08:00" testType="13cdc9d9-ddb5-4fa4-a97d-d965ccfc6d4b" outcome="Passed" testListId="8c84fa94-04c1-424b-9868-57a2d4851a1d" relativeResultsDirectory="da831e0a-470f-43e2-b620-87c07534e51a" />
    <UnitTestResult executionId="46f812c3-1fdd-4d6c-8586-c829b44b50f4" testId="c19d57b1-3892-fd7a-3e34-765ccbc4e228" testName="Base05.Tests.TlsTransportTests.旧TLS代次释放不修改新代计数" computerName="DESKTOP-4J13TH0" duration="00:00:00.0012555" startTime="2026-08-10T12:27:59.5388242+08:00" endTime="2026-08-10T12:27:59.5400218+08:00" testType="13cdc9d9-ddb5-4fa4-a97d-d965ccfc6d4b" outcome="Passed" testListId="8c84fa94-04c1-424b-9868-57a2d4851a1d" relativeResultsDirectory="46f812c3-1fdd-4d6c-8586-c829b44b50f4" />
    <UnitTestResult executionId="428354fa-b36e-4b81-b53c-a679b817ea5b" testId="85d2ea24-7b7e-7da3-d9d8-62c5a86375fe" testName="Base05.Tests.MySqlSwitchPolicyTests.任一持续门槛达到时进入迁移规划(trigger: &quot;latency&quot;)" computerName="DESKTOP-4J13TH0" duration="00:00:00.0044992" startTime="2026-08-10T12:28:08.8464225+08:00" endTime="2026-08-10T12:28:08.8509406+08:00" testType="13cdc9d9-ddb5-4fa4-a97d-d965ccfc6d4b" outcome="Passed" testListId="8c84fa94-04c1-424b-9868-57a2d4851a1d" relativeResultsDirectory="428354fa-b36e-4b81-b53c-a679b817ea5b" />
    <UnitTestResult executionId="dd7a9808-fad1-4ac3-a8ac-b337d7418b8a" testId="76144644-5b20-4190-7b1a-deeece20ecba" testName="Base05.Tests.SqliteRestoreServiceTests.空环境从完整副本恢复并可立即读取" computerName="DESKTOP-4J13TH0" duration="00:00:00.0296718" startTime="2026-08-10T12:26:47.9792796+08:00" endTime="2026-08-10T12:26:48.0072787+08:00" testType="13cdc9d9-ddb5-4fa4-a97d-d965ccfc6d4b" outcome="Passed" testListId="8c84fa94-04c1-424b-9868-57a2d4851a1d" relativeResultsDirectory="dd7a9808-fad1-4ac3-a8ac-b337d7418b8a" />
    <UnitTestResult executionId="9a3c1d4a-0497-446e-a944-59d956163e7d" testId="6a1cba66-5628-81c1-7187-f082105170a7" testName="Base05.Tests.GameShopStateTests.Stock_delta_updates_then_removes_product_at_zero" computerName="DESKTOP-4J13TH0" duration="00:00:00.0003520" startTime="2026-08-10T12:26:47.7188559+08:00" endTime="2026-08-10T12:26:47.7189910+08:00" testType="13cdc9d9-ddb5-4fa4-a97d-d965ccfc6d4b" outcome="Passed" testListId="8c84fa94-04c1-424b-9868-57a2d4851a1d" relativeResultsDirectory="9a3c1d4a-0497-446e-a944-59d956163e7d" />
    <UnitTestResult executionId="93fe5572-29c1-4fce-8945-22ae33bd1723" testId="3291ef47-a56c-56e9-f94f-cd5c488f6f51" testName="Base05.Tests.SqliteRestoreServiceTests.携带Sidecar的来源副本在复制前拒绝" computerName="DESKTOP-4J13TH0" duration="00:00:00.0169513" startTime="2026-08-10T12:26:47.8339732+08:00" endTime="2026-08-10T12:26:47.8340767+08:00" testType="13cdc9d9-ddb5-4fa4-a97d-d965ccfc6d4b" outcome="Passed" testListId="8c84fa94-04c1-424b-9868-57a2d4851a1d" relativeResultsDirectory="93fe5572-29c1-4fce-8945-22ae33bd1723" />
    <UnitTestResult executionId="15e41a39-2cc5-48c4-badb-b995d1f824f0" testId="b571a45c-84e0-7477-d607-652da712ef65" testName="Base05.Tests.MobileMentorStateTests.Incoming_request_can_be_accepted_or_rejected_without_client_side_authority" computerName="DESKTOP-4J13TH0" duration="00:00:00.0009607" startTime="2026-08-10T12:26:47.7345786+08:00" endTime="2026-08-10T12:26:47.7351801+08:00" testType="13cdc9d9-ddb5-4fa4-a97d-d965ccfc6d4b" outcome="Passed" testListId="8c84fa94-04c1-424b-9868-57a2d4851a1d" relativeResultsDirectory="15e41a39-2cc5-48c4-badb-b995d1f824f0" />
    <UnitTestResult executionId="9d131a8c-85e8-4a28-9191-3a986788a6df" testId="be712042-ed52-43f4-371f-40c0657edb99" testName="Base05.Tests.LoginProtectionTests.同一IP跨账号失败达到阈值后封禁IP" computerName="DESKTOP-4J13TH0" duration="00:00:00.0011760" startTime="2026-08-10T12:27:59.6959276+08:00" endTime="2026-08-10T12:27:59.6970951+08:00" testType="13cdc9d9-ddb5-4fa4-a97d-d965ccfc6d4b" outcome="Passed" testListId="8c84fa94-04c1-424b-9868-57a2d4851a1d" relativeResultsDirectory="9d131a8c-85e8-4a28-9191-3a986788a6df" />
    <UnitTestResult executionId="c82133e0-fc2a-4841-be1f-319cd4a517aa" testId="ae71354e-c6e0-52ad-0dd0-99106128bc2e" testName="Base05.Tests.MobileSealRentalStateTests.User_cancel_accepts_server_retrieve_then_cancel_without_losing_deposited_item" computerName="DESKTOP-4J13TH0" duration="00:00:00.0145119" startTime="2026-08-10T12:26:47.6044555+08:00" endTime="2026-08-10T12:26:47.6574926+08:00" testType="13cdc9d9-ddb5-4fa4-a97d-d965ccfc6d4b" outcome="Passed" testListId="8c84fa94-04c1-424b-9868-57a2d4851a1d" relativeResultsDirectory="c82133e0-fc2a-4841-be1f-319cd4a517aa" />
    <UnitTestResult executionId="bf44ff4e-c5a6-4a77-b763-831eced2ba41" testId="be65c4eb-28f7-1401-6c73-3603e0a2e605" testName="Base05.Tests.PasswordSecurityTests.畸形或不支持的PHC安全失败(storedHash: &quot;$argon2id$v=18$m=32768,t=3,p=1$YWJjZGVmZ2hpamtsbW5&quot;···)" computerName="DESKTOP-4J13TH0" duration="00:00:00.0121871" startTime="2026-08-10T12:26:47.8228570+08:00" endTime="2026-08-10T12:26:47.8260179+08:00" testType="13cdc9d9-ddb5-4fa4-a97d-d965ccfc6d4b" outcome="Passed" testListId="8c84fa94-04c1-424b-9868-57a2d4851a1d" relativeResultsDirectory="bf44ff4e-c5a6-4a77-b763-831eced2ba41" />
    <UnitTestResult executionId="8b88f49e-3315-42c2-844d-dbbf1958952f" testId="2a5ce395-1da7-a256-529a-cc81beaf2348" testName="Base05.Tests.ProtocolGoldenTests.Login_packet_round_trips_fixed_golden_vector" computerName="DESKTOP-4J13TH0" duration="00:00:00.0013823" startTime="2026-08-10T12:27:59.6270197+08:00" endTime="2026-08-10T12:27:59.6283491+08:00" testType="13cdc9d9-ddb5-4fa4-a97d-d965ccfc6d4b" outcome="Passed" testListId="8c84fa94-04c1-424b-9868-57a2d4851a1d" relativeResultsDirectory="8b88f49e-3315-42c2-844d-dbbf1958952f" />
    <UnitTestResult executionId="ef014e37-78ba-41e6-b817-401a76c39cd2" testId="e7ef547b-60a6-53fa-3277-d57a3d86a3e7" testName="Base05.Tests.TlsTransportTests.TLS配置表单策略仅在启用时要求有效端口与现有证书文件" computerName="DESKTOP-4J13TH0" duration="00:00:00.0913550" startTime="2026-08-10T12:27:59.4473596+08:00" endTime="2026-08-10T12:27:59.5386955+08:00" testType="13cdc9d9-ddb5-4fa4-a97d-d965ccfc6d4b" outcome="Passed" testListId="8c84fa94-04c1-424b-9868-57a2d4851a1d" relativeResultsDirectory="ef014e37-78ba-41e6-b817-401a76c39cd2" />
    <UnitTestResult executionId="3da31a17-4641-49bd-9918-6f44871a2058" testId="8d473a93-78c3-c419-5854-54467669bbdd" testName="Base05.Tests.ServerLifecycleSmokeTests.真实Server错误PFX密码失败后修正可重启" computerName="DESKTOP-4J13TH0" duration="00:00:00.1902660" startTime="2026-08-10T12:27:33.4890764+08:00" endTime="2026-08-10T12:27:33.6786767+08:00" testType="13cdc9d9-ddb5-4fa4-a97d-d965ccfc6d4b" outcome="Passed" testListId="8c84fa94-04c1-424b-9868-57a2d4851a1d" relativeResultsDirectory="3da31a17-4641-49bd-9918-6f44871a2058" />
    <UnitTestResult executionId="907e1c04-e1c1-4e9b-ad89-2b927dfd8fff" testId="ecd683db-8212-db07-6c77-00f15c65c0cf" testName="Base05.Tests.MySqlSwitchPolicyTests.未触发门槛时拒绝创建迁移备份" computerName="DESKTOP-4J13TH0" duration="00:00:00.0002801" startTime="2026-08-10T12:28:08.8690172+08:00" endTime="2026-08-10T12:28:08.8692392+08:00" testType="13cdc9d9-ddb5-4fa4-a97d-d965ccfc6d4b" outcome="Passed" testListId="8c84fa94-04c1-424b-9868-57a2d4851a1d" relativeResultsDirectory="907e1c04-e1c1-4e9b-ad89-2b927dfd8fff" />
    <UnitTestResult executionId="6e947c56-8bfa-4fc4-bd7a-482782f139bb" testId="1119983f-5068-e752-55b8-c4c858188c74" testName="Base05.Tests.MobileFishingInventoryPolicyTests.Slot_candidates_use_the_corresponding_fishing_type(slot: 0, expected: 鱼钩)" computerName="DESKTOP-4J13TH0" duration="00:00:00.0000087" startTime="2026-08-10T12:26:47.8074085+08:00" endTime="2026-08-10T12:26:47.8075239+08:00" testType="13cdc9d9-ddb5-4fa4-a97d-d965ccfc6d4b" outcome="Passed" testListId="8c84fa94-04c1-424b-9868-57a2d4851a1d" relativeResultsDirectory="6e947c56-8bfa-4fc4-bd7a-482782f139bb" />
    <UnitTestResult executionId="dc4828bd-15df-4ea6-8f0b-353770cae57b" testId="6e9b2b47-d110-0ecf-cd19-579f8f564d7e" testName="Base05.Tests.MobileSealRentalStateTests.Inbound_rental_request_wins_over_seal_pending_and_late_seal_results_do_not_break_rental" computerName="DESKTOP-4J13TH0" duration="00:00:00.0086783" startTime="2026-08-10T12:26:47.7887224+08:00" endTime="2026-08-10T12:26:47.7888204+08:00" testType="13cdc9d9-ddb5-4fa4-a97d-d965ccfc6d4b" outcome="Passed" testListId="8c84fa94-04c1-424b-9868-57a2d4851a1d" relativeResultsDirectory="dc4828bd-15df-4ea6-8f0b-353770cae57b" />
    <UnitTestResult executionId="03508619-7978-4fcc-aaca-147d22cb3626" testId="67b885bd-5e04-aa0a-6ec5-bfa3fb75f14d" testName="Base05.Tests.MobileMentorStateTests.Mentor_button_state_exposes_only_role_specific_controls" computerName="DESKTOP-4J13TH0" duration="00:00:00.0022065" startTime="2026-08-10T12:26:47.7499326+08:00" endTime="2026-08-10T12:26:47.7550504+08:00" testType="13cdc9d9-ddb5-4fa4-a97d-d965ccfc6d4b" outcome="Passed" testListId="8c84fa94-04c1-424b-9868-57a2d4851a1d" relativeResultsDirectory="03508619-7978-4fcc-aaca-147d22cb3626" />
    <UnitTestResult executionId="79d3fb02-200e-46f8-a605-6b7bd9530518" testId="92360b17-3918-60a6-c274-e797192ffe8e" testName="Base05.Tests.Sec01LoginTransactionTests.HTTPLogin从工作线程投递完整账户事务并升级旧密码" computerName="DESKTOP-4J13TH0" duration="00:00:00.2768402" startTime="2026-08-10T12:26:48.5816012+08:00" endTime="2026-08-10T12:26:48.8586736+08:00" testType="13cdc9d9-ddb5-4fa4-a97d-d965ccfc6d4b" outcome="Passed" testListId="8c84fa94-04c1-424b-9868-57a2d4851a1d" relativeResultsDirectory="79d3fb02-200e-46f8-a605-6b7bd9530518" />
    <UnitTestResult executionId="5f2529b9-4b1f-44ef-89f5-14d11cdc67c1" testId="f17e14c4-42a8-f6eb-c80b-f2a29c433fa6" testName="Base05.Tests.MobileSealRentalStateTests.Rental_selection_filters_server_rules_and_reconciles_moved_slots" computerName="DESKTOP-4J13TH0" duration="00:00:00.0014387" startTime="2026-08-10T12:26:47.7759152+08:00" endTime="2026-08-10T12:26:47.7764464+08:00" testType="13cdc9d9-ddb5-4fa4-a97d-d965ccfc6d4b" outcome="Passed" testListId="8c84fa94-04c1-424b-9868-57a2d4851a1d" relativeResultsDirectory="5f2529b9-4b1f-44ef-89f5-14d11cdc67c1" />
    <UnitTestResult executionId="3f0a5713-1e5c-4316-b7c4-fd02fd73a6eb" testId="5d393519-dd36-1d16-8b59-d5f6fd245fe4" testName="Base05.Tests.SqliteRestoreServiceTests.损坏副本在覆盖前拒绝且原库保持不变" computerName="DESKTOP-4J13TH0" duration="00:00:00.0324379" startTime="2026-08-10T12:26:47.8318978+08:00" endTime="2026-08-10T12:26:47.8336643+08:00" testType="13cdc9d9-ddb5-4fa4-a97d-d965ccfc6d4b" outcome="Passed" testListId="8c84fa94-04c1-424b-9868-57a2d4851a1d" relativeResultsDirectory="3f0a5713-1e5c-4316-b7c4-fd02fd73a6eb" />
    <UnitTestResult executionId="6d0566f5-ec75-48f6-947f-9fe0ffcfb5ff" testId="7f4e9c28-897c-bc34-8e5e-52fba874b67b" testName="Base05.Tests.MobileMountHudRegressionTests.Ride_button_eligibility_recovers_when_moving_returns_to_standing" computerName="DESKTOP-4J13TH0" duration="00:00:00.0008274" startTime="2026-08-10T12:26:47.6991860+08:00" endTime="2026-08-10T12:26:47.6994205+08:00" testType="13cdc9d9-ddb5-4fa4-a97d-d965ccfc6d4b" outcome="Passed" testListId="8c84fa94-04c1-424b-9868-57a2d4851a1d" relativeResultsDirectory="6d0566f5-ec75-48f6-947f-9fe0ffcfb5ff" />
    <UnitTestResult executionId="11a0eb90-b8eb-4f09-ac89-294fa68e840e" testId="91ae3eba-6836-4558-9493-7ae0a96bb8eb" testName="Base05.Tests.GameShopStateTests.Fixed_grid_calculates_the_last_page(count: 15, pageSize: 15, expected: 0)" computerName="DESKTOP-4J13TH0" duration="00:00:00.0000103" startTime="2026-08-10T12:26:47.6829895+08:00" endTime="2026-08-10T12:26:47.6830933+08:00" testType="13cdc9d9-ddb5-4fa4-a97d-d965ccfc6d4b" outcome="Passed" testListId="8c84fa94-04c1-424b-9868-57a2d4851a1d" relativeResultsDirectory="11a0eb90-b8eb-4f09-ac89-294fa68e840e" />
    <UnitTestResult executionId="ac107e78-c268-48b9-8e44-87cff6b88481" testId="609aa4fa-506d-593b-1bbc-c78215fc9152" testName="Base05.Tests.MobileMarriageStateTests.Server_divorce_failure_chat_releases_guard_and_allows_retry" computerName="DESKTOP-4J13TH0" duration="00:00:00.0002723" startTime="2026-08-10T12:26:47.7549569+08:00" endTime="2026-08-10T12:26:47.7553793+08:00" testType="13cdc9d9-ddb5-4fa4-a97d-d965ccfc6d4b" outcome="Passed" testListId="8c84fa94-04c1-424b-9868-57a2d4851a1d" relativeResultsDirectory="ac107e78-c268-48b9-8e44-87cff6b88481" />
    <UnitTestResult executionId="f9878c27-6d22-4802-902b-bcea36f031c8" testId="ccafcae1-2508-449d-e63e-fd9561f4da01" testName="Base05.Tests.SqliteRestoreServiceTests.正在使用的目标库拒绝恢复且不处理Sidecar" computerName="DESKTOP-4J13TH0" duration="00:00:00.0345095" startTime="2026-08-10T12:26:48.0618730+08:00" endTime="2026-08-10T12:26:48.0963440+08:00" testType="13cdc9d9-ddb5-4fa4-a97d-d965ccfc6d4b" outcome="Passed" testListId="8c84fa94-04c1-424b-9868-57a2d4851a1d" relativeResultsDirectory="f9878c27-6d22-4802-902b-bcea36f031c8" />
    <UnitTestResult executionId="079ff202-7c8b-4899-bfd6-b68724b41600" testId="65708f55-5726-19af-1131-27ad4e80c202" testName="Base05.Tests.MobileFishingInventoryPolicyTests.Bait_picker_requires_same_item_info_and_room_before_merge" computerName="DESKTOP-4J13TH0" duration="00:00:00.0001600" startTime="2026-08-10T12:26:47.8104818+08:00" endTime="2026-08-10T12:26:47.8107381+08:00" testType="13cdc9d9-ddb5-4fa4-a97d-d965ccfc6d4b" outcome="Passed" testListId="8c84fa94-04c1-424b-9868-57a2d4851a1d" relativeResultsDirectory="079ff202-7c8b-4899-bfd6-b68724b41600" />
    <UnitTestResult executionId="2b14a4f6-6d80-4f9b-8216-c86026ff0d9f" testId="a3b173a0-6514-e626-dfb0-ae688eb681f7" testName="Base05.Tests.SqliteRestoreServiceTests.原子发布前中断时旧库已独立且提交WAL数据不丢失" computerName="DESKTOP-4J13TH0" duration="00:00:00.0654737" startTime="2026-08-10T12:26:47.8343206+08:00" endTime="2026-08-10T12:26:47.8904465+08:00" testType="13cdc9d9-ddb5-4fa4-a97d-d965ccfc6d4b" outcome="Passed" testListId="8c84fa94-04c1-424b-9868-57a2d4851a1d" relativeResultsDirectory="2b14a4f6-6d80-4f9b-8216-c86026ff0d9f" />
    <UnitTestResult executionId="6769bb12-d171-4714-9d91-61b5db8367b4" testId="d9d8f03c-7dff-e795-6397-592b847fc10d" testName="Base05.Tests.MobileSealRentalStateTests.Renter_fee_checks_available_gold_before_entering_pending_state" computerName="DESKTOP-4J13TH0" duration="00:00:00.0008941" startTime="2026-08-10T12:26:47.7825330+08:00" endTime="2026-08-10T12:26:47.7837522+08:00" testType="13cdc9d9-ddb5-4fa4-a97d-d965ccfc6d4b" outcome="Passed" testListId="8c84fa94-04c1-424b-9868-57a2d4851a1d" relativeResultsDirectory="6769bb12-d171-4714-9d91-61b5db8367b4" />
    <UnitTestResult executionId="0a39ad57-9fb2-4326-9bad-3288fd9cb62b" testId="baacc24c-0b3e-7eae-d209-1d58617e2a70" testName="Base05.Tests.MobileMountHudRegressionTests.Mobile_hud_fallback_buttons_stay_in_safe_area_and_do_not_overlap(rootWidth: 320, rootHeight: 640)" computerName="DESKTOP-4J13TH0" duration="00:00:00.0003028" startTime="2026-08-10T12:26:47.6983344+08:00" endTime="2026-08-10T12:26:47.6984478+08:00" testType="13cdc9d9-ddb5-4fa4-a97d-d965ccfc6d4b" outcome="Passed" testListId="8c84fa94-04c1-424b-9868-57a2d4851a1d" relativeResultsDirectory="0a39ad57-9fb2-4326-9bad-3288fd9cb62b" />
    <UnitTestResult executionId="7288c386-0c96-4adb-9dd4-0cb6709b6b77" testId="4964dd4a-4cfa-7e28-64f2-4febcf82ad10" testName="Base05.Tests.BootstrapManifestSignatureTests.重复包非规范摘要和未知字段均拒绝" computerName="DESKTOP-4J13TH0" duration="00:00:00.0050589" startTime="2026-08-10T12:26:47.8476293+08:00" endTime="2026-08-10T12:26:47.8524462+08:00" testType="13cdc9d9-ddb5-4fa4-a97d-d965ccfc6d4b" outcome="Passed" testListId="8c84fa94-04c1-424b-9868-57a2d4851a1d" relativeResultsDirectory="7288c386-0c96-4adb-9dd4-0cb6709b6b77" />
    <UnitTestResult executionId="12dfea4b-a79f-44d8-9144-8c07c4e93a08" testId="5cf61d9a-dc49-3723-c0a5-b88b61b0e1e9" testName="Base05.Tests.MobileMentorStateTests.Cancel_confirmation_is_one_shot_and_reject_keeps_relationship" computerName="DESKTOP-4J13TH0" duration="00:00:00.0014574" startTime="2026-08-10T12:26:47.7316239+08:00" endTime="2026-08-10T12:26:47.7333619+08:00" testType="13cdc9d9-ddb5-4fa4-a97d-d965ccfc6d4b" outcome="Passed" testListId="8c84fa94-04c1-424b-9868-57a2d4851a1d" relativeResultsDirectory="12dfea4b-a79f-44d8-9144-8c07c4e93a08" />
    <UnitTestResult executionId="1d9b809d-c753-4944-9af2-6bc0dbc69091" testId="0bad9ae5-ed4b-61d0-430e-8892d41ba2b5" testName="Base05.Tests.MobileActivityStateTests.Finish_complete_snapshot_unlocks_only_matching_quest" computerName="DESKTOP-4J13TH0" duration="00:00:00.0004560" startTime="2026-08-10T12:26:47.7808502+08:00" endTime="2026-08-10T12:26:47.7810183+08:00" testType="13cdc9d9-ddb5-4fa4-a97d-d965ccfc6d4b" outcome="Passed" testListId="8c84fa94-04c1-424b-9868-57a2d4851a1d" relativeResultsDirectory="1d9b809d-c753-4944-9af2-6bc0dbc69091" />
    <UnitTestResult executionId="df5db1da-c746-48a4-8504-e50c5d3835e2" testId="73ce9550-1a1e-1769-2b3b-90676f9b2889" testName="Base05.Tests.GameShopStateTests.Fixed_grid_calculates_the_last_page(count: 31, pageSize: 15, expected: 2)" computerName="DESKTOP-4J13TH0" duration="00:00:00.0000070" startTime="2026-08-10T12:26:47.6839198+08:00" endTime="2026-08-10T12:26:47.6840041+08:00" testType="13cdc9d9-ddb5-4fa4-a97d-d965ccfc6d4b" outcome="Passed" testListId="8c84fa94-04c1-424b-9868-57a2d4851a1d" relativeResultsDirectory="df5db1da-c746-48a4-8504-e50c5d3835e2" />
    <UnitTestResult executionId="facf3406-84cf-4755-9a40-292023139b24" testId="307ce293-5d51-d46b-b90d-64544ea9983b" testName="Base05.Tests.MobileHeroStateTests.Invalid_change_response_preserves_snapshot_and_surfaces_failure" computerName="DESKTOP-4J13TH0" duration="00:00:00.0031436" startTime="2026-08-10T12:26:47.8175359+08:00" endTime="2026-08-10T12:26:47.8181484+08:00" testType="13cdc9d9-ddb5-4fa4-a97d-d965ccfc6d4b" outcome="Passed" testListId="8c84fa94-04c1-424b-9868-57a2d4851a1d" relativeResultsDirectory="facf3406-84cf-4755-9a40-292023139b24" />
    <UnitTestResult executionId="208ac944-7394-461a-a3cd-1347655db32b" testId="403c5a3a-6184-6e5d-6443-ca96f955798c" testName="Base05.Tests.ServerLifecycleSmokeTests.Sqlite关服排空期间入队的旧主线程工作被取消且重启不执行" computerName="DESKTOP-4J13TH0" duration="00:00:00.0548841" startTime="2026-08-10T12:27:33.6863811+08:00" endTime="2026-08-10T12:27:33.7414947+08:00" testType="13cdc9d9-ddb5-4fa4-a97d-d965ccfc6d4b" outcome="Passed" testListId="8c84fa94-04c1-424b-9868-57a2d4851a1d" relativeResultsDirectory="208ac944-7394-461a-a3cd-1347655db32b" />
    <UnitTestResult executionId="94540531-54ee-4d33-a334-55a3c3f7f941" testId="29b916d7-2a0c-32bb-dc79-936a823e082b" testName="Base05.Tests.ProductionRpoPolicyTests.真实自动保存提交后在下一截止前一毫秒强停并重启只丢失未提交窗口" computerName="DESKTOP-4J13TH0" duration="00:00:02.6834838" startTime="2026-08-10T12:26:47.7544429+08:00" endTime="2026-08-10T12:26:50.2775063+08:00" testType="13cdc9d9-ddb5-4fa4-a97d-d965ccfc6d4b" outcome="Passed" testListId="8c84fa94-04c1-424b-9868-57a2d4851a1d" relativeResultsDirectory="94540531-54ee-4d33-a334-55a3c3f7f941">
      <Output>
        <StdOut>FAULT_PROCESS_ID=16520&#xD;
FAULT_PROCESS_EXIT_CODE=-1&#xD;
LAST_COMMITTED_LOGICAL_MS=300000&#xD;
CRASH_LOGICAL_MS=599999&#xD;
UNPERSISTED_WINDOW_MS=299999&#xD;
RESTARTED_ACCOUNT_GOLD=100&#xD;
COMMITTED_GENERATION=1</StdOut>
      </Output>
    </UnitTestResult>
    <UnitTestResult executionId="26224041-5f92-42f5-b73a-78ff268089dc" testId="a9b21d0e-61f3-fc86-f4a7-6f95ea6bdcc9" testName="Base05.Tests.EquipmentSetBonusModuleTests.圣龙双花双绿戒指不依赖左右顺序" computerName="DESKTOP-4J13TH0" duration="00:00:00.0014863" startTime="2026-08-10T12:26:47.7296863+08:00" endTime="2026-08-10T12:26:47.7322268+08:00" testType="13cdc9d9-ddb5-4fa4-a97d-d965ccfc6d4b" outcome="Passed" testListId="8c84fa94-04c1-424b-9868-57a2d4851a1d" relativeResultsDirectory="26224041-5f92-42f5-b73a-78ff268089dc" />
    <UnitTestResult executionId="2556ae0b-e6b7-4809-815b-71f930d55274" testId="e362bea7-fb82-32b7-be9e-26864b081e5b" testName="Base05.Tests.PasswordStoragePolicyTests.密码清除写盘失败会抛出而不是静默吞掉" computerName="DESKTOP-4J13TH0" duration="00:00:00.0182113" startTime="2026-08-10T12:26:47.8044926+08:00" endTime="2026-08-10T12:26:47.8098241+08:00" testType="13cdc9d9-ddb5-4fa4-a97d-d965ccfc6d4b" outcome="Passed" testListId="8c84fa94-04c1-424b-9868-57a2d4851a1d" relativeResultsDirectory="2556ae0b-e6b7-4809-815b-71f930d55274" />
    <UnitTestResult executionId="b2bf0b7c-affa-43dd-b943-665a6208adae" testId="784936e7-2e6d-6753-1070-a3275ac6f837" testName="Base05.Tests.MobileMarriageStateTests.Success_chat_keeps_guard_until_authoritative_relationship_update" computerName="DESKTOP-4J13TH0" duration="00:00:00.0036859" startTime="2026-08-10T12:26:47.6817559+08:00" endTime="2026-08-10T12:26:47.6970773+08:00" testType="13cdc9d9-ddb5-4fa4-a97d-d965ccfc6d4b" outcome="Passed" testListId="8c84fa94-04c1-424b-9868-57a2d4851a1d" relativeResultsDirectory="b2bf0b7c-affa-43dd-b943-665a6208adae" />
    <UnitTestResult executionId="92591617-9e30-4e06-b5db-87392f738918" testId="ca638db3-333b-c262-a420-ffb2aa8f3f53" testName="Base05.Tests.SqliteBackupServiceTests.损坏副本被完整性检查拒绝且失败状态跨服务实例保留" computerName="DESKTOP-4J13TH0" duration="00:00:00.0323313" startTime="2026-08-10T12:26:48.0165776+08:00" endTime="2026-08-10T12:26:48.0485227+08:00" testType="13cdc9d9-ddb5-4fa4-a97d-d965ccfc6d4b" outcome="Passed" testListId="8c84fa94-04c1-424b-9868-57a2d4851a1d" relativeResultsDirectory="92591617-9e30-4e06-b5db-87392f738918" />
    <UnitTestResult executionId="0e4673c1-64cf-4747-89f8-bb7fd31459d6" testId="7b481267-bdb7-3998-62c7-d829ab99f97a" testName="Base05.Tests.BasicOperationsMonitorTests.状态快照组合既有核心指标和备份状态" computerName="DESKTOP-4J13TH0" duration="00:00:00.0034517" startTime="2026-08-10T12:28:05.5161338+08:00" endTime="2026-08-10T12:28:05.5195630+08:00" testType="13cdc9d9-ddb5-4fa4-a97d-d965ccfc6d4b" outcome="Passed" testListId="8c84fa94-04c1-424b-9868-57a2d4851a1d" relativeResultsDirectory="0e4673c1-64cf-4747-89f8-bb7fd31459d6" />
    <UnitTestResult executionId="0690592f-3cb2-4104-afb9-8b98e19dc8ba" testId="913c3bb3-893f-0227-3c5d-ec0a0ce8a459" testName="Base05.Tests.TlsTransportTests.TLS监听存在时网络绑定状态为真" computerName="DESKTOP-4J13TH0" duration="00:00:00.0017691" startTime="2026-08-10T12:27:57.9485224+08:00" endTime="2026-08-10T12:27:57.9501081+08:00" testType="13cdc9d9-ddb5-4fa4-a97d-d965ccfc6d4b" outcome="Passed" testListId="8c84fa94-04c1-424b-9868-57a2d4851a1d" relativeResultsDirectory="0690592f-3cb2-4104-afb9-8b98e19dc8ba" />
    <UnitTestResult executionId="a59c7052-1a5a-45fd-a3fe-585b2819eb4e" testId="e6ae1904-537b-e840-f8f3-290cacc1de9e" testName="Base05.Tests.MobileFishingInventoryPolicyTests.Paging_skips_invalid_first_entry_and_keeps_later_legal_candidates" computerName="DESKTOP-4J13TH0" duration="00:00:00.0269045" startTime="2026-08-10T12:26:47.7996369+08:00" endTime="2026-08-10T12:26:47.8048209+08:00" testType="13cdc9d9-ddb5-4fa4-a97d-d965ccfc6d4b" outcome="Passed" testListId="8c84fa94-04c1-424b-9868-57a2d4851a1d" relativeResultsDirectory="a59c7052-1a5a-45fd-a3fe-585b2819eb4e" />
    <UnitTestResult executionId="d627ac96-cc2a-495b-8f1b-25c0fec67a07" testId="2ee74377-2c65-10f8-b20d-38caf8a32dbd" testName="Base05.Tests.MobileSealRentalStateTests.Failed_deposit_and_retrieve_responses_clear_only_the_matching_pending_operation" computerName="DESKTOP-4J13TH0" duration="00:00:00.0018190" startTime="2026-08-10T12:26:47.7293257+08:00" endTime="2026-08-10T12:26:47.7317472+08:00" testType="13cdc9d9-ddb5-4fa4-a97d-d965ccfc6d4b" outcome="Passed" testListId="8c84fa94-04c1-424b-9868-57a2d4851a1d" relativeResultsDirectory="d627ac96-cc2a-495b-8f1b-25c0fec67a07" />
    <UnitTestResult executionId="0efec9a7-255f-4660-94d0-facb68bdf314" testId="657f41d4-403e-f166-099e-58d555272f87" testName="Base05.Tests.ResourceManifestTests.Validate_cross_checks_package_index_zip_and_sidecar" computerName="DESKTOP-4J13TH0" duration="00:00:03.7734979" startTime="2026-08-10T12:27:19.0407980+08:00" endTime="2026-08-10T12:27:22.8140111+08:00" testType="13cdc9d9-ddb5-4fa4-a97d-d965ccfc6d4b" outcome="Passed" testListId="8c84fa94-04c1-424b-9868-57a2d4851a1d" relativeResultsDirectory="0efec9a7-255f-4660-94d0-facb68bdf314" />
    <UnitTestResult executionId="0e5e1956-df69-4398-8993-0100ffa68d6d" testId="dca5658e-cbbb-b103-2bc1-77fad1ea05e8" testName="Base05.Tests.Sec01LoginTransactionTests.账户事务投递遇到主线程停止时绝不回退到调用线程" computerName="DESKTOP-4J13TH0" duration="00:00:00.0276514" startTime="2026-08-10T12:26:48.3468573+08:00" endTime="2026-08-10T12:26:48.3741233+08:00" testType="13cdc9d9-ddb5-4fa4-a97d-d965ccfc6d4b" outcome="Passed" testListId="8c84fa94-04c1-424b-9868-57a2d4851a1d" relativeResultsDirectory="0e5e1956-df69-4398-8993-0100ffa68d6d" />
    <UnitTestResult executionId="9a1c98ca-3866-4716-9469-fa78935f1c07" testId="2a248894-5a85-a776-1ca3-6bd072c7554f" testName="Base05.Tests.SqliteRestoreServiceTests.发布后最终校验失败会从独立回滚库恢复旧值" computerName="DESKTOP-4J13TH0" duration="00:00:00.0537488" startTime="2026-08-10T12:26:48.0076412+08:00" endTime="2026-08-10T12:26:48.0611159+08:00" testType="13cdc9d9-ddb5-4fa4-a97d-d965ccfc6d4b" outcome="Passed" testListId="8c84fa94-04c1-424b-9868-57a2d4851a1d" relativeResultsDirectory="9a1c98ca-3866-4716-9469-fa78935f1c07" />
    <UnitTestResult executionId="43ca546b-e60a-4719-b43f-4b888a70b9ac" testId="1ba3e4bb-9850-6c71-04c1-d5e65c105dd4" testName="Base05.Tests.GameShopStateTests.Session_reset_discards_products_from_previous_login" computerName="DESKTOP-4J13TH0" duration="00:00:00.0013973" startTime="2026-08-10T12:26:47.7192671+08:00" endTime="2026-08-10T12:26:47.7240060+08:00" testType="13cdc9d9-ddb5-4fa4-a97d-d965ccfc6d4b" outcome="Passed" testListId="8c84fa94-04c1-424b-9868-57a2d4851a1d" relativeResultsDirectory="43ca546b-e60a-4719-b43f-4b888a70b9ac" />
    <UnitTestResult executionId="5c8ac077-d945-4839-8b33-c7d335157ba4" testId="c7c32ec9-b74f-05ad-a67b-7907d9018c6d" testName="Base05.Tests.ProductionSecurityTests.DPAPI受保护存储往返且文件不含明文" computerName="DESKTOP-4J13TH0" duration="00:00:00.0037051" startTime="2026-08-10T12:28:04.4109362+08:00" endTime="2026-08-10T12:28:04.4145990+08:00" testType="13cdc9d9-ddb5-4fa4-a97d-d965ccfc6d4b" outcome="Passed" testListId="8c84fa94-04c1-424b-9868-57a2d4851a1d" relativeResultsDirectory="5c8ac077-d945-4839-8b33-c7d335157ba4" />
    <UnitTestResult executionId="7065bcf1-9fb8-4f21-abfc-95e73764f83c" testId="12d339e1-9692-b6a6-9465-0fb241c1b665" testName="Base05.Tests.MobileActivityStateTests.Dynamic_quest_bars_allow_child_hit_without_parent_occlusion" computerName="DESKTOP-4J13TH0" duration="00:00:00.0013081" startTime="2026-08-10T12:26:47.7378401+08:00" endTime="2026-08-10T12:26:47.7380019+08:00" testType="13cdc9d9-ddb5-4fa4-a97d-d965ccfc6d4b" outcome="Passed" testListId="8c84fa94-04c1-424b-9868-57a2d4851a1d" relativeResultsDirectory="7065bcf1-9fb8-4f21-abfc-95e73764f83c" />
    <UnitTestResult executionId="60671e74-eae1-4db3-90e5-49608492e7fb" testId="c765d883-84c4-12f1-cebe-f61a37117166" testName="Base05.Tests.SimulatedProtocolLoadTests.模拟客户端维持连接并完成登录心跳与掉线补连" computerName="DESKTOP-4J13TH0" duration="00:00:08.4651943" startTime="2026-08-10T12:27:49.4853920+08:00" endTime="2026-08-10T12:27:57.9480661+08:00" testType="13cdc9d9-ddb5-4fa4-a97d-d965ccfc6d4b" outcome="Passed" testListId="8c84fa94-04c1-424b-9868-57a2d4851a1d" relativeResultsDirectory="60671e74-eae1-4db3-90e5-49608492e7fb">
      <Output>
        <StdOut>SIMULATED_LOAD_RESULT target=12 active=4 peak=12 logins=5 keepAliveReplies=134 replenishments=1 connectionRetries=0 protocolFailures=0 keepAliveP95Ms=321.11 tickP95Ms=0.00 gcPauseP95Ms=8.19 queueHighWater=12</StdOut>
      </Output>
    </UnitTestResult>
    <UnitTestResult executionId="030d9ffc-482c-43d6-98fc-1e62398268a4" testId="73c2797d-a0ed-37d8-32c2-b9adfd9b1b3b" testName="Base05.Tests.CrashDiagnosticBundleTests.原子诊断包包含日志尾部版本资源版本和配置摘要" computerName="DESKTOP-4J13TH0" duration="00:00:00.1479183" startTime="2026-08-10T12:26:47.8316433+08:00" endTime="2026-08-10T12:26:47.9159899+08:00" testType="13cdc9d9-ddb5-4fa4-a97d-d965ccfc6d4b" outcome="Passed" testListId="8c84fa94-04c1-424b-9868-57a2d4851a1d" relativeResultsDirectory="030d9ffc-482c-43d6-98fc-1e62398268a4" />
    <UnitTestResult executionId="e14afcbb-ffa5-466f-a299-2a22a698f767" testId="e5f87a27-58f6-7cde-cb47-8dca800c9c81" testName="Base05.Tests.TlsTransportTests.TLS端口必须有效且不能与V1冲突" computerName="DESKTOP-4J13TH0" duration="00:00:00.0021145" startTime="2026-08-10T12:27:58.6681773+08:00" endTime="2026-08-10T12:27:58.6702363+08:00" testType="13cdc9d9-ddb5-4fa4-a97d-d965ccfc6d4b" outcome="Passed" testListId="8c84fa94-04c1-424b-9868-57a2d4851a1d" relativeResultsDirectory="e14afcbb-ffa5-466f-a299-2a22a698f767" />
    <UnitTestResult executionId="3ce24055-50f6-4508-b56f-7ae2866fdb79" testId="286184d1-6853-d753-fb1b-fd6e23e3d185" testName="Base05.Tests.TlsTransportTests.客户端拒绝过期证书" computerName="DESKTOP-4J13TH0" duration="00:00:00.0620364" startTime="2026-08-10T12:27:59.5488768+08:00" endTime="2026-08-10T12:27:59.6042398+08:00" testType="13cdc9d9-ddb5-4fa4-a97d-d965ccfc6d4b" outcome="Passed" testListId="8c84fa94-04c1-424b-9868-57a2d4851a1d" relativeResultsDirectory="3ce24055-50f6-4508-b56f-7ae2866fdb79" />
    <UnitTestResult executionId="5ac6fc3a-f64a-4055-a96b-e4d8ac9ce978" testId="7ae1b15f-f628-45f7-cd37-a8e54c9a758c" testName="Base05.Tests.TlsTransportTests.客户端TLS失败探针区分端点吊销与证书验证" computerName="DESKTOP-4J13TH0" duration="00:00:00.0020582" startTime="2026-08-10T12:27:59.4417782+08:00" endTime="2026-08-10T12:27:59.4437623+08:00" testType="13cdc9d9-ddb5-4fa4-a97d-d965ccfc6d4b" outcome="Passed" testListId="8c84fa94-04c1-424b-9868-57a2d4851a1d" relativeResultsDirectory="5ac6fc3a-f64a-4055-a96b-e4d8ac9ce978" />
    <UnitTestResult executionId="bcec4141-ced3-4ae6-ad7d-a73cd65bcf90" testId="06ca9e6f-1038-2f50-b5c8-c792f27fb757" testName="Base05.Tests.ProductionRpoPolicyTests.测试服只放宽上限但仍拒绝零和负数" computerName="DESKTOP-4J13TH0" duration="00:00:00.0018517" startTime="2026-08-10T12:26:47.7490443+08:00" endTime="2026-08-10T12:26:47.7541868+08:00" testType="13cdc9d9-ddb5-4fa4-a97d-d965ccfc6d4b" outcome="Passed" testListId="8c84fa94-04c1-424b-9868-57a2d4851a1d" relativeResultsDirectory="bcec4141-ced3-4ae6-ad7d-a73cd65bcf90" />
    <UnitTestResult executionId="097b5443-1a7c-4a5b-840a-7a499c4add40" testId="a657ec06-8967-d478-df88-c509521e6c71" testName="Base05.Tests.MobileMarriageStateTests.Invalid_update_preserves_last_good_snapshot_and_reset_clears_session" computerName="DESKTOP-4J13TH0" duration="00:00:00.0013094" startTime="2026-08-10T12:26:47.7350668+08:00" endTime="2026-08-10T12:26:47.7355374+08:00" testType="13cdc9d9-ddb5-4fa4-a97d-d965ccfc6d4b" outcome="Passed" testListId="8c84fa94-04c1-424b-9868-57a2d4851a1d" relativeResultsDirectory="097b5443-1a7c-4a5b-840a-7a499c4add40" />
    <UnitTestResult executionId="d81492f0-ab3f-4773-83c6-210c5dd08f61" testId="cf82bed0-c408-1725-5a0b-21556ae87c41" testName="Base05.Tests.Db02SaveGenerationTests.账户快照交接后内存变化不影响后台提交且成功代次单调前进" computerName="DESKTOP-4J13TH0" duration="00:00:00.0963183" startTime="2026-08-10T12:28:01.4306731+08:00" endTime="2026-08-10T12:28:01.5270227+08:00" testType="13cdc9d9-ddb5-4fa4-a97d-d965ccfc6d4b" outcome="Passed" testListId="8c84fa94-04c1-424b-9868-57a2d4851a1d" relativeResultsDirectory="d81492f0-ab3f-4773-83c6-210c5dd08f61" />
    <UnitTestResult executionId="c6386388-5142-4b29-a698-e7abae0a9837" testId="915d5683-19b0-20da-3727-1efec6064ba4" testName="Base05.Tests.SqliteBackupServiceTests.损坏状态文件恢复为失败且目录文件冲突阻止服务构造" computerName="DESKTOP-4J13TH0" duration="00:00:00.0157832" startTime="2026-08-10T12:26:48.4601587+08:00" endTime="2026-08-10T12:26:48.4750390+08:00" testType="13cdc9d9-ddb5-4fa4-a97d-d965ccfc6d4b" outcome="Passed" testListId="8c84fa94-04c1-424b-9868-57a2d4851a1d" relativeResultsDirectory="c6386388-5142-4b29-a698-e7abae0a9837" />
    <UnitTestResult executionId="c6df5ed2-1267-42aa-8eae-0cd7e3d4f288" testId="9cb56ac3-ae5f-3e87-2809-46dfb71030ef" testName="Base05.Tests.MobileFishingStateTests.Local_fishing_update_is_authoritative_and_world_updates_are_ignored" computerName="DESKTOP-4J13TH0" duration="00:00:00.0177368" startTime="2026-08-10T12:26:47.6606913+08:00" endTime="2026-08-10T12:26:47.7261800+08:00" testType="13cdc9d9-ddb5-4fa4-a97d-d965ccfc6d4b" outcome="Passed" testListId="8c84fa94-04c1-424b-9868-57a2d4851a1d" relativeResultsDirectory="c6df5ed2-1267-42aa-8eae-0cd7e3d4f288" />
    <UnitTestResult executionId="da06c596-0fa0-457a-8dda-a5afa94ef351" testId="ea87e41d-8d2f-9c0f-959a-624e12b8b781" testName="Base05.Tests.TlsTransportTests.临时证书SslStream握手并完成现有Packet往返" computerName="DESKTOP-4J13TH0" duration="00:00:00.1811104" startTime="2026-08-10T12:27:58.4868061+08:00" endTime="2026-08-10T12:27:58.6680103+08:00" testType="13cdc9d9-ddb5-4fa4-a97d-d965ccfc6d4b" outcome="Passed" testListId="8c84fa94-04c1-424b-9868-57a2d4851a1d" relativeResultsDirectory="da06c596-0fa0-457a-8dda-a5afa94ef351" />
    <UnitTestResult executionId="82a0b721-9dd8-4128-b069-6624bd238169" testId="ab78f59c-38cc-2aa8-1013-84292e5636db" testName="Base05.Tests.KillSwitchServiceTests.商城活动与高风险入口读取同一服务端开关" computerName="DESKTOP-4J13TH0" duration="00:00:00.0639052" startTime="2026-08-10T12:28:06.5727430+08:00" endTime="2026-08-10T12:28:06.6366009+08:00" testType="13cdc9d9-ddb5-4fa4-a97d-d965ccfc6d4b" outcome="Passed" testListId="8c84fa94-04c1-424b-9868-57a2d4851a1d" relativeResultsDirectory="82a0b721-9dd8-4128-b069-6624bd238169" />
    <UnitTestResult executionId="f88c5e49-460b-4953-be14-efe3942419b0" testId="71bbe50d-2f6f-8672-f75a-1dbc1db27bcf" testName="Base05.Tests.PasswordSecurityTests.旧PBKDF2密码验证成功后透明升级且错误密码不升级" computerName="DESKTOP-4J13TH0" duration="00:00:00.3559875" startTime="2026-08-10T12:26:49.5251316+08:00" endTime="2026-08-10T12:26:49.8808073+08:00" testType="13cdc9d9-ddb5-4fa4-a97d-d965ccfc6d4b" outcome="Passed" testListId="8c84fa94-04c1-424b-9868-57a2d4851a1d" relativeResultsDirectory="f88c5e49-460b-4953-be14-efe3942419b0" />
    <UnitTestResult executionId="8bdf048b-bdae-44f7-afc8-157f0be716a5" testId="04f03d96-3cad-e427-6e52-79e254644143" testName="Base05.Tests.MobileMarriageStateTests.Unrelated_system_chat_does_not_release_success_guard" computerName="DESKTOP-4J13TH0" duration="00:00:00.0005995" startTime="2026-08-10T12:26:47.7597072+08:00" endTime="2026-08-10T12:26:47.7601288+08:00" testType="13cdc9d9-ddb5-4fa4-a97d-d965ccfc6d4b" outcome="Passed" testListId="8c84fa94-04c1-424b-9868-57a2d4851a1d" relativeResultsDirectory="8bdf048b-bdae-44f7-afc8-157f0be716a5" />
    <UnitTestResult executionId="cb481533-e29c-4a7f-8672-59c5b7d8e877" testId="64a186cb-a642-ad58-57eb-00c6180d053e" testName="Base05.Tests.GameShopStateTests.Fixed_grid_maps_only_visible_slots(page: 0, slot: 15, pageSize: 15, count: 16, expected: -1)" computerName="DESKTOP-4J13TH0" duration="00:00:00.0000071" startTime="2026-08-10T12:26:47.7123979+08:00" endTime="2026-08-10T12:26:47.7125555+08:00" testType="13cdc9d9-ddb5-4fa4-a97d-d965ccfc6d4b" outcome="Passed" testListId="8c84fa94-04c1-424b-9868-57a2d4851a1d" relativeResultsDirectory="cb481533-e29c-4a7f-8672-59c5b7d8e877" />
    <UnitTestResult executionId="757356ee-6156-4f74-9fef-1dfa8ea57f18" testId="347c76ef-c66e-7058-f802-12d994f11d7e" testName="Base05.Tests.MobileFishingInventoryPolicyTests.Slot_candidates_use_the_corresponding_fishing_type(slot: 1, expected: 鱼漂)" computerName="DESKTOP-4J13TH0" duration="00:00:00.0000109" startTime="2026-08-10T12:26:47.8062671+08:00" endTime="2026-08-10T12:26:47.8063693+08:00" testType="13cdc9d9-ddb5-4fa4-a97d-d965ccfc6d4b" outcome="Passed" testListId="8c84fa94-04c1-424b-9868-57a2d4851a1d" relativeResultsDirectory="757356ee-6156-4f74-9fef-1dfa8ea57f18" />
    <UnitTestResult executionId="6abc6cf0-2236-4c8d-b0a0-5200b13fb7cb" testId="f4b3c55e-e7db-dbf2-5480-41d025655bcd" testName="Base05.Tests.ProductionRpoPolicyTests.正式保存间隔拒绝越界值(minutes: 60)" computerName="DESKTOP-4J13TH0" duration="00:00:00.0000187" startTime="2026-08-10T12:26:47.7399996+08:00" endTime="2026-08-10T12:26:47.7401568+08:00" testType="13cdc9d9-ddb5-4fa4-a97d-d965ccfc6d4b" outcome="Passed" testListId="8c84fa94-04c1-424b-9868-57a2d4851a1d" relativeResultsDirectory="6abc6cf0-2236-4c8d-b0a0-5200b13fb7cb" />
    <UnitTestResult executionId="8057a6f2-7b3e-430f-b0aa-6aa977215741" testId="955e7ec2-c747-8c44-cf47-7efbd640526f" testName="Base05.Tests.GameShopStateTests.Fixed_grid_calculates_the_last_page(count: 16, pageSize: 15, expected: 1)" computerName="DESKTOP-4J13TH0" duration="00:00:00.0006511" startTime="2026-08-10T12:26:47.6827043+08:00" endTime="2026-08-10T12:26:47.6828064+08:00" testType="13cdc9d9-ddb5-4fa4-a97d-d965ccfc6d4b" outcome="Passed" testListId="8c84fa94-04c1-424b-9868-57a2d4851a1d" relativeResultsDirectory="8057a6f2-7b3e-430f-b0aa-6aa977215741" />
    <UnitTestResult executionId="bf8f9ed7-2ac4-41fd-84a5-3077633b8d4f" testId="33ffd294-9dd2-6b45-24a0-84aad23e4d5c" testName="Base05.Tests.Sec01LoginTransactionTests.HTTPLogin事务异常时回滚账户与自动保存状态" computerName="DESKTOP-4J13TH0" duration="00:00:00.7142382" startTime="2026-08-10T12:26:47.7847782+08:00" endTime="2026-08-10T12:26:48.3463619+08:00" testType="13cdc9d9-ddb5-4fa4-a97d-d965ccfc6d4b" outcome="Passed" testListId="8c84fa94-04c1-424b-9868-57a2d4851a1d" relativeResultsDirectory="bf8f9ed7-2ac4-41fd-84a5-3077633b8d4f" />
    <UnitTestResult executionId="c06431df-ac1b-4332-ab1d-fb8b4df89b7c" testId="f3766362-236f-2373-1cd7-604798f5e06d" testName="Base05.Tests.PerformanceMetricsTests.EnvironmentEntryCanStartStopAndExportProductionSession" computerName="DESKTOP-4J13TH0" duration="00:00:00.0265585" startTime="2026-08-10T12:28:01.5784053+08:00" endTime="2026-08-10T12:28:01.6049832+08:00" testType="13cdc9d9-ddb5-4fa4-a97d-d965ccfc6d4b" outcome="Passed" testListId="8c84fa94-04c1-424b-9868-57a2d4851a1d" relativeResultsDirectory="c06431df-ac1b-4332-ab1d-fb8b4df89b7c" />
    <UnitTestResult executionId="5e63f3bf-aa13-41ce-9fe4-851b62672959" testId="3d15cf04-3f19-8cdf-3d5a-162cbc51980e" testName="Base05.Tests.MobileMentorStateTests.Protocol_indexes_and_field_contract_match_server_packets" computerName="DESKTOP-4J13TH0" duration="00:00:00.0036352" startTime="2026-08-10T12:26:47.7552886+08:00" endTime="2026-08-10T12:26:47.7580878+08:00" testType="13cdc9d9-ddb5-4fa4-a97d-d965ccfc6d4b" outcome="Passed" testListId="8c84fa94-04c1-424b-9868-57a2d4851a1d" relativeResultsDirectory="5e63f3bf-aa13-41ce-9fe4-851b62672959" />
    <UnitTestResult executionId="2bb5fb37-220a-41a8-8310-4cd2b83536ad" testId="ce1f4cec-15c6-4f64-1ae0-7ca704a8ec9f" testName="Base05.Tests.LoginProtectionTests.失败后按指数退避并在上限处封禁账号" computerName="DESKTOP-4J13TH0" duration="00:00:00.0003346" startTime="2026-08-10T12:28:00.3134412+08:00" endTime="2026-08-10T12:28:00.3136734+08:00" testType="13cdc9d9-ddb5-4fa4-a97d-d965ccfc6d4b" outcome="Passed" testListId="8c84fa94-04c1-424b-9868-57a2d4851a1d" relativeResultsDirectory="2bb5fb37-220a-41a8-8310-4cd2b83536ad" />
    <UnitTestResult executionId="543213a9-7db0-4cdc-ab21-76da4e21c12c" testId="0bab9faa-bad0-f9a1-494e-940ee52c7237" testName="Base05.Tests.MobileMountHudRegressionTests.Ordinary_repairs_do_not_mark_the_mount_slot_as_repaired" computerName="DESKTOP-4J13TH0" duration="00:00:00.0008570" startTime="2026-08-10T12:26:47.6997146+08:00" endTime="2026-08-10T12:26:47.7016039+08:00" testType="13cdc9d9-ddb5-4fa4-a97d-d965ccfc6d4b" outcome="Passed" testListId="8c84fa94-04c1-424b-9868-57a2d4851a1d" relativeResultsDirectory="543213a9-7db0-4cdc-ab21-76da4e21c12c" />
    <UnitTestResult executionId="37eeda6e-3256-4626-9df7-cd8368c724fa" testId="a77e0108-8dda-7656-9d32-fbcec5aea725" testName="Base05.Tests.TlsTransportTests.停止网络取消TLS握手代次且不改动旧代计数" computerName="DESKTOP-4J13TH0" duration="00:00:00.0013586" startTime="2026-08-10T12:27:58.2812419+08:00" endTime="2026-08-10T12:27:58.2825558+08:00" testType="13cdc9d9-ddb5-4fa4-a97d-d965ccfc6d4b" outcome="Passed" testListId="8c84fa94-04c1-424b-9868-57a2d4851a1d" relativeResultsDirectory="37eeda6e-3256-4626-9df7-cd8368c724fa" />
    <UnitTestResult executionId="d4750fa7-d781-44ef-a108-857b54a0af9e" testId="cc8ce5ec-f4e3-ac75-c8e2-e26e6892faf9" testName="Base05.Tests.KillSwitchServiceTests.损坏缺字段或未知版本状态均失败关闭(payload: &quot;{}&quot;)" computerName="DESKTOP-4J13TH0" duration="00:00:00.0016054" startTime="2026-08-10T12:28:06.6411042+08:00" endTime="2026-08-10T12:28:06.6423605+08:00" testType="13cdc9d9-ddb5-4fa4-a97d-d965ccfc6d4b" outcome="Passed" testListId="8c84fa94-04c1-424b-9868-57a2d4851a1d" relativeResultsDirectory="d4750fa7-d781-44ef-a108-857b54a0af9e" />
    <UnitTestResult executionId="2cb06da9-256c-4d55-9d09-06bac7ad5d09" testId="e2f787e4-57e9-6607-9e9e-89980dda73d6" testName="Base05.Tests.PerformanceMetricsTests.QueueTrackerRebaselinesHighWaterWhenSessionChanges" computerName="DESKTOP-4J13TH0" duration="00:00:00.0003069" startTime="2026-08-10T12:28:01.6365481+08:00" endTime="2026-08-10T12:28:01.6367409+08:00" testType="13cdc9d9-ddb5-4fa4-a97d-d965ccfc6d4b" outcome="Passed" testListId="8c84fa94-04c1-424b-9868-57a2d4851a1d" relativeResultsDirectory="2cb06da9-256c-4d55-9d09-06bac7ad5d09" />
    <UnitTestResult executionId="a6614a42-b5d0-4e32-9f70-6bd05fdc1f3a" testId="cd110f8f-8f99-da7b-a04c-4025ec90371a" testName="Base05.Tests.PasswordSecurityTests.畸形或不支持的PHC安全失败(storedHash: &quot;$argon2id$v=19$m=bad,t=3,p=1$not-base64$not-base64&quot;)" computerName="DESKTOP-4J13TH0" duration="00:00:00.0007762" startTime="2026-08-10T12:26:47.8269383+08:00" endTime="2026-08-10T12:26:47.8270517+08:00" testType="13cdc9d9-ddb5-4fa4-a97d-d965ccfc6d4b" outcome="Passed" testListId="8c84fa94-04c1-424b-9868-57a2d4851a1d" relativeResultsDirectory="a6614a42-b5d0-4e32-9f70-6bd05fdc1f3a" />
    <UnitTestResult executionId="87ef21ad-035c-4b01-9e03-831eea71b48c" testId="06fb6aa3-99db-5a01-4edb-e7f897733fbc" testName="Base05.Tests.EquipmentSetBonusModuleTests.破碎套装按已装备部位叠加局部加成" computerName="DESKTOP-4J13TH0" duration="00:00:00.0006958" startTime="2026-08-10T12:26:47.7288806+08:00" endTime="2026-08-10T12:26:47.7294318+08:00" testType="13cdc9d9-ddb5-4fa4-a97d-d965ccfc6d4b" outcome="Passed" testListId="8c84fa94-04c1-424b-9868-57a2d4851a1d" relativeResultsDirectory="87ef21ad-035c-4b01-9e03-831eea71b48c" />
    <UnitTestResult executionId="bd48f6fc-40ae-4499-9314-7f27b945c844" testId="6caafb8f-0b96-16a2-9012-2f3dee2e854f" testName="Base05.Tests.PasswordSecurityTests.固定Argon2标准PHC向量与旧点号兼容" computerName="DESKTOP-4J13TH0" duration="00:00:01.2310606" startTime="2026-08-10T12:26:47.8284967+08:00" endTime="2026-08-10T12:26:48.9713188+08:00" testType="13cdc9d9-ddb5-4fa4-a97d-d965ccfc6d4b" outcome="Passed" testListId="8c84fa94-04c1-424b-9868-57a2d4851a1d" relativeResultsDirectory="bd48f6fc-40ae-4499-9314-7f27b945c844" />
    <UnitTestResult executionId="203dadba-714f-4f6c-86c2-3b6a6fa593f4" testId="2141fe34-414e-d511-d1ce-d04ff30c4c08" testName="Base05.Tests.SqliteSingleWriterTests.Drain等待正在执行和排队的最后一次提交" computerName="DESKTOP-4J13TH0" duration="00:00:00.2719246" startTime="2026-08-10T12:26:47.8734815+08:00" endTime="2026-08-10T12:26:48.1454720+08:00" testType="13cdc9d9-ddb5-4fa4-a97d-d965ccfc6d4b" outcome="Passed" testListId="8c84fa94-04c1-424b-9868-57a2d4851a1d" relativeResultsDirectory="203dadba-714f-4f6c-86c2-3b6a6fa593f4" />
    <UnitTestResult executionId="07b8598f-8949-4092-9793-7597b481b52a" testId="720c5efe-99e1-4646-7e51-8eaf2a8ebc5b" testName="Base05.Tests.PerformanceMetricsTests.HistogramPercentileUsesConservativeBoundedSubBucket" computerName="DESKTOP-4J13TH0" duration="00:00:00.0032479" startTime="2026-08-10T12:28:01.6368175+08:00" endTime="2026-08-10T12:28:01.6400381+08:00" testType="13cdc9d9-ddb5-4fa4-a97d-d965ccfc6d4b" outcome="Passed" testListId="8c84fa94-04c1-424b-9868-57a2d4851a1d" relativeResultsDirectory="07b8598f-8949-4092-9793-7597b481b52a" />
    <UnitTestResult executionId="a40ee935-d0f7-4eda-9ac2-659553fcd7c9" testId="f6b6a1ec-545d-8158-7292-41eac4c4aec6" testName="Base05.Tests.SqliteRestoreServiceTests.空白路径在任何文件操作前拒绝" computerName="DESKTOP-4J13TH0" duration="00:00:00.0005016" startTime="2026-08-10T12:26:48.0613478+08:00" endTime="2026-08-10T12:26:48.0616931+08:00" testType="13cdc9d9-ddb5-4fa4-a97d-d965ccfc6d4b" outcome="Passed" testListId="8c84fa94-04c1-424b-9868-57a2d4851a1d" relativeResultsDirectory="a40ee935-d0f7-4eda-9ac2-659553fcd7c9" />
    <UnitTestResult executionId="fb519f70-8773-44cf-9ad8-1b22ae59e5b0" testId="bcb8695d-e6e8-71b1-e073-35a6c9522d1d" testName="Base05.Tests.MobileMountHudRegressionTests.Mobile_hud_fallback_buttons_stay_in_safe_area_and_do_not_overlap(rootWidth: 720, rootHeight: 1280)" computerName="DESKTOP-4J13TH0" duration="00:00:00.0046261" startTime="2026-08-10T12:26:47.6605965+08:00" endTime="2026-08-10T12:26:47.6980154+08:00" testType="13cdc9d9-ddb5-4fa4-a97d-d965ccfc6d4b" outcome="Passed" testListId="8c84fa94-04c1-424b-9868-57a2d4851a1d" relativeResultsDirectory="fb519f70-8773-44cf-9ad8-1b22ae59e5b0" />
    <UnitTestResult executionId="3a2a8947-a4c6-48c3-aaef-e1d3eb97dc34" testId="83b200c1-d086-d079-2aa0-bfa32db43f21" testName="Base05.Tests.TlsTransportTests.客户端拒绝错误主机名" computerName="DESKTOP-4J13TH0" duration="00:00:00.2024670" startTime="2026-08-10T12:27:58.2826620+08:00" endTime="2026-08-10T12:27:58.4863496+08:00" testType="13cdc9d9-ddb5-4fa4-a97d-d965ccfc6d4b" outcome="Passed" testListId="8c84fa94-04c1-424b-9868-57a2d4851a1d" relativeResultsDirectory="3a2a8947-a4c6-48c3-aaef-e1d3eb97dc34" />
    <UnitTestResult executionId="63be3a3e-346a-4731-929a-7405aa7a3c0a" testId="a3cdfc16-537d-2f0e-2489-8393541c6897" testName="Base05.Tests.MySqlSwitchPolicyTests.其他SQLite源库不能为当前主库生成授权" computerName="DESKTOP-4J13TH0" duration="00:00:00.0144591" startTime="2026-08-10T12:28:08.8515085+08:00" endTime="2026-08-10T12:28:08.8659101+08:00" testType="13cdc9d9-ddb5-4fa4-a97d-d965ccfc6d4b" outcome="Passed" testListId="8c84fa94-04c1-424b-9868-57a2d4851a1d" relativeResultsDirectory="63be3a3e-346a-4731-929a-7405aa7a3c0a" />
    <UnitTestResult executionId="8a46beeb-1f5f-4dd0-a548-2a50f4ee9c2a" testId="547c1f73-1b73-ef54-de4b-122dae1bc39d" testName="Base05.Tests.PerformanceMetricsTests.UnavailableMetricKeepsReasonWithoutInventingZero" computerName="DESKTOP-4J13TH0" duration="00:00:00.0008146" startTime="2026-08-10T12:28:01.6230427+08:00" endTime="2026-08-10T12:28:01.6235066+08:00" testType="13cdc9d9-ddb5-4fa4-a97d-d965ccfc6d4b" outcome="Passed" testListId="8c84fa94-04c1-424b-9868-57a2d4851a1d" relativeResultsDirectory="8a46beeb-1f5f-4dd0-a548-2a50f4ee9c2a" />
    <UnitTestResult executionId="a94bb88d-910a-47d5-8632-1e72969f2df0" testId="958977b5-5163-493e-8d67-6785acdfc72b" testName="Base05.Tests.MobileSealRentalStateTests.Owner_cannot_retrieve_locked_item_but_cancel_retrieve_is_still_applied" computerName="DESKTOP-4J13TH0" duration="00:00:00.0003543" startTime="2026-08-10T12:26:47.7890790+08:00" endTime="2026-08-10T12:26:47.7896285+08:00" testType="13cdc9d9-ddb5-4fa4-a97d-d965ccfc6d4b" outcome="Passed" testListId="8c84fa94-04c1-424b-9868-57a2d4851a1d" relativeResultsDirectory="a94bb88d-910a-47d5-8632-1e72969f2df0" />
    <UnitTestResult executionId="48b062d1-2a21-4c11-9710-07e5e5e14256" testId="9bf081af-f7f1-6dd8-8e67-8f7f95d51cda" testName="Base05.Tests.ProductionRpoPolicyTests.正式保存间隔拒绝越界值(minutes: 0)" computerName="DESKTOP-4J13TH0" duration="00:00:00.0047507" startTime="2026-08-10T12:26:47.7347701+08:00" endTime="2026-08-10T12:26:47.7390940+08:00" testType="13cdc9d9-ddb5-4fa4-a97d-d965ccfc6d4b" outcome="Passed" testListId="8c84fa94-04c1-424b-9868-57a2d4851a1d" relativeResultsDirectory="48b062d1-2a21-4c11-9710-07e5e5e14256" />
    <UnitTestResult executionId="c9f5ecf1-4ab6-489b-a8b7-a7b627696216" testId="cd6e3b44-2671-45a2-e1d1-e668e029dd47" testName="Base05.Tests.EquipmentSetBonusModuleTests.天龙全套累积武器防具首饰与完整套装四层加成" computerName="DESKTOP-4J13TH0" duration="00:00:00.0054704" startTime="2026-08-10T12:26:47.7092325+08:00" endTime="2026-08-10T12:26:47.7249087+08:00" testType="13cdc9d9-ddb5-4fa4-a97d-d965ccfc6d4b" outcome="Passed" testListId="8c84fa94-04c1-424b-9868-57a2d4851a1d" relativeResultsDirectory="c9f5ecf1-4ab6-489b-a8b7-a7b627696216" />
    <UnitTestResult executionId="bef1b37e-5795-410b-b954-f79be6f0dae7" testId="b1d293ad-3863-8437-8204-338ec1e8636e" testName="Base05.Tests.MobileSealRentalStateTests.Fee_is_committed_only_after_matching_gold_loss_and_duplicate_loss_is_ignored" computerName="DESKTOP-4J13TH0" duration="00:00:00.0002418" startTime="2026-08-10T12:26:47.7917637+08:00" endTime="2026-08-10T12:26:47.7918668+08:00" testType="13cdc9d9-ddb5-4fa4-a97d-d965ccfc6d4b" outcome="Passed" testListId="8c84fa94-04c1-424b-9868-57a2d4851a1d" relativeResultsDirectory="bef1b37e-5795-410b-b954-f79be6f0dae7" />
    <UnitTestResult executionId="05227051-9b05-4fbd-8fff-7cc9928985c3" testId="195b1012-254b-4c43-8cb3-d228e312196e" testName="Base05.Tests.MobileSealRentalStateTests.Rented_summary_and_cancel_are_authoritative_state_updates" computerName="DESKTOP-4J13TH0" duration="00:00:00.0056351" startTime="2026-08-10T12:26:47.7580199+08:00" endTime="2026-08-10T12:26:47.7622869+08:00" testType="13cdc9d9-ddb5-4fa4-a97d-d965ccfc6d4b" outcome="Passed" testListId="8c84fa94-04c1-424b-9868-57a2d4851a1d" relativeResultsDirectory="05227051-9b05-4fbd-8fff-7cc9928985c3" />
    <UnitTestResult executionId="881ba473-7921-4588-abcf-68f9d705cbdc" testId="41eaecf6-9f28-da52-2700-b138008baebd" testName="Base05.Tests.MobileMountStateTests.Ride_request_is_one_shot_until_authoritative_mount_update" computerName="DESKTOP-4J13TH0" duration="00:00:00.0003261" startTime="2026-08-10T12:26:47.7689495+08:00" endTime="2026-08-10T12:26:47.7690512+08:00" testType="13cdc9d9-ddb5-4fa4-a97d-d965ccfc6d4b" outcome="Passed" testListId="8c84fa94-04c1-424b-9868-57a2d4851a1d" relativeResultsDirectory="881ba473-7921-4588-abcf-68f9d705cbdc" />
    <UnitTestResult executionId="1c76f857-ec0b-4777-b904-b373cdfe3284" testId="3d021102-1249-1c1c-5e78-448b6ed2f1ef" testName="Base05.Tests.ServerLifecycleSmokeTests.真实ServerTLS路径完成KeepAlive" computerName="DESKTOP-4J13TH0" duration="00:00:05.3518757" startTime="2026-08-10T12:27:22.8151409+08:00" endTime="2026-08-10T12:27:28.1681929+08:00" testType="13cdc9d9-ddb5-4fa4-a97d-d965ccfc6d4b" outcome="Passed" testListId="8c84fa94-04c1-424b-9868-57a2d4851a1d" relativeResultsDirectory="1c76f857-ec0b-4777-b904-b373cdfe3284" />
    <UnitTestResult executionId="95c9eec9-8529-4400-abe8-af90a94c3b5e" testId="99b87452-f9f4-4fff-a38b-468466615e35" testName="Base05.Tests.BasicOperationsMonitorTests.告警只在触发和恢复状态转换时写入一次" computerName="DESKTOP-4J13TH0" duration="00:00:00.0018407" startTime="2026-08-10T12:28:06.5639672+08:00" endTime="2026-08-10T12:28:06.5655955+08:00" testType="13cdc9d9-ddb5-4fa4-a97d-d965ccfc6d4b" outcome="Passed" testListId="8c84fa94-04c1-424b-9868-57a2d4851a1d" relativeResultsDirectory="95c9eec9-8529-4400-abe8-af90a94c3b5e" />
    <UnitTestResult executionId="10ac26dc-2b72-43eb-8550-c059ddd266a7" testId="a4ccb553-a9ec-f939-bd21-2e4e9ed64574" testName="Base05.Tests.MobileHeroStateTests.Null_change_response_preserves_snapshot_and_surfaces_failure" computerName="DESKTOP-4J13TH0" duration="00:00:00.0005766" startTime="2026-08-10T12:26:47.8211077+08:00" endTime="2026-08-10T12:26:47.8212089+08:00" testType="13cdc9d9-ddb5-4fa4-a97d-d965ccfc6d4b" outcome="Passed" testListId="8c84fa94-04c1-424b-9868-57a2d4851a1d" relativeResultsDirectory="10ac26dc-2b72-43eb-8550-c059ddd266a7" />
    <UnitTestResult executionId="1483b09b-76c9-4449-aff8-f40da48b130c" testId="2d196359-20a0-fa97-6ef7-6f87679a2f3d" testName="Base05.Tests.SqliteBackupServiceTests.异地复制失败时保留已验证本地副本并持久化失败状态" computerName="DESKTOP-4J13TH0" duration="00:00:00.2000556" startTime="2026-08-10T12:26:47.8021438+08:00" endTime="2026-08-10T12:26:47.8750728+08:00" testType="13cdc9d9-ddb5-4fa4-a97d-d965ccfc6d4b" outcome="Passed" testListId="8c84fa94-04c1-424b-9868-57a2d4851a1d" relativeResultsDirectory="1483b09b-76c9-4449-aff8-f40da48b130c" />
    <UnitTestResult executionId="b72a6e3f-b7cc-40fb-abf5-f1968fb2e383" testId="feb53cd4-1d92-9931-d8fe-0a99b3ddcafa" testName="Base05.Tests.MobileFishingStateTests.Fishing_failure_chat_and_timeout_release_one_shot_cast_guard" computerName="DESKTOP-4J13TH0" duration="00:00:00.0009287" startTime="2026-08-10T12:26:47.7600421+08:00" endTime="2026-08-10T12:26:47.7628169+08:00" testType="13cdc9d9-ddb5-4fa4-a97d-d965ccfc6d4b" outcome="Passed" testListId="8c84fa94-04c1-424b-9868-57a2d4851a1d" relativeResultsDirectory="b72a6e3f-b7cc-40fb-abf5-f1968fb2e383" />
    <UnitTestResult executionId="4a419277-19d7-451c-8bf8-a988ca1bb289" testId="a2d3868e-64d4-508c-25e6-bac879892300" testName="Base05.Tests.MobileSealRentalStateTests.Default_tab_switches_seal_to_rental_and_back_without_touching_rental_state" computerName="DESKTOP-4J13TH0" duration="00:00:00.0054328" startTime="2026-08-10T12:26:47.7839994+08:00" endTime="2026-08-10T12:26:47.7851432+08:00" testType="13cdc9d9-ddb5-4fa4-a97d-d965ccfc6d4b" outcome="Passed" testListId="8c84fa94-04c1-424b-9868-57a2d4851a1d" relativeResultsDirectory="4a419277-19d7-451c-8bf8-a988ca1bb289" />
    <UnitTestResult executionId="3923eb35-f1fc-46e7-840f-d1d59b186007" testId="e853c294-0e4a-1c2b-1847-c3d4c2c936e5" testName="Base05.Tests.MobileSealRentalStateTests.Seal_and_rental_commands_keep_existing_packet_indexes_and_shapes" computerName="DESKTOP-4J13TH0" duration="00:00:00.0045584" startTime="2026-08-10T12:26:47.7795338+08:00" endTime="2026-08-10T12:26:47.7820314+08:00" testType="13cdc9d9-ddb5-4fa4-a97d-d965ccfc6d4b" outcome="Passed" testListId="8c84fa94-04c1-424b-9868-57a2d4851a1d" relativeResultsDirectory="3923eb35-f1fc-46e7-840f-d1d59b186007" />
    <UnitTestResult executionId="4c145b9e-e18c-4197-9b23-6a5ae1ec7df3" testId="58e674c8-a428-c31f-1d4a-b2771f2b4309" testName="Base05.Tests.BootstrapManifestSignatureTests.最低兼容版本高于当前客户端时拒绝更新" computerName="DESKTOP-4J13TH0" duration="00:00:00.1733596" startTime="2026-08-10T12:26:47.6045567+08:00" endTime="2026-08-10T12:26:47.8176742+08:00" testType="13cdc9d9-ddb5-4fa4-a97d-d965ccfc6d4b" outcome="Passed" testListId="8c84fa94-04c1-424b-9868-57a2d4851a1d" relativeResultsDirectory="4c145b9e-e18c-4197-9b23-6a5ae1ec7df3" />
    <UnitTestResult executionId="023c04a8-1044-42c6-9654-e6f7130846fc" testId="90d1e722-f313-056d-ff9e-24aa3cc5af1d" testName="Base05.Tests.ResourceManifestTests.None_contract_rejects_non_absent_version_and_invalid_scope" computerName="DESKTOP-4J13TH0" duration="00:00:03.2373740" startTime="2026-08-10T12:26:52.6531788+08:00" endTime="2026-08-10T12:26:55.8898993+08:00" testType="13cdc9d9-ddb5-4fa4-a97d-d965ccfc6d4b" outcome="Passed" testListId="8c84fa94-04c1-424b-9868-57a2d4851a1d" relativeResultsDirectory="023c04a8-1044-42c6-9654-e6f7130846fc" />
    <UnitTestResult executionId="32983bd6-e2e5-4747-aa4d-a8ab6c4fc0aa" testId="021a7cb0-3b4f-a6f2-65eb-af80e68b7bcf" testName="Base05.Tests.MobileMountStateTests.Silent_ride_request_times_out_and_can_retry" computerName="DESKTOP-4J13TH0" duration="00:00:00.0006333" startTime="2026-08-10T12:26:47.7679926+08:00" endTime="2026-08-10T12:26:47.7680787+08:00" testType="13cdc9d9-ddb5-4fa4-a97d-d965ccfc6d4b" outcome="Passed" testListId="8c84fa94-04c1-424b-9868-57a2d4851a1d" relativeResultsDirectory="32983bd6-e2e5-4747-aa4d-a8ab6c4fc0aa" />
    <UnitTestResult executionId="009d367d-43b6-44a7-9b2b-07ee5b6cdc3c" testId="633704c3-e4a1-b9b4-9624-f80074018452" testName="Base05.Tests.SqliteBackupServiceTests.探针无法删除时服务构造失败关闭且不遗留探针" computerName="DESKTOP-4J13TH0" duration="00:00:00.0053996" startTime="2026-08-10T12:26:48.2064870+08:00" endTime="2026-08-10T12:26:48.2117619+08:00" testType="13cdc9d9-ddb5-4fa4-a97d-d965ccfc6d4b" outcome="Passed" testListId="8c84fa94-04c1-424b-9868-57a2d4851a1d" relativeResultsDirectory="009d367d-43b6-44a7-9b2b-07ee5b6cdc3c" />
    <UnitTestResult executionId="fd9cd45c-a82a-412d-8e8b-fe576133e81b" testId="73d41b22-174f-aba4-ba98-fa749aac209f" testName="Base05.Tests.PasswordStoragePolicyTests.专用清理在构造Reader前删除重复敏感键并保留BOM换行" computerName="DESKTOP-4J13TH0" duration="00:00:00.0233316" startTime="2026-08-10T12:26:47.8101161+08:00" endTime="2026-08-10T12:26:47.8216343+08:00" testType="13cdc9d9-ddb5-4fa4-a97d-d965ccfc6d4b" outcome="Passed" testListId="8c84fa94-04c1-424b-9868-57a2d4851a1d" relativeResultsDirectory="fd9cd45c-a82a-412d-8e8b-fe576133e81b" />
    <UnitTestResult executionId="9df5eae9-66d9-4683-9a73-efc9cd621323" testId="22678f19-f1cc-fd11-52a6-f5dc3a6052d7" testName="Base05.Tests.AdminSecurityTests.真实管理端点拒绝缺失错误及越权凭据" computerName="DESKTOP-4J13TH0" duration="00:00:01.0880547" startTime="2026-08-10T12:28:04.4271242+08:00" endTime="2026-08-10T12:28:05.5156968+08:00" testType="13cdc9d9-ddb5-4fa4-a97d-d965ccfc6d4b" outcome="Passed" testListId="8c84fa94-04c1-424b-9868-57a2d4851a1d" relativeResultsDirectory="9df5eae9-66d9-4683-9a73-efc9cd621323" />
    <UnitTestResult executionId="bd61c293-e139-446a-8fcf-9f2463a09d7b" testId="b08a92ae-83a8-ef90-c10b-c0425d5c155d" testName="Base05.Tests.MobileMarriageStateTests.Change_marriage_label_and_result_follow_pre_and_post_marriage_server_semantics" computerName="DESKTOP-4J13TH0" duration="00:00:00.0100283" startTime="2026-08-10T12:26:47.5936350+08:00" endTime="2026-08-10T12:26:47.6236075+08:00" testType="13cdc9d9-ddb5-4fa4-a97d-d965ccfc6d4b" outcome="Passed" testListId="8c84fa94-04c1-424b-9868-57a2d4851a1d" relativeResultsDirectory="bd61c293-e139-446a-8fcf-9f2463a09d7b" />
    <UnitTestResult executionId="7dfaa5eb-1cd7-4c40-a95b-4885be781931" testId="1fcc816a-0bc2-c77c-7cb0-7d98ba990422" testName="Base05.Tests.PerformanceMetricsTests.ServerStopFreezesAndExportsConfiguredSession" computerName="DESKTOP-4J13TH0" duration="00:00:00.0031742" startTime="2026-08-10T12:28:01.6236823+08:00" endTime="2026-08-10T12:28:01.6267383+08:00" testType="13cdc9d9-ddb5-4fa4-a97d-d965ccfc6d4b" outcome="Passed" testListId="8c84fa94-04c1-424b-9868-57a2d4851a1d" relativeResultsDirectory="7dfaa5eb-1cd7-4c40-a95b-4885be781931" />
[...]
    <TestEntry testId="1849a0f5-4af9-62e5-e597-5c60ecb5432d" executionId="4aa0cf93-984f-49d6-a92f-fdee774f8c7b" testListId="8c84fa94-04c1-424b-9868-57a2d4851a1d" />
    <TestEntry testId="c0ee9917-f5d0-b443-7105-6560bca45411" executionId="6ec7c9d6-7f5e-4c74-a12c-98cca730deae" testListId="8c84fa94-04c1-424b-9868-57a2d4851a1d" />
    <TestEntry testId="aa14aa9c-193a-2b08-560b-5a7dacd0a3de" executionId="2fe9279a-9dc7-44a7-bf0e-306dcac9c38c" testListId="8c84fa94-04c1-424b-9868-57a2d4851a1d" />
    <TestEntry testId="f7086571-57b5-f179-5f03-eb2721313f20" executionId="6e7a92b8-2f1a-4d64-a419-5419fc8ef6bc" testListId="8c84fa94-04c1-424b-9868-57a2d4851a1d" />
    <TestEntry testId="59d2ba03-90e2-0983-f23f-e02b515dafc9" executionId="a77ef3c2-4642-4b36-b10c-2ddcac5ace52" testListId="8c84fa94-04c1-424b-9868-57a2d4851a1d" />
    <TestEntry testId="99cc3d4f-af52-eb6e-f624-a8bbd9b2dc69" executionId="b85bcf9f-c654-49d9-a2e7-d630f7d97161" testListId="8c84fa94-04c1-424b-9868-57a2d4851a1d" />
    <TestEntry testId="34ad99d2-5f8d-f56d-36db-3b9b07052d3b" executionId="a682ac9c-5b6c-4a63-b0c3-ba12d67b338c" testListId="8c84fa94-04c1-424b-9868-57a2d4851a1d" />
    <TestEntry testId="b7172ed4-5108-1553-78e1-7d47d5f92744" executionId="7542a48a-3b08-40d6-b7c6-35e793dd3e36" testListId="8c84fa94-04c1-424b-9868-57a2d4851a1d" />
    <TestEntry testId="94af8f63-3022-13c9-7917-b9f299edf7a4" executionId="23e154f8-3bf9-41a1-b349-d09839cbd2c1" testListId="8c84fa94-04c1-424b-9868-57a2d4851a1d" />
    <TestEntry testId="dd25192e-98b4-fd25-dcc0-3f3330635b52" executionId="59368591-39c8-4a11-a669-04e1afebee61" testListId="8c84fa94-04c1-424b-9868-57a2d4851a1d" />
    <TestEntry testId="30b1dd3d-b125-4aad-5b0c-6f9d98f2bd54" executionId="78497473-abb0-4a0f-a55f-eba69fcd5c4c" testListId="8c84fa94-04c1-424b-9868-57a2d4851a1d" />
    <TestEntry testId="64ae8372-5691-7d5c-40e6-a98699553f75" executionId="5bd48bcf-9fed-45ec-a6c4-2f56969b7cda" testListId="8c84fa94-04c1-424b-9868-57a2d4851a1d" />
    <TestEntry testId="b7486087-2290-6cc2-89dc-bebc29f6bc9c" executionId="36adc551-7d2d-4004-a114-74963b23ae52" testListId="8c84fa94-04c1-424b-9868-57a2d4851a1d" />
    <TestEntry testId="08c7d5a8-add8-469a-4331-7358c6430efb" executionId="9751a945-0c56-4490-b00b-0b9f40b1d823" testListId="8c84fa94-04c1-424b-9868-57a2d4851a1d" />
    <TestEntry testId="86be25b3-ee83-d9ed-f82d-207317c27e7e" executionId="d63c8259-bb52-450e-910b-becdc65cf568" testListId="8c84fa94-04c1-424b-9868-57a2d4851a1d" />
    <TestEntry testId="3b8605a6-bb22-1a7d-6472-044d850497f9" executionId="694d6e3c-127b-4880-b0dc-0c3cfa042239" testListId="8c84fa94-04c1-424b-9868-57a2d4851a1d" />
    <TestEntry testId="53ad6cee-3f1c-0986-0023-f584c2a64998" executionId="58652758-3b87-4642-aca3-741d39e450cf" testListId="8c84fa94-04c1-424b-9868-57a2d4851a1d" />
    <TestEntry testId="41f9ad07-c247-d120-fc9a-b6f56ebee5be" executionId="f530e6f4-7273-4491-95a6-eda332b373ac" testListId="8c84fa94-04c1-424b-9868-57a2d4851a1d" />
    <TestEntry testId="3508a7fe-dfc3-5158-a63b-580abb920764" executionId="aa19b447-323d-4831-9b78-59634dadfd1e" testListId="8c84fa94-04c1-424b-9868-57a2d4851a1d" />
    <TestEntry testId="9cf54a0b-dab8-add8-8e9a-3d1f0b60d1e9" executionId="5f39e84a-b6f3-4826-bc80-b69f93d0f4ef" testListId="8c84fa94-04c1-424b-9868-57a2d4851a1d" />
    <TestEntry testId="9cf9f59b-3223-5cec-9053-a72eea093514" executionId="f87efa67-a373-4b71-9cf7-395f1dc85ae7" testListId="8c84fa94-04c1-424b-9868-57a2d4851a1d" />
    <TestEntry testId="59a5a23a-fd98-e85f-5ac6-5b92d09e2e44" executionId="4e6c615b-ab91-45d4-b4b4-a9b28c74ff4b" testListId="8c84fa94-04c1-424b-9868-57a2d4851a1d" />
    <TestEntry testId="6405a8ce-ca0a-583a-cfe8-c51df1b0e037" executionId="070a7d61-2c78-4c91-b754-f50de870f59f" testListId="8c84fa94-04c1-424b-9868-57a2d4851a1d" />
    <TestEntry testId="82e513cf-45ef-d3b9-7689-0d3e00c5bfd1" executionId="981176c5-d42b-4056-8bd9-6b664958c682" testListId="8c84fa94-04c1-424b-9868-57a2d4851a1d" />
    <TestEntry testId="2e4af663-5554-5ed8-ff58-213dfba6f1d0" executionId="43414f95-bef4-4f66-b030-08d477e569be" testListId="8c84fa94-04c1-424b-9868-57a2d4851a1d" />
    <TestEntry testId="e4198c68-2dac-df60-dea6-3c7795f45201" executionId="d08fb81f-17e5-4e75-83dd-7bec87833b86" testListId="8c84fa94-04c1-424b-9868-57a2d4851a1d" />
    <TestEntry testId="2470c5d6-05a2-5886-ebf5-3be821ee96c1" executionId="d00382c5-efe7-4c7e-9556-fa86f997ef3b" testListId="8c84fa94-04c1-424b-9868-57a2d4851a1d" />
    <TestEntry testId="c4a89b5b-84b5-b318-ce31-c52c12037bde" executionId="5500d064-9147-47b0-a3a2-57926d201efe" testListId="8c84fa94-04c1-424b-9868-57a2d4851a1d" />
    <TestEntry testId="9ee5f1ed-b6b4-5eb4-39cd-966f3d1cfe68" executionId="89556b59-add4-4997-aa5c-f654a2c67cd7" testListId="8c84fa94-04c1-424b-9868-57a2d4851a1d" />
    <TestEntry testId="dcfd316d-9028-6e9f-bb18-0f8a3175f3f1" executionId="63b61c17-c90c-4ee6-b8af-711e903129b3" testListId="8c84fa94-04c1-424b-9868-57a2d4851a1d" />
    <TestEntry testId="edd53d16-dd91-66ab-91a2-9fc4267c131a" executionId="f92e32a0-a4eb-4786-8954-3ef3f92ef149" testListId="8c84fa94-04c1-424b-9868-57a2d4851a1d" />
    <TestEntry testId="bf732b4b-7058-8d2f-70cd-63e9284f76f8" executionId="c26e4b4a-ba23-4867-a362-7722e75587bf" testListId="8c84fa94-04c1-424b-9868-57a2d4851a1d" />
    <TestEntry testId="56840782-1a01-634d-7821-bad3bf2a8786" executionId="af059121-a528-4efe-a02b-192855794f4c" testListId="8c84fa94-04c1-424b-9868-57a2d4851a1d" />
    <TestEntry testId="95dcbf41-3763-22a0-37df-1f8011e92c45" executionId="d4208ca3-ff47-4d03-86d5-80755c1da94f" testListId="8c84fa94-04c1-424b-9868-57a2d4851a1d" />
    <TestEntry testId="c7ff7162-1582-5a76-58b9-4c29816eabcb" executionId="b86256b3-19b1-404c-84e0-757d17cf1f82" testListId="8c84fa94-04c1-424b-9868-57a2d4851a1d" />
    <TestEntry testId="10f02394-b8d2-1f9c-a43d-ea2bc64aa1c1" executionId="669bd42d-caea-49b1-a1ee-29af3f84fa34" testListId="8c84fa94-04c1-424b-9868-57a2d4851a1d" />
    <TestEntry testId="919559d0-3e75-c39e-b695-08ce2452fef0" executionId="52ff2cc6-9111-4810-97bd-124b2de3593e" testListId="8c84fa94-04c1-424b-9868-57a2d4851a1d" />
    <TestEntry testId="ab650e33-b3b1-cbe0-47fd-4a2728d8cf1a" executionId="9b2de9ff-f297-4dbc-b859-34dcd639e8d7" testListId="8c84fa94-04c1-424b-9868-57a2d4851a1d" />
    <TestEntry testId="3716e1ac-3210-dcb4-0e0f-81276bb98363" executionId="55254697-6141-40dd-9f06-899844f806fd" testListId="8c84fa94-04c1-424b-9868-57a2d4851a1d" />
    <TestEntry testId="e01af2a8-00ee-1192-766e-b3a0b9c14681" executionId="37cbf404-89c5-42db-97b1-f81f823b6064" testListId="8c84fa94-04c1-424b-9868-57a2d4851a1d" />
    <TestEntry testId="dd71ad48-2522-fb44-e193-3ade2a8a73c6" executionId="dc0cc05e-d9e9-4d99-b475-39b8195034c7" testListId="8c84fa94-04c1-424b-9868-57a2d4851a1d" />
    <TestEntry testId="2cf2c8ef-27e9-b583-4246-e3e9181196f7" executionId="ae63f143-9d4a-4cad-acb0-adcad784dc9e" testListId="8c84fa94-04c1-424b-9868-57a2d4851a1d" />
    <TestEntry testId="ee840b12-a69b-0141-7a36-fe931cd6af3a" executionId="1f885b40-ec7a-46ab-8ca6-58a7fb4c9edf" testListId="8c84fa94-04c1-424b-9868-57a2d4851a1d" />
    <TestEntry testId="5d3bd46f-3383-3fff-645b-cc9a1c1781cd" executionId="cc690c8b-8c8d-41b8-aaf7-65ab85b1c0d4" testListId="8c84fa94-04c1-424b-9868-57a2d4851a1d" />
    <TestEntry testId="9512b5fd-b40a-633f-1c8d-cd8708e1b90d" executionId="f7acf7ea-40b0-4c9d-b5df-632b8eeb6c79" testListId="8c84fa94-04c1-424b-9868-57a2d4851a1d" />
    <TestEntry testId="1b95449f-742d-edf8-3bdb-fc59d4bcff56" executionId="ea4827db-458c-4b28-89b6-b153044d1678" testListId="8c84fa94-04c1-424b-9868-57a2d4851a1d" />
    <TestEntry testId="b39a1487-5528-c537-6a54-982a55d8bc32" executionId="dd488003-1155-41b4-9897-ee7832bb7d66" testListId="8c84fa94-04c1-424b-9868-57a2d4851a1d" />
    <TestEntry testId="0a848b81-f1e0-509a-2cb3-36f29321f4ef" executionId="6931a651-9149-4240-93b9-105d8cfe5788" testListId="8c84fa94-04c1-424b-9868-57a2d4851a1d" />
    <TestEntry testId="ed5f7810-32ea-e240-387b-8e4de8cc5c72" executionId="597a32b3-2c89-4ddd-8042-16cbecfcd0c9" testListId="8c84fa94-04c1-424b-9868-57a2d4851a1d" />
    <TestEntry testId="0a80c62b-eef9-9af6-54ec-4087be526b98" executionId="3a669207-d1aa-4b5a-b96e-c38fa15f1d59" testListId="8c84fa94-04c1-424b-9868-57a2d4851a1d" />
    <TestEntry testId="cd2f071d-6da0-5198-cbcb-68603295130d" executionId="fa33b879-052e-4c44-98c2-86ecc2bd6772" testListId="8c84fa94-04c1-424b-9868-57a2d4851a1d" />
    <TestEntry testId="b714150c-d880-8be5-84d4-d973b58e0c29" executionId="a028f6bc-916f-46e9-9305-055aec70d2b9" testListId="8c84fa94-04c1-424b-9868-57a2d4851a1d" />
    <TestEntry testId="e5dca11a-29c8-9b9c-77f3-660666093833" executionId="6b814bf2-dbc4-4873-9994-27e6309d0f3f" testListId="8c84fa94-04c1-424b-9868-57a2d4851a1d" />
    <TestEntry testId="986354e0-b2ae-8d2a-aecd-ce02caab2d8d" executionId="f5f50a64-3e17-430f-9682-29c758f708e6" testListId="8c84fa94-04c1-424b-9868-57a2d4851a1d" />
    <TestEntry testId="0e7d818a-653b-ddbd-eb4a-f52fae6b613d" executionId="fb369373-754a-435f-9ab2-4f8d6db5b493" testListId="8c84fa94-04c1-424b-9868-57a2d4851a1d" />
    <TestEntry testId="5b8869b2-8644-4192-f450-3b011b97d98e" executionId="278bfd0d-0454-49dc-abc5-894c2b02e2ac" testListId="8c84fa94-04c1-424b-9868-57a2d4851a1d" />
    <TestEntry testId="8ddc91bb-1cc3-cc6c-efc8-c8ca31f3336f" executionId="c85b02f2-94c3-496f-a70b-8ece90889cd8" testListId="8c84fa94-04c1-424b-9868-57a2d4851a1d" />
    <TestEntry testId="c94ff527-3e2b-cccd-8741-fb0c87a911ce" executionId="6d894c97-4bcc-43dd-93df-2d25d75656e5" testListId="8c84fa94-04c1-424b-9868-57a2d4851a1d" />
    <TestEntry testId="13c736ea-ef99-4959-3e96-1b9703f979a7" executionId="5b6d02fb-1f27-41cd-b28c-c0f44bdc8ddd" testListId="8c84fa94-04c1-424b-9868-57a2d4851a1d" />
    <TestEntry testId="c31eddd0-4aa5-f2bf-3fee-9ffa0e21b7e8" executionId="dd04ef5e-20be-4963-abcd-26f923021175" testListId="8c84fa94-04c1-424b-9868-57a2d4851a1d" />
    <TestEntry testId="b2252956-329b-7780-7080-ca238203fa3d" executionId="cf9da616-0018-4499-b027-de49e608cbe3" testListId="8c84fa94-04c1-424b-9868-57a2d4851a1d" />
    <TestEntry testId="2d4661f6-779d-eddc-aa02-db1371ffe20e" executionId="a79eb2bb-93de-4290-aee5-95084631ca9d" testListId="8c84fa94-04c1-424b-9868-57a2d4851a1d" />
    <TestEntry testId="9368aa45-ac30-af6e-6912-e42e030504b4" executionId="cd5d1a27-085c-4edf-ae72-632b61695c02" testListId="8c84fa94-04c1-424b-9868-57a2d4851a1d" />
    <TestEntry testId="442db462-8cc9-7079-8518-483e93e5310f" executionId="d9ac1a59-6d41-4398-93f3-e9249937efe7" testListId="8c84fa94-04c1-424b-9868-57a2d4851a1d" />
    <TestEntry testId="47c665b1-808c-7df7-cc01-95be7ba2107d" executionId="268deb64-0674-44e8-82a4-0a198da05b1d" testListId="8c84fa94-04c1-424b-9868-57a2d4851a1d" />
    <TestEntry testId="68a5fec6-a282-200f-0623-e96c8305d46f" executionId="1e3d01f5-f619-43c8-a6bd-c0469c3b0ec3" testListId="8c84fa94-04c1-424b-9868-57a2d4851a1d" />
    <TestEntry testId="45cbbb74-7fcd-c4d4-5d5c-51faf1a4433e" executionId="2feb0030-1a61-485f-9c3e-48650dfac1b3" testListId="8c84fa94-04c1-424b-9868-57a2d4851a1d" />
    <TestEntry testId="ffee32f0-54ba-cecb-0c8c-661f5df84e95" executionId="d10e4fbd-fbfb-45d3-bf22-08f68cabc4c6" testListId="8c84fa94-04c1-424b-9868-57a2d4851a1d" />
    <TestEntry testId="e5add521-e4ad-01ba-3e3f-405bf300a3a3" executionId="2bee026f-730d-4952-b4e6-3859d8e778a1" testListId="8c84fa94-04c1-424b-9868-57a2d4851a1d" />
    <TestEntry testId="04e26a06-b0b9-bd20-b892-560cd241ad47" executionId="eb765296-a3eb-4700-add5-b3b0fe079389" testListId="8c84fa94-04c1-424b-9868-57a2d4851a1d" />
    <TestEntry testId="5f593db7-d0ec-0f4e-0a60-e1a2be968f10" executionId="0a120120-b0f6-400d-8f85-26a57c6788de" testListId="8c84fa94-04c1-424b-9868-57a2d4851a1d" />
    <TestEntry testId="cbcd69a4-be19-5e69-e201-97ff1b68b211" executionId="16d0f3c3-3b28-4d50-bdef-905ac307cdfc" testListId="8c84fa94-04c1-424b-9868-57a2d4851a1d" />
    <TestEntry testId="2755e1e2-133a-cdf7-076d-baed78e56c49" executionId="b34bec22-6ca4-4b6f-8237-14a6d92ac9bd" testListId="8c84fa94-04c1-424b-9868-57a2d4851a1d" />
    <TestEntry testId="a977692c-f8f7-524b-3a9f-6e336d0bb736" executionId="db276f3f-9c22-44ef-b398-15dc59ae139d" testListId="8c84fa94-04c1-424b-9868-57a2d4851a1d" />
    <TestEntry testId="a364a722-3fa2-de86-3433-5688968b2b90" executionId="29881fdd-7ec8-431a-a1b4-727992a68ece" testListId="8c84fa94-04c1-424b-9868-57a2d4851a1d" />
    <TestEntry testId="97ead320-7ea5-48a9-acb8-bb33fbe0babf" executionId="99b9998e-43cb-4732-899a-e7ec890ca6e9" testListId="8c84fa94-04c1-424b-9868-57a2d4851a1d" />
    <TestEntry testId="c2d02e7a-c8af-79c6-1f77-28621eb58e2c" executionId="c071ee60-a36c-401b-82c2-10ad79666572" testListId="8c84fa94-04c1-424b-9868-57a2d4851a1d" />
    <TestEntry testId="759c1512-89e1-5257-c48c-0da3adfc0de8" executionId="5fc38b71-0518-49b6-bac8-58e81a2bb76b" testListId="8c84fa94-04c1-424b-9868-57a2d4851a1d" />
    <TestEntry testId="6d4fcdf5-68ab-415d-eecf-ce9d5321705d" executionId="34887b81-29cb-4068-83ee-1a342df0c2a6" testListId="8c84fa94-04c1-424b-9868-57a2d4851a1d" />
    <TestEntry testId="62f9e936-b97b-0109-82d7-23281cd6769a" executionId="76a9738d-d834-4ca4-b9fc-8c60747ac0bd" testListId="8c84fa94-04c1-424b-9868-57a2d4851a1d" />
    <TestEntry testId="5908d694-6774-0663-776e-45b113d73c7c" executionId="b238df8f-2e93-41ed-ad47-e4bfcf30a9e1" testListId="8c84fa94-04c1-424b-9868-57a2d4851a1d" />
    <TestEntry testId="31b8e000-dd79-07bb-5dc9-735961c6badc" executionId="6b33c861-3550-4cef-a514-351edd1f80f0" testListId="8c84fa94-04c1-424b-9868-57a2d4851a1d" />
    <TestEntry testId="69df78a1-c537-69af-33b3-2e07d4f6a1d8" executionId="830dbd95-11e5-4deb-9bd1-a4b35fca22e3" testListId="8c84fa94-04c1-424b-9868-57a2d4851a1d" />
    <TestEntry testId="d295eb31-92dc-c1b3-6506-885504452127" executionId="23d6ca0b-39bf-45e4-9b80-4518ef47ad49" testListId="8c84fa94-04c1-424b-9868-57a2d4851a1d" />
    <TestEntry testId="13125056-3686-08ca-418c-8a1bc6dbaac6" executionId="769f5373-999f-4289-b45d-2e4caae46de0" testListId="8c84fa94-04c1-424b-9868-57a2d4851a1d" />
    <TestEntry testId="b2d8bb06-6e55-9c8e-0c39-5974c02ec61f" executionId="cf1ad4df-4613-41eb-b483-212b647d4836" testListId="8c84fa94-04c1-424b-9868-57a2d4851a1d" />
    <TestEntry testId="8c1bf2e4-114a-4fa8-8568-cec23cde8d6f" executionId="2606ce54-a5ff-41cf-886c-3f90f253e186" testListId="8c84fa94-04c1-424b-9868-57a2d4851a1d" />
    <TestEntry testId="c05c83ee-c8fb-1d47-f297-e94b6a94abf3" executionId="f620b7a2-fdb8-4409-a3b1-3fa84e051ea2" testListId="8c84fa94-04c1-424b-9868-57a2d4851a1d" />
    <TestEntry testId="e9bc5f61-4d6f-1c5c-3753-48922460a611" executionId="0cf229ee-cf6d-4f20-9c20-d362219a051b" testListId="8c84fa94-04c1-424b-9868-57a2d4851a1d" />
    <TestEntry testId="2f2b326a-cd17-27e0-2b64-725d585b819c" executionId="df253069-41f2-494e-bbbc-e6ea778e612b" testListId="8c84fa94-04c1-424b-9868-57a2d4851a1d" />
    <TestEntry testId="bc2d0b1c-79de-2ca7-2276-c0271bf358e5" executionId="77bad1d4-6d88-4cca-a305-467d80f6cb22" testListId="8c84fa94-04c1-424b-9868-57a2d4851a1d" />
    <TestEntry testId="1a30207b-7fe6-e64b-5cb2-1cff84a7a654" executionId="18fc0c98-437c-46cf-9383-aea7e93a3f59" testListId="8c84fa94-04c1-424b-9868-57a2d4851a1d" />
    <TestEntry testId="35811240-ad76-f762-2c0c-d70db0124316" executionId="95f8abde-7867-4e83-bbe5-f99e2093eb18" testListId="8c84fa94-04c1-424b-9868-57a2d4851a1d" />
    <TestEntry testId="90c43587-67f1-762e-6ec9-7e1a9cc8da72" executionId="5cd17f79-6a85-4026-812d-eae12f19bf56" testListId="8c84fa94-04c1-424b-9868-57a2d4851a1d" />
    <TestEntry testId="4be3ffb2-6009-3753-fa06-351c59d0aa36" executionId="e90e547c-e953-48eb-8864-311d1c6516cb" testListId="8c84fa94-04c1-424b-9868-57a2d4851a1d" />
    <TestEntry testId="cc108097-24b3-2616-62de-cf8eb86f28ee" executionId="38d4b98c-7012-48d6-9f87-34bec0b5e32e" testListId="8c84fa94-04c1-424b-9868-57a2d4851a1d" />
    <TestEntry testId="7559a98e-f375-3fe9-afda-317fba7127f8" executionId="523fb076-cb8f-4672-ac81-27e782afd655" testListId="8c84fa94-04c1-424b-9868-57a2d4851a1d" />
    <TestEntry testId="3698be86-5782-0078-e55c-50d45ef64d90" executionId="b686ce3b-8755-4ed0-88a4-e0fb117aa8f7" testListId="8c84fa94-04c1-424b-9868-57a2d4851a1d" />
    <TestEntry testId="66141843-9aa9-a625-f4b9-c6ae5a1b9881" executionId="717bf618-767f-4ffc-8a13-c5d00e4661aa" testListId="8c84fa94-04c1-424b-9868-57a2d4851a1d" />
    <TestEntry testId="64c3a094-a0b2-3afd-4180-59c08c09c8f2" executionId="6a872ca6-fcb6-4b9d-a4cc-27e46a3f9a95" testListId="8c84fa94-04c1-424b-9868-57a2d4851a1d" />
    <TestEntry testId="e49a9cce-b93b-6315-dab6-430141d596c6" executionId="441c9950-496a-4cd2-a806-8f5c86b9bf78" testListId="8c84fa94-04c1-424b-9868-57a2d4851a1d" />
    <TestEntry testId="b34cc1f8-affd-3623-fc13-7baec06ddb2f" executionId="b1c544fb-74e1-44a0-b3d0-bec63be80933" testListId="8c84fa94-04c1-424b-9868-57a2d4851a1d" />
    <TestEntry testId="21c55acd-263c-2691-c3f6-ea287eb41501" executionId="ac9c23ed-cfcd-41bb-95bf-70e3a4e3cde7" testListId="8c84fa94-04c1-424b-9868-57a2d4851a1d" />
    <TestEntry testId="5bc32305-d25c-dc84-449d-3d805b863308" executionId="a443214c-f829-4d25-84f3-545923178678" testListId="8c84fa94-04c1-424b-9868-57a2d4851a1d" />
    <TestEntry testId="c549cde4-e597-a166-cf24-2dff957e51dd" executionId="11ffeddd-3244-47d8-ae35-a4eb8f71123d" testListId="8c84fa94-04c1-424b-9868-57a2d4851a1d" />
    <TestEntry testId="d1742453-eb22-2c1d-8a67-9051b187b0fd" executionId="b7275c8f-e47e-4e3f-bb57-5c041b47c741" testListId="8c84fa94-04c1-424b-9868-57a2d4851a1d" />
    <TestEntry testId="3426a22b-e3e9-47d9-df8d-bbea60b48f3d" executionId="3f2acb64-6606-47c8-bbcc-c7201ab43f55" testListId="8c84fa94-04c1-424b-9868-57a2d4851a1d" />
    <TestEntry testId="4633ba70-32db-c418-8650-bddf9b720dce" executionId="87580cec-6b90-4881-b5a1-c2dad52065b7" testListId="8c84fa94-04c1-424b-9868-57a2d4851a1d" />
    <TestEntry testId="d30c65a4-caaa-8fc9-fed8-e205a1db5703" executionId="39a6d286-f9bd-4b1f-8d76-d94c675fda1a" testListId="8c84fa94-04c1-424b-9868-57a2d4851a1d" />
    <TestEntry testId="79745399-3aa9-01fe-e016-21f5bcc603c7" executionId="8a319824-2744-4a65-9b6a-a8775744fa98" testListId="8c84fa94-04c1-424b-9868-57a2d4851a1d" />
  </TestEntries>
  <TestLists>
    <TestList name="列表中未列出的结果" id="8c84fa94-04c1-424b-9868-57a2d4851a1d" />
    <TestList name="所有已加载的结果" id="19431567-8539-422a-85d7-44ee4e166bda" />
  </TestLists>
  <ResultSummary outcome="Completed">
    <Counters total="348" executed="348" passed="348" failed="0" error="0" timeout="0" aborted="0" inconclusive="0" passedButRunAborted="0" notRunnable="0" notExecuted="0" disconnected="0" warning="0" completed="0" inProgress="0" pending="0" />
    <Output>
      <StdOut>[xUnit.net 00:00:00.00] xUnit.net VSTest Adapter v3.0.2+dd36e86129 (64-bit .NET 10.0.4)&#xD;
[xUnit.net 00:00:00.13]   Discovering: Base05.Tests&#xD;
[xUnit.net 00:00:00.23]   Discovered:  Base05.Tests&#xD;
[xUnit.net 00:00:00.29]   Starting:    Base05.Tests&#xD;
��ʱ����Ŀ¼����ʧ�ܣ�����·����C:\Users\luo\AppData\Local\Temp\lyocrystal-c3-5bb3079e668549a5bf0971f34f9f3755��IOException��&#xD;
��ʱ����Ŀ¼����ʧ�ܣ�����·����C:\Users\luo\AppData\Local\Temp\lyocrystal-c3-863a8ae5e2bc4a7aa692c33ab42bda84��IOException��&#xD;
��ʱ����Ŀ¼����ʧ�ܣ�����·����C:\Users\luo\AppData\Local\Temp\lyocrystal-c3-3b5956ac6e9d4dc3baf041dd82e29658��IOException��&#xD;
��ʱ����Ŀ¼����ʧ�ܣ�����·����C:\Users\luo\AppData\Local\Temp\lyocrystal-c3-c29b5dbd5bcc4334b1ea4984eeb9b695��IOException��&#xD;
��ʱ����Ŀ¼����ʧ�ܣ�����·����C:\Users\luo\AppData\Local\Temp\lyocrystal-c3-000dbeb9333249d3ba932b56ddf5abd5��IOException��&#xD;
��ʱ����Ŀ¼����ʧ�ܣ�����·����C:\Users\luo\AppData\Local\Temp\lyocrystal-c3-351f8451f25a4ffb89dab7b7ea6fa9db��IOException��&#xD;
��ʱ����Ŀ¼����ʧ�ܣ�����·����C:\Users\luo\AppData\Local\Temp\lyocrystal-c3-38dc73c79352445ca7f232ccf687539a��IOException��&#xD;
[xUnit.net 00:01:21.95]   Finished:    Base05.Tests&#xD;
</StdOut>
    </Output>
  </ResultSummary>
</TestRun>